[INFO ] [views.py     line:18  ] [2020-04-07 00:33:30,097] [17544  ] [----------------------Admin-begin---------------------------]
[INFO ] [views.py     line:19  ] [2020-04-07 00:33:30,097] [17544  ] [请求:[<WSGIRequest: POST '/api/readact'>]]
[INFO ] [views.py     line:20  ] [2020-04-07 00:33:30,097] [17544  ] [请求path:[/api/readact]]
[INFO ] [views.py     line:21  ] [2020-04-07 00:33:30,097] [17544  ] [请求method:[POST]]
[INFO ] [views.py     line:22  ] [2020-04-07 00:33:30,097] [17544  ] [请求GET:[<QueryDict: {}>]]
[INFO ] [views.py     line:26  ] [2020-04-07 00:33:30,097] [17544  ] [请求full_path:[https://localhost:8000/api/readact]]
[INFO ] [views.py     line:32  ] [2020-04-07 00:33:30,098] [17544  ] [param1=[readact]]
[INFO ] [readact.py   line:16  ] [2020-04-07 00:33:30,356] [17544  ] [----------------------readact_begin---------------------------]
[INFO ] [readact.py   line:24  ] [2020-04-07 00:33:30,356] [17544  ] [trantype=[create_answer]]
[INFO ] [readact.py   line:145 ] [2020-04-07 00:33:30,357] [17544  ] [----------------------Admin-create_answer-begin---------------------------]
[INFO ] [readact.py   line:192 ] [2020-04-07 00:34:20,798] [17544  ] [----------------------Admin-create_answer-end---------------------------]
[INFO ] [readact.py   line:36  ] [2020-04-07 00:34:20,800] [17544  ] [----------------------readact_end---------------------------]
[INFO ] [views.py     line:76  ] [2020-04-07 00:34:20,801] [17544  ] [<HttpResponse status_code=200, "text/html; charset=utf-8">]
[INFO ] [views.py     line:77  ] [2020-04-07 00:34:20,801] [17544  ] [{"respcode": "000000", "respmsg": "处理完成", "trantype": "create_answer", "answerlist": [{"line_id": "2689", "answer": "赵敏与张无忌从窗孔望出去，只见数里外是个树木葱翠的大岛，岛上奇峰挺拔，耸立着好几座高山。座船吃饱了风，直驶而前。只一顿饭功夫，已到岛前。那岛东端山石直降入海，并无浅滩，战船吃水虽深，却可泊在岸边。战船停泊未定，猛听得山冈上传来一声大叫，气充沛，极是威猛。这一来张无忌当真惊喜交集，这叫声熟悉之极，正是义父金毛狮王谢逊所发。一别十余年，义父雄风如昔，怎不令他心花怒放？当下也不及细思谢逊如何会从极北的冰火岛上来到此处，也顾不得被金花婆婆识破本来面目，急步从木梯走上后梢，向叫声所发出的山冈上望去。只见四条汉子执兵刃，正在围攻一个身形高大之人。那人空迎敌，正是金毛狮王谢逊。张无忌一瞥之下，便见义父虽然双目盲了，虽然以一敌四，虽然赤空拳抵挡四件兵刃，却丝毫不落下风。他从未见过义父与人动，此刻只瞧了几招，心下甚喜：“昔年金毛狮王威震天下，果然名不虚传。我义父武功在青翼蝠王之上，足可与我外公并驾齐驱。”那四人武功显然也颇为了得，从船梢仰望山冈，瞧不清四人面目，但见衣衫褴褛，背负布袋，当是丐帮人物。旁边另有人站着掠阵。只听一人说道：“交出屠龙刀…"}, {"line_id": "3252", "answer": "楼上并排房，眼见东厢房无人，又到西厢房窗外窥看。房灯光明亮，桌上杯盘狼藉，放着八人的碗筷，杯残酒未乾，菜肴初动，却一人也无，似乎这些人吃喝未久，便即离房他去。间房却黑洞洞地并无灯光。他轻推房门，里面上着门闩，他低声叫道：“义父，你在这儿么？”不听得应声。张无忌心想：“看来义父不在此处，但丐帮人众如此严密戒备，却是为何？难道有意的实者虚之、虚者实之吗？”突然闻到一阵血腥气，从间房传了出来。他心头一惊，左按在门上，内力微震，格的一声轻响，门闩从断截。他立即闪身进房，接住了两截断折的门闩，以免掉落地下，发出声响。他只跨出一步，脚下便是一绊，相触处软绵绵地，似是人身，俯身摸去，却是个尸体。这人气息早绝，脸上兀自微温，显是死去未久。摸索此人头颅，小头尖腮，并非谢逊，当即放心。跨出一步，又踏到了两人的尸身。他伸指在西边板壁上戮出两个小孔，烛光从孔透了过来。只见地下横竖八的躺满了尸体，尽是丐帮弟子，显然都是受了极重的内伤。他提起一尸，撕开衣衫，但见那人胸口拳印宛然，肋骨齐断，拳力威猛非凡。张无忌大喜：“原来义父大展神威，击毙看守人众，杀出去了。”在房四下察看，果见墙角上用尖利之物刻着个火焰的图形，正是明教的记号，又见窗闩折断，窗户虚掩，心想：“是了，适才我见这楼上有黑影一闪，便是义父脱身而去了，只不知义父如何会被丐帮所擒？想是他老人家目不见物，难以提防丐帮的诡计。他们若非用蒙汗药物，便是用绊马索、倒钩、渔网之类物事擒他。”"}, {"line_id": "2859", "answer": "张无忌问道：“义父，韩夫人私进秘道却是为何？”"}, {"line_id": "1455", "answer": "原来张无忌存心威压当场，倘若单以伤拳震碎树脉，须至十天半月之后，松树枯萎，才显功力，是以使出伤拳劲力之后，跟着以阳刚猛劲断树。那正是效仿当年义父谢逊在冰火岛上震裂树脉再以屠龙刀砍断树干的法。"}, {"line_id": "2557", "answer": "赵敏见他大有难色，道：“怎么？你不肯么？这件事可并不违背侠义之道，也不是你无法办到的。”张无忌心想：“屠龙刀在我义父上，江湖上众所周知，那也不用瞒她。”便道：“屠龙刀是我义父金毛狮王谢大侠之物。我岂能背叛义父，取刀给你？”赵敏道：“我不是要你去偷去抢、去拐去骗，我也不是真的要了这把刀。我只要你去向你义父借来，给我把玩一个时辰，立刻便还给他。你们是义父义子，难道向他借一个时辰，他也不肯？借来瞧瞧，既不是吞没他的，又不是用来谋财害命，难道也违背侠义之道了？”张无忌道：“这把刀虽然名闻武林，其实也没甚么看头，只不过特别沉重些、锋利些而已。”赵敏道：“说甚么‘武林至尊，宝刀屠龙，号令天下，莫敢不从。倚天不出，谁与争锋？’”倚天剑是在我，我定要瞧瞧那屠龙刀是甚么模样。你若不放心，我看刀之时，你尽可站在一旁。凭着你的本领，我决不能强占不还。”张无忌寻思：“救出了六大派高之后，我本是要立即动身去迎归义父，请他老人家担任教主大位。赵姑娘言明借刀看一个时辰，虽然难保她没有甚么诡计，可是我全神提防，谅她也不能将刀夺了去。只是义父曾说，屠龙刀之，藏着一件武功绝学的大秘密。义父双眼未盲之时已得宝刀，以他的聪明才智，始终参详不出，这赵姑娘在短短一个时辰之，岂能有何作为？何况我和义父一别十年，说不定他在孤岛之上，已参透了宝刀的秘密。”赵敏见他沉吟不答，笑道：“你不肯，那也由得你。我可要另外叫你做一件事，那却难得多了。”"}, {"line_id": "3333", "answer": "周芷若道：“你害怕甚么？”张无忌只觉掌的一双小寒冷如冰，也是轻轻发抖，便道：“我想起义父患有失心疯之症，发作起来，人事不知。当年他疯疾大发，竟要扼死我妈妈，他一对眼睛便是因此给我妈妈射瞎的。当我出生之时，义父又想杀死我爸爸妈妈，幸而听到我的哭声，这才神智清醒。我怕……我真怕……”周芷若道：“你怕甚么？”张无忌叹了口气，道：“此话我本不该说，但我确是担心，我表妹是……是……义父杀的。”周芷若跳起身来，颤声道：“谢大侠仁侠仗义，对咱们后辈更是慈爱，怎会去杀殷姑娘？”张无忌道：“我只是凭空猜测，当然作不得准。就算我表妹真为义父所杀，那也是他老人家旧疾突发，犹如梦魇一般，决不是他老人家的本意。唉，这一切帐，都该算在成昆那恶贼身上。”"}, {"line_id": "2746", "answer": "张无忌大喜，暗喝了声采。他见谢逊故意装作闪避不及，受了一杖，心下便想：“义父只须将左袍袖的金花撒出，再以屠龙刀使一招‘千山万水’乱被风势斩去，金花婆婆不敢抵挡宝刀锋锐，务必更向左退，接连两退，蓄势待发，那时义父以内力逼出屠龙刀上金花，激射而前，金花婆婆无力远避，非受重伤不可。”"}, {"line_id": "3258", "answer": "张无忌恍然大悟，原来此处竟是所妓院，说道：“对不起。”闪身便即出门。那小鬟追了出来，叫道：“公子爷，我家姐姐哪一点比不上周纤纤？你便片刻儿也坐不得？”张无忌连连摇，摸出一锭从赌场抢来的银子往地下一掷，飞步出门。这么一闹，心神半晌不得宁定，眼见天色将黑，夜晚间只怕错过了路旁的火焰记号，便向一家客店借宿，心头思潮起伏：“义父怎地又去赌场，又去妓院？他老人家此举，到底含着甚么深意？”睡到夜，突然间惊醒：“义父双目失明，怎能一路上清清楚楚的留下这许多记号？难道是芷若从旁指引？"}, {"line_id": "3253", "answer": "他心喜悦不胜，走出房外，缩身门边，向下张望，见众丐兀自来回巡逻，对楼上变故全不知情，寻思：“义父离去未久，快去追上了他，咱爷儿俩回转身来，闹他个天翻地覆，方教群丐知我明教段。”思念及此，豪气勃发，适才见那黑影从西方而去，当下纵身跃起，在一株高树上一点，跃出围墙，提气向西疾奔。沿着大路追出数里，来到一处岔道，四下一寻，见一块岩石后画着个火焰记号，指向西南的小路。张无忌大喜，心想义父行踪已明，立时便可会见。明教诸般联络指引的暗号，他曾听杨逍详细说过，又见这火焰记号虽只寥寥数划，但勾划苍劲，若非谢逊这等武全才之士，明教没几人能画得出来。此时他更无怀疑，沿着小路追了下去，直追到沙河驿，天已黎明，在饭店胡乱买了些馒头面饼充饥，更向西行，到了棒子镇上。只见街角墙脚下绘着个火焰记号，指向一所破祠堂，他心大喜，料想义父定是藏身其间，走进门去，只听得一阵呼幺喝六之声，大厅上围着一群泼皮和破落户子弟正自赌博，却是个赌场。赌场庄头见张无忌衣饰华贵，只道是位大豪客来了，忙笑吟吟的迎将上来，说道：“公子爷快来掷两，你气好，杀他个通庄。”转头向众赌客道：“快让位给公子爷，大伙儿端定银子输钱，好让公子爷双捧回府去啊！”张无忌眉头一皱，见众赌客并无江湖人物，提声叫道：“义父，义父，你老人家在这儿吗？”隔了一会，不听有人回答，他又叫了几声。一个泼皮见他不来赌博，却来大呼小叫的扰局，当即应道：“乖孩儿，我老人家就在这儿，你快快来掷骰子啊。”众泼皮哄堂大笑。张无忌问那庄头：“你可曾见到一位黄头发、高身材的大爷进来，是一位双目失明的大爷？”那庄头见他不来赌博，却是来寻人，心登时淡了，笑道：“笑话奇谈，天下竟有瞎子来赌骰子的？这瞎子是失心疯的吗？”"}, {"line_id": "3854", "answer": "在这幅图的左下角，又画着两个男子，一个睡得甚沉，另一个满头长发，侧耳倾听。张无忌暗暗心惊：“原来芷若干这伤天害理之事，义父一一听在耳。他老人家好大的涵养，在岛上竟不露半点声色。是了，那时我和义父服了十香软筋散后功力尽失，性命皆在芷若掌握之。无怪义父当时一口咬定是敏妹所为，显得愤慨无比。他知我胡涂老实，若是跟我说了，我言语举止之定会泄漏密。”但见图上溅满了鲜血，正是日间谢逊与成昆在此血战时所遗下一滩滩血渍，更显得图的情景凄厉可怖。再看西首第幅图，绘的是谢逊端坐，周芷若在他身后出袭击，外面涌进一群丐帮帮众，情景正与赵敏在大都“游皇城”的戏命人所扮一模一样。"}]}]
[INFO ] [views.py     line:80  ] [2020-04-07 00:34:20,802] [17544  ] [----------------------Admin-end---------------------------]
[INFO ] [views.py     line:81  ] [2020-04-07 00:34:20,803] [17544  ] [交易处理时间: 0:00:50.708178]
[INFO ] [views.py     line:18  ] [2020-04-07 14:15:54,936] [6920   ] [----------------------Admin-begin---------------------------]
[INFO ] [views.py     line:19  ] [2020-04-07 14:15:54,937] [6920   ] [请求:[<WSGIRequest: POST '/api/useract'>]]
[INFO ] [views.py     line:20  ] [2020-04-07 14:15:54,938] [6920   ] [请求path:[/api/useract]]
[INFO ] [views.py     line:21  ] [2020-04-07 14:15:54,938] [6920   ] [请求method:[POST]]
[INFO ] [views.py     line:22  ] [2020-04-07 14:15:54,938] [6920   ] [请求GET:[<QueryDict: {}>]]
[INFO ] [views.py     line:26  ] [2020-04-07 14:15:54,938] [6920   ] [请求full_path:[https://localhost:8000/api/useract]]
[INFO ] [views.py     line:32  ] [2020-04-07 14:15:54,938] [6920   ] [param1=[useract]]
[INFO ] [useract.py   line:14  ] [2020-04-07 14:15:55,712] [6920   ] [----------------------useract_begin---------------------------]
[INFO ] [useract.py   line:22  ] [2020-04-07 14:15:55,712] [6920   ] [trantype=[logincheck]]
[INFO ] [useract.py   line:140 ] [2020-04-07 14:15:55,712] [6920   ] [----------------------Admin-logincheck-begin---------------------------]
[INFO ] [useract.py   line:160 ] [2020-04-07 14:15:55,762] [6920   ] [----------------------Admin-logincheck-end---------------------------]
[INFO ] [useract.py   line:34  ] [2020-04-07 14:15:55,873] [6920   ] [----------------------useract_end---------------------------]
[INFO ] [views.py     line:76  ] [2020-04-07 14:15:55,874] [6920   ] [<HttpResponse status_code=200, "text/html; charset=utf-8">]
[INFO ] [views.py     line:77  ] [2020-04-07 14:15:55,874] [6920   ] [{"respcode": "000000", "respmsg": "已退出！", "trantype": "logincheck", "username": "zhang"}]
[INFO ] [views.py     line:80  ] [2020-04-07 14:15:55,875] [6920   ] [----------------------Admin-end---------------------------]
[INFO ] [views.py     line:81  ] [2020-04-07 14:15:55,876] [6920   ] [交易处理时间: 0:00:00.940704]
[INFO ] [views.py     line:18  ] [2020-04-07 14:15:55,941] [6920   ] [----------------------Admin-begin---------------------------]
[INFO ] [views.py     line:19  ] [2020-04-07 14:15:55,941] [6920   ] [请求:[<WSGIRequest: POST '/api/readact'>]]
[INFO ] [views.py     line:20  ] [2020-04-07 14:15:55,942] [6920   ] [请求path:[/api/readact]]
[INFO ] [views.py     line:21  ] [2020-04-07 14:15:55,942] [6920   ] [请求method:[POST]]
[INFO ] [views.py     line:22  ] [2020-04-07 14:15:55,942] [6920   ] [请求GET:[<QueryDict: {}>]]
[INFO ] [views.py     line:26  ] [2020-04-07 14:15:55,943] [6920   ] [请求full_path:[https://localhost:8000/api/readact]]
[INFO ] [views.py     line:32  ] [2020-04-07 14:15:55,943] [6920   ] [param1=[readact]]
[INFO ] [readact.py   line:16  ] [2020-04-07 14:15:56,650] [6920   ] [----------------------readact_begin---------------------------]
[INFO ] [readact.py   line:24  ] [2020-04-07 14:15:56,650] [6920   ] [trantype=[getfilelist]]
[INFO ] [readact.py   line:42  ] [2020-04-07 14:15:56,650] [6920   ] [----------------------Admin-getfilelist-begin---------------------------]
[INFO ] [readact.py   line:139 ] [2020-04-07 14:15:56,930] [6920   ] [----------------------Admin-getfilelist-end---------------------------]
[INFO ] [readact.py   line:36  ] [2020-04-07 14:15:57,003] [6920   ] [----------------------readact_end---------------------------]
[INFO ] [views.py     line:76  ] [2020-04-07 14:15:57,003] [6920   ] [<HttpResponse status_code=200, "text/html; charset=utf-8">]
[INFO ] [views.py     line:77  ] [2020-04-07 14:15:57,003] [6920   ] [{"respcode": "000000", "respmsg": "上传成功", "trantype": "getfilelist", "fileoptions": [{"value": "myupload", "label": "我的上传", "children": [{"value": 0, "label": "其他", "children": [{"value": 11, "label": "倚天屠龙记.txt"}, {"value": 12, "label": "射雕英雄传.txt"}]}]}, {"value": "mycollection", "label": "我的收藏", "children": []}]}]
[INFO ] [views.py     line:80  ] [2020-04-07 14:15:57,003] [6920   ] [----------------------Admin-end---------------------------]
[INFO ] [views.py     line:81  ] [2020-04-07 14:15:57,004] [6920   ] [交易处理时间: 0:00:01.070056]
[INFO ] [views.py     line:18  ] [2020-04-07 14:17:34,136] [6920   ] [----------------------Admin-begin---------------------------]
[INFO ] [views.py     line:19  ] [2020-04-07 14:17:34,136] [6920   ] [请求:[<WSGIRequest: POST '/api/readact'>]]
[INFO ] [views.py     line:20  ] [2020-04-07 14:17:34,136] [6920   ] [请求path:[/api/readact]]
[INFO ] [views.py     line:21  ] [2020-04-07 14:17:34,136] [6920   ] [请求method:[POST]]
[INFO ] [views.py     line:22  ] [2020-04-07 14:17:34,136] [6920   ] [请求GET:[<QueryDict: {}>]]
[INFO ] [views.py     line:26  ] [2020-04-07 14:17:34,136] [6920   ] [请求full_path:[https://localhost:8000/api/readact]]
[INFO ] [views.py     line:32  ] [2020-04-07 14:17:34,136] [6920   ] [param1=[readact]]
[INFO ] [readact.py   line:16  ] [2020-04-07 14:17:34,902] [6920   ] [----------------------readact_begin---------------------------]
[INFO ] [readact.py   line:24  ] [2020-04-07 14:17:34,902] [6920   ] [trantype=[create_answer]]
[INFO ] [readact.py   line:145 ] [2020-04-07 14:17:34,902] [6920   ] [----------------------Admin-create_answer-begin---------------------------]
[INFO ] [readact.py   line:192 ] [2020-04-07 14:18:18,682] [6920   ] [----------------------Admin-create_answer-end---------------------------]
[INFO ] [readact.py   line:36  ] [2020-04-07 14:18:18,684] [6920   ] [----------------------readact_end---------------------------]
[INFO ] [views.py     line:76  ] [2020-04-07 14:18:18,685] [6920   ] [<HttpResponse status_code=200, "text/html; charset=utf-8">]
[INFO ] [views.py     line:77  ] [2020-04-07 14:18:18,685] [6920   ] [{"respcode": "000000", "respmsg": "处理完成", "trantype": "create_answer", "answerlist": []}]
[INFO ] [views.py     line:80  ] [2020-04-07 14:18:18,685] [6920   ] [----------------------Admin-end---------------------------]
[INFO ] [views.py     line:81  ] [2020-04-07 14:18:18,686] [6920   ] [交易处理时间: 0:00:44.550483]
[INFO ] [views.py     line:18  ] [2020-04-07 14:19:05,220] [6920   ] [----------------------Admin-begin---------------------------]
[INFO ] [views.py     line:19  ] [2020-04-07 14:19:05,220] [6920   ] [请求:[<WSGIRequest: POST '/api/readact'>]]
[INFO ] [views.py     line:20  ] [2020-04-07 14:19:05,220] [6920   ] [请求path:[/api/readact]]
[INFO ] [views.py     line:21  ] [2020-04-07 14:19:05,220] [6920   ] [请求method:[POST]]
[INFO ] [views.py     line:22  ] [2020-04-07 14:19:05,221] [6920   ] [请求GET:[<QueryDict: {}>]]
[INFO ] [views.py     line:26  ] [2020-04-07 14:19:05,221] [6920   ] [请求full_path:[https://localhost:8000/api/readact]]
[INFO ] [views.py     line:32  ] [2020-04-07 14:19:05,221] [6920   ] [param1=[readact]]
[INFO ] [readact.py   line:16  ] [2020-04-07 14:19:07,042] [6920   ] [----------------------readact_begin---------------------------]
[INFO ] [readact.py   line:24  ] [2020-04-07 14:19:07,042] [6920   ] [trantype=[create_answer]]
[INFO ] [readact.py   line:145 ] [2020-04-07 14:19:07,042] [6920   ] [----------------------Admin-create_answer-begin---------------------------]
[INFO ] [readact.py   line:192 ] [2020-04-07 14:19:49,106] [6920   ] [----------------------Admin-create_answer-end---------------------------]
[INFO ] [readact.py   line:36  ] [2020-04-07 14:19:49,107] [6920   ] [----------------------readact_end---------------------------]
[INFO ] [views.py     line:76  ] [2020-04-07 14:19:49,107] [6920   ] [<HttpResponse status_code=200, "text/html; charset=utf-8">]
[INFO ] [views.py     line:77  ] [2020-04-07 14:19:49,108] [6920   ] [{"respcode": "000000", "respmsg": "处理完成", "trantype": "create_answer", "answerlist": [{"line_id": "1081", "answer": "铁木真虽见幼子处于危境，但知那两头猎豹是桑昆心爱之物，在幼时捉来驯养教练，到如此长大凶猛，实非朝夕之功，只要豹子不暴起伤人，就不想发箭射杀。"}, {"line_id": "669", "answer": "竟痛晕了数次。大将者勒米和铁木真的三子窝阔台轮流用口吸吮他创口瘀血，或咽或吐。众将士与他的四个儿子在床边守候了一夜，到第二日清晨，方脱险境。"}, {"line_id": "1446", "answer": "铁木真站在土山上t望，过得约莫挤两桶牛乳时分，只见东南西北四方，王罕部下一队队骑兵如乌云般涌来，黄旗下一人乘着一匹高头大马，正是王罕的儿子桑昆。铁木真知道万难突出重围，目下只有权用缓兵之计，高声叫道：“请桑昆义弟过来说话。"}, {"line_id": "17", "answer": "张十五道：“想当年徽宗道君皇帝一心只想长生不老，要做神仙，所用的奸臣，像蔡京、王黼，是专帮皇帝搜括的无耻之徒；像童贯、梁师成，是只会吹牛拍马的太监；像高俅、李邦彦，是陪皇帝嫖院玩耍的浪子。道君皇帝正事诸般不理，整日里若不是求仙学道，便是派人到处去找寻希奇古怪的花木石头。一旦金兵打到眼前来，他束手无策，头一缩，便将皇位传给了儿子钦宗。那时忠臣李纲守住了京城汴梁，各路大将率兵勤王，金兵攻打不进，只得退兵。不料想钦宗听信了奸臣的话，竟将李纲罢免了，又不用威名素著、能征惯战的宿将，却信用一个自称能请天神天将、会得呼风唤雨的骗子郭京，叫他请天将守城。天将不肯来，这京城又如何不破？终于徽宗、钦宗都给金兵掳了去。这两个昏君自作自受，那也罢了，可害苦了我中国千千万万百姓。”"}, {"line_id": "833", "answer": "拖雷一来年幼，二来铁木真认为这是奇耻大辱，当然不会对儿子说起。"}, {"line_id": "1454", "answer": "郭靖见情势紧急，不知如何是好，忽见山下一个少年将军。铁甲外披着银灰貂裘，手提大刀，跨下骏马来往驰骋，耀武扬威，定睛看时，认得是桑昆的儿子都史。郭靖幼时曾和他斗过，这人当年要放豹子吃了拖雷，是个大大的坏小子。他丝毫不明白王罕、桑昆、礼木合等何以要图谋铁木真，心想王罕和铁木真素来如父子一般，必是都史这坏人听信了大金国六太子的话，从中说大批谎话害人，我去将他捉来，逼他承认说谎，那么王罕、桑昆他们就可明白真相。和铁木真大汗言归于好，于是双腿一夹，胯下小红马疾冲下山。"}, {"line_id": "743", "answer": "王罕是草原上诸部之长，兵多财丰，待人宽厚，颇得各部酋长贵人爱戴。"}, {"line_id": "1083", "answer": "她在蒙古包中与桑昆的妻子等叙话，得到消息后忙带了女儿华筝赶到，眼见儿子危险，又惊又急，喝道：”快放箭！”随手把女儿放在地下。"}, {"line_id": "7745", "answer": "成吉思汗叫道：“定然能胜。那天我说过要当你是亲生儿子一般相侍，铁木真说过的话，从来不会忘记。你随我西征，捉了摩诃末和完颜洪烈，再回未和我女儿成亲，”此言正台郭靖心意，当即连声答应。"}, {"line_id": "851", "answer": "原来李萍钟爱儿子，把丈夫所遗的那柄匕首给了他，要他带在身畔。她想宝物可以辟邪，本意是要保护儿子不受邪魔所侵。此刻郭靖受人欺逼甚急，便拔了出来。"}]}]
[INFO ] [views.py     line:80  ] [2020-04-07 14:19:49,109] [6920   ] [----------------------Admin-end---------------------------]
[INFO ] [views.py     line:81  ] [2020-04-07 14:19:49,109] [6920   ] [交易处理时间: 0:00:43.889617]
[INFO ] [views.py     line:18  ] [2020-04-07 14:20:13,163] [6920   ] [----------------------Admin-begin---------------------------]
[INFO ] [views.py     line:19  ] [2020-04-07 14:20:13,163] [6920   ] [请求:[<WSGIRequest: POST '/api/readact'>]]
[INFO ] [views.py     line:20  ] [2020-04-07 14:20:13,163] [6920   ] [请求path:[/api/readact]]
[INFO ] [views.py     line:21  ] [2020-04-07 14:20:13,164] [6920   ] [请求method:[POST]]
[INFO ] [views.py     line:22  ] [2020-04-07 14:20:13,164] [6920   ] [请求GET:[<QueryDict: {}>]]
[INFO ] [views.py     line:26  ] [2020-04-07 14:20:13,164] [6920   ] [请求full_path:[https://localhost:8000/api/readact]]
[INFO ] [views.py     line:32  ] [2020-04-07 14:20:13,164] [6920   ] [param1=[readact]]
[INFO ] [readact.py   line:16  ] [2020-04-07 14:20:13,798] [6920   ] [----------------------readact_begin---------------------------]
[INFO ] [readact.py   line:24  ] [2020-04-07 14:20:13,798] [6920   ] [trantype=[create_answer]]
[INFO ] [readact.py   line:145 ] [2020-04-07 14:20:13,798] [6920   ] [----------------------Admin-create_answer-begin---------------------------]
[INFO ] [readact.py   line:192 ] [2020-04-07 14:20:52,344] [6920   ] [----------------------Admin-create_answer-end---------------------------]
[INFO ] [readact.py   line:36  ] [2020-04-07 14:20:52,346] [6920   ] [----------------------readact_end---------------------------]
[INFO ] [views.py     line:76  ] [2020-04-07 14:20:52,346] [6920   ] [<HttpResponse status_code=200, "text/html; charset=utf-8">]
[INFO ] [views.py     line:77  ] [2020-04-07 14:20:52,346] [6920   ] [{"respcode": "000000", "respmsg": "处理完成", "trantype": "create_answer", "answerlist": [{"line_id": "3990", "answer": "“射雕”三部曲的第三部。这三部书的男主角性格完全不同。郭靖诚朴质实，杨过深情狂放，张无忌的个性却比较复杂，也是比较软弱。"}, {"line_id": "2399", "answer": "张无忌将这张素笺连读了遍，又惊又喜，又是惭愧，忙看那朵珠花，逐颗珍珠试行旋转，果有一颗能够转动，于是将珠子旋下，金铸花干空，藏着一卷白色之物。张无忌从怀取出针刺穴道所用的金针，将那卷物事挑了出来，乃是一张薄纸，上面写着虫为哪种毒虫，花是哪种毒花，毒后如何解救，一一书明。"}, {"line_id": "1617", "answer": "张无忌本也料到他四人联，定然极不好斗，果然正反两套武功联在一起之后，阴阳相辅，竟没丝毫破绽。他数次连遇险招，倘若所持是件兵刃，当可运劲震断对方刀剑，偏生过于托大，只拿了一跟梅枝。陡然间矮老者钢刀着地卷到，张无忌闪身相避，班淑娴长剑疾弹出来，喝一声：“着！”刺向张无忌大腿，在他裤脚上划破了一道口子。"}, {"line_id": "2239", "answer": "张丰听到“张无忌那小鬼”六个字时，心大奇：“明教的教主难道真的也叫做张无忌？怎地又是‘小鬼’了？”"}, {"line_id": "1517", "answer": "张无忌一直在思索什麽时候听人说起过他的姓名，对他的问话没有置答。"}, {"line_id": "3928", "answer": "张无忌一阵神伤，想起表妹身世之惨，对自己之一往情深，不由得怔怔的掉下泪来。"}, {"line_id": "2020", "answer": "张无忌恼她狡狯奸诈，不去理她，在陷井四壁摸索，寻找脱身之计。四壁摸上去都是冷冰冰的十分光滑，坚硬异常。"}, {"line_id": "2908", "answer": "辉月使急忙收令，但收招急促，下盘露出空隙，张无忌一腿扫去，险些踢了她小腿。"}, {"line_id": "3048", "answer": "功德王取出一瓶膏药，交给张无忌。"}, {"line_id": "2055", "answer": "张无忌也不怕他弄什么鬼，伸拿了。钱二败躬身行礼，倒退步，转身上马而去。"}]}]
[INFO ] [views.py     line:80  ] [2020-04-07 14:20:52,346] [6920   ] [----------------------Admin-end---------------------------]
[INFO ] [views.py     line:81  ] [2020-04-07 14:20:52,347] [6920   ] [交易处理时间: 0:00:39.185285]
[INFO ] [views.py     line:18  ] [2020-04-07 14:22:28,455] [6920   ] [----------------------Admin-begin---------------------------]
[INFO ] [views.py     line:19  ] [2020-04-07 14:22:28,455] [6920   ] [请求:[<WSGIRequest: POST '/api/readact'>]]
[INFO ] [views.py     line:20  ] [2020-04-07 14:22:28,455] [6920   ] [请求path:[/api/readact]]
[INFO ] [views.py     line:21  ] [2020-04-07 14:22:28,455] [6920   ] [请求method:[POST]]
[INFO ] [views.py     line:22  ] [2020-04-07 14:22:28,455] [6920   ] [请求GET:[<QueryDict: {}>]]
[INFO ] [views.py     line:26  ] [2020-04-07 14:22:28,456] [6920   ] [请求full_path:[https://localhost:8000/api/readact]]
[INFO ] [views.py     line:32  ] [2020-04-07 14:22:28,456] [6920   ] [param1=[readact]]
[INFO ] [readact.py   line:16  ] [2020-04-07 14:22:29,122] [6920   ] [----------------------readact_begin---------------------------]
[INFO ] [readact.py   line:24  ] [2020-04-07 14:22:29,122] [6920   ] [trantype=[create_answer]]
[INFO ] [readact.py   line:145 ] [2020-04-07 14:22:29,122] [6920   ] [----------------------Admin-create_answer-begin---------------------------]
[INFO ] [readact.py   line:192 ] [2020-04-07 14:23:07,562] [6920   ] [----------------------Admin-create_answer-end---------------------------]
[INFO ] [readact.py   line:36  ] [2020-04-07 14:23:07,564] [6920   ] [----------------------readact_end---------------------------]
[INFO ] [views.py     line:76  ] [2020-04-07 14:23:07,564] [6920   ] [<HttpResponse status_code=200, "text/html; charset=utf-8">]
[INFO ] [views.py     line:77  ] [2020-04-07 14:23:07,564] [6920   ] [{"respcode": "000000", "respmsg": "处理完成", "trantype": "create_answer", "answerlist": [{"line_id": "3990", "answer": "“射雕”三部曲的第三部。这三部书的男主角性格完全不同。郭靖诚朴质实，杨过深情狂放，张无忌的个性却比较复杂，也是比较软弱。"}, {"line_id": "2399", "answer": "张无忌将这张素笺连读了遍，又惊又喜，又是惭愧，忙看那朵珠花，逐颗珍珠试行旋转，果有一颗能够转动，于是将珠子旋下，金铸花干空，藏着一卷白色之物。张无忌从怀取出针刺穴道所用的金针，将那卷物事挑了出来，乃是一张薄纸，上面写着虫为哪种毒虫，花是哪种毒花，毒后如何解救，一一书明。"}, {"line_id": "1617", "answer": "张无忌本也料到他四人联，定然极不好斗，果然正反两套武功联在一起之后，阴阳相辅，竟没丝毫破绽。他数次连遇险招，倘若所持是件兵刃，当可运劲震断对方刀剑，偏生过于托大，只拿了一跟梅枝。陡然间矮老者钢刀着地卷到，张无忌闪身相避，班淑娴长剑疾弹出来，喝一声：“着！”刺向张无忌大腿，在他裤脚上划破了一道口子。"}, {"line_id": "786", "answer": "张无忌直送到蝴蝶谷口，常遇春一再催他回去，两人才挥泪而别。张无忌心下暗暗立志：“我胡里胡涂的医错了常大哥，害得他要损四十年寿算。他身子在我受损，难道日后便不能在我受益？我总要设法医得他和以前一般无异。”自此胡青牛每日为张无忌施针用药，消散他体内的寒毒。张无忌却孜孜不倦的阅读医书，记忆药典，遇有疑难不明之处，便向胡青牛请教。这一着投胡青牛之所好，便即详加指点。有时张无忌提一些奇问怪想，也颇能触发胡青牛以前从未想到过的某些途径。他初时打算将张无忌治愈之后，便即下将他杀死，但这时觉得这少年一死，谷便少了唯一可以谈得来的良伴，倒不想他就此早愈早死。"}, {"line_id": "1998", "answer": "张无忌身形微晃，已窜出十余丈外，他嫌骑马太慢，当下施展轻功，疾奔绿柳庄而去。"}, {"line_id": "1517", "answer": "张无忌一直在思索什麽时候听人说起过他的姓名，对他的问话没有置答。"}, {"line_id": "3928", "answer": "张无忌一阵神伤，想起表妹身世之惨，对自己之一往情深，不由得怔怔的掉下泪来。"}, {"line_id": "2020", "answer": "张无忌恼她狡狯奸诈，不去理她，在陷井四壁摸索，寻找脱身之计。四壁摸上去都是冷冰冰的十分光滑，坚硬异常。"}, {"line_id": "2908", "answer": "辉月使急忙收令，但收招急促，下盘露出空隙，张无忌一腿扫去，险些踢了她小腿。"}, {"line_id": "3048", "answer": "功德王取出一瓶膏药，交给张无忌。"}]}]
[INFO ] [views.py     line:80  ] [2020-04-07 14:23:07,564] [6920   ] [----------------------Admin-end---------------------------]
[INFO ] [views.py     line:81  ] [2020-04-07 14:23:07,564] [6920   ] [交易处理时间: 0:00:39.110192]
[INFO ] [views.py     line:18  ] [2020-04-07 14:28:01,234] [6920   ] [----------------------Admin-begin---------------------------]
[INFO ] [views.py     line:19  ] [2020-04-07 14:28:01,234] [6920   ] [请求:[<WSGIRequest: POST '/api/readact'>]]
[INFO ] [views.py     line:20  ] [2020-04-07 14:28:01,234] [6920   ] [请求path:[/api/readact]]
[INFO ] [views.py     line:21  ] [2020-04-07 14:28:01,234] [6920   ] [请求method:[POST]]
[INFO ] [views.py     line:22  ] [2020-04-07 14:28:01,234] [6920   ] [请求GET:[<QueryDict: {}>]]
[INFO ] [views.py     line:26  ] [2020-04-07 14:28:01,234] [6920   ] [请求full_path:[https://localhost:8000/api/readact]]
[INFO ] [views.py     line:32  ] [2020-04-07 14:28:01,234] [6920   ] [param1=[readact]]
[INFO ] [readact.py   line:16  ] [2020-04-07 14:28:01,963] [6920   ] [----------------------readact_begin---------------------------]
[INFO ] [readact.py   line:24  ] [2020-04-07 14:28:01,963] [6920   ] [trantype=[create_answer]]
[INFO ] [readact.py   line:145 ] [2020-04-07 14:28:01,963] [6920   ] [----------------------Admin-create_answer-begin---------------------------]
[INFO ] [readact.py   line:192 ] [2020-04-07 14:28:40,116] [6920   ] [----------------------Admin-create_answer-end---------------------------]
[INFO ] [readact.py   line:36  ] [2020-04-07 14:28:40,117] [6920   ] [----------------------readact_end---------------------------]
[INFO ] [views.py     line:76  ] [2020-04-07 14:28:40,117] [6920   ] [<HttpResponse status_code=200, "text/html; charset=utf-8">]
[INFO ] [views.py     line:77  ] [2020-04-07 14:28:40,117] [6920   ] [{"respcode": "000000", "respmsg": "处理完成", "trantype": "create_answer", "answerlist": [{"line_id": "3990", "answer": "“射雕”三部曲的第三部。这三部书的男主角性格完全不同。郭靖诚朴质实，杨过深情狂放，张无忌的个性却比较复杂，也是比较软弱。"}, {"line_id": "2399", "answer": "张无忌将这张素笺连读了遍，又惊又喜，又是惭愧，忙看那朵珠花，逐颗珍珠试行旋转，果有一颗能够转动，于是将珠子旋下，金铸花干空，藏着一卷白色之物。张无忌从怀取出针刺穴道所用的金针，将那卷物事挑了出来，乃是一张薄纸，上面写着虫为哪种毒虫，花是哪种毒花，毒后如何解救，一一书明。"}, {"line_id": "1617", "answer": "张无忌本也料到他四人联，定然极不好斗，果然正反两套武功联在一起之后，阴阳相辅，竟没丝毫破绽。他数次连遇险招，倘若所持是件兵刃，当可运劲震断对方刀剑，偏生过于托大，只拿了一跟梅枝。陡然间矮老者钢刀着地卷到，张无忌闪身相避，班淑娴长剑疾弹出来，喝一声：“着！”刺向张无忌大腿，在他裤脚上划破了一道口子。"}, {"line_id": "1998", "answer": "张无忌身形微晃，已窜出十余丈外，他嫌骑马太慢，当下施展轻功，疾奔绿柳庄而去。"}, {"line_id": "3808", "answer": "张无忌虽及时提醒，但成昆这一掌出招快极，谢逊待得听到张无忌的叫声，已然不及变招。"}, {"line_id": "3062", "answer": "张无忌一看身周，刀剑皆已不见，心下气恼无比，几乎要哭出声，没料到赵敏竟会乘着自己遭逢极大危难之际，又来落井下石，使出这般奸计。"}, {"line_id": "1517", "answer": "张无忌一直在思索什麽时候听人说起过他的姓名，对他的问话没有置答。"}, {"line_id": "2020", "answer": "张无忌恼她狡狯奸诈，不去理她，在陷井四壁摸索，寻找脱身之计。四壁摸上去都是冷冰冰的十分光滑，坚硬异常。"}, {"line_id": "3928", "answer": "张无忌一阵神伤，想起表妹身世之惨，对自己之一往情深，不由得怔怔的掉下泪来。"}, {"line_id": "2908", "answer": "辉月使急忙收令，但收招急促，下盘露出空隙，张无忌一腿扫去，险些踢了她小腿。"}]}]
[INFO ] [views.py     line:80  ] [2020-04-07 14:28:40,117] [6920   ] [----------------------Admin-end---------------------------]
[INFO ] [views.py     line:81  ] [2020-04-07 14:28:40,118] [6920   ] [交易处理时间: 0:00:38.884189]
[INFO ] [views.py     line:18  ] [2020-04-07 14:30:02,928] [6920   ] [----------------------Admin-begin---------------------------]
[INFO ] [views.py     line:19  ] [2020-04-07 14:30:02,928] [6920   ] [请求:[<WSGIRequest: POST '/api/readact'>]]
[INFO ] [views.py     line:20  ] [2020-04-07 14:30:02,928] [6920   ] [请求path:[/api/readact]]
[INFO ] [views.py     line:21  ] [2020-04-07 14:30:02,929] [6920   ] [请求method:[POST]]
[INFO ] [views.py     line:22  ] [2020-04-07 14:30:02,929] [6920   ] [请求GET:[<QueryDict: {}>]]
[INFO ] [views.py     line:26  ] [2020-04-07 14:30:02,929] [6920   ] [请求full_path:[https://localhost:8000/api/readact]]
[INFO ] [views.py     line:32  ] [2020-04-07 14:30:02,929] [6920   ] [param1=[readact]]
[INFO ] [readact.py   line:16  ] [2020-04-07 14:30:03,645] [6920   ] [----------------------readact_begin---------------------------]
[INFO ] [readact.py   line:24  ] [2020-04-07 14:30:03,645] [6920   ] [trantype=[create_answer]]
[INFO ] [readact.py   line:145 ] [2020-04-07 14:30:03,645] [6920   ] [----------------------Admin-create_answer-begin---------------------------]
[INFO ] [readact.py   line:192 ] [2020-04-07 14:30:42,739] [6920   ] [----------------------Admin-create_answer-end---------------------------]
[INFO ] [readact.py   line:36  ] [2020-04-07 14:30:42,740] [6920   ] [----------------------readact_end---------------------------]
[INFO ] [views.py     line:76  ] [2020-04-07 14:30:42,741] [6920   ] [<HttpResponse status_code=200, "text/html; charset=utf-8">]
[INFO ] [views.py     line:77  ] [2020-04-07 14:30:42,741] [6920   ] [{"respcode": "000000", "respmsg": "处理完成", "trantype": "create_answer", "answerlist": [{"line_id": "3990", "answer": "“射雕”三部曲的第三部。这三部书的男主角性格完全不同。郭靖诚朴质实，杨过深情狂放，张无忌的个性却比较复杂，也是比较软弱。"}, {"line_id": "2399", "answer": "张无忌将这张素笺连读了遍，又惊又喜，又是惭愧，忙看那朵珠花，逐颗珍珠试行旋转，果有一颗能够转动，于是将珠子旋下，金铸花干空，藏着一卷白色之物。张无忌从怀取出针刺穴道所用的金针，将那卷物事挑了出来，乃是一张薄纸，上面写着虫为哪种毒虫，花是哪种毒花，毒后如何解救，一一书明。"}, {"line_id": "1617", "answer": "张无忌本也料到他四人联，定然极不好斗，果然正反两套武功联在一起之后，阴阳相辅，竟没丝毫破绽。他数次连遇险招，倘若所持是件兵刃，当可运劲震断对方刀剑，偏生过于托大，只拿了一跟梅枝。陡然间矮老者钢刀着地卷到，张无忌闪身相避，班淑娴长剑疾弹出来，喝一声：“着！”刺向张无忌大腿，在他裤脚上划破了一道口子。"}, {"line_id": "786", "answer": "张无忌直送到蝴蝶谷口，常遇春一再催他回去，两人才挥泪而别。张无忌心下暗暗立志：“我胡里胡涂的医错了常大哥，害得他要损四十年寿算。他身子在我受损，难道日后便不能在我受益？我总要设法医得他和以前一般无异。”自此胡青牛每日为张无忌施针用药，消散他体内的寒毒。张无忌却孜孜不倦的阅读医书，记忆药典，遇有疑难不明之处，便向胡青牛请教。这一着投胡青牛之所好，便即详加指点。有时张无忌提一些奇问怪想，也颇能触发胡青牛以前从未想到过的某些途径。他初时打算将张无忌治愈之后，便即下将他杀死，但这时觉得这少年一死，谷便少了唯一可以谈得来的良伴，倒不想他就此早愈早死。"}, {"line_id": "1998", "answer": "张无忌身形微晃，已窜出十余丈外，他嫌骑马太慢，当下施展轻功，疾奔绿柳庄而去。"}, {"line_id": "2946", "answer": "张无忌接过屠龙刀，心不在焉的往腰间一插，口仍在念诵：“虚实，无生有…"}, {"line_id": "3062", "answer": "张无忌一看身周，刀剑皆已不见，心下气恼无比，几乎要哭出声，没料到赵敏竟会乘着自己遭逢极大危难之际，又来落井下石，使出这般奸计。"}, {"line_id": "1517", "answer": "张无忌一直在思索什麽时候听人说起过他的姓名，对他的问话没有置答。"}, {"line_id": "3928", "answer": "张无忌一阵神伤，想起表妹身世之惨，对自己之一往情深，不由得怔怔的掉下泪来。"}, {"line_id": "2020", "answer": "张无忌恼她狡狯奸诈，不去理她，在陷井四壁摸索，寻找脱身之计。四壁摸上去都是冷冰冰的十分光滑，坚硬异常。"}]}]
[INFO ] [views.py     line:80  ] [2020-04-07 14:30:42,741] [6920   ] [----------------------Admin-end---------------------------]
[INFO ] [views.py     line:81  ] [2020-04-07 14:30:42,741] [6920   ] [交易处理时间: 0:00:39.814173]
[INFO ] [views.py     line:18  ] [2020-04-07 14:31:09,083] [6920   ] [----------------------Admin-begin---------------------------]
[INFO ] [views.py     line:19  ] [2020-04-07 14:31:09,083] [6920   ] [请求:[<WSGIRequest: POST '/api/readact'>]]
[INFO ] [views.py     line:20  ] [2020-04-07 14:31:09,083] [6920   ] [请求path:[/api/readact]]
[INFO ] [views.py     line:21  ] [2020-04-07 14:31:09,083] [6920   ] [请求method:[POST]]
[INFO ] [views.py     line:22  ] [2020-04-07 14:31:09,084] [6920   ] [请求GET:[<QueryDict: {}>]]
[INFO ] [views.py     line:26  ] [2020-04-07 14:31:09,084] [6920   ] [请求full_path:[https://localhost:8000/api/readact]]
[INFO ] [views.py     line:32  ] [2020-04-07 14:31:09,084] [6920   ] [param1=[readact]]
[INFO ] [readact.py   line:16  ] [2020-04-07 14:31:09,743] [6920   ] [----------------------readact_begin---------------------------]
[INFO ] [readact.py   line:24  ] [2020-04-07 14:31:09,743] [6920   ] [trantype=[create_answer]]
[INFO ] [readact.py   line:145 ] [2020-04-07 14:31:09,743] [6920   ] [----------------------Admin-create_answer-begin---------------------------]
[INFO ] [readact.py   line:192 ] [2020-04-07 14:31:48,233] [6920   ] [----------------------Admin-create_answer-end---------------------------]
[INFO ] [readact.py   line:36  ] [2020-04-07 14:31:48,235] [6920   ] [----------------------readact_end---------------------------]
[INFO ] [views.py     line:76  ] [2020-04-07 14:31:48,235] [6920   ] [<HttpResponse status_code=200, "text/html; charset=utf-8">]
[INFO ] [views.py     line:77  ] [2020-04-07 14:31:48,235] [6920   ] [{"respcode": "000000", "respmsg": "处理完成", "trantype": "create_answer", "answerlist": [{"line_id": "2689", "answer": "赵敏与张无忌从窗孔望出去，只见数里外是个树木葱翠的大岛，岛上奇峰挺拔，耸立着好几座高山。座船吃饱了风，直驶而前。只一顿饭功夫，已到岛前。那岛东端山石直降入海，并无浅滩，战船吃水虽深，却可泊在岸边。战船停泊未定，猛听得山冈上传来一声大叫，气充沛，极是威猛。这一来张无忌当真惊喜交集，这叫声熟悉之极，正是义父金毛狮王谢逊所发。一别十余年，义父雄风如昔，怎不令他心花怒放？当下也不及细思谢逊如何会从极北的冰火岛上来到此处，也顾不得被金花婆婆识破本来面目，急步从木梯走上后梢，向叫声所发出的山冈上望去。只见四条汉子执兵刃，正在围攻一个身形高大之人。那人空迎敌，正是金毛狮王谢逊。张无忌一瞥之下，便见义父虽然双目盲了，虽然以一敌四，虽然赤空拳抵挡四件兵刃，却丝毫不落下风。他从未见过义父与人动，此刻只瞧了几招，心下甚喜：“昔年金毛狮王威震天下，果然名不虚传。我义父武功在青翼蝠王之上，足可与我外公并驾齐驱。”那四人武功显然也颇为了得，从船梢仰望山冈，瞧不清四人面目，但见衣衫褴褛，背负布袋，当是丐帮人物。旁边另有人站着掠阵。只听一人说道：“交出屠龙刀…"}, {"line_id": "3252", "answer": "楼上并排房，眼见东厢房无人，又到西厢房窗外窥看。房灯光明亮，桌上杯盘狼藉，放着八人的碗筷，杯残酒未乾，菜肴初动，却一人也无，似乎这些人吃喝未久，便即离房他去。间房却黑洞洞地并无灯光。他轻推房门，里面上着门闩，他低声叫道：“义父，你在这儿么？”不听得应声。张无忌心想：“看来义父不在此处，但丐帮人众如此严密戒备，却是为何？难道有意的实者虚之、虚者实之吗？”突然闻到一阵血腥气，从间房传了出来。他心头一惊，左按在门上，内力微震，格的一声轻响，门闩从断截。他立即闪身进房，接住了两截断折的门闩，以免掉落地下，发出声响。他只跨出一步，脚下便是一绊，相触处软绵绵地，似是人身，俯身摸去，却是个尸体。这人气息早绝，脸上兀自微温，显是死去未久。摸索此人头颅，小头尖腮，并非谢逊，当即放心。跨出一步，又踏到了两人的尸身。他伸指在西边板壁上戮出两个小孔，烛光从孔透了过来。只见地下横竖八的躺满了尸体，尽是丐帮弟子，显然都是受了极重的内伤。他提起一尸，撕开衣衫，但见那人胸口拳印宛然，肋骨齐断，拳力威猛非凡。张无忌大喜：“原来义父大展神威，击毙看守人众，杀出去了。”在房四下察看，果见墙角上用尖利之物刻着个火焰的图形，正是明教的记号，又见窗闩折断，窗户虚掩，心想：“是了，适才我见这楼上有黑影一闪，便是义父脱身而去了，只不知义父如何会被丐帮所擒？想是他老人家目不见物，难以提防丐帮的诡计。他们若非用蒙汗药物，便是用绊马索、倒钩、渔网之类物事擒他。”"}, {"line_id": "2859", "answer": "张无忌问道：“义父，韩夫人私进秘道却是为何？”"}, {"line_id": "1455", "answer": "原来张无忌存心威压当场，倘若单以伤拳震碎树脉，须至十天半月之后，松树枯萎，才显功力，是以使出伤拳劲力之后，跟着以阳刚猛劲断树。那正是效仿当年义父谢逊在冰火岛上震裂树脉再以屠龙刀砍断树干的法。"}, {"line_id": "2557", "answer": "赵敏见他大有难色，道：“怎么？你不肯么？这件事可并不违背侠义之道，也不是你无法办到的。”张无忌心想：“屠龙刀在我义父上，江湖上众所周知，那也不用瞒她。”便道：“屠龙刀是我义父金毛狮王谢大侠之物。我岂能背叛义父，取刀给你？”赵敏道：“我不是要你去偷去抢、去拐去骗，我也不是真的要了这把刀。我只要你去向你义父借来，给我把玩一个时辰，立刻便还给他。你们是义父义子，难道向他借一个时辰，他也不肯？借来瞧瞧，既不是吞没他的，又不是用来谋财害命，难道也违背侠义之道了？”张无忌道：“这把刀虽然名闻武林，其实也没甚么看头，只不过特别沉重些、锋利些而已。”赵敏道：“说甚么‘武林至尊，宝刀屠龙，号令天下，莫敢不从。倚天不出，谁与争锋？’”倚天剑是在我，我定要瞧瞧那屠龙刀是甚么模样。你若不放心，我看刀之时，你尽可站在一旁。凭着你的本领，我决不能强占不还。”张无忌寻思：“救出了六大派高之后，我本是要立即动身去迎归义父，请他老人家担任教主大位。赵姑娘言明借刀看一个时辰，虽然难保她没有甚么诡计，可是我全神提防，谅她也不能将刀夺了去。只是义父曾说，屠龙刀之，藏着一件武功绝学的大秘密。义父双眼未盲之时已得宝刀，以他的聪明才智，始终参详不出，这赵姑娘在短短一个时辰之，岂能有何作为？何况我和义父一别十年，说不定他在孤岛之上，已参透了宝刀的秘密。”赵敏见他沉吟不答，笑道：“你不肯，那也由得你。我可要另外叫你做一件事，那却难得多了。”"}, {"line_id": "3333", "answer": "周芷若道：“你害怕甚么？”张无忌只觉掌的一双小寒冷如冰，也是轻轻发抖，便道：“我想起义父患有失心疯之症，发作起来，人事不知。当年他疯疾大发，竟要扼死我妈妈，他一对眼睛便是因此给我妈妈射瞎的。当我出生之时，义父又想杀死我爸爸妈妈，幸而听到我的哭声，这才神智清醒。我怕……我真怕……”周芷若道：“你怕甚么？”张无忌叹了口气，道：“此话我本不该说，但我确是担心，我表妹是……是……义父杀的。”周芷若跳起身来，颤声道：“谢大侠仁侠仗义，对咱们后辈更是慈爱，怎会去杀殷姑娘？”张无忌道：“我只是凭空猜测，当然作不得准。就算我表妹真为义父所杀，那也是他老人家旧疾突发，犹如梦魇一般，决不是他老人家的本意。唉，这一切帐，都该算在成昆那恶贼身上。”"}, {"line_id": "2746", "answer": "张无忌大喜，暗喝了声采。他见谢逊故意装作闪避不及，受了一杖，心下便想：“义父只须将左袍袖的金花撒出，再以屠龙刀使一招‘千山万水’乱被风势斩去，金花婆婆不敢抵挡宝刀锋锐，务必更向左退，接连两退，蓄势待发，那时义父以内力逼出屠龙刀上金花，激射而前，金花婆婆无力远避，非受重伤不可。”"}, {"line_id": "3258", "answer": "张无忌恍然大悟，原来此处竟是所妓院，说道：“对不起。”闪身便即出门。那小鬟追了出来，叫道：“公子爷，我家姐姐哪一点比不上周纤纤？你便片刻儿也坐不得？”张无忌连连摇，摸出一锭从赌场抢来的银子往地下一掷，飞步出门。这么一闹，心神半晌不得宁定，眼见天色将黑，夜晚间只怕错过了路旁的火焰记号，便向一家客店借宿，心头思潮起伏：“义父怎地又去赌场，又去妓院？他老人家此举，到底含着甚么深意？”睡到夜，突然间惊醒：“义父双目失明，怎能一路上清清楚楚的留下这许多记号？难道是芷若从旁指引？"}, {"line_id": "3253", "answer": "他心喜悦不胜，走出房外，缩身门边，向下张望，见众丐兀自来回巡逻，对楼上变故全不知情，寻思：“义父离去未久，快去追上了他，咱爷儿俩回转身来，闹他个天翻地覆，方教群丐知我明教段。”思念及此，豪气勃发，适才见那黑影从西方而去，当下纵身跃起，在一株高树上一点，跃出围墙，提气向西疾奔。沿着大路追出数里，来到一处岔道，四下一寻，见一块岩石后画着个火焰记号，指向西南的小路。张无忌大喜，心想义父行踪已明，立时便可会见。明教诸般联络指引的暗号，他曾听杨逍详细说过，又见这火焰记号虽只寥寥数划，但勾划苍劲，若非谢逊这等武全才之士，明教没几人能画得出来。此时他更无怀疑，沿着小路追了下去，直追到沙河驿，天已黎明，在饭店胡乱买了些馒头面饼充饥，更向西行，到了棒子镇上。只见街角墙脚下绘着个火焰记号，指向一所破祠堂，他心大喜，料想义父定是藏身其间，走进门去，只听得一阵呼幺喝六之声，大厅上围着一群泼皮和破落户子弟正自赌博，却是个赌场。赌场庄头见张无忌衣饰华贵，只道是位大豪客来了，忙笑吟吟的迎将上来，说道：“公子爷快来掷两，你气好，杀他个通庄。”转头向众赌客道：“快让位给公子爷，大伙儿端定银子输钱，好让公子爷双捧回府去啊！”张无忌眉头一皱，见众赌客并无江湖人物，提声叫道：“义父，义父，你老人家在这儿吗？”隔了一会，不听有人回答，他又叫了几声。一个泼皮见他不来赌博，却来大呼小叫的扰局，当即应道：“乖孩儿，我老人家就在这儿，你快快来掷骰子啊。”众泼皮哄堂大笑。张无忌问那庄头：“你可曾见到一位黄头发、高身材的大爷进来，是一位双目失明的大爷？”那庄头见他不来赌博，却是来寻人，心登时淡了，笑道：“笑话奇谈，天下竟有瞎子来赌骰子的？这瞎子是失心疯的吗？”"}, {"line_id": "3854", "answer": "在这幅图的左下角，又画着两个男子，一个睡得甚沉，另一个满头长发，侧耳倾听。张无忌暗暗心惊：“原来芷若干这伤天害理之事，义父一一听在耳。他老人家好大的涵养，在岛上竟不露半点声色。是了，那时我和义父服了十香软筋散后功力尽失，性命皆在芷若掌握之。无怪义父当时一口咬定是敏妹所为，显得愤慨无比。他知我胡涂老实，若是跟我说了，我言语举止之定会泄漏密。”但见图上溅满了鲜血，正是日间谢逊与成昆在此血战时所遗下一滩滩血渍，更显得图的情景凄厉可怖。再看西首第幅图，绘的是谢逊端坐，周芷若在他身后出袭击，外面涌进一群丐帮帮众，情景正与赵敏在大都“游皇城”的戏命人所扮一模一样。"}]}]
[INFO ] [views.py     line:80  ] [2020-04-07 14:31:48,235] [6920   ] [----------------------Admin-end---------------------------]
[INFO ] [views.py     line:81  ] [2020-04-07 14:31:48,235] [6920   ] [交易处理时间: 0:00:39.151661]
[INFO ] [views.py     line:18  ] [2020-04-07 14:32:44,294] [6920   ] [----------------------Admin-begin---------------------------]
[INFO ] [views.py     line:19  ] [2020-04-07 14:32:44,295] [6920   ] [请求:[<WSGIRequest: POST '/api/readact'>]]
[INFO ] [views.py     line:20  ] [2020-04-07 14:32:44,295] [6920   ] [请求path:[/api/readact]]
[INFO ] [views.py     line:21  ] [2020-04-07 14:32:44,295] [6920   ] [请求method:[POST]]
[INFO ] [views.py     line:22  ] [2020-04-07 14:32:44,295] [6920   ] [请求GET:[<QueryDict: {}>]]
[INFO ] [views.py     line:26  ] [2020-04-07 14:32:44,295] [6920   ] [请求full_path:[https://localhost:8000/api/readact]]
[INFO ] [views.py     line:32  ] [2020-04-07 14:32:44,295] [6920   ] [param1=[readact]]
[INFO ] [readact.py   line:16  ] [2020-04-07 14:32:44,978] [6920   ] [----------------------readact_begin---------------------------]
[INFO ] [readact.py   line:24  ] [2020-04-07 14:32:44,978] [6920   ] [trantype=[create_answer]]
[INFO ] [readact.py   line:145 ] [2020-04-07 14:32:44,978] [6920   ] [----------------------Admin-create_answer-begin---------------------------]
[INFO ] [readact.py   line:192 ] [2020-04-07 14:33:25,789] [6920   ] [----------------------Admin-create_answer-end---------------------------]
[INFO ] [readact.py   line:36  ] [2020-04-07 14:33:25,811] [6920   ] [----------------------readact_end---------------------------]
[INFO ] [views.py     line:76  ] [2020-04-07 14:33:25,812] [6920   ] [<HttpResponse status_code=200, "text/html; charset=utf-8">]
[INFO ] [views.py     line:77  ] [2020-04-07 14:33:25,812] [6920   ] [{"respcode": "000000", "respmsg": "处理完成", "trantype": "create_answer", "answerlist": [{"line_id": "2838", "answer": "“第二天，那韩千叶当众说明昔日的约言，先把言语挤住阳教主，令他无从食言，然后说了题目出来。他竟是要和阳教主同入光明顶的碧水寒潭之一决胜负。"}, {"line_id": "1513", "answer": "鲜于通足智多谋，是这次围攻明教的军师，见空智大师使眼色向自己求救，当即摺扇轻挥，缓步而出。"}, {"line_id": "3579", "answer": "岂知不幸身遭大难，在下深为悼惜。此是奸人暗算，实与敝教无涉。”空智冷笑道：“张教主倒推得忒煞干净。然则汝阳王郡主与明教联之事，那也是假的了？”张无忌脸上一红，道：“郡主与她父兄不洽，投身敝教。郡主往日对贵寺诸多不敬之处，在下自当命她上山拜佛，郑重谢罪。”空智喝道：“张教主花言巧语，于事何补？你身为一教之主，信口胡言，岂不令天下英雄耻笑？”张无忌想到杀空性、擒众僧之事，确是赵敏大大的不该，虽与明教无涉，但她目下却是托身于己，可不能推委不理，正为难间，铁冠道人厉声说道：“空智大师，我教主敬你是前辈高僧，给足了你面子，你可须知自重。我教主守信重义，岂能说一句假话？你辱我教主，便是辱我明教百万之众。纵我教主宽洪大量，不予计较，我们做部属的却不能善罢甘休。”此时明教教众在淮泗、豫鄂一带攻城掠地，招兵买马，说是“百万之众”，确非浮夸之言。"}, {"line_id": "2829", "answer": "谢逊“嗯”了一声，仰头向天，出神了半晌，缓缓说道：“二十年前，那时明教在阳教主统领之下，好生兴旺。这日光明顶上突然来了个波斯胡人，持波斯总教教主书，谒见阳教主。信言道，波斯总教有一位净善使者，原是华人氏，到波斯总教后久居其地，入了明教，颇建功勋，娶了波斯女为妻，生有一女。这位净善使者于一年前逝世，临死时心怀故土，遗命要女儿回归华。总教教主尊重其意，遣人将他女儿送来光明顶上，盼土明教善予照拂。阳教主自是一口答应，请那女子进来。那少女一进厅堂，登时满堂生辉，但见她容色照人，明艳不可方物。当她向阳教主盈盈下拜之际，大厅上左右光明使、法王、五散人、五行旗使，无不震动。护送她来的个波斯人在光明顶上留了一宵，翌日便即拜别。"}, {"line_id": "3708", "answer": "明教众高谁都跃跃欲试，只是均知这件事担当极其重大，须得竭尽全力，先将与会的英雄打败一大半，留给教主的强敌越少越好，他才能保留力气，以竟全功。倘若只胜得寥寥数人，便被人打败，留下一副重担给教主独挑，自己损折威名事小，负累了本教、谢逊和教主却是事大。再者若是贸然请缨，不免自以为除教主外本人武功最强，伤了同教间的义气，是以谁都默不出声。"}, {"line_id": "2193", "answer": "张无忌大怒，心骂道：“你这贼丫头冒充明教教主，那也罢了，居然还冒用我姓名，来欺骗我太师父。”"}, {"line_id": "3280", "answer": "传功长老怒道：“陈长老，你放开周姑娘，我们跟张教主决一死战。丐帮倾全帮之力，拾夺不下明教教主孤身一人，竟要出此下策。咱们大伙儿还有脸面做人么？”"}, {"line_id": "1352", "answer": "张无忌道：“只怕不敬。”小昭道：“倘若阳教主有何未了心愿，公子去转告老爷小姐，让他们为阳教主办理，那也是好的。”张无忌一想不错，便轻轻拆开封皮，抽出一幅极薄的白绫来，只见绫上写道：“夫人妆次：夫人自归阳门，日夕郁郁。余粗鄙寡德，无足为欢，甚可歉咎，兹当永别，唯夫人谅之。十二代衣教主遗命，令余练成乾坤大挪移神功后，率众前赴波斯总教，设法迎回圣火令。本教虽发源于波斯，然在华生根，开枝散叶，已数百年于兹。今鞑子占我土，本教誓与周旋到底，决不可遵波斯总教无理命令，而奉蒙古元人为主。圣火令若重入我，我华明教即可与波斯总教分庭抗礼也。”张无忌心想：“原来明教的总教在波斯国。这衣教主和阳教主不肯奉总教之命而降顺元朝，实是极有血性骨气的好汉子。”心对明教又增了几分钦佩之意，接着看下去：“今余神功第四层初成，即悉成昆之事，血气翻涌不能自制，真力将散，行当大归。天也命也，复何如耶？”张无忌读到此处，轻轻叹了口气，说道：“原来阳教主在写这信之时，便已知道他夫人和成昆在秘道私会的事了。”见小昭想问又不敢问，于是将阳顶天夫妇及成昆间的事简略说了。小昭道：“我说都是阳夫人不好。她若是心一直有着成昆这个人，原不该嫁阳教主，既已嫁了阳教主，便不该再和成昆私会。”张无忌点了点头，心想：“她小小年纪，倒是颇有见识。”继续读下去：“今余命在旦夕，有负衣教主重托，实为本教罪人，盼夫人持余亲笔遗书，召聚左右光明使者、四大护教法王、五行旗使、五散人，颁余遗命曰：‘不论何人重获圣火令者，为本教第十四代教主。不服者杀无赦。令谢逊暂摄副教主之位，处分本教重务。”张无忌心一震，暗想：“原来阳教主命我义父暂摄副教主之位。我义父武全才，阳教主死后，我义父已是明教第一位人物。只可惜阳夫人没看到这信，否则明教之也不致如此自相残杀，闹得天翻地覆。”想到阳顶天对谢逊如此看重，很是喜欢，却又不禁伤感，出神半晌，接读下去：“乾坤大挪移心法暂由谢逊接掌，日后转奉新教主。光大我教，驱除胡虏，行善去恶，持正除奸，令我明尊圣火普惠天下世人，新教主其勉之。”"}, {"line_id": "2843", "answer": "“阳教主沉吟半晌，说道：‘韩兄弟，在下当年确与令尊有约。好汉子光明磊落，这场比武是在下输了。你要如何处置，悉听尊便。’韩千叶腕一翻，亮出一柄晶亮灿烂的匕首，对准自己心脏，说道：‘这匕首是先父遗物，在下只求阳教主向这匕首磕上个响头。’群雄一听，无不愤怒，堂堂明教教主，岂能受此屈辱？但阳教主既然认输，按照江湖规矩，不能不由对方处置。眼前情势已十分明白，韩千叶此番拼死而来，受了阳教主这个头后，他势必立即以匕首往自己心口一插，以免死于明教群豪下。"}, {"line_id": "3031", "answer": "谢逊忽道：“小昭，你做了波斯明教的教主么？”"}]}]
[INFO ] [views.py     line:80  ] [2020-04-07 14:33:25,812] [6920   ] [----------------------Admin-end---------------------------]
[INFO ] [views.py     line:81  ] [2020-04-07 14:33:25,812] [6920   ] [交易处理时间: 0:00:41.517349]
[INFO ] [views.py     line:18  ] [2020-04-07 16:22:10,160] [6920   ] [----------------------Admin-begin---------------------------]
[INFO ] [views.py     line:19  ] [2020-04-07 16:22:10,161] [6920   ] [请求:[<WSGIRequest: POST '/api/readact'>]]
[INFO ] [views.py     line:20  ] [2020-04-07 16:22:10,161] [6920   ] [请求path:[/api/readact]]
[INFO ] [views.py     line:21  ] [2020-04-07 16:22:10,161] [6920   ] [请求method:[POST]]
[INFO ] [views.py     line:22  ] [2020-04-07 16:22:10,161] [6920   ] [请求GET:[<QueryDict: {}>]]
[INFO ] [views.py     line:26  ] [2020-04-07 16:22:10,161] [6920   ] [请求full_path:[https://localhost:8000/api/readact]]
[INFO ] [views.py     line:32  ] [2020-04-07 16:22:10,162] [6920   ] [param1=[readact]]
[INFO ] [readact.py   line:16  ] [2020-04-07 16:22:13,513] [6920   ] [----------------------readact_begin---------------------------]
[INFO ] [readact.py   line:24  ] [2020-04-07 16:22:13,513] [6920   ] [trantype=[create_answer]]
[INFO ] [readact.py   line:145 ] [2020-04-07 16:22:13,513] [6920   ] [----------------------Admin-create_answer-begin---------------------------]
[INFO ] [readact.py   line:192 ] [2020-04-07 16:22:52,873] [6920   ] [----------------------Admin-create_answer-end---------------------------]
[INFO ] [readact.py   line:36  ] [2020-04-07 16:22:52,876] [6920   ] [----------------------readact_end---------------------------]
[INFO ] [views.py     line:76  ] [2020-04-07 16:22:52,877] [6920   ] [<HttpResponse status_code=200, "text/html; charset=utf-8">]
[INFO ] [views.py     line:77  ] [2020-04-07 16:22:52,877] [6920   ] [{"respcode": "000000", "respmsg": "处理完成", "trantype": "create_answer", "answerlist": [{"line_id": "1368", "answer": "这门心法所以难成，所以稍一不慎便致走火入魔，全由于运劲的法门复杂巧妙无比，而练功者却无雄浑的内力与之相副。正如要一个八岁的小孩去挥舞百斤重的大铁锤，锤法越是精微奥妙，越会将他自己打得头破血流，脑浆迸裂，但若舞锤是个大力士，那便得其所哉了。以往练这心法之人，只因内力有限，勉强修习，变成心有余力不足。昔日的明教各位教主都明白这其关键所在，但既得身任教主，个个是坚毅不拔、不肯服输之人，又有谁肯知难而退？大凡武学高，都服膺“精诚所至、金石为开”的话，于是孜孜兀兀，竭力修习，殊不知人力有时而穷，一心想要“人定胜天”，结果往往饮恨而终。张无忌所以能在半日之间练成，而许多聪明才智、武学修为远胜于他之人，竭数十年苦修而不能练成者，其间的分别，便在于一则内力有余，一则内力不足而已。张无忌练到第五层后，只觉全身精神力气无不指挥如意，欲发即发，欲收即收，一切全凭心意所之，周身百骸，当真说不出的舒服受用。这时他已忘了去推那石门，跟着便练第六层的心法，一个多时辰后，已练到第层。那第层心法的奥妙之处，又比第六层深了数倍，一时之间实是难以尽解。好在他精通医道脉理，遇到难明之处，以之和医理一加印证，往往便即豁然贯通。练到一大半之处，猛地里气血翻涌，心跳加快。他定了定神，再从头做起，仍是如此。自练第一层神功以来，从未遇上过这等情形。他跳过了这一句，再练下去时，又觉顺利，但数句一过，重遇阻难，自此而下，阻难叠出，直到篇末，共有一十九句未能照练。张无忌沉思半晌，将那羊皮供在石上，恭恭敬敬的躬身下拜，磕了几个头，祝道：“弟子张无忌，无意得窥明教神功心法，旨在脱困求生，并非存心窥窃贵教秘籍。弟子得脱险境之后，自当以此神功为贵教尽力，不敢有负列代教主栽培救命之恩。”小昭也跪下磕了几个头，低声祷祝道：“列代教宗在上，请你们保佑张公子重整明教，光大列祖列宗的威名。”张无忌站起身来，说道：“我非明教教徒，奉我太师父的教训，将来也决不敢身属明教。但我展读阳教主的遗书后，知道明教的宗旨光明正大，自当竭尽所能，向各大门派解释误会，请双方息争。”小昭道：“张公子，你说有一十九句句子尚未练成，何不休息一会，养足精神，把它都练成了？”张无忌道：“我今日练成乾坤大挪移第层心法，虽有一十九句跳过，未免略有缺陷，但正如你曲所说：‘日盈昃，月满亏蚀。天地尚无完体。’我何可人心不足，贪多务得？想我有何福泽功德，该受这明教的神功心法？能留下一十九句练之不成，那才是道理啊。”"}, {"line_id": "2961", "answer": "至于乾坤大挪移心法，本是波斯明教的护教神功，但这门奇妙的武功却不是常人所能修习。波斯明教的教主规定又须由处女担任，千百年间接连出了几个庸庸碌碌的女教主，心法传下来的便十分有限，反倒是土明教尚留得全份。波斯明珠以不到一成的旧传乾坤大挪移武功，和两成新得的圣火令武功相结合，变出一门古怪奇诡的功夫出来。"}, {"line_id": "2303", "answer": "张无忌武功已高，关键处一点便透，听了张丰这几句话，登时便有领悟，心虚想着那太极图圆转不断、阴阳变化之意。"}, {"line_id": "2813", "answer": "波斯使武功诡异古怪，料想便出于这山老人。”"}, {"line_id": "3812", "answer": "张无忌等见他大获全胜，都欢呼起来。谢逊突然坐倒在地，全身骨骼格格乱响。张无忌大惊，知他逆运内息，要散尽全身武功，忙道：“义父，使不得！”抢上前去，便要伸按上他的背心，以九阳神功制止。"}, {"line_id": "2897", "answer": "小昭道：“这是我家传武功，不值郡主娘娘一笑。”赵敏又问：“令尊是谁？女儿如此了得，父母必是名闻天下的高。”小昭道：“家父埋名隐姓，何劳郡主动问？难道你想削我几根指头，逼问我的武功么？”她小小年纪，口头上对赵敏竟丝毫不让，提到削指之事，更显然意欲挑起周芷若敌忾同仇之心。"}, {"line_id": "3215", "answer": "赵敏叹了口气，说道：“押鲁不花将军，事已如此，你就对他们说了罢！”跟着凑嘴在张无忌耳边，低着声道：“用圣火令武功。”张无忌本来决不愿对四位师伯叔动武，但形格势禁，处境实是尴尬之极，一咬牙，蓦地里举起赵敏的身子向殷梨亭抛了过去，粗着嗓子胡胡大呼，在半空翻个空心筋斗，伸臂向张松溪抓到。殷梨亭顺接住了赵敏，一呆之下，便点了她穴道，将她摔开。在这瞬息之间，张无忌已使开圣火令上的怪异武功，拳打宋远桥，脚踢俞莲舟，一个头槌向张松溪撞到，反却已夺下了殷梨亭长剑。这几下兔起鹘落，既快且怪。武当四侠武功精强，原是武林的第一流高，但给他这接连八下怪招一阵乱打，登时忙脚乱，均感难以自保。那日在灵蛇岛上，以张无忌武功之高，遇上波斯明教流云使的圣火令招数，也是抵敌不住，何况此时他已学全六枚圣火令上的功夫，比之流云使高出何止数倍？这圣火令上所载，本非极深邃的上乘功夫，只是诡异古怪，令人捉摸不定，若在庸单独使来，亦非武当派内家正宗武功之敌。但张无忌以九阳神功为根基，以挪移乾坤心法为脉络，加之对武当派武功尽数了然于胸，一招一式，无不攻向四侠的空隙之处。斗到二十余招时，那圣火令功夫越来越奇幻莫测。赵敏躺在雪，大声叫道：“押鲁不花将军，他们汉人蛮子自以为了得，咱们蒙古这门祖传摔跤神技，今日叫他们尝尝滋味。”张松溪叫道：“以太极拳自保，这门鞑子拳招古怪得紧。”四人立时拳法一变，使开太极拳法，将门户守得严密无比。张无忌突然间坐倒在地，双拳猛捶自己胸膛。武当四侠生平不知遭逢过多少强敌，见识过多少怪招，张无忌的乾坤大挪移心法，已算得是武学奇峰突起的功夫了，但这鞑子坐在地下自捶胸膛，不但见所未见，连听也没听见过。四侠本已收起长剑，各使太极拳守紧门户，此时一怔之下，宋远桥、俞莲舟、张松溪柄长剑又刺向张无忌身前。殷梨亭的长剑已被张无忌夺去掷开，但他身边尚携着莫声谷的佩剑，跟着也拔出来刺了过去。"}, {"line_id": "3093", "answer": "周芷若道：“你不肯教，也就算了。学武功最多是学不成，还能有甚么危险？”张无忌正色道：“不，不！我这九阳神功是纯粹阳刚的内功，你现下所习的峨嵋派内功，走的却纯是阴柔路子。要是你再练我的功夫，阴阳汇于一体，除非是如我太师父这等武学奇才，或许能使之水火相济，刚柔相调，否则只要差得一步，便是走火入魔的大祸。嗯，等你日后内功大成之时，我那挪移乾坤的心法，倒是可以学的。”周芷若笑道：“我跟你说着玩呢。以后我时时刻刻都跟你在一起，你的武功和我的武功有甚么分别？我生来懒懒散散，你的九阳神功一定难练得紧，你便是逼着我练，我也怕难呢。”张无忌听她如此说，心甚感甜蜜。"}, {"line_id": "1979", "answer": "那赵小姐谈吐甚健，说起原各派的武林轶事，竟有许多连殷天正父子也不知道的。她于少林、峨嵋、昆仑诸派武功颇少许可，但提到张丰和武当侠时却推崇备至，对明教诸大豪的武功门派也极尽称誉，出言似乎漫不经意，但一褒一赞，无不词窍要。群豪又是欢喜，又是佩服，但问到她自己的武功师承时，赵敏却笑而不答，将话题岔了开去。"}, {"line_id": "1844", "answer": "这数日人人加紧磨练，武功浅的磨刀砺剑，武功深的则练气运劲，自从六大派围攻光明顶以来，明教挨打受辱，这口怨气可实在别得狠了。"}]}]
[INFO ] [views.py     line:80  ] [2020-04-07 16:22:52,877] [6920   ] [----------------------Admin-end---------------------------]
[INFO ] [views.py     line:81  ] [2020-04-07 16:22:52,877] [6920   ] [交易处理时间: 0:00:42.718575]
[INFO ] [views.py     line:18  ] [2020-04-07 16:37:36,394] [6920   ] [----------------------Admin-begin---------------------------]
[INFO ] [views.py     line:19  ] [2020-04-07 16:37:36,394] [6920   ] [请求:[<WSGIRequest: POST '/api/filecfg'>]]
[INFO ] [views.py     line:20  ] [2020-04-07 16:37:36,394] [6920   ] [请求path:[/api/filecfg]]
[INFO ] [views.py     line:21  ] [2020-04-07 16:37:36,394] [6920   ] [请求method:[POST]]
[INFO ] [views.py     line:22  ] [2020-04-07 16:37:36,394] [6920   ] [请求GET:[<QueryDict: {}>]]
[INFO ] [views.py     line:26  ] [2020-04-07 16:37:36,395] [6920   ] [请求full_path:[https://localhost:8000/api/filecfg]]
[INFO ] [views.py     line:32  ] [2020-04-07 16:37:36,395] [6920   ] [param1=[filecfg]]
[INFO ] [filecfg.py   line:18  ] [2020-04-07 16:37:37,218] [6920   ] [----------------------filecfg_begin---------------------------]
[INFO ] [filecfg.py   line:26  ] [2020-04-07 16:37:37,302] [6920   ] [trantype=[file_upload]]
[INFO ] [filecfg.py   line:44  ] [2020-04-07 16:37:37,303] [6920   ] [----------------------Admin-files_upload-begin---------------------------]
[INFO ] [filecfg.py   line:82  ] [2020-04-07 16:37:37,480] [6920   ] [mylen=1514523]
[INFO ] [filecfg.py   line:102 ] [2020-04-07 16:37:37,566] [6920   ] [----------------------Admin-files_upload-end---------------------------]
[INFO ] [filecfg.py   line:38  ] [2020-04-07 16:37:37,576] [6920   ] [----------------------filecfg_end---------------------------]
[INFO ] [views.py     line:76  ] [2020-04-07 16:37:37,577] [6920   ] [<HttpResponse status_code=200, "text/html; charset=utf-8">]
[INFO ] [views.py     line:77  ] [2020-04-07 16:37:37,577] [6920   ] [{"respcode": "000000", "respmsg": "上传成功", "trantype": "file_upload", "fileid": "13", "filename": "射雕英雄传.docx"}]
[INFO ] [views.py     line:80  ] [2020-04-07 16:37:37,577] [6920   ] [----------------------Admin-end---------------------------]
[INFO ] [views.py     line:81  ] [2020-04-07 16:37:37,578] [6920   ] [交易处理时间: 0:00:01.184000]
[INFO ] [views.py     line:18  ] [2020-04-07 16:37:37,617] [6920   ] [----------------------Admin-begin---------------------------]
[INFO ] [views.py     line:19  ] [2020-04-07 16:37:37,617] [6920   ] [请求:[<WSGIRequest: POST '/api/readact'>]]
[INFO ] [views.py     line:20  ] [2020-04-07 16:37:37,617] [6920   ] [请求path:[/api/readact]]
[INFO ] [views.py     line:21  ] [2020-04-07 16:37:37,617] [6920   ] [请求method:[POST]]
[INFO ] [views.py     line:22  ] [2020-04-07 16:37:37,617] [6920   ] [请求GET:[<QueryDict: {}>]]
[INFO ] [views.py     line:26  ] [2020-04-07 16:37:37,617] [6920   ] [请求full_path:[https://localhost:8000/api/readact]]
[INFO ] [views.py     line:32  ] [2020-04-07 16:37:37,618] [6920   ] [param1=[readact]]
[INFO ] [readact.py   line:16  ] [2020-04-07 16:37:38,328] [6920   ] [----------------------readact_begin---------------------------]
[INFO ] [readact.py   line:24  ] [2020-04-07 16:37:38,328] [6920   ] [trantype=[getfilelist]]
[INFO ] [readact.py   line:42  ] [2020-04-07 16:37:38,328] [6920   ] [----------------------Admin-getfilelist-begin---------------------------]
[INFO ] [readact.py   line:139 ] [2020-04-07 16:37:38,560] [6920   ] [----------------------Admin-getfilelist-end---------------------------]
[INFO ] [readact.py   line:36  ] [2020-04-07 16:37:38,561] [6920   ] [----------------------readact_end---------------------------]
[INFO ] [views.py     line:76  ] [2020-04-07 16:37:38,562] [6920   ] [<HttpResponse status_code=200, "text/html; charset=utf-8">]
[INFO ] [views.py     line:77  ] [2020-04-07 16:37:38,562] [6920   ] [{"respcode": "000000", "respmsg": "上传成功", "trantype": "getfilelist", "fileoptions": [{"value": "myupload", "label": "我的上传", "children": [{"value": 0, "label": "其他", "children": [{"value": 11, "label": "倚天屠龙记.txt"}, {"value": 12, "label": "射雕英雄传.txt"}, {"value": 13, "label": "射雕英雄传.docx"}]}]}, {"value": "mycollection", "label": "我的收藏", "children": []}]}]
[INFO ] [views.py     line:80  ] [2020-04-07 16:37:38,562] [6920   ] [----------------------Admin-end---------------------------]
[INFO ] [views.py     line:81  ] [2020-04-07 16:37:38,562] [6920   ] [交易处理时间: 0:00:00.945983]
[INFO ] [views.py     line:18  ] [2020-04-07 16:37:53,175] [6920   ] [----------------------Admin-begin---------------------------]
[INFO ] [views.py     line:19  ] [2020-04-07 16:37:53,175] [6920   ] [请求:[<WSGIRequest: POST '/api/readact'>]]
[INFO ] [views.py     line:20  ] [2020-04-07 16:37:53,175] [6920   ] [请求path:[/api/readact]]
[INFO ] [views.py     line:21  ] [2020-04-07 16:37:53,175] [6920   ] [请求method:[POST]]
[INFO ] [views.py     line:22  ] [2020-04-07 16:37:53,176] [6920   ] [请求GET:[<QueryDict: {}>]]
[INFO ] [views.py     line:26  ] [2020-04-07 16:37:53,176] [6920   ] [请求full_path:[https://localhost:8000/api/readact]]
[INFO ] [views.py     line:32  ] [2020-04-07 16:37:53,176] [6920   ] [param1=[readact]]
[INFO ] [readact.py   line:16  ] [2020-04-07 16:37:53,951] [6920   ] [----------------------readact_begin---------------------------]
[INFO ] [readact.py   line:24  ] [2020-04-07 16:37:53,951] [6920   ] [trantype=[create_answer]]
[INFO ] [readact.py   line:145 ] [2020-04-07 16:37:53,951] [6920   ] [----------------------Admin-create_answer-begin---------------------------]
[INFO ] [readact.py   line:192 ] [2020-04-07 16:37:54,110] [6920   ] [----------------------Admin-create_answer-end---------------------------]
[INFO ] [readact.py   line:36  ] [2020-04-07 16:37:54,111] [6920   ] [----------------------readact_end---------------------------]
[INFO ] [views.py     line:76  ] [2020-04-07 16:37:54,111] [6920   ] [<HttpResponse status_code=200, "text/html; charset=utf-8">]
[INFO ] [views.py     line:77  ] [2020-04-07 16:37:54,111] [6920   ] [{"respcode": "000000", "respmsg": "处理完成", "trantype": "create_answer", "answerlist": []}]
[INFO ] [views.py     line:80  ] [2020-04-07 16:37:54,111] [6920   ] [----------------------Admin-end---------------------------]
[INFO ] [views.py     line:81  ] [2020-04-07 16:37:54,111] [6920   ] [交易处理时间: 0:00:00.936975]
[INFO ] [views.py     line:18  ] [2020-04-07 16:37:56,741] [6920   ] [----------------------Admin-begin---------------------------]
[INFO ] [views.py     line:19  ] [2020-04-07 16:37:56,741] [6920   ] [请求:[<WSGIRequest: POST '/api/readact'>]]
[INFO ] [views.py     line:20  ] [2020-04-07 16:37:56,742] [6920   ] [请求path:[/api/readact]]
[INFO ] [views.py     line:21  ] [2020-04-07 16:37:56,742] [6920   ] [请求method:[POST]]
[INFO ] [views.py     line:22  ] [2020-04-07 16:37:56,742] [6920   ] [请求GET:[<QueryDict: {}>]]
[INFO ] [views.py     line:26  ] [2020-04-07 16:37:56,742] [6920   ] [请求full_path:[https://localhost:8000/api/readact]]
[INFO ] [views.py     line:32  ] [2020-04-07 16:37:56,742] [6920   ] [param1=[readact]]
[INFO ] [readact.py   line:16  ] [2020-04-07 16:37:57,861] [6920   ] [----------------------readact_begin---------------------------]
[INFO ] [readact.py   line:24  ] [2020-04-07 16:37:57,862] [6920   ] [trantype=[create_answer]]
[INFO ] [readact.py   line:145 ] [2020-04-07 16:37:57,862] [6920   ] [----------------------Admin-create_answer-begin---------------------------]
[INFO ] [readact.py   line:192 ] [2020-04-07 16:37:57,906] [6920   ] [----------------------Admin-create_answer-end---------------------------]
[INFO ] [readact.py   line:36  ] [2020-04-07 16:37:57,907] [6920   ] [----------------------readact_end---------------------------]
[INFO ] [views.py     line:76  ] [2020-04-07 16:37:57,907] [6920   ] [<HttpResponse status_code=200, "text/html; charset=utf-8">]
[INFO ] [views.py     line:77  ] [2020-04-07 16:37:57,907] [6920   ] [{"respcode": "000000", "respmsg": "处理完成", "trantype": "create_answer", "answerlist": []}]
[INFO ] [views.py     line:80  ] [2020-04-07 16:37:57,907] [6920   ] [----------------------Admin-end---------------------------]
[INFO ] [views.py     line:81  ] [2020-04-07 16:37:57,907] [6920   ] [交易处理时间: 0:00:01.166776]
[INFO ] [views.py     line:18  ] [2020-04-07 16:38:09,474] [6920   ] [----------------------Admin-begin---------------------------]
[INFO ] [views.py     line:19  ] [2020-04-07 16:38:09,474] [6920   ] [请求:[<WSGIRequest: POST '/api/readact'>]]
[INFO ] [views.py     line:20  ] [2020-04-07 16:38:09,474] [6920   ] [请求path:[/api/readact]]
[INFO ] [views.py     line:21  ] [2020-04-07 16:38:09,474] [6920   ] [请求method:[POST]]
[INFO ] [views.py     line:22  ] [2020-04-07 16:38:09,474] [6920   ] [请求GET:[<QueryDict: {}>]]
[INFO ] [views.py     line:26  ] [2020-04-07 16:38:09,474] [6920   ] [请求full_path:[https://localhost:8000/api/readact]]
[INFO ] [views.py     line:32  ] [2020-04-07 16:38:09,474] [6920   ] [param1=[readact]]
[INFO ] [readact.py   line:16  ] [2020-04-07 16:38:10,168] [6920   ] [----------------------readact_begin---------------------------]
[INFO ] [readact.py   line:24  ] [2020-04-07 16:38:10,168] [6920   ] [trantype=[create_answer]]
[INFO ] [readact.py   line:145 ] [2020-04-07 16:38:10,168] [6920   ] [----------------------Admin-create_answer-begin---------------------------]
[INFO ] [readact.py   line:192 ] [2020-04-07 16:38:10,244] [6920   ] [----------------------Admin-create_answer-end---------------------------]
[INFO ] [readact.py   line:36  ] [2020-04-07 16:38:10,245] [6920   ] [----------------------readact_end---------------------------]
[INFO ] [views.py     line:76  ] [2020-04-07 16:38:10,246] [6920   ] [<HttpResponse status_code=200, "text/html; charset=utf-8">]
[INFO ] [views.py     line:77  ] [2020-04-07 16:38:10,246] [6920   ] [{"respcode": "000000", "respmsg": "处理完成", "trantype": "create_answer", "answerlist": []}]
[INFO ] [views.py     line:80  ] [2020-04-07 16:38:10,246] [6920   ] [----------------------Admin-end---------------------------]
[INFO ] [views.py     line:81  ] [2020-04-07 16:38:10,246] [6920   ] [交易处理时间: 0:00:00.772999]
[INFO ] [views.py     line:18  ] [2020-04-07 16:42:59,071] [7684   ] [----------------------Admin-begin---------------------------]
[INFO ] [views.py     line:19  ] [2020-04-07 16:42:59,071] [7684   ] [请求:[<WSGIRequest: POST '/api/readact'>]]
[INFO ] [views.py     line:20  ] [2020-04-07 16:42:59,072] [7684   ] [请求path:[/api/readact]]
[INFO ] [views.py     line:21  ] [2020-04-07 16:42:59,072] [7684   ] [请求method:[POST]]
[INFO ] [views.py     line:22  ] [2020-04-07 16:42:59,072] [7684   ] [请求GET:[<QueryDict: {}>]]
[INFO ] [views.py     line:26  ] [2020-04-07 16:42:59,072] [7684   ] [请求full_path:[https://localhost:8000/api/readact]]
[INFO ] [views.py     line:32  ] [2020-04-07 16:42:59,072] [7684   ] [param1=[readact]]
[INFO ] [readact.py   line:16  ] [2020-04-07 16:43:00,159] [7684   ] [----------------------readact_begin---------------------------]
[INFO ] [readact.py   line:24  ] [2020-04-07 16:43:00,160] [7684   ] [trantype=[create_answer]]
[INFO ] [readact.py   line:145 ] [2020-04-07 16:43:00,160] [7684   ] [----------------------Admin-create_answer-begin---------------------------]
[ERROR] [views.py     line:56  ] [2020-04-07 16:44:27,904] [7684   ] [程序运行错误]
Traceback (most recent call last):
  File "E:\zbookAdmin\zbookapp\views.py", line 50, in admin
    respinfo = readact.admin(request)
  File "E:\zbookAdmin\zbookapp\readaction\readact.py", line 27, in admin
    resp = globals()[fun_name](request, request_body)
  File "E:\zbookAdmin\zbookapp\readaction\readact.py", line 191, in create_answer
    s = json.dumps(jsondata, cls=models.JsonCustomEncoder, ensure_ascii=False)
  File "D:\Anaconda\lib\json\__init__.py", line 238, in dumps
    **kw).encode(obj)
  File "D:\Anaconda\lib\json\encoder.py", line 199, in encode
    chunks = self.iterencode(o, _one_shot=True)
  File "D:\Anaconda\lib\json\encoder.py", line 257, in iterencode
    return _iterencode(o, 0)
  File "E:\zbookAdmin\zbookapp\models.py", line 70, in default
    return json.JSONEncoder.default(self, o)
  File "D:\Anaconda\lib\json\encoder.py", line 179, in default
    raise TypeError(f'Object of type {o.__class__.__name__} '
TypeError: Object of type bytes is not JSON serializable
[INFO ] [views.py     line:76  ] [2020-04-07 16:44:29,390] [7684   ] [<HttpResponse status_code=200, "text/html; charset=utf-8">]
[INFO ] [views.py     line:77  ] [2020-04-07 16:44:29,390] [7684   ] [{"respcode": "999999", "respmsg": "系统错误:Object of type bytes is not JSON serializable"}]
[INFO ] [views.py     line:80  ] [2020-04-07 16:44:29,390] [7684   ] [----------------------Admin-end---------------------------]
[INFO ] [views.py     line:81  ] [2020-04-07 16:44:29,391] [7684   ] [交易处理时间: 0:01:30.320053]
[INFO ] [views.py     line:18  ] [2020-04-07 16:50:40,904] [9504   ] [----------------------Admin-begin---------------------------]
[INFO ] [views.py     line:19  ] [2020-04-07 16:50:40,904] [9504   ] [请求:[<WSGIRequest: POST '/api/readact'>]]
[INFO ] [views.py     line:20  ] [2020-04-07 16:50:40,905] [9504   ] [请求path:[/api/readact]]
[INFO ] [views.py     line:21  ] [2020-04-07 16:50:40,905] [9504   ] [请求method:[POST]]
[INFO ] [views.py     line:22  ] [2020-04-07 16:50:40,905] [9504   ] [请求GET:[<QueryDict: {}>]]
[INFO ] [views.py     line:26  ] [2020-04-07 16:50:40,905] [9504   ] [请求full_path:[https://localhost:8000/api/readact]]
[INFO ] [views.py     line:32  ] [2020-04-07 16:50:40,905] [9504   ] [param1=[readact]]
[INFO ] [readact.py   line:16  ] [2020-04-07 16:50:41,547] [9504   ] [----------------------readact_begin---------------------------]
[INFO ] [readact.py   line:24  ] [2020-04-07 16:50:41,547] [9504   ] [trantype=[create_answer]]
[INFO ] [readact.py   line:145 ] [2020-04-07 16:50:41,547] [9504   ] [----------------------Admin-create_answer-begin---------------------------]
[INFO ] [readact.py   line:192 ] [2020-04-07 16:50:41,605] [9504   ] [----------------------Admin-create_answer-end---------------------------]
[INFO ] [readact.py   line:36  ] [2020-04-07 16:50:41,609] [9504   ] [----------------------readact_end---------------------------]
[INFO ] [views.py     line:76  ] [2020-04-07 16:50:41,609] [9504   ] [<HttpResponse status_code=200, "text/html; charset=utf-8">]
[INFO ] [views.py     line:77  ] [2020-04-07 16:50:41,609] [9504   ] [{"respcode": "000000", "respmsg": "处理完成", "trantype": "create_answer", "answerlist": []}]
[INFO ] [views.py     line:80  ] [2020-04-07 16:50:41,609] [9504   ] [----------------------Admin-end---------------------------]
[INFO ] [views.py     line:81  ] [2020-04-07 16:50:41,609] [9504   ] [交易处理时间: 0:00:00.705990]
[INFO ] [views.py     line:18  ] [2020-04-07 16:51:53,597] [3608   ] [----------------------Admin-begin---------------------------]
[INFO ] [views.py     line:19  ] [2020-04-07 16:51:53,597] [3608   ] [请求:[<WSGIRequest: POST '/api/useract'>]]
[INFO ] [views.py     line:20  ] [2020-04-07 16:51:53,597] [3608   ] [请求path:[/api/useract]]
[INFO ] [views.py     line:21  ] [2020-04-07 16:51:53,597] [3608   ] [请求method:[POST]]
[INFO ] [views.py     line:22  ] [2020-04-07 16:51:53,597] [3608   ] [请求GET:[<QueryDict: {}>]]
[INFO ] [views.py     line:26  ] [2020-04-07 16:51:53,597] [3608   ] [请求full_path:[https://localhost:8000/api/useract]]
[INFO ] [views.py     line:32  ] [2020-04-07 16:51:53,598] [3608   ] [param1=[useract]]
[INFO ] [useract.py   line:14  ] [2020-04-07 16:51:54,396] [3608   ] [----------------------useract_begin---------------------------]
[INFO ] [useract.py   line:22  ] [2020-04-07 16:51:54,396] [3608   ] [trantype=[logincheck]]
[INFO ] [useract.py   line:140 ] [2020-04-07 16:51:54,396] [3608   ] [----------------------Admin-logincheck-begin---------------------------]
[INFO ] [useract.py   line:160 ] [2020-04-07 16:51:54,448] [3608   ] [----------------------Admin-logincheck-end---------------------------]
[INFO ] [useract.py   line:34  ] [2020-04-07 16:51:54,451] [3608   ] [----------------------useract_end---------------------------]
[INFO ] [views.py     line:76  ] [2020-04-07 16:51:54,452] [3608   ] [<HttpResponse status_code=200, "text/html; charset=utf-8">]
[INFO ] [views.py     line:77  ] [2020-04-07 16:51:54,452] [3608   ] [{"respcode": "000000", "respmsg": "已退出！", "trantype": "logincheck", "username": "zhang"}]
[INFO ] [views.py     line:80  ] [2020-04-07 16:51:54,452] [3608   ] [----------------------Admin-end---------------------------]
[INFO ] [views.py     line:81  ] [2020-04-07 16:51:54,452] [3608   ] [交易处理时间: 0:00:00.857006]
[INFO ] [views.py     line:18  ] [2020-04-07 16:51:54,488] [3608   ] [----------------------Admin-begin---------------------------]
[INFO ] [views.py     line:19  ] [2020-04-07 16:51:54,490] [3608   ] [请求:[<WSGIRequest: POST '/api/readact'>]]
[INFO ] [views.py     line:20  ] [2020-04-07 16:51:54,490] [3608   ] [请求path:[/api/readact]]
[INFO ] [views.py     line:21  ] [2020-04-07 16:51:54,490] [3608   ] [请求method:[POST]]
[INFO ] [views.py     line:22  ] [2020-04-07 16:51:54,490] [3608   ] [请求GET:[<QueryDict: {}>]]
[INFO ] [views.py     line:26  ] [2020-04-07 16:51:54,490] [3608   ] [请求full_path:[https://localhost:8000/api/readact]]
[INFO ] [views.py     line:32  ] [2020-04-07 16:51:54,490] [3608   ] [param1=[readact]]
[INFO ] [readact.py   line:16  ] [2020-04-07 16:51:55,250] [3608   ] [----------------------readact_begin---------------------------]
[INFO ] [readact.py   line:24  ] [2020-04-07 16:51:55,250] [3608   ] [trantype=[getfilelist]]
[INFO ] [readact.py   line:42  ] [2020-04-07 16:51:55,250] [3608   ] [----------------------Admin-getfilelist-begin---------------------------]
[INFO ] [readact.py   line:139 ] [2020-04-07 16:51:55,538] [3608   ] [----------------------Admin-getfilelist-end---------------------------]
[INFO ] [readact.py   line:36  ] [2020-04-07 16:51:55,541] [3608   ] [----------------------readact_end---------------------------]
[INFO ] [views.py     line:76  ] [2020-04-07 16:51:55,541] [3608   ] [<HttpResponse status_code=200, "text/html; charset=utf-8">]
[INFO ] [views.py     line:77  ] [2020-04-07 16:51:55,541] [3608   ] [{"respcode": "000000", "respmsg": "上传成功", "trantype": "getfilelist", "fileoptions": [{"value": "myupload", "label": "我的上传", "children": [{"value": 0, "label": "其他", "children": [{"value": 11, "label": "倚天屠龙记.txt"}, {"value": 12, "label": "射雕英雄传.txt"}, {"value": 13, "label": "射雕英雄传.docx"}]}]}, {"value": "mycollection", "label": "我的收藏", "children": []}]}]
[INFO ] [views.py     line:80  ] [2020-04-07 16:51:55,542] [3608   ] [----------------------Admin-end---------------------------]
[INFO ] [views.py     line:81  ] [2020-04-07 16:51:55,542] [3608   ] [交易处理时间: 0:00:01.054001]
[INFO ] [views.py     line:18  ] [2020-04-07 16:52:03,077] [3608   ] [----------------------Admin-begin---------------------------]
[INFO ] [views.py     line:19  ] [2020-04-07 16:52:03,077] [3608   ] [请求:[<WSGIRequest: POST '/api/readact'>]]
[INFO ] [views.py     line:20  ] [2020-04-07 16:52:03,077] [3608   ] [请求path:[/api/readact]]
[INFO ] [views.py     line:21  ] [2020-04-07 16:52:03,077] [3608   ] [请求method:[POST]]
[INFO ] [views.py     line:22  ] [2020-04-07 16:52:03,078] [3608   ] [请求GET:[<QueryDict: {}>]]
[INFO ] [views.py     line:26  ] [2020-04-07 16:52:03,078] [3608   ] [请求full_path:[https://localhost:8000/api/readact]]
[INFO ] [views.py     line:32  ] [2020-04-07 16:52:03,078] [3608   ] [param1=[readact]]
[INFO ] [readact.py   line:16  ] [2020-04-07 16:52:03,753] [3608   ] [----------------------readact_begin---------------------------]
[INFO ] [readact.py   line:24  ] [2020-04-07 16:52:03,753] [3608   ] [trantype=[create_answer]]
[INFO ] [readact.py   line:145 ] [2020-04-07 16:52:03,753] [3608   ] [----------------------Admin-create_answer-begin---------------------------]
[INFO ] [readact.py   line:192 ] [2020-04-07 16:52:03,817] [3608   ] [----------------------Admin-create_answer-end---------------------------]
[INFO ] [readact.py   line:36  ] [2020-04-07 16:52:03,817] [3608   ] [----------------------readact_end---------------------------]
[INFO ] [views.py     line:76  ] [2020-04-07 16:52:03,817] [3608   ] [<HttpResponse status_code=200, "text/html; charset=utf-8">]
[INFO ] [views.py     line:77  ] [2020-04-07 16:52:03,818] [3608   ] [{"respcode": "000000", "respmsg": "处理完成", "trantype": "create_answer", "answerlist": []}]
[INFO ] [views.py     line:80  ] [2020-04-07 16:52:03,818] [3608   ] [----------------------Admin-end---------------------------]
[INFO ] [views.py     line:81  ] [2020-04-07 16:52:03,818] [3608   ] [交易处理时间: 0:00:00.741993]
[INFO ] [views.py     line:18  ] [2020-04-07 16:52:16,677] [3608   ] [----------------------Admin-begin---------------------------]
[INFO ] [views.py     line:19  ] [2020-04-07 16:52:16,677] [3608   ] [请求:[<WSGIRequest: POST '/api/readact'>]]
[INFO ] [views.py     line:20  ] [2020-04-07 16:52:16,677] [3608   ] [请求path:[/api/readact]]
[INFO ] [views.py     line:21  ] [2020-04-07 16:52:16,677] [3608   ] [请求method:[POST]]
[INFO ] [views.py     line:22  ] [2020-04-07 16:52:16,677] [3608   ] [请求GET:[<QueryDict: {}>]]
[INFO ] [views.py     line:26  ] [2020-04-07 16:52:16,677] [3608   ] [请求full_path:[https://localhost:8000/api/readact]]
[INFO ] [views.py     line:32  ] [2020-04-07 16:52:16,678] [3608   ] [param1=[readact]]
[INFO ] [readact.py   line:16  ] [2020-04-07 16:52:17,473] [3608   ] [----------------------readact_begin---------------------------]
[INFO ] [readact.py   line:24  ] [2020-04-07 16:52:17,473] [3608   ] [trantype=[create_answer]]
[INFO ] [readact.py   line:145 ] [2020-04-07 16:52:17,473] [3608   ] [----------------------Admin-create_answer-begin---------------------------]
[INFO ] [readact.py   line:192 ] [2020-04-07 16:52:17,528] [3608   ] [----------------------Admin-create_answer-end---------------------------]
[INFO ] [readact.py   line:36  ] [2020-04-07 16:52:17,529] [3608   ] [----------------------readact_end---------------------------]
[INFO ] [views.py     line:76  ] [2020-04-07 16:52:17,530] [3608   ] [<HttpResponse status_code=200, "text/html; charset=utf-8">]
[INFO ] [views.py     line:77  ] [2020-04-07 16:52:17,530] [3608   ] [{"respcode": "000000", "respmsg": "处理完成", "trantype": "create_answer", "answerlist": []}]
[INFO ] [views.py     line:80  ] [2020-04-07 16:52:17,530] [3608   ] [----------------------Admin-end---------------------------]
[INFO ] [views.py     line:81  ] [2020-04-07 16:52:17,530] [3608   ] [交易处理时间: 0:00:00.853445]
[INFO ] [views.py     line:18  ] [2020-04-07 16:54:18,479] [3608   ] [----------------------Admin-begin---------------------------]
[INFO ] [views.py     line:19  ] [2020-04-07 16:54:18,480] [3608   ] [请求:[<WSGIRequest: POST '/api/readact'>]]
[INFO ] [views.py     line:20  ] [2020-04-07 16:54:18,480] [3608   ] [请求path:[/api/readact]]
[INFO ] [views.py     line:21  ] [2020-04-07 16:54:18,480] [3608   ] [请求method:[POST]]
[INFO ] [views.py     line:22  ] [2020-04-07 16:54:18,480] [3608   ] [请求GET:[<QueryDict: {}>]]
[INFO ] [views.py     line:26  ] [2020-04-07 16:54:18,480] [3608   ] [请求full_path:[https://localhost:8000/api/readact]]
[INFO ] [views.py     line:32  ] [2020-04-07 16:54:18,480] [3608   ] [param1=[readact]]
[INFO ] [readact.py   line:16  ] [2020-04-07 16:54:19,210] [3608   ] [----------------------readact_begin---------------------------]
[INFO ] [readact.py   line:24  ] [2020-04-07 16:54:19,211] [3608   ] [trantype=[create_answer]]
[INFO ] [readact.py   line:145 ] [2020-04-07 16:54:19,211] [3608   ] [----------------------Admin-create_answer-begin---------------------------]
[INFO ] [readact.py   line:192 ] [2020-04-07 16:54:19,266] [3608   ] [----------------------Admin-create_answer-end---------------------------]
[INFO ] [readact.py   line:36  ] [2020-04-07 16:54:19,267] [3608   ] [----------------------readact_end---------------------------]
[INFO ] [views.py     line:76  ] [2020-04-07 16:54:19,267] [3608   ] [<HttpResponse status_code=200, "text/html; charset=utf-8">]
[INFO ] [views.py     line:77  ] [2020-04-07 16:54:19,267] [3608   ] [{"respcode": "000000", "respmsg": "处理完成", "trantype": "create_answer", "answerlist": []}]
[INFO ] [views.py     line:80  ] [2020-04-07 16:54:19,268] [3608   ] [----------------------Admin-end---------------------------]
[INFO ] [views.py     line:81  ] [2020-04-07 16:54:19,268] [3608   ] [交易处理时间: 0:00:00.790003]
[INFO ] [views.py     line:18  ] [2020-04-07 16:54:24,104] [3608   ] [----------------------Admin-begin---------------------------]
[INFO ] [views.py     line:19  ] [2020-04-07 16:54:24,105] [3608   ] [请求:[<WSGIRequest: POST '/api/readact'>]]
[INFO ] [views.py     line:20  ] [2020-04-07 16:54:24,105] [3608   ] [请求path:[/api/readact]]
[INFO ] [views.py     line:21  ] [2020-04-07 16:54:24,105] [3608   ] [请求method:[POST]]
[INFO ] [views.py     line:22  ] [2020-04-07 16:54:24,105] [3608   ] [请求GET:[<QueryDict: {}>]]
[INFO ] [views.py     line:26  ] [2020-04-07 16:54:24,106] [3608   ] [请求full_path:[https://localhost:8000/api/readact]]
[INFO ] [views.py     line:32  ] [2020-04-07 16:54:24,106] [3608   ] [param1=[readact]]
[INFO ] [readact.py   line:16  ] [2020-04-07 16:54:24,817] [3608   ] [----------------------readact_begin---------------------------]
[INFO ] [readact.py   line:24  ] [2020-04-07 16:54:24,817] [3608   ] [trantype=[create_answer]]
[INFO ] [readact.py   line:145 ] [2020-04-07 16:54:24,817] [3608   ] [----------------------Admin-create_answer-begin---------------------------]
[INFO ] [readact.py   line:192 ] [2020-04-07 16:54:24,870] [3608   ] [----------------------Admin-create_answer-end---------------------------]
[INFO ] [readact.py   line:36  ] [2020-04-07 16:54:24,871] [3608   ] [----------------------readact_end---------------------------]
[INFO ] [views.py     line:76  ] [2020-04-07 16:54:24,871] [3608   ] [<HttpResponse status_code=200, "text/html; charset=utf-8">]
[INFO ] [views.py     line:77  ] [2020-04-07 16:54:24,872] [3608   ] [{"respcode": "000000", "respmsg": "处理完成", "trantype": "create_answer", "answerlist": []}]
[INFO ] [views.py     line:80  ] [2020-04-07 16:54:24,872] [3608   ] [----------------------Admin-end---------------------------]
[INFO ] [views.py     line:81  ] [2020-04-07 16:54:24,872] [3608   ] [交易处理时间: 0:00:00.769223]
[INFO ] [views.py     line:18  ] [2020-04-07 16:55:15,963] [12776  ] [----------------------Admin-begin---------------------------]
[INFO ] [views.py     line:19  ] [2020-04-07 16:55:15,963] [12776  ] [请求:[<WSGIRequest: POST '/api/readact'>]]
[INFO ] [views.py     line:20  ] [2020-04-07 16:55:15,963] [12776  ] [请求path:[/api/readact]]
[INFO ] [views.py     line:21  ] [2020-04-07 16:55:15,963] [12776  ] [请求method:[POST]]
[INFO ] [views.py     line:22  ] [2020-04-07 16:55:15,963] [12776  ] [请求GET:[<QueryDict: {}>]]
[INFO ] [views.py     line:26  ] [2020-04-07 16:55:15,963] [12776  ] [请求full_path:[https://localhost:8000/api/readact]]
[INFO ] [views.py     line:32  ] [2020-04-07 16:55:15,963] [12776  ] [param1=[readact]]
[INFO ] [readact.py   line:16  ] [2020-04-07 16:55:16,681] [12776  ] [----------------------readact_begin---------------------------]
[INFO ] [readact.py   line:24  ] [2020-04-07 16:55:16,681] [12776  ] [trantype=[create_answer]]
[INFO ] [readact.py   line:145 ] [2020-04-07 16:55:16,681] [12776  ] [----------------------Admin-create_answer-begin---------------------------]
[INFO ] [readact.py   line:192 ] [2020-04-07 16:57:16,256] [12776  ] [----------------------Admin-create_answer-end---------------------------]
[INFO ] [readact.py   line:36  ] [2020-04-07 16:57:16,268] [12776  ] [----------------------readact_end---------------------------]
[INFO ] [views.py     line:76  ] [2020-04-07 16:57:16,269] [12776  ] [<HttpResponse status_code=200, "text/html; charset=utf-8">]
[INFO ] [views.py     line:77  ] [2020-04-07 16:57:16,269] [12776  ] [{"respcode": "000000", "respmsg": "处理完成", "trantype": "create_answer", "answerlist": []}]
[INFO ] [views.py     line:80  ] [2020-04-07 16:57:16,270] [12776  ] [----------------------Admin-end---------------------------]
[INFO ] [views.py     line:81  ] [2020-04-07 16:57:16,270] [12776  ] [交易处理时间: 0:02:00.307521]
[INFO ] [views.py     line:18  ] [2020-04-07 16:59:26,147] [13108  ] [----------------------Admin-begin---------------------------]
[INFO ] [views.py     line:19  ] [2020-04-07 16:59:26,148] [13108  ] [请求:[<WSGIRequest: POST '/api/readact'>]]
[INFO ] [views.py     line:20  ] [2020-04-07 16:59:26,148] [13108  ] [请求path:[/api/readact]]
[INFO ] [views.py     line:21  ] [2020-04-07 16:59:26,148] [13108  ] [请求method:[POST]]
[INFO ] [views.py     line:22  ] [2020-04-07 16:59:26,148] [13108  ] [请求GET:[<QueryDict: {}>]]
[INFO ] [views.py     line:26  ] [2020-04-07 16:59:26,148] [13108  ] [请求full_path:[https://localhost:8000/api/readact]]
[INFO ] [views.py     line:32  ] [2020-04-07 16:59:26,148] [13108  ] [param1=[readact]]
[INFO ] [readact.py   line:16  ] [2020-04-07 16:59:26,811] [13108  ] [----------------------readact_begin---------------------------]
[INFO ] [readact.py   line:24  ] [2020-04-07 16:59:26,811] [13108  ] [trantype=[create_answer]]
[INFO ] [readact.py   line:145 ] [2020-04-07 16:59:26,811] [13108  ] [----------------------Admin-create_answer-begin---------------------------]
[INFO ] [readact.py   line:192 ] [2020-04-07 17:00:35,718] [13108  ] [----------------------Admin-create_answer-end---------------------------]
[INFO ] [readact.py   line:36  ] [2020-04-07 17:00:35,727] [13108  ] [----------------------readact_end---------------------------]
[INFO ] [views.py     line:76  ] [2020-04-07 17:00:35,727] [13108  ] [<HttpResponse status_code=200, "text/html; charset=utf-8">]
[INFO ] [views.py     line:77  ] [2020-04-07 17:00:35,728] [13108  ] [{"respcode": "000000", "respmsg": "处理完成", "trantype": "create_answer", "answerlist": []}]
[INFO ] [views.py     line:80  ] [2020-04-07 17:00:35,728] [13108  ] [----------------------Admin-end---------------------------]
[INFO ] [views.py     line:81  ] [2020-04-07 17:00:35,729] [13108  ] [交易处理时间: 0:01:09.582422]
[INFO ] [views.py     line:18  ] [2020-04-07 17:01:40,468] [13108  ] [----------------------Admin-begin---------------------------]
[INFO ] [views.py     line:19  ] [2020-04-07 17:01:40,468] [13108  ] [请求:[<WSGIRequest: POST '/api/readact'>]]
[INFO ] [views.py     line:20  ] [2020-04-07 17:01:40,468] [13108  ] [请求path:[/api/readact]]
[INFO ] [views.py     line:21  ] [2020-04-07 17:01:40,468] [13108  ] [请求method:[POST]]
[INFO ] [views.py     line:22  ] [2020-04-07 17:01:40,468] [13108  ] [请求GET:[<QueryDict: {}>]]
[INFO ] [views.py     line:26  ] [2020-04-07 17:01:40,468] [13108  ] [请求full_path:[https://localhost:8000/api/readact]]
[INFO ] [views.py     line:32  ] [2020-04-07 17:01:40,468] [13108  ] [param1=[readact]]
[INFO ] [readact.py   line:16  ] [2020-04-07 17:01:41,209] [13108  ] [----------------------readact_begin---------------------------]
[INFO ] [readact.py   line:24  ] [2020-04-07 17:01:41,209] [13108  ] [trantype=[create_answer]]
[INFO ] [readact.py   line:145 ] [2020-04-07 17:01:41,209] [13108  ] [----------------------Admin-create_answer-begin---------------------------]
[INFO ] [views.py     line:18  ] [2020-04-07 17:02:55,934] [236    ] [----------------------Admin-begin---------------------------]
[INFO ] [views.py     line:19  ] [2020-04-07 17:02:55,935] [236    ] [请求:[<WSGIRequest: POST '/api/readact'>]]
[INFO ] [views.py     line:20  ] [2020-04-07 17:02:55,935] [236    ] [请求path:[/api/readact]]
[INFO ] [views.py     line:21  ] [2020-04-07 17:02:55,935] [236    ] [请求method:[POST]]
[INFO ] [views.py     line:22  ] [2020-04-07 17:02:55,935] [236    ] [请求GET:[<QueryDict: {}>]]
[INFO ] [views.py     line:26  ] [2020-04-07 17:02:55,935] [236    ] [请求full_path:[https://localhost:8000/api/readact]]
[INFO ] [views.py     line:32  ] [2020-04-07 17:02:55,935] [236    ] [param1=[readact]]
[INFO ] [readact.py   line:16  ] [2020-04-07 17:02:56,645] [236    ] [----------------------readact_begin---------------------------]
[INFO ] [readact.py   line:24  ] [2020-04-07 17:02:56,645] [236    ] [trantype=[create_answer]]
[INFO ] [readact.py   line:145 ] [2020-04-07 17:02:56,645] [236    ] [----------------------Admin-create_answer-begin---------------------------]
[INFO ] [views.py     line:18  ] [2020-04-07 17:05:14,455] [13784  ] [----------------------Admin-begin---------------------------]
[INFO ] [views.py     line:19  ] [2020-04-07 17:05:14,455] [13784  ] [请求:[<WSGIRequest: POST '/api/readact'>]]
[INFO ] [views.py     line:20  ] [2020-04-07 17:05:14,455] [13784  ] [请求path:[/api/readact]]
[INFO ] [views.py     line:21  ] [2020-04-07 17:05:14,456] [13784  ] [请求method:[POST]]
[INFO ] [views.py     line:22  ] [2020-04-07 17:05:14,456] [13784  ] [请求GET:[<QueryDict: {}>]]
[INFO ] [views.py     line:26  ] [2020-04-07 17:05:14,456] [13784  ] [请求full_path:[https://localhost:8000/api/readact]]
[INFO ] [views.py     line:32  ] [2020-04-07 17:05:14,456] [13784  ] [param1=[readact]]
[INFO ] [readact.py   line:16  ] [2020-04-07 17:05:15,205] [13784  ] [----------------------readact_begin---------------------------]
[INFO ] [readact.py   line:24  ] [2020-04-07 17:05:15,206] [13784  ] [trantype=[create_answer]]
[INFO ] [readact.py   line:145 ] [2020-04-07 17:05:15,206] [13784  ] [----------------------Admin-create_answer-begin---------------------------]
[INFO ] [readact.py   line:192 ] [2020-04-07 17:06:21,035] [13784  ] [----------------------Admin-create_answer-end---------------------------]
[INFO ] [readact.py   line:36  ] [2020-04-07 17:06:21,043] [13784  ] [----------------------readact_end---------------------------]
[INFO ] [views.py     line:76  ] [2020-04-07 17:06:21,043] [13784  ] [<HttpResponse status_code=200, "text/html; charset=utf-8">]
[INFO ] [views.py     line:77  ] [2020-04-07 17:06:21,043] [13784  ] [{"respcode": "000000", "respmsg": "处理完成", "trantype": "create_answer", "answerlist": [{"line_id": "6550", "answer": "裘千仞道：“王重阳是已经过世了。那年华山论剑，我适逢家有要事，不能赴会，以致天下武功第一的名头给这老道士得了去。当时五人争一部《九阴真经》，说好谁武功最高，这部经就归谁，当时比了七日七夜，东邪、西毒、南帝、北丐尽皆服输。后来王重阳逝世，于是又起波折。听说那老道临死之时，将这部经书传给了他师弟周伯通。东邪黄药师赶上门去，周伯通不是他对手，给他抢了半部经去。这件事后来如何了结，就不知道了。”"}, {"line_id": "7426", "answer": "怎么大漠中的蒙古马跑到了这里？”"}, {"line_id": "4366", "answer": "原来这参仙老怪本是长白山中的参客，后来害死了一个身受重伤的前辈异人，从他衣囊中得了一本武学秘本和十余张药方，照法修练研习，自此武功了得，兼而精通药理。药方中有一方是以药养蛇、从而易筋壮体的秘诀。"}, {"line_id": "10386", "answer": "亭中有块石碑，刻着一首诗云：“经年尘土满征衣，特特寻芳上翠微，好山好水看不足，马蹄催趁月明归。”看笔迹也是韩世忠所书。"}, {"line_id": "16904", "answer": "你上得华山来，妄想争那武功天下第一的荣号，莫说你武功未必能独魁群雄，纵然是当世无敌，天下英雄能服你这卖国好徒么？”"}, {"line_id": "9200", "answer": "二十年前华山论剑，洪七公与欧阳锋对余人的武功都甚钦佩，知道若凭剑术，难以胜过旁人，此后便均舍剑不用。洪七公改用随身携带的竹棒，这是丐帮中历代帮主相传之物，质地柔韧，比单剑长了一尺。他是外家高手，武功纯走刚猛的路子，使上这兵器却是刚中有柔，威力更增。"}, {"line_id": "5534", "answer": "洪七公道：“那倒也未必。二十多年前，我们东邪、西毒、南帝、北丐、中神通五人在华山绝顶比武论剑，比了七天七夜，终究是中神通最厉害，我们四人服他是天下第一。”黄蓉道：“中神通是谁呀？”"}, {"line_id": "9784", "answer": "“我武功固然远不及西毒，但《九阴真经》是天下武学秘要，左右互搏之术又能使人功夫斗增一倍，待我与蓉儿日夜苦练，与老毒物一拚便了。只是不论哪一门武功，总非一朝一夕可成，这便如何是好？”"}, {"line_id": "6824", "answer": "厅上诸人都是一身武功，见机极快，眼见她发掌击柱，已各向外窜出。"}, {"line_id": "8078", "answer": "这番传授武功，可与普天下古往今来的教武大不相同，所教的功夫，教的人自己竟是全然不会。他只用口讲述，决不出手示范，待郭靖学会了经上的几招武功，他就以全真派的武功与之拆招试拳，果见经上武功妙用无穷。"}]}]
[INFO ] [views.py     line:80  ] [2020-04-07 17:06:21,045] [13784  ] [----------------------Admin-end---------------------------]
[INFO ] [views.py     line:81  ] [2020-04-07 17:06:21,045] [13784  ] [交易处理时间: 0:01:06.590674]
[INFO ] [views.py     line:18  ] [2020-04-07 20:51:05,274] [12952  ] [----------------------Admin-begin---------------------------]
[INFO ] [views.py     line:19  ] [2020-04-07 20:51:05,276] [12952  ] [请求:[<WSGIRequest: POST '/api/useract'>]]
[INFO ] [views.py     line:20  ] [2020-04-07 20:51:05,277] [12952  ] [请求path:[/api/useract]]
[INFO ] [views.py     line:21  ] [2020-04-07 20:51:05,277] [12952  ] [请求method:[POST]]
[INFO ] [views.py     line:22  ] [2020-04-07 20:51:05,278] [12952  ] [请求GET:[<QueryDict: {}>]]
[INFO ] [views.py     line:26  ] [2020-04-07 20:51:05,278] [12952  ] [请求full_path:[https://localhost:8000/api/useract]]
[INFO ] [views.py     line:32  ] [2020-04-07 20:51:05,278] [12952  ] [param1=[useract]]
[INFO ] [useract.py   line:14  ] [2020-04-07 20:51:05,517] [12952  ] [----------------------useract_begin---------------------------]
[INFO ] [useract.py   line:22  ] [2020-04-07 20:51:05,517] [12952  ] [trantype=[logincheck]]
[INFO ] [useract.py   line:140 ] [2020-04-07 20:51:05,518] [12952  ] [----------------------Admin-logincheck-begin---------------------------]
[INFO ] [useract.py   line:160 ] [2020-04-07 20:51:05,551] [12952  ] [----------------------Admin-logincheck-end---------------------------]
[INFO ] [useract.py   line:34  ] [2020-04-07 20:51:05,705] [12952  ] [----------------------useract_end---------------------------]
[INFO ] [views.py     line:76  ] [2020-04-07 20:51:05,705] [12952  ] [<HttpResponse status_code=200, "text/html; charset=utf-8">]
[INFO ] [views.py     line:77  ] [2020-04-07 20:51:05,705] [12952  ] [{"respcode": "000000", "respmsg": "已退出！", "trantype": "logincheck", "username": "zhang"}]
[INFO ] [views.py     line:80  ] [2020-04-07 20:51:05,705] [12952  ] [----------------------Admin-end---------------------------]
[INFO ] [views.py     line:81  ] [2020-04-07 20:51:05,705] [12952  ] [交易处理时间: 0:00:00.431157]
[INFO ] [views.py     line:18  ] [2020-04-07 20:51:05,752] [12952  ] [----------------------Admin-begin---------------------------]
[INFO ] [views.py     line:19  ] [2020-04-07 20:51:05,752] [12952  ] [请求:[<WSGIRequest: POST '/api/readact'>]]
[INFO ] [views.py     line:20  ] [2020-04-07 20:51:05,752] [12952  ] [请求path:[/api/readact]]
[INFO ] [views.py     line:21  ] [2020-04-07 20:51:05,752] [12952  ] [请求method:[POST]]
[INFO ] [views.py     line:22  ] [2020-04-07 20:51:05,752] [12952  ] [请求GET:[<QueryDict: {}>]]
[INFO ] [views.py     line:26  ] [2020-04-07 20:51:05,752] [12952  ] [请求full_path:[https://localhost:8000/api/readact]]
[INFO ] [views.py     line:32  ] [2020-04-07 20:51:05,752] [12952  ] [param1=[readact]]
[INFO ] [readact.py   line:16  ] [2020-04-07 20:51:05,991] [12952  ] [----------------------readact_begin---------------------------]
[INFO ] [readact.py   line:24  ] [2020-04-07 20:51:05,992] [12952  ] [trantype=[getfilelist]]
[INFO ] [readact.py   line:42  ] [2020-04-07 20:51:05,992] [12952  ] [----------------------Admin-getfilelist-begin---------------------------]
[INFO ] [readact.py   line:139 ] [2020-04-07 20:51:06,157] [12952  ] [----------------------Admin-getfilelist-end---------------------------]
[INFO ] [readact.py   line:36  ] [2020-04-07 20:51:06,161] [12952  ] [----------------------readact_end---------------------------]
[INFO ] [views.py     line:76  ] [2020-04-07 20:51:06,161] [12952  ] [<HttpResponse status_code=200, "text/html; charset=utf-8">]
[INFO ] [views.py     line:77  ] [2020-04-07 20:51:06,163] [12952  ] [{"respcode": "000000", "respmsg": "上传成功", "trantype": "getfilelist", "fileoptions": [{"value": "myupload", "label": "我的上传", "children": [{"value": 0, "label": "其他", "children": [{"value": 11, "label": "倚天屠龙记.txt"}, {"value": 12, "label": "射雕英雄传.txt"}, {"value": 13, "label": "射雕英雄传.docx"}]}]}, {"value": "mycollection", "label": "我的收藏", "children": []}]}]
[INFO ] [views.py     line:80  ] [2020-04-07 20:51:06,163] [12952  ] [----------------------Admin-end---------------------------]
[INFO ] [views.py     line:81  ] [2020-04-07 20:51:06,164] [12952  ] [交易处理时间: 0:00:00.411524]
[INFO ] [views.py     line:18  ] [2020-04-07 20:51:19,734] [12952  ] [----------------------Admin-begin---------------------------]
[INFO ] [views.py     line:19  ] [2020-04-07 20:51:19,734] [12952  ] [请求:[<WSGIRequest: POST '/api/readact'>]]
[INFO ] [views.py     line:20  ] [2020-04-07 20:51:19,739] [12952  ] [请求path:[/api/readact]]
[INFO ] [views.py     line:21  ] [2020-04-07 20:51:19,739] [12952  ] [请求method:[POST]]
[INFO ] [views.py     line:22  ] [2020-04-07 20:51:19,739] [12952  ] [请求GET:[<QueryDict: {}>]]
[INFO ] [views.py     line:26  ] [2020-04-07 20:51:19,739] [12952  ] [请求full_path:[https://localhost:8000/api/readact]]
[INFO ] [views.py     line:32  ] [2020-04-07 20:51:19,739] [12952  ] [param1=[readact]]
[INFO ] [readact.py   line:16  ] [2020-04-07 20:51:19,986] [12952  ] [----------------------readact_begin---------------------------]
[INFO ] [readact.py   line:24  ] [2020-04-07 20:51:19,987] [12952  ] [trantype=[create_answer]]
[INFO ] [readact.py   line:145 ] [2020-04-07 20:51:19,989] [12952  ] [----------------------Admin-create_answer-begin---------------------------]
[INFO ] [readact.py   line:192 ] [2020-04-07 20:51:56,741] [12952  ] [----------------------Admin-create_answer-end---------------------------]
[INFO ] [readact.py   line:36  ] [2020-04-07 20:51:56,743] [12952  ] [----------------------readact_end---------------------------]
[INFO ] [views.py     line:76  ] [2020-04-07 20:51:56,743] [12952  ] [<HttpResponse status_code=200, "text/html; charset=utf-8">]
[INFO ] [views.py     line:77  ] [2020-04-07 20:51:56,743] [12952  ] [{"respcode": "000000", "respmsg": "处理完成", "trantype": "create_answer", "answerlist": []}]
[INFO ] [views.py     line:80  ] [2020-04-07 20:51:56,743] [12952  ] [----------------------Admin-end---------------------------]
[INFO ] [views.py     line:81  ] [2020-04-07 20:51:56,743] [12952  ] [交易处理时间: 0:00:37.009467]
[INFO ] [views.py     line:18  ] [2020-04-07 20:52:31,585] [12952  ] [----------------------Admin-begin---------------------------]
[INFO ] [views.py     line:19  ] [2020-04-07 20:52:31,586] [12952  ] [请求:[<WSGIRequest: POST '/api/readact'>]]
[INFO ] [views.py     line:20  ] [2020-04-07 20:52:31,586] [12952  ] [请求path:[/api/readact]]
[INFO ] [views.py     line:21  ] [2020-04-07 20:52:31,586] [12952  ] [请求method:[POST]]
[INFO ] [views.py     line:22  ] [2020-04-07 20:52:31,586] [12952  ] [请求GET:[<QueryDict: {}>]]
[INFO ] [views.py     line:26  ] [2020-04-07 20:52:31,586] [12952  ] [请求full_path:[https://localhost:8000/api/readact]]
[INFO ] [views.py     line:32  ] [2020-04-07 20:52:31,586] [12952  ] [param1=[readact]]
[INFO ] [readact.py   line:16  ] [2020-04-07 20:52:31,915] [12952  ] [----------------------readact_begin---------------------------]
[INFO ] [readact.py   line:24  ] [2020-04-07 20:52:31,915] [12952  ] [trantype=[create_answer]]
[INFO ] [readact.py   line:145 ] [2020-04-07 20:52:31,918] [12952  ] [----------------------Admin-create_answer-begin---------------------------]
[INFO ] [readact.py   line:192 ] [2020-04-07 20:53:39,685] [12952  ] [----------------------Admin-create_answer-end---------------------------]
[INFO ] [readact.py   line:36  ] [2020-04-07 20:53:39,685] [12952  ] [----------------------readact_end---------------------------]
[INFO ] [views.py     line:76  ] [2020-04-07 20:53:39,685] [12952  ] [<HttpResponse status_code=200, "text/html; charset=utf-8">]
[INFO ] [views.py     line:77  ] [2020-04-07 20:53:39,685] [12952  ] [{"respcode": "000000", "respmsg": "处理完成", "trantype": "create_answer", "answerlist": [{"line_id": "3251", "answer": "    裘千仞道：“王重阳是已经过世了。那年华山论剑，我适逢家有要事，不能赴会，以致天下武功第一的名头给这老道士得了去。当时五人争一部《九阴真经》，说好谁武功最高，这部经就归谁，当时比了七日七夜，东邪、西毒、南帝、北丐尽皆服输。后来王重阳逝世，于是又起波折。听说那老道临死之时，将这部经书传给了他师弟周伯通。东邪黄药师赶上门去，周伯通不是他对手，给他抢了半部经去。这件事后来如何了结，就不知道了。”"}, {"line_id": "3053", "answer": "    两名汉子拦在舱口，喝道：“马大哥，你斩过鸡头立过誓，大伙儿有福同享，有难同当！”马青雄双手挥出，骂道：“滚开！”那两人登时跌在一边。他正要钻出舱门，突觉背后一股掌风袭来，当即偏身让过，左手已从靴筒里拔出一柄匕首，反手向后戳去。陆冠英左手疾伸，将他左臂格在外门，踏步进掌。马青雄右手撩开，左手匕首跟着递出。两人在窄隘的船舱中贴身而搏。郭靖当日在蒙古土山之上曾与马青雄相斗，初见陆冠英出手，料想他不易取胜，岂知只看得数招，但见陆冠英着着争先，竟然大占上风，心下诧异：“怎地这姓马的忽然不济了？啊，是了，那日在蒙古是他们黄河四鬼合力打我一个，此刻他四面是敌，自然胆怯。”殊不知真正原因，却在于他得洪七公指点教导，几近两月。天下武学绝艺的“降龙十八掌”固然学会了十五掌，而这些时日中洪七公随口点拨、顺手比划，无一而非上乘武功中的精义，尽为“江南七怪”生平从所未窥的境界。郭靖牢牢记在心中，虽然所领悟的不过十之一二，但不知不觉之间武功已突飞猛进，此刻修为，已殊不逊于六位师父，再来看马青雄的武功，自觉颇不足道。"}, {"line_id": "3816", "answer": "    那老人微笑问道：“你猜我是惟？”郭靖道：“弟子曾听人言道：天下武功登峰造极的共有五位高人。全真教主王真人已经逝世，九指神丐洪恩师与桃花岛主弟子都识得。前辈是欧阳前辈还是段皇爷么？”那老人笑道：“你觉得我的武功与东邪、北丐差不多，是不是？”郭靖道：“弟子武功低微，见识粗浅，不敢妄说。但适才前辈这样一推，弟子所拜见过的武学名家之中，除了洪恩师与黄岛主之外确无第三人及得。”"}, {"line_id": "3827", "answer": "    你真的不愿么？我师哥王重阳武功比我高得多，当年他不肯和我结拜，难道你的武功也比我高得多？我看大大的不见得。”郭靖道：“晚辈的武功比你低得太多，结拜实在不配。”周伯通道：“若说武功一样，才能结拜，那么我去跟黄老邪、老毒物结拜？他们又嫌我打他们不过了，岂有此理！你要我跟这又聋又哑的家伙结拜？”说着手指那老仆，双脚乱跳，大发脾气。"}, {"line_id": "1025", "answer": "    别说这柄匕首锋锐无匹，就是寻常刀剑碰中了他练门，也是立时毙命。当与高手对敌之时，他对练门防卫周密，决不容对方拳脚兵刃接近小腹，这时抓住一个幼童，对他哪里有丝毫捉防之心，何况先前已在山腰里抓住过他，知他全然不会武功，殊不知“善泳溺水，平地覆车”，这个武功厉害之极的陈玄风，竟自丧生在一个全然不会武功的小儿之手。"}, {"line_id": "3913", "answer": "    郭靖点头道：“对，幸亏大哥聪明，料到了这着，倘若是我，定是上了他们的大当。”周伯通摇头道：“说到聪明伶俐，天下又有谁及得上黄老邪的？只不知他用甚么法子，居然找到了一个跟他一般聪明的老婆。那时候黄家嫂子微微一笑，道：‘周大哥，你号称老顽童，人可不胡涂啊，你怕我刘备借荆州是不是？我就在这里坐着瞧瞧，看完了马上还你，也不用到天黑，你不放心，在旁边守着我就是。’“我听她这么说，就从怀里取出经书，递了给她。黄家嫂子接了，走到一株树下，坐在石上翻了起来。黄老邪见我神色之间总是有点提心吊胆，说道：‘老顽童，当世之间，有几个人的武功胜得过你我两人？’我道：‘胜得过你的未必有。胜过我的，连你在内，总有四五人罢！’黄老邪笑道：‘那你太捧我啦，东邪、西毒、南帝、北丐四个人，武功各有所长，谁也胜不了谁。欧阳锋既给你师哥破去了“蛤蟆功”’，那么十年之内，他是比兄弟要逊一筹的了。还有个铁掌水上飘裘千仞，听说武功也很了得，那次华山论剑他却没来，但他功夫再好，也未必真能出神入化。老顽童，你的武功兄弟决计不敢小看了，除了这几个人，武林中数到你是第一。咱俩联起手来，并世无人能敌。’我道：‘那自然！’黄老邪道：‘所以啊，你何必心神不定？"}, {"line_id": "4562", "answer": "    二十年前华山论剑，洪七公与欧阳锋对余人的武功都甚钦佩，知道若凭剑术，难以胜过旁人，此后便均舍剑不用。洪七公改用随身携带的竹棒，这是丐帮中历代帮主相传之物，质地柔韧，比单剑长了一尺。他是外家高手，武功纯走刚猛的路子，使上这兵器却是刚中有柔，威力更增。"}, {"line_id": "4851", "answer": "    “我武功固然远不及西毒，但《九阴真经》是天下武学秘要，左右互搏之术又能使人功夫斗增一倍，待我与蓉儿日夜苦练，与老毒物一拚便了。只是不论哪一门武功，总非一朝一夕可成，这便如何是好？”"}, {"line_id": "4007", "answer": "    这番传授武功，可与普天下古往今来的教武大不相同，所教的功夫，教的人自己竟是全然不会。他只用口讲述，决不出手示范，待郭靖学会了经上的几招武功，他就以全真派的武功与之拆招试拳，果见经上武功妙用无穷。"}, {"line_id": "5277", "answer": "    武术中有言道：”未学打人，先学挨打。”初练粗浅功夫，却须由师父传授怎生挨打而不受重伤，到了武功精深之时，就得研习护身保命、解穴救伤、接骨疗毒诸般法门。须知强中更有强中手，任你武功盖世，也难保没失手的日子。这《九阴真经》中的“疗伤篇”，讲的是若为高手以气功击伤，如何以气功调理真元，治疗内伤。至于折骨、金创等外伤的治疗，研习真经之人自也不用再学。"}]}]
[INFO ] [views.py     line:80  ] [2020-04-07 20:53:39,688] [12952  ] [----------------------Admin-end---------------------------]
[INFO ] [views.py     line:81  ] [2020-04-07 20:53:39,688] [12952  ] [交易处理时间: 0:01:08.107622]
