[INFO ] [views.py     line:21  ] [2020-05-10 13:55:41,174] [19652  ] [----------------------Admin-begin---------------------------]
[INFO ] [views.py     line:22  ] [2020-05-10 13:55:41,175] [19652  ] [请求:[<WSGIRequest: POST '/api/appview'>]]
[INFO ] [views.py     line:23  ] [2020-05-10 13:55:41,175] [19652  ] [请求path:[/api/appview]]
[INFO ] [views.py     line:24  ] [2020-05-10 13:55:41,175] [19652  ] [请求method:[POST]]
[INFO ] [views.py     line:25  ] [2020-05-10 13:55:41,175] [19652  ] [请求GET:[<QueryDict: {}>]]
[INFO ] [views.py     line:29  ] [2020-05-10 13:55:41,175] [19652  ] [请求full_path:[https://localhost:8000/api/appview]]
[INFO ] [views.py     line:35  ] [2020-05-10 13:55:41,175] [19652  ] [param1=[appview]]
[INFO ] [appview.py   line:16  ] [2020-05-10 13:55:41,427] [19652  ] [----------------------appview_begin---------------------------]
[INFO ] [appview.py   line:24  ] [2020-05-10 13:55:41,427] [19652  ] [trantype=[getlist]]
[INFO ] [appview.py   line:42  ] [2020-05-10 13:55:41,427] [19652  ] [----------------------Admin-getfilelist-begin---------------------------]
[INFO ] [appview.py   line:106 ] [2020-05-10 13:55:41,553] [19652  ] [----------------------Admin-getfilelist-end---------------------------]
[INFO ] [appview.py   line:36  ] [2020-05-10 13:55:41,564] [19652  ] [----------------------appview_end---------------------------]
[INFO ] [views.py     line:91  ] [2020-05-10 13:55:41,564] [19652  ] [<HttpResponse status_code=200, "text/html; charset=utf-8">]
[INFO ] [views.py     line:92  ] [2020-05-10 13:55:41,564] [19652  ] [{"respcode": "000000", "respmsg": "上传成功", "trantype": "getlist", "list": [{"filename": "射雕英雄传.txt", "fileid": 12, "msg": null, "class": "其他", "colnum": 1}, {"filename": "射雕（金庸）.txt", "fileid": 14, "msg": "南宋末年，金兵入侵，朝廷奸臣当道。全真派丘处机因杀死汉奸王道乾，被官兵追杀，逃到江南一个小村牛家庄，与隐居在此处的爱国义土郭啸天和杨铁心一见如故，以“靖、康”为他俩即将出生的孩子命名，并留下一对短剑作为信物...", "class": "小说", "colnum": 1}]}]
[INFO ] [views.py     line:95  ] [2020-05-10 13:55:41,565] [19652  ] [----------------------Admin-end---------------------------]
[INFO ] [views.py     line:96  ] [2020-05-10 13:55:41,565] [19652  ] [交易处理时间: 0:00:00.390884]
[INFO ] [views.py     line:21  ] [2020-05-10 13:56:10,616] [19652  ] [----------------------Admin-begin---------------------------]
[INFO ] [views.py     line:22  ] [2020-05-10 13:56:10,616] [19652  ] [请求:[<WSGIRequest: POST '/api/useract'>]]
[INFO ] [views.py     line:23  ] [2020-05-10 13:56:10,617] [19652  ] [请求path:[/api/useract]]
[INFO ] [views.py     line:24  ] [2020-05-10 13:56:10,617] [19652  ] [请求method:[POST]]
[INFO ] [views.py     line:25  ] [2020-05-10 13:56:10,617] [19652  ] [请求GET:[<QueryDict: {}>]]
[INFO ] [views.py     line:29  ] [2020-05-10 13:56:10,617] [19652  ] [请求full_path:[https://localhost:8000/api/useract]]
[INFO ] [views.py     line:35  ] [2020-05-10 13:56:10,617] [19652  ] [param1=[useract]]
[INFO ] [useract.py   line:14  ] [2020-05-10 13:56:10,857] [19652  ] [----------------------useract_begin---------------------------]
[INFO ] [useract.py   line:22  ] [2020-05-10 13:56:10,857] [19652  ] [trantype=[login]]
[INFO ] [useract.py   line:44  ] [2020-05-10 13:56:10,857] [19652  ] [----------------------Admin-login-begin---------------------------]
[INFO ] [useract.py   line:76  ] [2020-05-10 13:56:10,971] [19652  ] [----------------------Admin-login-end---------------------------]
[INFO ] [useract.py   line:34  ] [2020-05-10 13:56:10,973] [19652  ] [----------------------useract_end---------------------------]
[INFO ] [views.py     line:91  ] [2020-05-10 13:56:10,973] [19652  ] [<HttpResponse status_code=200, "text/html; charset=utf-8">]
[INFO ] [views.py     line:92  ] [2020-05-10 13:56:10,973] [19652  ] [{"respcode": "000000", "respmsg": "登录成功！", "trantype": "login", "uid": 2}]
[INFO ] [views.py     line:95  ] [2020-05-10 13:56:10,973] [19652  ] [----------------------Admin-end---------------------------]
[INFO ] [views.py     line:96  ] [2020-05-10 13:56:10,973] [19652  ] [交易处理时间: 0:00:00.357021]
[INFO ] [views.py     line:21  ] [2020-05-10 13:59:29,242] [19652  ] [----------------------Admin-begin---------------------------]
[INFO ] [views.py     line:22  ] [2020-05-10 13:59:29,243] [19652  ] [请求:[<WSGIRequest: POST '/api/appview'>]]
[INFO ] [views.py     line:23  ] [2020-05-10 13:59:29,243] [19652  ] [请求path:[/api/appview]]
[INFO ] [views.py     line:24  ] [2020-05-10 13:59:29,243] [19652  ] [请求method:[POST]]
[INFO ] [views.py     line:25  ] [2020-05-10 13:59:29,243] [19652  ] [请求GET:[<QueryDict: {}>]]
[INFO ] [views.py     line:29  ] [2020-05-10 13:59:29,243] [19652  ] [请求full_path:[https://localhost:8000/api/appview]]
[INFO ] [views.py     line:35  ] [2020-05-10 13:59:29,243] [19652  ] [param1=[appview]]
[INFO ] [appview.py   line:16  ] [2020-05-10 13:59:29,679] [19652  ] [----------------------appview_begin---------------------------]
[INFO ] [appview.py   line:24  ] [2020-05-10 13:59:29,679] [19652  ] [trantype=[getlist]]
[INFO ] [appview.py   line:42  ] [2020-05-10 13:59:29,679] [19652  ] [----------------------Admin-getfilelist-begin---------------------------]
[INFO ] [appview.py   line:106 ] [2020-05-10 13:59:29,841] [19652  ] [----------------------Admin-getfilelist-end---------------------------]
[INFO ] [appview.py   line:36  ] [2020-05-10 13:59:29,842] [19652  ] [----------------------appview_end---------------------------]
[INFO ] [views.py     line:91  ] [2020-05-10 13:59:29,842] [19652  ] [<HttpResponse status_code=200, "text/html; charset=utf-8">]
[INFO ] [views.py     line:92  ] [2020-05-10 13:59:29,842] [19652  ] [{"respcode": "000000", "respmsg": "上传成功", "trantype": "getlist", "list": [{"filename": "射雕英雄传.txt", "fileid": 12, "msg": null}, {"filename": "射雕（金庸）.txt", "fileid": 14, "msg": "南宋末年，金兵入侵，朝廷奸臣当道。全真派丘处机因杀死汉奸王道乾，被官兵追杀，逃到江南一个小村牛家庄，与隐居在此处的爱国义土郭啸天和杨铁心一见如故，以“靖、康”为他俩即将出生的孩子命名，并留下一对短剑作为信物..."}]}]
[INFO ] [views.py     line:95  ] [2020-05-10 13:59:29,843] [19652  ] [----------------------Admin-end---------------------------]
[INFO ] [views.py     line:96  ] [2020-05-10 13:59:29,843] [19652  ] [交易处理时间: 0:00:00.600898]
[INFO ] [views.py     line:21  ] [2020-05-10 13:59:31,577] [19652  ] [----------------------Admin-begin---------------------------]
[INFO ] [views.py     line:22  ] [2020-05-10 13:59:31,577] [19652  ] [请求:[<WSGIRequest: POST '/api/appview'>]]
[INFO ] [views.py     line:23  ] [2020-05-10 13:59:31,577] [19652  ] [请求path:[/api/appview]]
[INFO ] [views.py     line:24  ] [2020-05-10 13:59:31,577] [19652  ] [请求method:[POST]]
[INFO ] [views.py     line:25  ] [2020-05-10 13:59:31,577] [19652  ] [请求GET:[<QueryDict: {}>]]
[INFO ] [views.py     line:29  ] [2020-05-10 13:59:31,577] [19652  ] [请求full_path:[https://localhost:8000/api/appview]]
[INFO ] [views.py     line:35  ] [2020-05-10 13:59:31,577] [19652  ] [param1=[appview]]
[INFO ] [appview.py   line:16  ] [2020-05-10 13:59:31,826] [19652  ] [----------------------appview_begin---------------------------]
[INFO ] [appview.py   line:24  ] [2020-05-10 13:59:31,826] [19652  ] [trantype=[getlist]]
[INFO ] [appview.py   line:42  ] [2020-05-10 13:59:31,826] [19652  ] [----------------------Admin-getfilelist-begin---------------------------]
[INFO ] [appview.py   line:106 ] [2020-05-10 13:59:31,969] [19652  ] [----------------------Admin-getfilelist-end---------------------------]
[INFO ] [appview.py   line:36  ] [2020-05-10 13:59:31,970] [19652  ] [----------------------appview_end---------------------------]
[INFO ] [views.py     line:91  ] [2020-05-10 13:59:31,970] [19652  ] [<HttpResponse status_code=200, "text/html; charset=utf-8">]
[INFO ] [views.py     line:92  ] [2020-05-10 13:59:31,970] [19652  ] [{"respcode": "000000", "respmsg": "上传成功", "trantype": "getlist", "list": [{"filename": "射雕英雄传.txt", "fileid": 12, "msg": null, "class": "其他", "colnum": 1}, {"filename": "射雕（金庸）.txt", "fileid": 14, "msg": "南宋末年，金兵入侵，朝廷奸臣当道。全真派丘处机因杀死汉奸王道乾，被官兵追杀，逃到江南一个小村牛家庄，与隐居在此处的爱国义土郭啸天和杨铁心一见如故，以“靖、康”为他俩即将出生的孩子命名，并留下一对短剑作为信物...", "class": "小说", "colnum": 1}]}]
[INFO ] [views.py     line:95  ] [2020-05-10 13:59:31,971] [19652  ] [----------------------Admin-end---------------------------]
[INFO ] [views.py     line:96  ] [2020-05-10 13:59:31,971] [19652  ] [交易处理时间: 0:00:00.395287]
[INFO ] [views.py     line:21  ] [2020-05-10 13:59:35,518] [19652  ] [----------------------Admin-begin---------------------------]
[INFO ] [views.py     line:22  ] [2020-05-10 13:59:35,518] [19652  ] [请求:[<WSGIRequest: POST '/api/appview'>]]
[INFO ] [views.py     line:23  ] [2020-05-10 13:59:35,518] [19652  ] [请求path:[/api/appview]]
[INFO ] [views.py     line:24  ] [2020-05-10 13:59:35,518] [19652  ] [请求method:[POST]]
[INFO ] [views.py     line:25  ] [2020-05-10 13:59:35,518] [19652  ] [请求GET:[<QueryDict: {}>]]
[INFO ] [views.py     line:29  ] [2020-05-10 13:59:35,518] [19652  ] [请求full_path:[https://localhost:8000/api/appview]]
[INFO ] [views.py     line:35  ] [2020-05-10 13:59:35,519] [19652  ] [param1=[appview]]
[INFO ] [appview.py   line:16  ] [2020-05-10 13:59:35,789] [19652  ] [----------------------appview_begin---------------------------]
[INFO ] [appview.py   line:24  ] [2020-05-10 13:59:35,790] [19652  ] [trantype=[getlist]]
[INFO ] [appview.py   line:42  ] [2020-05-10 13:59:35,790] [19652  ] [----------------------Admin-getfilelist-begin---------------------------]
[INFO ] [appview.py   line:106 ] [2020-05-10 13:59:35,882] [19652  ] [----------------------Admin-getfilelist-end---------------------------]
[INFO ] [appview.py   line:36  ] [2020-05-10 13:59:35,883] [19652  ] [----------------------appview_end---------------------------]
[INFO ] [views.py     line:91  ] [2020-05-10 13:59:35,883] [19652  ] [<HttpResponse status_code=200, "text/html; charset=utf-8">]
[INFO ] [views.py     line:92  ] [2020-05-10 13:59:35,883] [19652  ] [{"respcode": "000000", "respmsg": "上传成功", "trantype": "getlist", "list": []}]
[INFO ] [views.py     line:95  ] [2020-05-10 13:59:35,884] [19652  ] [----------------------Admin-end---------------------------]
[INFO ] [views.py     line:96  ] [2020-05-10 13:59:35,884] [19652  ] [交易处理时间: 0:00:00.365743]
[INFO ] [views.py     line:21  ] [2020-05-10 13:59:40,496] [19652  ] [----------------------Admin-begin---------------------------]
[INFO ] [views.py     line:22  ] [2020-05-10 13:59:40,497] [19652  ] [请求:[<WSGIRequest: POST '/api/appview'>]]
[INFO ] [views.py     line:23  ] [2020-05-10 13:59:40,497] [19652  ] [请求path:[/api/appview]]
[INFO ] [views.py     line:24  ] [2020-05-10 13:59:40,497] [19652  ] [请求method:[POST]]
[INFO ] [views.py     line:25  ] [2020-05-10 13:59:40,497] [19652  ] [请求GET:[<QueryDict: {}>]]
[INFO ] [views.py     line:29  ] [2020-05-10 13:59:40,497] [19652  ] [请求full_path:[https://localhost:8000/api/appview]]
[INFO ] [views.py     line:35  ] [2020-05-10 13:59:40,498] [19652  ] [param1=[appview]]
[INFO ] [appview.py   line:16  ] [2020-05-10 13:59:40,780] [19652  ] [----------------------appview_begin---------------------------]
[INFO ] [appview.py   line:24  ] [2020-05-10 13:59:40,780] [19652  ] [trantype=[getlist]]
[INFO ] [appview.py   line:42  ] [2020-05-10 13:59:40,780] [19652  ] [----------------------Admin-getfilelist-begin---------------------------]
[INFO ] [appview.py   line:106 ] [2020-05-10 13:59:40,904] [19652  ] [----------------------Admin-getfilelist-end---------------------------]
[INFO ] [appview.py   line:36  ] [2020-05-10 13:59:40,905] [19652  ] [----------------------appview_end---------------------------]
[INFO ] [views.py     line:91  ] [2020-05-10 13:59:40,905] [19652  ] [<HttpResponse status_code=200, "text/html; charset=utf-8">]
[INFO ] [views.py     line:92  ] [2020-05-10 13:59:40,905] [19652  ] [{"respcode": "000000", "respmsg": "上传成功", "trantype": "getlist", "list": []}]
[INFO ] [views.py     line:95  ] [2020-05-10 13:59:40,905] [19652  ] [----------------------Admin-end---------------------------]
[INFO ] [views.py     line:96  ] [2020-05-10 13:59:40,905] [19652  ] [交易处理时间: 0:00:00.408400]
[INFO ] [views.py     line:21  ] [2020-05-10 14:17:58,851] [19652  ] [----------------------Admin-begin---------------------------]
[INFO ] [views.py     line:22  ] [2020-05-10 14:17:58,851] [19652  ] [请求:[<WSGIRequest: POST '/api/appview'>]]
[INFO ] [views.py     line:23  ] [2020-05-10 14:17:58,851] [19652  ] [请求path:[/api/appview]]
[INFO ] [views.py     line:24  ] [2020-05-10 14:17:58,851] [19652  ] [请求method:[POST]]
[INFO ] [views.py     line:25  ] [2020-05-10 14:17:58,852] [19652  ] [请求GET:[<QueryDict: {}>]]
[INFO ] [views.py     line:29  ] [2020-05-10 14:17:58,852] [19652  ] [请求full_path:[https://localhost:8000/api/appview]]
[INFO ] [views.py     line:35  ] [2020-05-10 14:17:58,852] [19652  ] [param1=[appview]]
[INFO ] [appview.py   line:16  ] [2020-05-10 14:17:59,119] [19652  ] [----------------------appview_begin---------------------------]
[INFO ] [appview.py   line:24  ] [2020-05-10 14:17:59,119] [19652  ] [trantype=[getlist]]
[INFO ] [appview.py   line:42  ] [2020-05-10 14:17:59,119] [19652  ] [----------------------Admin-getfilelist-begin---------------------------]
[INFO ] [appview.py   line:106 ] [2020-05-10 14:17:59,213] [19652  ] [----------------------Admin-getfilelist-end---------------------------]
[INFO ] [appview.py   line:36  ] [2020-05-10 14:17:59,213] [19652  ] [----------------------appview_end---------------------------]
[INFO ] [views.py     line:91  ] [2020-05-10 14:17:59,213] [19652  ] [<HttpResponse status_code=200, "text/html; charset=utf-8">]
[INFO ] [views.py     line:92  ] [2020-05-10 14:17:59,213] [19652  ] [{"respcode": "000000", "respmsg": "上传成功", "trantype": "getlist", "list": []}]
[INFO ] [views.py     line:95  ] [2020-05-10 14:17:59,213] [19652  ] [----------------------Admin-end---------------------------]
[INFO ] [views.py     line:96  ] [2020-05-10 14:17:59,213] [19652  ] [交易处理时间: 0:00:00.363878]
[INFO ] [views.py     line:21  ] [2020-05-10 14:36:02,532] [19652  ] [----------------------Admin-begin---------------------------]
[INFO ] [views.py     line:22  ] [2020-05-10 14:36:02,532] [19652  ] [请求:[<WSGIRequest: POST '/api/appview'>]]
[INFO ] [views.py     line:23  ] [2020-05-10 14:36:02,532] [19652  ] [请求path:[/api/appview]]
[INFO ] [views.py     line:24  ] [2020-05-10 14:36:02,532] [19652  ] [请求method:[POST]]
[INFO ] [views.py     line:25  ] [2020-05-10 14:36:02,533] [19652  ] [请求GET:[<QueryDict: {}>]]
[INFO ] [views.py     line:29  ] [2020-05-10 14:36:02,533] [19652  ] [请求full_path:[https://localhost:8000/api/appview]]
[INFO ] [views.py     line:35  ] [2020-05-10 14:36:02,533] [19652  ] [param1=[appview]]
[INFO ] [appview.py   line:16  ] [2020-05-10 14:36:03,010] [19652  ] [----------------------appview_begin---------------------------]
[INFO ] [appview.py   line:24  ] [2020-05-10 14:36:03,010] [19652  ] [trantype=[getlist]]
[INFO ] [appview.py   line:42  ] [2020-05-10 14:36:03,011] [19652  ] [----------------------Admin-getfilelist-begin---------------------------]
[INFO ] [appview.py   line:106 ] [2020-05-10 14:36:03,342] [19652  ] [----------------------Admin-getfilelist-end---------------------------]
[INFO ] [appview.py   line:36  ] [2020-05-10 14:36:03,343] [19652  ] [----------------------appview_end---------------------------]
[INFO ] [views.py     line:91  ] [2020-05-10 14:36:03,343] [19652  ] [<HttpResponse status_code=200, "text/html; charset=utf-8">]
[INFO ] [views.py     line:92  ] [2020-05-10 14:36:03,343] [19652  ] [{"respcode": "000000", "respmsg": "上传成功", "trantype": "getlist", "list": [{"filename": "射雕英雄传.txt", "fileid": 12, "msg": null}, {"filename": "射雕（金庸）.txt", "fileid": 14, "msg": "南宋末年，金兵入侵，朝廷奸臣当道。全真派丘处机因杀死汉奸王道乾，被官兵追杀，逃到江南一个小村牛家庄，与隐居在此处的爱国义土郭啸天和杨铁心一见如故，以“靖、康”为他俩即将出生的孩子命名，并留下一对短剑作为信物..."}]}]
[INFO ] [views.py     line:95  ] [2020-05-10 14:36:03,343] [19652  ] [----------------------Admin-end---------------------------]
[INFO ] [views.py     line:96  ] [2020-05-10 14:36:03,343] [19652  ] [交易处理时间: 0:00:00.811422]
[INFO ] [views.py     line:21  ] [2020-05-10 14:36:07,081] [19652  ] [----------------------Admin-begin---------------------------]
[INFO ] [views.py     line:22  ] [2020-05-10 14:36:07,081] [19652  ] [请求:[<WSGIRequest: POST '/api/appview'>]]
[INFO ] [views.py     line:23  ] [2020-05-10 14:36:07,081] [19652  ] [请求path:[/api/appview]]
[INFO ] [views.py     line:24  ] [2020-05-10 14:36:07,082] [19652  ] [请求method:[POST]]
[INFO ] [views.py     line:25  ] [2020-05-10 14:36:07,082] [19652  ] [请求GET:[<QueryDict: {}>]]
[INFO ] [views.py     line:29  ] [2020-05-10 14:36:07,082] [19652  ] [请求full_path:[https://localhost:8000/api/appview]]
[INFO ] [views.py     line:35  ] [2020-05-10 14:36:07,082] [19652  ] [param1=[appview]]
[INFO ] [appview.py   line:16  ] [2020-05-10 14:36:07,380] [19652  ] [----------------------appview_begin---------------------------]
[INFO ] [appview.py   line:24  ] [2020-05-10 14:36:07,380] [19652  ] [trantype=[getlist]]
[INFO ] [appview.py   line:42  ] [2020-05-10 14:36:07,380] [19652  ] [----------------------Admin-getfilelist-begin---------------------------]
[INFO ] [appview.py   line:106 ] [2020-05-10 14:36:07,787] [19652  ] [----------------------Admin-getfilelist-end---------------------------]
[INFO ] [appview.py   line:36  ] [2020-05-10 14:36:07,788] [19652  ] [----------------------appview_end---------------------------]
[INFO ] [views.py     line:91  ] [2020-05-10 14:36:07,788] [19652  ] [<HttpResponse status_code=200, "text/html; charset=utf-8">]
[INFO ] [views.py     line:92  ] [2020-05-10 14:36:07,788] [19652  ] [{"respcode": "000000", "respmsg": "上传成功", "trantype": "getlist", "list": [{"filename": "射雕英雄传.txt", "fileid": 12, "msg": null, "class": "其他", "colnum": 1}, {"filename": "射雕（金庸）.txt", "fileid": 14, "msg": "南宋末年，金兵入侵，朝廷奸臣当道。全真派丘处机因杀死汉奸王道乾，被官兵追杀，逃到江南一个小村牛家庄，与隐居在此处的爱国义土郭啸天和杨铁心一见如故，以“靖、康”为他俩即将出生的孩子命名，并留下一对短剑作为信物...", "class": "小说", "colnum": 1}]}]
[INFO ] [views.py     line:95  ] [2020-05-10 14:36:07,789] [19652  ] [----------------------Admin-end---------------------------]
[INFO ] [views.py     line:96  ] [2020-05-10 14:36:07,789] [19652  ] [交易处理时间: 0:00:00.707698]
[INFO ] [views.py     line:21  ] [2020-05-10 14:36:10,571] [19652  ] [----------------------Admin-begin---------------------------]
[INFO ] [views.py     line:22  ] [2020-05-10 14:36:10,571] [19652  ] [请求:[<WSGIRequest: POST '/api/appview'>]]
[INFO ] [views.py     line:23  ] [2020-05-10 14:36:10,571] [19652  ] [请求path:[/api/appview]]
[INFO ] [views.py     line:24  ] [2020-05-10 14:36:10,571] [19652  ] [请求method:[POST]]
[INFO ] [views.py     line:25  ] [2020-05-10 14:36:10,571] [19652  ] [请求GET:[<QueryDict: {}>]]
[INFO ] [views.py     line:29  ] [2020-05-10 14:36:10,571] [19652  ] [请求full_path:[https://localhost:8000/api/appview]]
[INFO ] [views.py     line:35  ] [2020-05-10 14:36:10,571] [19652  ] [param1=[appview]]
[INFO ] [appview.py   line:16  ] [2020-05-10 14:36:10,860] [19652  ] [----------------------appview_begin---------------------------]
[INFO ] [appview.py   line:24  ] [2020-05-10 14:36:10,860] [19652  ] [trantype=[getbookinfo]]
[INFO ] [appview.py   line:112 ] [2020-05-10 14:36:10,860] [19652  ] [----------------------Admin-getbookinfo-begin---------------------------]
[INFO ] [appview.py   line:167 ] [2020-05-10 14:36:10,993] [19652  ] [----------------------Admin-getbookinfo-end---------------------------]
[INFO ] [appview.py   line:36  ] [2020-05-10 14:36:10,993] [19652  ] [----------------------appview_end---------------------------]
[INFO ] [views.py     line:91  ] [2020-05-10 14:36:10,994] [19652  ] [<HttpResponse status_code=200, "text/html; charset=utf-8">]
[INFO ] [views.py     line:92  ] [2020-05-10 14:36:10,994] [19652  ] [{"respcode": "000000", "respmsg": "上传成功", "trantype": "getbookinfo", "filename": "射雕（金庸）.txt", "fileinfo": "南宋末年，金兵入侵，朝廷奸臣当道。全真派丘处机因杀死汉奸王道乾，被官兵追杀，逃到江南一个小村牛家庄，与隐居在此处的爱国义土郭啸天和杨铁心一见如故，以“靖、康”为他俩即将出生的孩子命名，并留下一对短剑作为信物...", "coltext": "收藏", "shelftext": "已加入书架"}]
[INFO ] [views.py     line:95  ] [2020-05-10 14:36:10,994] [19652  ] [----------------------Admin-end---------------------------]
[INFO ] [views.py     line:96  ] [2020-05-10 14:36:10,995] [19652  ] [交易处理时间: 0:00:00.424761]
[INFO ] [views.py     line:21  ] [2020-05-10 14:36:18,202] [19652  ] [----------------------Admin-begin---------------------------]
[INFO ] [views.py     line:22  ] [2020-05-10 14:36:18,203] [19652  ] [请求:[<WSGIRequest: POST '/api/appreadact'>]]
[INFO ] [views.py     line:23  ] [2020-05-10 14:36:18,203] [19652  ] [请求path:[/api/appreadact]]
[INFO ] [views.py     line:24  ] [2020-05-10 14:36:18,203] [19652  ] [请求method:[POST]]
[INFO ] [views.py     line:25  ] [2020-05-10 14:36:18,203] [19652  ] [请求GET:[<QueryDict: {}>]]
[INFO ] [views.py     line:29  ] [2020-05-10 14:36:18,203] [19652  ] [请求full_path:[https://localhost:8000/api/appreadact]]
[INFO ] [views.py     line:35  ] [2020-05-10 14:36:18,203] [19652  ] [param1=[appreadact]]
[INFO ] [appreadact.py line:16  ] [2020-05-10 14:36:18,443] [19652  ] [----------------------appreadact_begin---------------------------]
[INFO ] [appreadact.py line:24  ] [2020-05-10 14:36:18,443] [19652  ] [trantype=[joinshelf]]
[INFO ] [appreadact.py line:91  ] [2020-05-10 14:36:18,443] [19652  ] [----------------------Admin-joinshelf-begin---------------------------]
[INFO ] [appreadact.py line:36  ] [2020-05-10 14:36:18,445] [19652  ] [----------------------appreadact_end---------------------------]
[INFO ] [views.py     line:91  ] [2020-05-10 14:36:18,445] [19652  ] [<HttpResponse status_code=200, "text/html; charset=utf-8">]
[INFO ] [views.py     line:92  ] [2020-05-10 14:36:18,445] [19652  ] [{"respcode": "300003", "respmsg": "请登录！"}]
[INFO ] [views.py     line:95  ] [2020-05-10 14:36:18,445] [19652  ] [----------------------Admin-end---------------------------]
[INFO ] [views.py     line:96  ] [2020-05-10 14:36:18,446] [19652  ] [交易处理时间: 0:00:00.244492]
[INFO ] [views.py     line:21  ] [2020-05-10 14:36:22,663] [19652  ] [----------------------Admin-begin---------------------------]
[INFO ] [views.py     line:22  ] [2020-05-10 14:36:22,664] [19652  ] [请求:[<WSGIRequest: POST '/api/appview'>]]
[INFO ] [views.py     line:23  ] [2020-05-10 14:36:22,664] [19652  ] [请求path:[/api/appview]]
[INFO ] [views.py     line:24  ] [2020-05-10 14:36:22,664] [19652  ] [请求method:[POST]]
[INFO ] [views.py     line:25  ] [2020-05-10 14:36:22,664] [19652  ] [请求GET:[<QueryDict: {}>]]
[INFO ] [views.py     line:29  ] [2020-05-10 14:36:22,664] [19652  ] [请求full_path:[https://localhost:8000/api/appview]]
[INFO ] [views.py     line:35  ] [2020-05-10 14:36:22,664] [19652  ] [param1=[appview]]
[INFO ] [appview.py   line:16  ] [2020-05-10 14:36:22,922] [19652  ] [----------------------appview_begin---------------------------]
[INFO ] [appview.py   line:24  ] [2020-05-10 14:36:22,922] [19652  ] [trantype=[getlist]]
[INFO ] [appview.py   line:42  ] [2020-05-10 14:36:22,922] [19652  ] [----------------------Admin-getfilelist-begin---------------------------]
[INFO ] [appview.py   line:106 ] [2020-05-10 14:36:23,054] [19652  ] [----------------------Admin-getfilelist-end---------------------------]
[INFO ] [appview.py   line:36  ] [2020-05-10 14:36:23,055] [19652  ] [----------------------appview_end---------------------------]
[INFO ] [views.py     line:91  ] [2020-05-10 14:36:23,055] [19652  ] [<HttpResponse status_code=200, "text/html; charset=utf-8">]
[INFO ] [views.py     line:92  ] [2020-05-10 14:36:23,055] [19652  ] [{"respcode": "000000", "respmsg": "上传成功", "trantype": "getlist", "list": [{"filename": "射雕英雄传.txt", "fileid": 12, "msg": null, "class": "其他", "colnum": 1}, {"filename": "射雕（金庸）.txt", "fileid": 14, "msg": "南宋末年，金兵入侵，朝廷奸臣当道。全真派丘处机因杀死汉奸王道乾，被官兵追杀，逃到江南一个小村牛家庄，与隐居在此处的爱国义土郭啸天和杨铁心一见如故，以“靖、康”为他俩即将出生的孩子命名，并留下一对短剑作为信物...", "class": "小说", "colnum": 1}]}]
[INFO ] [views.py     line:95  ] [2020-05-10 14:36:23,055] [19652  ] [----------------------Admin-end---------------------------]
[INFO ] [views.py     line:96  ] [2020-05-10 14:36:23,056] [19652  ] [交易处理时间: 0:00:00.392573]
[INFO ] [views.py     line:21  ] [2020-05-10 14:36:24,693] [19652  ] [----------------------Admin-begin---------------------------]
[INFO ] [views.py     line:22  ] [2020-05-10 14:36:24,693] [19652  ] [请求:[<WSGIRequest: POST '/api/appview'>]]
[INFO ] [views.py     line:23  ] [2020-05-10 14:36:24,694] [19652  ] [请求path:[/api/appview]]
[INFO ] [views.py     line:24  ] [2020-05-10 14:36:24,694] [19652  ] [请求method:[POST]]
[INFO ] [views.py     line:25  ] [2020-05-10 14:36:24,694] [19652  ] [请求GET:[<QueryDict: {}>]]
[INFO ] [views.py     line:29  ] [2020-05-10 14:36:24,695] [19652  ] [请求full_path:[https://localhost:8000/api/appview]]
[INFO ] [views.py     line:35  ] [2020-05-10 14:36:24,695] [19652  ] [param1=[appview]]
[INFO ] [appview.py   line:16  ] [2020-05-10 14:36:24,957] [19652  ] [----------------------appview_begin---------------------------]
[INFO ] [appview.py   line:24  ] [2020-05-10 14:36:24,957] [19652  ] [trantype=[getlist]]
[INFO ] [appview.py   line:42  ] [2020-05-10 14:36:24,957] [19652  ] [----------------------Admin-getfilelist-begin---------------------------]
[INFO ] [appview.py   line:106 ] [2020-05-10 14:36:25,106] [19652  ] [----------------------Admin-getfilelist-end---------------------------]
[INFO ] [appview.py   line:36  ] [2020-05-10 14:36:25,106] [19652  ] [----------------------appview_end---------------------------]
[INFO ] [views.py     line:91  ] [2020-05-10 14:36:25,106] [19652  ] [<HttpResponse status_code=200, "text/html; charset=utf-8">]
[INFO ] [views.py     line:92  ] [2020-05-10 14:36:25,107] [19652  ] [{"respcode": "000000", "respmsg": "上传成功", "trantype": "getlist", "list": [{"filename": "射雕英雄传.txt", "fileid": 12, "msg": null}, {"filename": "射雕（金庸）.txt", "fileid": 14, "msg": "南宋末年，金兵入侵，朝廷奸臣当道。全真派丘处机因杀死汉奸王道乾，被官兵追杀，逃到江南一个小村牛家庄，与隐居在此处的爱国义土郭啸天和杨铁心一见如故，以“靖、康”为他俩即将出生的孩子命名，并留下一对短剑作为信物..."}]}]
[INFO ] [views.py     line:95  ] [2020-05-10 14:36:25,107] [19652  ] [----------------------Admin-end---------------------------]
[INFO ] [views.py     line:96  ] [2020-05-10 14:36:25,107] [19652  ] [交易处理时间: 0:00:00.414089]
[INFO ] [views.py     line:21  ] [2020-05-10 14:36:25,760] [19652  ] [----------------------Admin-begin---------------------------]
[INFO ] [views.py     line:22  ] [2020-05-10 14:36:25,760] [19652  ] [请求:[<WSGIRequest: POST '/api/appview'>]]
[INFO ] [views.py     line:23  ] [2020-05-10 14:36:25,760] [19652  ] [请求path:[/api/appview]]
[INFO ] [views.py     line:24  ] [2020-05-10 14:36:25,760] [19652  ] [请求method:[POST]]
[INFO ] [views.py     line:25  ] [2020-05-10 14:36:25,760] [19652  ] [请求GET:[<QueryDict: {}>]]
[INFO ] [views.py     line:29  ] [2020-05-10 14:36:25,760] [19652  ] [请求full_path:[https://localhost:8000/api/appview]]
[INFO ] [views.py     line:35  ] [2020-05-10 14:36:25,760] [19652  ] [param1=[appview]]
[INFO ] [appview.py   line:16  ] [2020-05-10 14:36:26,056] [19652  ] [----------------------appview_begin---------------------------]
[INFO ] [appview.py   line:24  ] [2020-05-10 14:36:26,057] [19652  ] [trantype=[getlist]]
[INFO ] [appview.py   line:42  ] [2020-05-10 14:36:26,057] [19652  ] [----------------------Admin-getfilelist-begin---------------------------]
[INFO ] [appview.py   line:106 ] [2020-05-10 14:36:26,179] [19652  ] [----------------------Admin-getfilelist-end---------------------------]
[INFO ] [appview.py   line:36  ] [2020-05-10 14:36:26,181] [19652  ] [----------------------appview_end---------------------------]
[INFO ] [views.py     line:91  ] [2020-05-10 14:36:26,181] [19652  ] [<HttpResponse status_code=200, "text/html; charset=utf-8">]
[INFO ] [views.py     line:92  ] [2020-05-10 14:36:26,181] [19652  ] [{"respcode": "000000", "respmsg": "上传成功", "trantype": "getlist", "list": [{"filename": "射雕英雄传.txt", "fileid": 12, "msg": null, "class": "其他", "colnum": 1}, {"filename": "射雕（金庸）.txt", "fileid": 14, "msg": "南宋末年，金兵入侵，朝廷奸臣当道。全真派丘处机因杀死汉奸王道乾，被官兵追杀，逃到江南一个小村牛家庄，与隐居在此处的爱国义土郭啸天和杨铁心一见如故，以“靖、康”为他俩即将出生的孩子命名，并留下一对短剑作为信物...", "class": "小说", "colnum": 1}]}]
[INFO ] [views.py     line:95  ] [2020-05-10 14:36:26,181] [19652  ] [----------------------Admin-end---------------------------]
[INFO ] [views.py     line:96  ] [2020-05-10 14:36:26,181] [19652  ] [交易处理时间: 0:00:00.421821]
[INFO ] [views.py     line:21  ] [2020-05-10 14:36:26,992] [19652  ] [----------------------Admin-begin---------------------------]
[INFO ] [views.py     line:22  ] [2020-05-10 14:36:26,992] [19652  ] [请求:[<WSGIRequest: POST '/api/appview'>]]
[INFO ] [views.py     line:23  ] [2020-05-10 14:36:26,992] [19652  ] [请求path:[/api/appview]]
[INFO ] [views.py     line:24  ] [2020-05-10 14:36:26,993] [19652  ] [请求method:[POST]]
[INFO ] [views.py     line:25  ] [2020-05-10 14:36:26,993] [19652  ] [请求GET:[<QueryDict: {}>]]
[INFO ] [views.py     line:29  ] [2020-05-10 14:36:26,993] [19652  ] [请求full_path:[https://localhost:8000/api/appview]]
[INFO ] [views.py     line:35  ] [2020-05-10 14:36:26,993] [19652  ] [param1=[appview]]
[INFO ] [appview.py   line:16  ] [2020-05-10 14:36:27,249] [19652  ] [----------------------appview_begin---------------------------]
[INFO ] [appview.py   line:24  ] [2020-05-10 14:36:27,249] [19652  ] [trantype=[getbookinfo]]
[INFO ] [appview.py   line:112 ] [2020-05-10 14:36:27,249] [19652  ] [----------------------Admin-getbookinfo-begin---------------------------]
[INFO ] [appview.py   line:167 ] [2020-05-10 14:36:27,381] [19652  ] [----------------------Admin-getbookinfo-end---------------------------]
[INFO ] [appview.py   line:36  ] [2020-05-10 14:36:27,382] [19652  ] [----------------------appview_end---------------------------]
[INFO ] [views.py     line:91  ] [2020-05-10 14:36:27,382] [19652  ] [<HttpResponse status_code=200, "text/html; charset=utf-8">]
[INFO ] [views.py     line:92  ] [2020-05-10 14:36:27,382] [19652  ] [{"respcode": "000000", "respmsg": "上传成功", "trantype": "getbookinfo", "filename": "射雕英雄传.txt", "fileinfo": null, "coltext": "收藏", "shelftext": "已加入书架"}]
[INFO ] [views.py     line:95  ] [2020-05-10 14:36:27,382] [19652  ] [----------------------Admin-end---------------------------]
[INFO ] [views.py     line:96  ] [2020-05-10 14:36:27,382] [19652  ] [交易处理时间: 0:00:00.391441]
[INFO ] [views.py     line:21  ] [2020-05-10 14:36:28,562] [19652  ] [----------------------Admin-begin---------------------------]
[INFO ] [views.py     line:22  ] [2020-05-10 14:36:28,562] [19652  ] [请求:[<WSGIRequest: POST '/api/appreadact'>]]
[INFO ] [views.py     line:23  ] [2020-05-10 14:36:28,562] [19652  ] [请求path:[/api/appreadact]]
[INFO ] [views.py     line:24  ] [2020-05-10 14:36:28,563] [19652  ] [请求method:[POST]]
[INFO ] [views.py     line:25  ] [2020-05-10 14:36:28,563] [19652  ] [请求GET:[<QueryDict: {}>]]
[INFO ] [views.py     line:29  ] [2020-05-10 14:36:28,563] [19652  ] [请求full_path:[https://localhost:8000/api/appreadact]]
[INFO ] [views.py     line:35  ] [2020-05-10 14:36:28,563] [19652  ] [param1=[appreadact]]
[INFO ] [appreadact.py line:16  ] [2020-05-10 14:36:28,818] [19652  ] [----------------------appreadact_begin---------------------------]
[INFO ] [appreadact.py line:24  ] [2020-05-10 14:36:28,818] [19652  ] [trantype=[joinshelf]]
[INFO ] [appreadact.py line:91  ] [2020-05-10 14:36:28,818] [19652  ] [----------------------Admin-joinshelf-begin---------------------------]
[INFO ] [appreadact.py line:36  ] [2020-05-10 14:36:28,819] [19652  ] [----------------------appreadact_end---------------------------]
[INFO ] [views.py     line:91  ] [2020-05-10 14:36:28,819] [19652  ] [<HttpResponse status_code=200, "text/html; charset=utf-8">]
[INFO ] [views.py     line:92  ] [2020-05-10 14:36:28,819] [19652  ] [{"respcode": "300003", "respmsg": "请登录！"}]
[INFO ] [views.py     line:95  ] [2020-05-10 14:36:28,819] [19652  ] [----------------------Admin-end---------------------------]
[INFO ] [views.py     line:96  ] [2020-05-10 14:36:28,819] [19652  ] [交易处理时间: 0:00:00.257196]
[INFO ] [views.py     line:21  ] [2020-05-10 14:36:29,993] [19652  ] [----------------------Admin-begin---------------------------]
[INFO ] [views.py     line:22  ] [2020-05-10 14:36:29,993] [19652  ] [请求:[<WSGIRequest: POST '/api/appreadact'>]]
[INFO ] [views.py     line:23  ] [2020-05-10 14:36:29,993] [19652  ] [请求path:[/api/appreadact]]
[INFO ] [views.py     line:24  ] [2020-05-10 14:36:29,994] [19652  ] [请求method:[POST]]
[INFO ] [views.py     line:25  ] [2020-05-10 14:36:29,994] [19652  ] [请求GET:[<QueryDict: {}>]]
[INFO ] [views.py     line:29  ] [2020-05-10 14:36:29,994] [19652  ] [请求full_path:[https://localhost:8000/api/appreadact]]
[INFO ] [views.py     line:35  ] [2020-05-10 14:36:29,994] [19652  ] [param1=[appreadact]]
[INFO ] [appreadact.py line:16  ] [2020-05-10 14:36:30,263] [19652  ] [----------------------appreadact_begin---------------------------]
[INFO ] [appreadact.py line:24  ] [2020-05-10 14:36:30,263] [19652  ] [trantype=[joincol]]
[INFO ] [appreadact.py line:42  ] [2020-05-10 14:36:30,263] [19652  ] [----------------------Admin-getbookinfo-begin---------------------------]
[INFO ] [appreadact.py line:85  ] [2020-05-10 14:36:30,369] [19652  ] [----------------------Admin-getbookinfo-end---------------------------]
[INFO ] [appreadact.py line:36  ] [2020-05-10 14:36:30,370] [19652  ] [----------------------appreadact_end---------------------------]
[INFO ] [views.py     line:91  ] [2020-05-10 14:36:30,370] [19652  ] [<HttpResponse status_code=200, "text/html; charset=utf-8">]
[INFO ] [views.py     line:92  ] [2020-05-10 14:36:30,370] [19652  ] [{"respcode": "000000", "respmsg": "上传成功", "trantype": "joincol", "coltext": "收藏"}]
[INFO ] [views.py     line:95  ] [2020-05-10 14:36:30,370] [19652  ] [----------------------Admin-end---------------------------]
[INFO ] [views.py     line:96  ] [2020-05-10 14:36:30,370] [19652  ] [交易处理时间: 0:00:00.377224]
[INFO ] [views.py     line:21  ] [2020-05-10 14:36:34,814] [19652  ] [----------------------Admin-begin---------------------------]
[INFO ] [views.py     line:22  ] [2020-05-10 14:36:34,814] [19652  ] [请求:[<WSGIRequest: POST '/api/appreadact'>]]
[INFO ] [views.py     line:23  ] [2020-05-10 14:36:34,814] [19652  ] [请求path:[/api/appreadact]]
[INFO ] [views.py     line:24  ] [2020-05-10 14:36:34,814] [19652  ] [请求method:[POST]]
[INFO ] [views.py     line:25  ] [2020-05-10 14:36:34,815] [19652  ] [请求GET:[<QueryDict: {}>]]
[INFO ] [views.py     line:29  ] [2020-05-10 14:36:34,815] [19652  ] [请求full_path:[https://localhost:8000/api/appreadact]]
[INFO ] [views.py     line:35  ] [2020-05-10 14:36:34,815] [19652  ] [param1=[appreadact]]
[INFO ] [appreadact.py line:16  ] [2020-05-10 14:36:35,093] [19652  ] [----------------------appreadact_begin---------------------------]
[INFO ] [appreadact.py line:24  ] [2020-05-10 14:36:35,093] [19652  ] [trantype=[joincol]]
[INFO ] [appreadact.py line:42  ] [2020-05-10 14:36:35,093] [19652  ] [----------------------Admin-getbookinfo-begin---------------------------]
[INFO ] [appreadact.py line:85  ] [2020-05-10 14:36:35,199] [19652  ] [----------------------Admin-getbookinfo-end---------------------------]
[INFO ] [appreadact.py line:36  ] [2020-05-10 14:36:35,200] [19652  ] [----------------------appreadact_end---------------------------]
[INFO ] [views.py     line:91  ] [2020-05-10 14:36:35,200] [19652  ] [<HttpResponse status_code=200, "text/html; charset=utf-8">]
[INFO ] [views.py     line:92  ] [2020-05-10 14:36:35,200] [19652  ] [{"respcode": "000000", "respmsg": "上传成功", "trantype": "joincol", "coltext": "收藏"}]
[INFO ] [views.py     line:95  ] [2020-05-10 14:36:35,200] [19652  ] [----------------------Admin-end---------------------------]
[INFO ] [views.py     line:96  ] [2020-05-10 14:36:35,200] [19652  ] [交易处理时间: 0:00:00.386133]
[INFO ] [views.py     line:21  ] [2020-05-10 14:36:47,880] [19652  ] [----------------------Admin-begin---------------------------]
[INFO ] [views.py     line:22  ] [2020-05-10 14:36:47,880] [19652  ] [请求:[<WSGIRequest: POST '/api/appview'>]]
[INFO ] [views.py     line:23  ] [2020-05-10 14:36:47,880] [19652  ] [请求path:[/api/appview]]
[INFO ] [views.py     line:24  ] [2020-05-10 14:36:47,880] [19652  ] [请求method:[POST]]
[INFO ] [views.py     line:25  ] [2020-05-10 14:36:47,880] [19652  ] [请求GET:[<QueryDict: {}>]]
[INFO ] [views.py     line:29  ] [2020-05-10 14:36:47,880] [19652  ] [请求full_path:[https://localhost:8000/api/appview]]
[INFO ] [views.py     line:35  ] [2020-05-10 14:36:47,880] [19652  ] [param1=[appview]]
[INFO ] [appview.py   line:16  ] [2020-05-10 14:36:48,117] [19652  ] [----------------------appview_begin---------------------------]
[INFO ] [appview.py   line:24  ] [2020-05-10 14:36:48,118] [19652  ] [trantype=[getbookinfo]]
[INFO ] [appview.py   line:112 ] [2020-05-10 14:36:48,118] [19652  ] [----------------------Admin-getbookinfo-begin---------------------------]
[INFO ] [appview.py   line:167 ] [2020-05-10 14:36:48,240] [19652  ] [----------------------Admin-getbookinfo-end---------------------------]
[INFO ] [appview.py   line:36  ] [2020-05-10 14:36:48,241] [19652  ] [----------------------appview_end---------------------------]
[INFO ] [views.py     line:91  ] [2020-05-10 14:36:48,241] [19652  ] [<HttpResponse status_code=200, "text/html; charset=utf-8">]
[INFO ] [views.py     line:92  ] [2020-05-10 14:36:48,241] [19652  ] [{"respcode": "000000", "respmsg": "上传成功", "trantype": "getbookinfo", "filename": "射雕英雄传.txt", "fileinfo": null, "coltext": "收藏", "shelftext": "已加入书架"}]
[INFO ] [views.py     line:95  ] [2020-05-10 14:36:48,241] [19652  ] [----------------------Admin-end---------------------------]
[INFO ] [views.py     line:96  ] [2020-05-10 14:36:48,241] [19652  ] [交易处理时间: 0:00:00.361124]
[INFO ] [views.py     line:21  ] [2020-05-10 14:36:50,020] [19652  ] [----------------------Admin-begin---------------------------]
[INFO ] [views.py     line:22  ] [2020-05-10 14:36:50,020] [19652  ] [请求:[<WSGIRequest: POST '/api/appreadact'>]]
[INFO ] [views.py     line:23  ] [2020-05-10 14:36:50,020] [19652  ] [请求path:[/api/appreadact]]
[INFO ] [views.py     line:24  ] [2020-05-10 14:36:50,020] [19652  ] [请求method:[POST]]
[INFO ] [views.py     line:25  ] [2020-05-10 14:36:50,021] [19652  ] [请求GET:[<QueryDict: {}>]]
[INFO ] [views.py     line:29  ] [2020-05-10 14:36:50,021] [19652  ] [请求full_path:[https://localhost:8000/api/appreadact]]
[INFO ] [views.py     line:35  ] [2020-05-10 14:36:50,021] [19652  ] [param1=[appreadact]]
[INFO ] [appreadact.py line:16  ] [2020-05-10 14:36:50,304] [19652  ] [----------------------appreadact_begin---------------------------]
[INFO ] [appreadact.py line:24  ] [2020-05-10 14:36:50,304] [19652  ] [trantype=[joincol]]
[INFO ] [appreadact.py line:42  ] [2020-05-10 14:36:50,304] [19652  ] [----------------------Admin-getbookinfo-begin---------------------------]
[INFO ] [appreadact.py line:85  ] [2020-05-10 14:36:50,426] [19652  ] [----------------------Admin-getbookinfo-end---------------------------]
[INFO ] [appreadact.py line:36  ] [2020-05-10 14:36:50,427] [19652  ] [----------------------appreadact_end---------------------------]
[INFO ] [views.py     line:91  ] [2020-05-10 14:36:50,427] [19652  ] [<HttpResponse status_code=200, "text/html; charset=utf-8">]
[INFO ] [views.py     line:92  ] [2020-05-10 14:36:50,427] [19652  ] [{"respcode": "000000", "respmsg": "上传成功", "trantype": "joincol", "coltext": "收藏"}]
[INFO ] [views.py     line:95  ] [2020-05-10 14:36:50,428] [19652  ] [----------------------Admin-end---------------------------]
[INFO ] [views.py     line:96  ] [2020-05-10 14:36:50,428] [19652  ] [交易处理时间: 0:00:00.408712]
[INFO ] [views.py     line:21  ] [2020-05-10 14:37:18,736] [19652  ] [----------------------Admin-begin---------------------------]
[INFO ] [views.py     line:22  ] [2020-05-10 14:37:18,736] [19652  ] [请求:[<WSGIRequest: POST '/api/appreadact'>]]
[INFO ] [views.py     line:23  ] [2020-05-10 14:37:18,737] [19652  ] [请求path:[/api/appreadact]]
[INFO ] [views.py     line:24  ] [2020-05-10 14:37:18,737] [19652  ] [请求method:[POST]]
[INFO ] [views.py     line:25  ] [2020-05-10 14:37:18,737] [19652  ] [请求GET:[<QueryDict: {}>]]
[INFO ] [views.py     line:29  ] [2020-05-10 14:37:18,737] [19652  ] [请求full_path:[https://localhost:8000/api/appreadact]]
[INFO ] [views.py     line:35  ] [2020-05-10 14:37:18,737] [19652  ] [param1=[appreadact]]
[INFO ] [appreadact.py line:16  ] [2020-05-10 14:37:18,972] [19652  ] [----------------------appreadact_begin---------------------------]
[INFO ] [appreadact.py line:24  ] [2020-05-10 14:37:18,973] [19652  ] [trantype=[joinshelf]]
[INFO ] [appreadact.py line:91  ] [2020-05-10 14:37:18,973] [19652  ] [----------------------Admin-joinshelf-begin---------------------------]
[INFO ] [appreadact.py line:36  ] [2020-05-10 14:37:18,974] [19652  ] [----------------------appreadact_end---------------------------]
[INFO ] [views.py     line:91  ] [2020-05-10 14:37:18,974] [19652  ] [<HttpResponse status_code=200, "text/html; charset=utf-8">]
[INFO ] [views.py     line:92  ] [2020-05-10 14:37:18,974] [19652  ] [{"respcode": "300003", "respmsg": "请登录！"}]
[INFO ] [views.py     line:95  ] [2020-05-10 14:37:18,974] [19652  ] [----------------------Admin-end---------------------------]
[INFO ] [views.py     line:96  ] [2020-05-10 14:37:18,974] [19652  ] [交易处理时间: 0:00:00.237214]
[INFO ] [views.py     line:21  ] [2020-05-10 14:37:22,145] [19652  ] [----------------------Admin-begin---------------------------]
[INFO ] [views.py     line:22  ] [2020-05-10 14:37:22,145] [19652  ] [请求:[<WSGIRequest: POST '/api/appreadact'>]]
[INFO ] [views.py     line:23  ] [2020-05-10 14:37:22,145] [19652  ] [请求path:[/api/appreadact]]
[INFO ] [views.py     line:24  ] [2020-05-10 14:37:22,145] [19652  ] [请求method:[POST]]
[INFO ] [views.py     line:25  ] [2020-05-10 14:37:22,145] [19652  ] [请求GET:[<QueryDict: {}>]]
[INFO ] [views.py     line:29  ] [2020-05-10 14:37:22,145] [19652  ] [请求full_path:[https://localhost:8000/api/appreadact]]
[INFO ] [views.py     line:35  ] [2020-05-10 14:37:22,145] [19652  ] [param1=[appreadact]]
[INFO ] [appreadact.py line:16  ] [2020-05-10 14:37:22,423] [19652  ] [----------------------appreadact_begin---------------------------]
[INFO ] [appreadact.py line:24  ] [2020-05-10 14:37:22,423] [19652  ] [trantype=[joinshelf]]
[INFO ] [appreadact.py line:91  ] [2020-05-10 14:37:22,423] [19652  ] [----------------------Admin-joinshelf-begin---------------------------]
[INFO ] [appreadact.py line:36  ] [2020-05-10 14:37:22,424] [19652  ] [----------------------appreadact_end---------------------------]
[INFO ] [views.py     line:91  ] [2020-05-10 14:37:22,424] [19652  ] [<HttpResponse status_code=200, "text/html; charset=utf-8">]
[INFO ] [views.py     line:92  ] [2020-05-10 14:37:22,424] [19652  ] [{"respcode": "300003", "respmsg": "请登录！"}]
[INFO ] [views.py     line:95  ] [2020-05-10 14:37:22,424] [19652  ] [----------------------Admin-end---------------------------]
[INFO ] [views.py     line:96  ] [2020-05-10 14:37:22,424] [19652  ] [交易处理时间: 0:00:00.279796]
[INFO ] [views.py     line:21  ] [2020-05-10 14:37:25,431] [19652  ] [----------------------Admin-begin---------------------------]
[INFO ] [views.py     line:22  ] [2020-05-10 14:37:25,431] [19652  ] [请求:[<WSGIRequest: POST '/api/appreadact'>]]
[INFO ] [views.py     line:23  ] [2020-05-10 14:37:25,431] [19652  ] [请求path:[/api/appreadact]]
[INFO ] [views.py     line:24  ] [2020-05-10 14:37:25,431] [19652  ] [请求method:[POST]]
[INFO ] [views.py     line:25  ] [2020-05-10 14:37:25,431] [19652  ] [请求GET:[<QueryDict: {}>]]
[INFO ] [views.py     line:29  ] [2020-05-10 14:37:25,431] [19652  ] [请求full_path:[https://localhost:8000/api/appreadact]]
[INFO ] [views.py     line:35  ] [2020-05-10 14:37:25,431] [19652  ] [param1=[appreadact]]
[INFO ] [appreadact.py line:16  ] [2020-05-10 14:37:25,678] [19652  ] [----------------------appreadact_begin---------------------------]
[INFO ] [appreadact.py line:24  ] [2020-05-10 14:37:25,679] [19652  ] [trantype=[joinshelf]]
[INFO ] [appreadact.py line:91  ] [2020-05-10 14:37:25,679] [19652  ] [----------------------Admin-joinshelf-begin---------------------------]
[INFO ] [appreadact.py line:36  ] [2020-05-10 14:37:25,680] [19652  ] [----------------------appreadact_end---------------------------]
[INFO ] [views.py     line:91  ] [2020-05-10 14:37:25,680] [19652  ] [<HttpResponse status_code=200, "text/html; charset=utf-8">]
[INFO ] [views.py     line:92  ] [2020-05-10 14:37:25,680] [19652  ] [{"respcode": "300003", "respmsg": "请登录！"}]
[INFO ] [views.py     line:95  ] [2020-05-10 14:37:25,680] [19652  ] [----------------------Admin-end---------------------------]
[INFO ] [views.py     line:96  ] [2020-05-10 14:37:25,680] [19652  ] [交易处理时间: 0:00:00.250179]
[INFO ] [views.py     line:21  ] [2020-05-10 14:37:28,716] [19652  ] [----------------------Admin-begin---------------------------]
[INFO ] [views.py     line:22  ] [2020-05-10 14:37:28,717] [19652  ] [请求:[<WSGIRequest: POST '/api/appreadact'>]]
[INFO ] [views.py     line:23  ] [2020-05-10 14:37:28,717] [19652  ] [请求path:[/api/appreadact]]
[INFO ] [views.py     line:24  ] [2020-05-10 14:37:28,717] [19652  ] [请求method:[POST]]
[INFO ] [views.py     line:25  ] [2020-05-10 14:37:28,717] [19652  ] [请求GET:[<QueryDict: {}>]]
[INFO ] [views.py     line:29  ] [2020-05-10 14:37:28,717] [19652  ] [请求full_path:[https://localhost:8000/api/appreadact]]
[INFO ] [views.py     line:35  ] [2020-05-10 14:37:28,717] [19652  ] [param1=[appreadact]]
[INFO ] [appreadact.py line:16  ] [2020-05-10 14:37:28,989] [19652  ] [----------------------appreadact_begin---------------------------]
[INFO ] [appreadact.py line:24  ] [2020-05-10 14:37:28,989] [19652  ] [trantype=[joincol]]
[INFO ] [appreadact.py line:42  ] [2020-05-10 14:37:28,989] [19652  ] [----------------------Admin-getbookinfo-begin---------------------------]
[INFO ] [appreadact.py line:85  ] [2020-05-10 14:37:29,084] [19652  ] [----------------------Admin-getbookinfo-end---------------------------]
[INFO ] [appreadact.py line:36  ] [2020-05-10 14:37:29,085] [19652  ] [----------------------appreadact_end---------------------------]
[INFO ] [views.py     line:91  ] [2020-05-10 14:37:29,085] [19652  ] [<HttpResponse status_code=200, "text/html; charset=utf-8">]
[INFO ] [views.py     line:92  ] [2020-05-10 14:37:29,085] [19652  ] [{"respcode": "000000", "respmsg": "上传成功", "trantype": "joincol", "coltext": "收藏"}]
[INFO ] [views.py     line:95  ] [2020-05-10 14:37:29,085] [19652  ] [----------------------Admin-end---------------------------]
[INFO ] [views.py     line:96  ] [2020-05-10 14:37:29,085] [19652  ] [交易处理时间: 0:00:00.369053]
[INFO ] [views.py     line:21  ] [2020-05-10 14:37:55,271] [19652  ] [----------------------Admin-begin---------------------------]
[INFO ] [views.py     line:22  ] [2020-05-10 14:37:55,272] [19652  ] [请求:[<WSGIRequest: POST '/api/appview'>]]
[INFO ] [views.py     line:23  ] [2020-05-10 14:37:55,272] [19652  ] [请求path:[/api/appview]]
[INFO ] [views.py     line:24  ] [2020-05-10 14:37:55,272] [19652  ] [请求method:[POST]]
[INFO ] [views.py     line:25  ] [2020-05-10 14:37:55,272] [19652  ] [请求GET:[<QueryDict: {}>]]
[INFO ] [views.py     line:29  ] [2020-05-10 14:37:55,272] [19652  ] [请求full_path:[https://localhost:8000/api/appview]]
[INFO ] [views.py     line:35  ] [2020-05-10 14:37:55,272] [19652  ] [param1=[appview]]
[INFO ] [appview.py   line:16  ] [2020-05-10 14:37:55,527] [19652  ] [----------------------appview_begin---------------------------]
[INFO ] [appview.py   line:24  ] [2020-05-10 14:37:55,527] [19652  ] [trantype=[getlist]]
[INFO ] [appview.py   line:42  ] [2020-05-10 14:37:55,527] [19652  ] [----------------------Admin-getfilelist-begin---------------------------]
[INFO ] [appview.py   line:106 ] [2020-05-10 14:37:55,629] [19652  ] [----------------------Admin-getfilelist-end---------------------------]
[INFO ] [appview.py   line:36  ] [2020-05-10 14:37:55,630] [19652  ] [----------------------appview_end---------------------------]
[INFO ] [views.py     line:91  ] [2020-05-10 14:37:55,630] [19652  ] [<HttpResponse status_code=200, "text/html; charset=utf-8">]
[INFO ] [views.py     line:92  ] [2020-05-10 14:37:55,630] [19652  ] [{"respcode": "000000", "respmsg": "上传成功", "trantype": "getlist", "list": []}]
[INFO ] [views.py     line:95  ] [2020-05-10 14:37:55,630] [19652  ] [----------------------Admin-end---------------------------]
[INFO ] [views.py     line:96  ] [2020-05-10 14:37:55,630] [19652  ] [交易处理时间: 0:00:00.358538]
[INFO ] [views.py     line:21  ] [2020-05-10 14:38:01,820] [19652  ] [----------------------Admin-begin---------------------------]
[INFO ] [views.py     line:22  ] [2020-05-10 14:38:01,820] [19652  ] [请求:[<WSGIRequest: POST '/api/appview'>]]
[INFO ] [views.py     line:23  ] [2020-05-10 14:38:01,820] [19652  ] [请求path:[/api/appview]]
[INFO ] [views.py     line:24  ] [2020-05-10 14:38:01,820] [19652  ] [请求method:[POST]]
[INFO ] [views.py     line:25  ] [2020-05-10 14:38:01,820] [19652  ] [请求GET:[<QueryDict: {}>]]
[INFO ] [views.py     line:29  ] [2020-05-10 14:38:01,820] [19652  ] [请求full_path:[https://localhost:8000/api/appview]]
[INFO ] [views.py     line:35  ] [2020-05-10 14:38:01,820] [19652  ] [param1=[appview]]
[INFO ] [appview.py   line:16  ] [2020-05-10 14:38:02,082] [19652  ] [----------------------appview_begin---------------------------]
[INFO ] [appview.py   line:24  ] [2020-05-10 14:38:02,082] [19652  ] [trantype=[getlist]]
[INFO ] [appview.py   line:42  ] [2020-05-10 14:38:02,082] [19652  ] [----------------------Admin-getfilelist-begin---------------------------]
[INFO ] [appview.py   line:106 ] [2020-05-10 14:38:02,251] [19652  ] [----------------------Admin-getfilelist-end---------------------------]
[INFO ] [appview.py   line:36  ] [2020-05-10 14:38:02,252] [19652  ] [----------------------appview_end---------------------------]
[INFO ] [views.py     line:91  ] [2020-05-10 14:38:02,252] [19652  ] [<HttpResponse status_code=200, "text/html; charset=utf-8">]
[INFO ] [views.py     line:92  ] [2020-05-10 14:38:02,252] [19652  ] [{"respcode": "000000", "respmsg": "上传成功", "trantype": "getlist", "list": [{"filename": "射雕英雄传.txt", "fileid": 12, "msg": null}, {"filename": "射雕（金庸）.txt", "fileid": 14, "msg": "南宋末年，金兵入侵，朝廷奸臣当道。全真派丘处机因杀死汉奸王道乾，被官兵追杀，逃到江南一个小村牛家庄，与隐居在此处的爱国义土郭啸天和杨铁心一见如故，以“靖、康”为他俩即将出生的孩子命名，并留下一对短剑作为信物..."}]}]
[INFO ] [views.py     line:95  ] [2020-05-10 14:38:02,252] [19652  ] [----------------------Admin-end---------------------------]
[INFO ] [views.py     line:96  ] [2020-05-10 14:38:02,252] [19652  ] [交易处理时间: 0:00:00.432698]
[INFO ] [views.py     line:21  ] [2020-05-10 14:38:03,935] [19652  ] [----------------------Admin-begin---------------------------]
[INFO ] [views.py     line:22  ] [2020-05-10 14:38:03,935] [19652  ] [请求:[<WSGIRequest: POST '/api/appview'>]]
[INFO ] [views.py     line:23  ] [2020-05-10 14:38:03,935] [19652  ] [请求path:[/api/appview]]
[INFO ] [views.py     line:24  ] [2020-05-10 14:38:03,935] [19652  ] [请求method:[POST]]
[INFO ] [views.py     line:25  ] [2020-05-10 14:38:03,935] [19652  ] [请求GET:[<QueryDict: {}>]]
[INFO ] [views.py     line:29  ] [2020-05-10 14:38:03,935] [19652  ] [请求full_path:[https://localhost:8000/api/appview]]
[INFO ] [views.py     line:35  ] [2020-05-10 14:38:03,935] [19652  ] [param1=[appview]]
[INFO ] [appview.py   line:16  ] [2020-05-10 14:38:04,222] [19652  ] [----------------------appview_begin---------------------------]
[INFO ] [appview.py   line:24  ] [2020-05-10 14:38:04,222] [19652  ] [trantype=[getlist]]
[INFO ] [appview.py   line:42  ] [2020-05-10 14:38:04,222] [19652  ] [----------------------Admin-getfilelist-begin---------------------------]
[INFO ] [appview.py   line:106 ] [2020-05-10 14:38:04,363] [19652  ] [----------------------Admin-getfilelist-end---------------------------]
[INFO ] [appview.py   line:36  ] [2020-05-10 14:38:04,364] [19652  ] [----------------------appview_end---------------------------]
[INFO ] [views.py     line:91  ] [2020-05-10 14:38:04,364] [19652  ] [<HttpResponse status_code=200, "text/html; charset=utf-8">]
[INFO ] [views.py     line:92  ] [2020-05-10 14:38:04,365] [19652  ] [{"respcode": "000000", "respmsg": "上传成功", "trantype": "getlist", "list": [{"filename": "射雕英雄传.txt", "fileid": 12, "msg": null, "class": "其他", "colnum": 1}, {"filename": "射雕（金庸）.txt", "fileid": 14, "msg": "南宋末年，金兵入侵，朝廷奸臣当道。全真派丘处机因杀死汉奸王道乾，被官兵追杀，逃到江南一个小村牛家庄，与隐居在此处的爱国义土郭啸天和杨铁心一见如故，以“靖、康”为他俩即将出生的孩子命名，并留下一对短剑作为信物...", "class": "小说", "colnum": 1}]}]
[INFO ] [views.py     line:95  ] [2020-05-10 14:38:04,365] [19652  ] [----------------------Admin-end---------------------------]
[INFO ] [views.py     line:96  ] [2020-05-10 14:38:04,365] [19652  ] [交易处理时间: 0:00:00.431026]
[INFO ] [views.py     line:21  ] [2020-05-10 14:38:05,584] [19652  ] [----------------------Admin-begin---------------------------]
[INFO ] [views.py     line:22  ] [2020-05-10 14:38:05,584] [19652  ] [请求:[<WSGIRequest: POST '/api/appview'>]]
[INFO ] [views.py     line:23  ] [2020-05-10 14:38:05,584] [19652  ] [请求path:[/api/appview]]
[INFO ] [views.py     line:24  ] [2020-05-10 14:38:05,585] [19652  ] [请求method:[POST]]
[INFO ] [views.py     line:25  ] [2020-05-10 14:38:05,585] [19652  ] [请求GET:[<QueryDict: {}>]]
[INFO ] [views.py     line:29  ] [2020-05-10 14:38:05,585] [19652  ] [请求full_path:[https://localhost:8000/api/appview]]
[INFO ] [views.py     line:35  ] [2020-05-10 14:38:05,585] [19652  ] [param1=[appview]]
[INFO ] [appview.py   line:16  ] [2020-05-10 14:38:05,803] [19652  ] [----------------------appview_begin---------------------------]
[INFO ] [appview.py   line:24  ] [2020-05-10 14:38:05,803] [19652  ] [trantype=[getbookinfo]]
[INFO ] [appview.py   line:112 ] [2020-05-10 14:38:05,803] [19652  ] [----------------------Admin-getbookinfo-begin---------------------------]
[INFO ] [appview.py   line:167 ] [2020-05-10 14:38:05,910] [19652  ] [----------------------Admin-getbookinfo-end---------------------------]
[INFO ] [appview.py   line:36  ] [2020-05-10 14:38:05,911] [19652  ] [----------------------appview_end---------------------------]
[INFO ] [views.py     line:91  ] [2020-05-10 14:38:05,911] [19652  ] [<HttpResponse status_code=200, "text/html; charset=utf-8">]
[INFO ] [views.py     line:92  ] [2020-05-10 14:38:05,911] [19652  ] [{"respcode": "000000", "respmsg": "上传成功", "trantype": "getbookinfo", "filename": "射雕英雄传.txt", "fileinfo": null, "coltext": "收藏", "shelftext": "已加入书架"}]
[INFO ] [views.py     line:95  ] [2020-05-10 14:38:05,911] [19652  ] [----------------------Admin-end---------------------------]
[INFO ] [views.py     line:96  ] [2020-05-10 14:38:05,911] [19652  ] [交易处理时间: 0:00:00.327569]
[INFO ] [views.py     line:21  ] [2020-05-10 14:38:12,832] [19652  ] [----------------------Admin-begin---------------------------]
[INFO ] [views.py     line:22  ] [2020-05-10 14:38:12,832] [19652  ] [请求:[<WSGIRequest: POST '/api/appview'>]]
[INFO ] [views.py     line:23  ] [2020-05-10 14:38:12,832] [19652  ] [请求path:[/api/appview]]
[INFO ] [views.py     line:24  ] [2020-05-10 14:38:12,833] [19652  ] [请求method:[POST]]
[INFO ] [views.py     line:25  ] [2020-05-10 14:38:12,833] [19652  ] [请求GET:[<QueryDict: {}>]]
[INFO ] [views.py     line:29  ] [2020-05-10 14:38:12,833] [19652  ] [请求full_path:[https://localhost:8000/api/appview]]
[INFO ] [views.py     line:35  ] [2020-05-10 14:38:12,833] [19652  ] [param1=[appview]]
[INFO ] [appview.py   line:16  ] [2020-05-10 14:38:13,073] [19652  ] [----------------------appview_begin---------------------------]
[INFO ] [appview.py   line:24  ] [2020-05-10 14:38:13,073] [19652  ] [trantype=[getlist]]
[INFO ] [appview.py   line:42  ] [2020-05-10 14:38:13,073] [19652  ] [----------------------Admin-getfilelist-begin---------------------------]
[INFO ] [appview.py   line:106 ] [2020-05-10 14:38:13,191] [19652  ] [----------------------Admin-getfilelist-end---------------------------]
[INFO ] [appview.py   line:36  ] [2020-05-10 14:38:13,192] [19652  ] [----------------------appview_end---------------------------]
[INFO ] [views.py     line:91  ] [2020-05-10 14:38:13,192] [19652  ] [<HttpResponse status_code=200, "text/html; charset=utf-8">]
[INFO ] [views.py     line:92  ] [2020-05-10 14:38:13,192] [19652  ] [{"respcode": "000000", "respmsg": "上传成功", "trantype": "getlist", "list": [{"filename": "射雕英雄传.txt", "fileid": 12, "msg": null, "class": "其他", "colnum": 1}, {"filename": "射雕（金庸）.txt", "fileid": 14, "msg": "南宋末年，金兵入侵，朝廷奸臣当道。全真派丘处机因杀死汉奸王道乾，被官兵追杀，逃到江南一个小村牛家庄，与隐居在此处的爱国义土郭啸天和杨铁心一见如故，以“靖、康”为他俩即将出生的孩子命名，并留下一对短剑作为信物...", "class": "小说", "colnum": 1}]}]
[INFO ] [views.py     line:95  ] [2020-05-10 14:38:13,192] [19652  ] [----------------------Admin-end---------------------------]
[INFO ] [views.py     line:96  ] [2020-05-10 14:38:13,192] [19652  ] [交易处理时间: 0:00:00.360477]
[INFO ] [views.py     line:21  ] [2020-05-10 14:38:14,942] [19652  ] [----------------------Admin-begin---------------------------]
[INFO ] [views.py     line:22  ] [2020-05-10 14:38:14,942] [19652  ] [请求:[<WSGIRequest: POST '/api/appview'>]]
[INFO ] [views.py     line:23  ] [2020-05-10 14:38:14,942] [19652  ] [请求path:[/api/appview]]
[INFO ] [views.py     line:24  ] [2020-05-10 14:38:14,942] [19652  ] [请求method:[POST]]
[INFO ] [views.py     line:25  ] [2020-05-10 14:38:14,943] [19652  ] [请求GET:[<QueryDict: {}>]]
[INFO ] [views.py     line:29  ] [2020-05-10 14:38:14,943] [19652  ] [请求full_path:[https://localhost:8000/api/appview]]
[INFO ] [views.py     line:35  ] [2020-05-10 14:38:14,943] [19652  ] [param1=[appview]]
[INFO ] [appview.py   line:16  ] [2020-05-10 14:38:15,202] [19652  ] [----------------------appview_begin---------------------------]
[INFO ] [appview.py   line:24  ] [2020-05-10 14:38:15,202] [19652  ] [trantype=[getbookinfo]]
[INFO ] [appview.py   line:112 ] [2020-05-10 14:38:15,203] [19652  ] [----------------------Admin-getbookinfo-begin---------------------------]
[INFO ] [appview.py   line:167 ] [2020-05-10 14:38:15,332] [19652  ] [----------------------Admin-getbookinfo-end---------------------------]
[INFO ] [appview.py   line:36  ] [2020-05-10 14:38:15,333] [19652  ] [----------------------appview_end---------------------------]
[INFO ] [views.py     line:91  ] [2020-05-10 14:38:15,333] [19652  ] [<HttpResponse status_code=200, "text/html; charset=utf-8">]
[INFO ] [views.py     line:92  ] [2020-05-10 14:38:15,333] [19652  ] [{"respcode": "000000", "respmsg": "上传成功", "trantype": "getbookinfo", "filename": "射雕（金庸）.txt", "fileinfo": "南宋末年，金兵入侵，朝廷奸臣当道。全真派丘处机因杀死汉奸王道乾，被官兵追杀，逃到江南一个小村牛家庄，与隐居在此处的爱国义土郭啸天和杨铁心一见如故，以“靖、康”为他俩即将出生的孩子命名，并留下一对短剑作为信物...", "coltext": "收藏", "shelftext": "已加入书架"}]
[INFO ] [views.py     line:95  ] [2020-05-10 14:38:15,333] [19652  ] [----------------------Admin-end---------------------------]
[INFO ] [views.py     line:96  ] [2020-05-10 14:38:15,333] [19652  ] [交易处理时间: 0:00:00.391239]
[INFO ] [views.py     line:21  ] [2020-05-10 14:44:36,315] [19652  ] [----------------------Admin-begin---------------------------]
[INFO ] [views.py     line:22  ] [2020-05-10 14:44:36,315] [19652  ] [请求:[<WSGIRequest: POST '/api/appview'>]]
[INFO ] [views.py     line:23  ] [2020-05-10 14:44:36,315] [19652  ] [请求path:[/api/appview]]
[INFO ] [views.py     line:24  ] [2020-05-10 14:44:36,316] [19652  ] [请求method:[POST]]
[INFO ] [views.py     line:25  ] [2020-05-10 14:44:36,316] [19652  ] [请求GET:[<QueryDict: {}>]]
[INFO ] [views.py     line:29  ] [2020-05-10 14:44:36,316] [19652  ] [请求full_path:[https://localhost:8000/api/appview]]
[INFO ] [views.py     line:35  ] [2020-05-10 14:44:36,316] [19652  ] [param1=[appview]]
[INFO ] [appview.py   line:16  ] [2020-05-10 14:44:36,557] [19652  ] [----------------------appview_begin---------------------------]
[INFO ] [appview.py   line:24  ] [2020-05-10 14:44:36,557] [19652  ] [trantype=[getbookinfo]]
[INFO ] [appview.py   line:112 ] [2020-05-10 14:44:36,557] [19652  ] [----------------------Admin-getbookinfo-begin---------------------------]
[INFO ] [appview.py   line:167 ] [2020-05-10 14:44:36,678] [19652  ] [----------------------Admin-getbookinfo-end---------------------------]
[INFO ] [appview.py   line:36  ] [2020-05-10 14:44:36,679] [19652  ] [----------------------appview_end---------------------------]
[INFO ] [views.py     line:91  ] [2020-05-10 14:44:36,679] [19652  ] [<HttpResponse status_code=200, "text/html; charset=utf-8">]
[INFO ] [views.py     line:92  ] [2020-05-10 14:44:36,679] [19652  ] [{"respcode": "000000", "respmsg": "上传成功", "trantype": "getbookinfo", "filename": "射雕（金庸）.txt", "fileinfo": "南宋末年，金兵入侵，朝廷奸臣当道。全真派丘处机因杀死汉奸王道乾，被官兵追杀，逃到江南一个小村牛家庄，与隐居在此处的爱国义土郭啸天和杨铁心一见如故，以“靖、康”为他俩即将出生的孩子命名，并留下一对短剑作为信物...", "coltext": "收藏", "shelftext": "已加入书架"}]
[INFO ] [views.py     line:95  ] [2020-05-10 14:44:36,679] [19652  ] [----------------------Admin-end---------------------------]
[INFO ] [views.py     line:96  ] [2020-05-10 14:44:36,679] [19652  ] [交易处理时间: 0:00:00.363474]
[INFO ] [views.py     line:21  ] [2020-05-10 14:44:36,945] [19652  ] [----------------------Admin-begin---------------------------]
[INFO ] [views.py     line:22  ] [2020-05-10 14:44:36,945] [19652  ] [请求:[<WSGIRequest: POST '/api/appview'>]]
[INFO ] [views.py     line:23  ] [2020-05-10 14:44:36,945] [19652  ] [请求path:[/api/appview]]
[INFO ] [views.py     line:24  ] [2020-05-10 14:44:36,945] [19652  ] [请求method:[POST]]
[INFO ] [views.py     line:25  ] [2020-05-10 14:44:36,945] [19652  ] [请求GET:[<QueryDict: {}>]]
[INFO ] [views.py     line:29  ] [2020-05-10 14:44:36,945] [19652  ] [请求full_path:[https://localhost:8000/api/appview]]
[INFO ] [views.py     line:35  ] [2020-05-10 14:44:36,945] [19652  ] [param1=[appview]]
[INFO ] [appview.py   line:16  ] [2020-05-10 14:44:37,212] [19652  ] [----------------------appview_begin---------------------------]
[INFO ] [appview.py   line:24  ] [2020-05-10 14:44:37,213] [19652  ] [trantype=[getlist]]
[INFO ] [appview.py   line:42  ] [2020-05-10 14:44:37,213] [19652  ] [----------------------Admin-getfilelist-begin---------------------------]
[INFO ] [appview.py   line:106 ] [2020-05-10 14:44:37,352] [19652  ] [----------------------Admin-getfilelist-end---------------------------]
[INFO ] [appview.py   line:36  ] [2020-05-10 14:44:37,353] [19652  ] [----------------------appview_end---------------------------]
[INFO ] [views.py     line:91  ] [2020-05-10 14:44:37,353] [19652  ] [<HttpResponse status_code=200, "text/html; charset=utf-8">]
[INFO ] [views.py     line:92  ] [2020-05-10 14:44:37,353] [19652  ] [{"respcode": "000000", "respmsg": "上传成功", "trantype": "getlist", "list": [{"filename": "射雕英雄传.txt", "fileid": 12, "msg": null, "class": "其他", "colnum": 1}, {"filename": "射雕（金庸）.txt", "fileid": 14, "msg": "南宋末年，金兵入侵，朝廷奸臣当道。全真派丘处机因杀死汉奸王道乾，被官兵追杀，逃到江南一个小村牛家庄，与隐居在此处的爱国义土郭啸天和杨铁心一见如故，以“靖、康”为他俩即将出生的孩子命名，并留下一对短剑作为信物...", "class": "小说", "colnum": 1}]}]
[INFO ] [views.py     line:95  ] [2020-05-10 14:44:37,353] [19652  ] [----------------------Admin-end---------------------------]
[INFO ] [views.py     line:96  ] [2020-05-10 14:44:37,354] [19652  ] [交易处理时间: 0:00:00.410148]
[INFO ] [views.py     line:21  ] [2020-05-10 14:44:37,474] [19652  ] [----------------------Admin-begin---------------------------]
[INFO ] [views.py     line:22  ] [2020-05-10 14:44:37,474] [19652  ] [请求:[<WSGIRequest: POST '/api/appview'>]]
[INFO ] [views.py     line:23  ] [2020-05-10 14:44:37,474] [19652  ] [请求path:[/api/appview]]
[INFO ] [views.py     line:24  ] [2020-05-10 14:44:37,474] [19652  ] [请求method:[POST]]
[INFO ] [views.py     line:25  ] [2020-05-10 14:44:37,474] [19652  ] [请求GET:[<QueryDict: {}>]]
[INFO ] [views.py     line:29  ] [2020-05-10 14:44:37,474] [19652  ] [请求full_path:[https://localhost:8000/api/appview]]
[INFO ] [views.py     line:35  ] [2020-05-10 14:44:37,474] [19652  ] [param1=[appview]]
[INFO ] [appview.py   line:16  ] [2020-05-10 14:44:37,763] [19652  ] [----------------------appview_begin---------------------------]
[INFO ] [appview.py   line:24  ] [2020-05-10 14:44:37,763] [19652  ] [trantype=[getlist]]
[INFO ] [appview.py   line:42  ] [2020-05-10 14:44:37,763] [19652  ] [----------------------Admin-getfilelist-begin---------------------------]
[INFO ] [appview.py   line:106 ] [2020-05-10 14:44:37,938] [19652  ] [----------------------Admin-getfilelist-end---------------------------]
[INFO ] [appview.py   line:36  ] [2020-05-10 14:44:37,939] [19652  ] [----------------------appview_end---------------------------]
[INFO ] [views.py     line:91  ] [2020-05-10 14:44:37,939] [19652  ] [<HttpResponse status_code=200, "text/html; charset=utf-8">]
[INFO ] [views.py     line:92  ] [2020-05-10 14:44:37,939] [19652  ] [{"respcode": "000000", "respmsg": "上传成功", "trantype": "getlist", "list": [{"filename": "射雕英雄传.txt", "fileid": 12, "msg": null}, {"filename": "射雕（金庸）.txt", "fileid": 14, "msg": "南宋末年，金兵入侵，朝廷奸臣当道。全真派丘处机因杀死汉奸王道乾，被官兵追杀，逃到江南一个小村牛家庄，与隐居在此处的爱国义土郭啸天和杨铁心一见如故，以“靖、康”为他俩即将出生的孩子命名，并留下一对短剑作为信物..."}]}]
[INFO ] [views.py     line:95  ] [2020-05-10 14:44:37,940] [19652  ] [----------------------Admin-end---------------------------]
[INFO ] [views.py     line:96  ] [2020-05-10 14:44:37,940] [19652  ] [交易处理时间: 0:00:00.466934]
[INFO ] [views.py     line:21  ] [2020-05-10 14:44:43,295] [19652  ] [----------------------Admin-begin---------------------------]
[INFO ] [views.py     line:22  ] [2020-05-10 14:44:43,295] [19652  ] [请求:[<WSGIRequest: POST '/api/appview'>]]
[INFO ] [views.py     line:23  ] [2020-05-10 14:44:43,296] [19652  ] [请求path:[/api/appview]]
[INFO ] [views.py     line:24  ] [2020-05-10 14:44:43,296] [19652  ] [请求method:[POST]]
[INFO ] [views.py     line:25  ] [2020-05-10 14:44:43,296] [19652  ] [请求GET:[<QueryDict: {}>]]
[INFO ] [views.py     line:29  ] [2020-05-10 14:44:43,296] [19652  ] [请求full_path:[https://localhost:8000/api/appview]]
[INFO ] [views.py     line:35  ] [2020-05-10 14:44:43,296] [19652  ] [param1=[appview]]
[INFO ] [appview.py   line:16  ] [2020-05-10 14:44:43,630] [19652  ] [----------------------appview_begin---------------------------]
[INFO ] [appview.py   line:24  ] [2020-05-10 14:44:43,630] [19652  ] [trantype=[getlist]]
[INFO ] [appview.py   line:42  ] [2020-05-10 14:44:43,630] [19652  ] [----------------------Admin-getfilelist-begin---------------------------]
[INFO ] [appview.py   line:106 ] [2020-05-10 14:44:43,875] [19652  ] [----------------------Admin-getfilelist-end---------------------------]
[INFO ] [appview.py   line:36  ] [2020-05-10 14:44:43,875] [19652  ] [----------------------appview_end---------------------------]
[INFO ] [views.py     line:91  ] [2020-05-10 14:44:43,875] [19652  ] [<HttpResponse status_code=200, "text/html; charset=utf-8">]
[INFO ] [views.py     line:92  ] [2020-05-10 14:44:43,876] [19652  ] [{"respcode": "000000", "respmsg": "上传成功", "trantype": "getlist", "list": [{"filename": "射雕英雄传.txt", "fileid": 12, "msg": null}, {"filename": "射雕（金庸）.txt", "fileid": 14, "msg": "南宋末年，金兵入侵，朝廷奸臣当道。全真派丘处机因杀死汉奸王道乾，被官兵追杀，逃到江南一个小村牛家庄，与隐居在此处的爱国义土郭啸天和杨铁心一见如故，以“靖、康”为他俩即将出生的孩子命名，并留下一对短剑作为信物..."}]}]
[INFO ] [views.py     line:95  ] [2020-05-10 14:44:43,876] [19652  ] [----------------------Admin-end---------------------------]
[INFO ] [views.py     line:96  ] [2020-05-10 14:44:43,876] [19652  ] [交易处理时间: 0:00:00.582022]
[INFO ] [views.py     line:21  ] [2020-05-10 14:44:45,047] [19652  ] [----------------------Admin-begin---------------------------]
[INFO ] [views.py     line:22  ] [2020-05-10 14:44:45,047] [19652  ] [请求:[<WSGIRequest: POST '/api/appview'>]]
[INFO ] [views.py     line:23  ] [2020-05-10 14:44:45,047] [19652  ] [请求path:[/api/appview]]
[INFO ] [views.py     line:24  ] [2020-05-10 14:44:45,047] [19652  ] [请求method:[POST]]
[INFO ] [views.py     line:25  ] [2020-05-10 14:44:45,047] [19652  ] [请求GET:[<QueryDict: {}>]]
[INFO ] [views.py     line:29  ] [2020-05-10 14:44:45,047] [19652  ] [请求full_path:[https://localhost:8000/api/appview]]
[INFO ] [views.py     line:35  ] [2020-05-10 14:44:45,047] [19652  ] [param1=[appview]]
[INFO ] [appview.py   line:16  ] [2020-05-10 14:44:45,514] [19652  ] [----------------------appview_begin---------------------------]
[INFO ] [appview.py   line:24  ] [2020-05-10 14:44:45,514] [19652  ] [trantype=[getlist]]
[INFO ] [appview.py   line:42  ] [2020-05-10 14:44:45,515] [19652  ] [----------------------Admin-getfilelist-begin---------------------------]
[INFO ] [appview.py   line:106 ] [2020-05-10 14:44:45,729] [19652  ] [----------------------Admin-getfilelist-end---------------------------]
[INFO ] [appview.py   line:36  ] [2020-05-10 14:44:45,730] [19652  ] [----------------------appview_end---------------------------]
[INFO ] [views.py     line:91  ] [2020-05-10 14:44:45,730] [19652  ] [<HttpResponse status_code=200, "text/html; charset=utf-8">]
[INFO ] [views.py     line:92  ] [2020-05-10 14:44:45,730] [19652  ] [{"respcode": "000000", "respmsg": "上传成功", "trantype": "getlist", "list": [{"filename": "射雕英雄传.txt", "fileid": 12, "msg": null, "class": "其他", "colnum": 1}, {"filename": "射雕（金庸）.txt", "fileid": 14, "msg": "南宋末年，金兵入侵，朝廷奸臣当道。全真派丘处机因杀死汉奸王道乾，被官兵追杀，逃到江南一个小村牛家庄，与隐居在此处的爱国义土郭啸天和杨铁心一见如故，以“靖、康”为他俩即将出生的孩子命名，并留下一对短剑作为信物...", "class": "小说", "colnum": 1}]}]
[INFO ] [views.py     line:95  ] [2020-05-10 14:44:45,730] [19652  ] [----------------------Admin-end---------------------------]
[INFO ] [views.py     line:96  ] [2020-05-10 14:44:45,731] [19652  ] [交易处理时间: 0:00:00.685263]
[INFO ] [views.py     line:21  ] [2020-05-10 14:44:48,341] [19652  ] [----------------------Admin-begin---------------------------]
[INFO ] [views.py     line:22  ] [2020-05-10 14:44:48,341] [19652  ] [请求:[<WSGIRequest: POST '/api/appview'>]]
[INFO ] [views.py     line:23  ] [2020-05-10 14:44:48,341] [19652  ] [请求path:[/api/appview]]
[INFO ] [views.py     line:24  ] [2020-05-10 14:44:48,341] [19652  ] [请求method:[POST]]
[INFO ] [views.py     line:25  ] [2020-05-10 14:44:48,341] [19652  ] [请求GET:[<QueryDict: {}>]]
[INFO ] [views.py     line:29  ] [2020-05-10 14:44:48,341] [19652  ] [请求full_path:[https://localhost:8000/api/appview]]
[INFO ] [views.py     line:35  ] [2020-05-10 14:44:48,341] [19652  ] [param1=[appview]]
[INFO ] [appview.py   line:16  ] [2020-05-10 14:44:48,721] [19652  ] [----------------------appview_begin---------------------------]
[INFO ] [appview.py   line:24  ] [2020-05-10 14:44:48,721] [19652  ] [trantype=[getlist]]
[INFO ] [appview.py   line:42  ] [2020-05-10 14:44:48,721] [19652  ] [----------------------Admin-getfilelist-begin---------------------------]
[INFO ] [appview.py   line:106 ] [2020-05-10 14:44:48,967] [19652  ] [----------------------Admin-getfilelist-end---------------------------]
[INFO ] [appview.py   line:36  ] [2020-05-10 14:44:48,968] [19652  ] [----------------------appview_end---------------------------]
[INFO ] [views.py     line:91  ] [2020-05-10 14:44:48,968] [19652  ] [<HttpResponse status_code=200, "text/html; charset=utf-8">]
[INFO ] [views.py     line:92  ] [2020-05-10 14:44:48,968] [19652  ] [{"respcode": "000000", "respmsg": "上传成功", "trantype": "getlist", "list": [{"filename": "射雕英雄传.txt", "fileid": 12, "msg": null}, {"filename": "射雕（金庸）.txt", "fileid": 14, "msg": "南宋末年，金兵入侵，朝廷奸臣当道。全真派丘处机因杀死汉奸王道乾，被官兵追杀，逃到江南一个小村牛家庄，与隐居在此处的爱国义土郭啸天和杨铁心一见如故，以“靖、康”为他俩即将出生的孩子命名，并留下一对短剑作为信物..."}]}]
[INFO ] [views.py     line:95  ] [2020-05-10 14:44:48,968] [19652  ] [----------------------Admin-end---------------------------]
[INFO ] [views.py     line:96  ] [2020-05-10 14:44:48,968] [19652  ] [交易处理时间: 0:00:00.628105]
[INFO ] [views.py     line:21  ] [2020-05-10 14:44:53,515] [19652  ] [----------------------Admin-begin---------------------------]
[INFO ] [views.py     line:22  ] [2020-05-10 14:44:53,515] [19652  ] [请求:[<WSGIRequest: POST '/api/appview'>]]
[INFO ] [views.py     line:23  ] [2020-05-10 14:44:53,515] [19652  ] [请求path:[/api/appview]]
[INFO ] [views.py     line:24  ] [2020-05-10 14:44:53,515] [19652  ] [请求method:[POST]]
[INFO ] [views.py     line:25  ] [2020-05-10 14:44:53,515] [19652  ] [请求GET:[<QueryDict: {}>]]
[INFO ] [views.py     line:29  ] [2020-05-10 14:44:53,515] [19652  ] [请求full_path:[https://localhost:8000/api/appview]]
[INFO ] [views.py     line:35  ] [2020-05-10 14:44:53,515] [19652  ] [param1=[appview]]
[INFO ] [appview.py   line:16  ] [2020-05-10 14:44:53,924] [19652  ] [----------------------appview_begin---------------------------]
[INFO ] [appview.py   line:24  ] [2020-05-10 14:44:53,924] [19652  ] [trantype=[getlist]]
[INFO ] [appview.py   line:42  ] [2020-05-10 14:44:53,924] [19652  ] [----------------------Admin-getfilelist-begin---------------------------]
[INFO ] [appview.py   line:106 ] [2020-05-10 14:44:54,064] [19652  ] [----------------------Admin-getfilelist-end---------------------------]
[INFO ] [appview.py   line:36  ] [2020-05-10 14:44:54,066] [19652  ] [----------------------appview_end---------------------------]
[INFO ] [views.py     line:91  ] [2020-05-10 14:44:54,066] [19652  ] [<HttpResponse status_code=200, "text/html; charset=utf-8">]
[INFO ] [views.py     line:92  ] [2020-05-10 14:44:54,066] [19652  ] [{"respcode": "000000", "respmsg": "上传成功", "trantype": "getlist", "list": []}]
[INFO ] [views.py     line:95  ] [2020-05-10 14:44:54,066] [19652  ] [----------------------Admin-end---------------------------]
[INFO ] [views.py     line:96  ] [2020-05-10 14:44:54,066] [19652  ] [交易处理时间: 0:00:00.552627]
[INFO ] [views.py     line:21  ] [2020-05-10 14:45:10,072] [19652  ] [----------------------Admin-begin---------------------------]
[INFO ] [views.py     line:22  ] [2020-05-10 14:45:10,072] [19652  ] [请求:[<WSGIRequest: POST '/api/useract'>]]
[INFO ] [views.py     line:23  ] [2020-05-10 14:45:10,072] [19652  ] [请求path:[/api/useract]]
[INFO ] [views.py     line:24  ] [2020-05-10 14:45:10,072] [19652  ] [请求method:[POST]]
[INFO ] [views.py     line:25  ] [2020-05-10 14:45:10,072] [19652  ] [请求GET:[<QueryDict: {}>]]
[INFO ] [views.py     line:29  ] [2020-05-10 14:45:10,072] [19652  ] [请求full_path:[https://localhost:8000/api/useract]]
[INFO ] [views.py     line:35  ] [2020-05-10 14:45:10,073] [19652  ] [param1=[useract]]
[INFO ] [useract.py   line:14  ] [2020-05-10 14:45:10,478] [19652  ] [----------------------useract_begin---------------------------]
[INFO ] [useract.py   line:22  ] [2020-05-10 14:45:10,478] [19652  ] [trantype=[login]]
[INFO ] [useract.py   line:44  ] [2020-05-10 14:45:10,478] [19652  ] [----------------------Admin-login-begin---------------------------]
[INFO ] [useract.py   line:76  ] [2020-05-10 14:45:10,679] [19652  ] [----------------------Admin-login-end---------------------------]
[INFO ] [useract.py   line:34  ] [2020-05-10 14:45:10,681] [19652  ] [----------------------useract_end---------------------------]
[INFO ] [views.py     line:91  ] [2020-05-10 14:45:10,681] [19652  ] [<HttpResponse status_code=200, "text/html; charset=utf-8">]
[INFO ] [views.py     line:92  ] [2020-05-10 14:45:10,682] [19652  ] [{"respcode": "000000", "respmsg": "登录成功！", "trantype": "login", "uid": 18}]
[INFO ] [views.py     line:95  ] [2020-05-10 14:45:10,682] [19652  ] [----------------------Admin-end---------------------------]
[INFO ] [views.py     line:96  ] [2020-05-10 14:45:10,682] [19652  ] [交易处理时间: 0:00:00.610462]
[INFO ] [views.py     line:21  ] [2020-05-10 14:45:16,210] [19652  ] [----------------------Admin-begin---------------------------]
[INFO ] [views.py     line:22  ] [2020-05-10 14:45:16,210] [19652  ] [请求:[<WSGIRequest: POST '/api/appview'>]]
[INFO ] [views.py     line:23  ] [2020-05-10 14:45:16,210] [19652  ] [请求path:[/api/appview]]
[INFO ] [views.py     line:24  ] [2020-05-10 14:45:16,210] [19652  ] [请求method:[POST]]
[INFO ] [views.py     line:25  ] [2020-05-10 14:45:16,210] [19652  ] [请求GET:[<QueryDict: {}>]]
[INFO ] [views.py     line:29  ] [2020-05-10 14:45:16,210] [19652  ] [请求full_path:[https://localhost:8000/api/appview]]
[INFO ] [views.py     line:35  ] [2020-05-10 14:45:16,210] [19652  ] [param1=[appview]]
[INFO ] [appview.py   line:16  ] [2020-05-10 14:45:16,559] [19652  ] [----------------------appview_begin---------------------------]
[INFO ] [appview.py   line:24  ] [2020-05-10 14:45:16,559] [19652  ] [trantype=[getlist]]
[INFO ] [appview.py   line:42  ] [2020-05-10 14:45:16,559] [19652  ] [----------------------Admin-getfilelist-begin---------------------------]
[INFO ] [appview.py   line:106 ] [2020-05-10 14:45:16,821] [19652  ] [----------------------Admin-getfilelist-end---------------------------]
[INFO ] [appview.py   line:36  ] [2020-05-10 14:45:16,822] [19652  ] [----------------------appview_end---------------------------]
[INFO ] [views.py     line:91  ] [2020-05-10 14:45:16,822] [19652  ] [<HttpResponse status_code=200, "text/html; charset=utf-8">]
[INFO ] [views.py     line:92  ] [2020-05-10 14:45:16,822] [19652  ] [{"respcode": "000000", "respmsg": "上传成功", "trantype": "getlist", "list": [{"filename": "射雕英雄传.txt", "fileid": 12, "msg": null}, {"filename": "倚天屠龙记.txt", "fileid": 11, "msg": null}, {"filename": "射雕（金庸）.txt", "fileid": 14, "msg": "南宋末年，金兵入侵，朝廷奸臣当道。全真派丘处机因杀死汉奸王道乾，被官兵追杀，逃到江南一个小村牛家庄，与隐居在此处的爱国义土郭啸天和杨铁心一见如故，以“靖、康”为他俩即将出生的孩子命名，并留下一对短剑作为信物..."}]}]
[INFO ] [views.py     line:95  ] [2020-05-10 14:45:16,823] [19652  ] [----------------------Admin-end---------------------------]
[INFO ] [views.py     line:96  ] [2020-05-10 14:45:16,823] [19652  ] [交易处理时间: 0:00:00.614069]
[INFO ] [views.py     line:21  ] [2020-05-10 14:45:19,740] [19652  ] [----------------------Admin-begin---------------------------]
[INFO ] [views.py     line:22  ] [2020-05-10 14:45:19,740] [19652  ] [请求:[<WSGIRequest: POST '/api/appview'>]]
[INFO ] [views.py     line:23  ] [2020-05-10 14:45:19,740] [19652  ] [请求path:[/api/appview]]
[INFO ] [views.py     line:24  ] [2020-05-10 14:45:19,740] [19652  ] [请求method:[POST]]
[INFO ] [views.py     line:25  ] [2020-05-10 14:45:19,741] [19652  ] [请求GET:[<QueryDict: {}>]]
[INFO ] [views.py     line:29  ] [2020-05-10 14:45:19,741] [19652  ] [请求full_path:[https://localhost:8000/api/appview]]
[INFO ] [views.py     line:35  ] [2020-05-10 14:45:19,741] [19652  ] [param1=[appview]]
[INFO ] [appview.py   line:16  ] [2020-05-10 14:45:20,148] [19652  ] [----------------------appview_begin---------------------------]
[INFO ] [appview.py   line:24  ] [2020-05-10 14:45:20,148] [19652  ] [trantype=[getlist]]
[INFO ] [appview.py   line:42  ] [2020-05-10 14:45:20,148] [19652  ] [----------------------Admin-getfilelist-begin---------------------------]
[INFO ] [appview.py   line:106 ] [2020-05-10 14:45:20,443] [19652  ] [----------------------Admin-getfilelist-end---------------------------]
[INFO ] [appview.py   line:36  ] [2020-05-10 14:45:20,444] [19652  ] [----------------------appview_end---------------------------]
[INFO ] [views.py     line:91  ] [2020-05-10 14:45:20,444] [19652  ] [<HttpResponse status_code=200, "text/html; charset=utf-8">]
[INFO ] [views.py     line:92  ] [2020-05-10 14:45:20,445] [19652  ] [{"respcode": "000000", "respmsg": "上传成功", "trantype": "getlist", "list": [{"filename": "倚天屠龙记.txt", "fileid": 11, "class": "其他", "colnum": 0, "status": "未共享"}, {"filename": "射雕英雄传.txt", "fileid": 12, "class": "其他", "colnum": 1, "status": "已共享"}, {"filename": "射雕英雄传.docx", "fileid": 13, "class": "其他", "colnum": 0, "status": "未共享"}]}]
[INFO ] [views.py     line:95  ] [2020-05-10 14:45:20,445] [19652  ] [----------------------Admin-end---------------------------]
[INFO ] [views.py     line:96  ] [2020-05-10 14:45:20,445] [19652  ] [交易处理时间: 0:00:00.704793]
[INFO ] [views.py     line:21  ] [2020-05-10 15:15:56,347] [19652  ] [----------------------Admin-begin---------------------------]
[INFO ] [views.py     line:22  ] [2020-05-10 15:15:56,347] [19652  ] [请求:[<WSGIRequest: POST '/api/appview'>]]
[INFO ] [views.py     line:23  ] [2020-05-10 15:15:56,347] [19652  ] [请求path:[/api/appview]]
[INFO ] [views.py     line:24  ] [2020-05-10 15:15:56,347] [19652  ] [请求method:[POST]]
[INFO ] [views.py     line:25  ] [2020-05-10 15:15:56,347] [19652  ] [请求GET:[<QueryDict: {}>]]
[INFO ] [views.py     line:29  ] [2020-05-10 15:15:56,347] [19652  ] [请求full_path:[https://localhost:8000/api/appview]]
[INFO ] [views.py     line:35  ] [2020-05-10 15:15:56,347] [19652  ] [param1=[appview]]
[INFO ] [appview.py   line:16  ] [2020-05-10 15:15:56,617] [19652  ] [----------------------appview_begin---------------------------]
[INFO ] [appview.py   line:24  ] [2020-05-10 15:15:56,617] [19652  ] [trantype=[getlist]]
[INFO ] [appview.py   line:42  ] [2020-05-10 15:15:56,617] [19652  ] [----------------------Admin-getfilelist-begin---------------------------]
[INFO ] [appview.py   line:106 ] [2020-05-10 15:15:56,755] [19652  ] [----------------------Admin-getfilelist-end---------------------------]
[INFO ] [appview.py   line:36  ] [2020-05-10 15:15:56,757] [19652  ] [----------------------appview_end---------------------------]
[INFO ] [views.py     line:91  ] [2020-05-10 15:15:56,757] [19652  ] [<HttpResponse status_code=200, "text/html; charset=utf-8">]
[INFO ] [views.py     line:92  ] [2020-05-10 15:15:56,757] [19652  ] [{"respcode": "000000", "respmsg": "上传成功", "trantype": "getlist", "list": [{"filename": "射雕英雄传.txt", "fileid": 12, "msg": null, "class": "其他", "colnum": 1}, {"filename": "射雕（金庸）.txt", "fileid": 14, "msg": "南宋末年，金兵入侵，朝廷奸臣当道。全真派丘处机因杀死汉奸王道乾，被官兵追杀，逃到江南一个小村牛家庄，与隐居在此处的爱国义土郭啸天和杨铁心一见如故，以“靖、康”为他俩即将出生的孩子命名，并留下一对短剑作为信物...", "class": "小说", "colnum": 1}]}]
[INFO ] [views.py     line:95  ] [2020-05-10 15:15:56,757] [19652  ] [----------------------Admin-end---------------------------]
[INFO ] [views.py     line:96  ] [2020-05-10 15:15:56,757] [19652  ] [交易处理时间: 0:00:00.410104]
[INFO ] [views.py     line:21  ] [2020-05-10 15:16:11,337] [19652  ] [----------------------Admin-begin---------------------------]
[INFO ] [views.py     line:22  ] [2020-05-10 15:16:11,337] [19652  ] [请求:[<WSGIRequest: POST '/api/appview'>]]
[INFO ] [views.py     line:23  ] [2020-05-10 15:16:11,337] [19652  ] [请求path:[/api/appview]]
[INFO ] [views.py     line:24  ] [2020-05-10 15:16:11,338] [19652  ] [请求method:[POST]]
[INFO ] [views.py     line:25  ] [2020-05-10 15:16:11,338] [19652  ] [请求GET:[<QueryDict: {}>]]
[INFO ] [views.py     line:29  ] [2020-05-10 15:16:11,338] [19652  ] [请求full_path:[https://localhost:8000/api/appview]]
[INFO ] [views.py     line:35  ] [2020-05-10 15:16:11,338] [19652  ] [param1=[appview]]
[INFO ] [appview.py   line:16  ] [2020-05-10 15:16:11,580] [19652  ] [----------------------appview_begin---------------------------]
[INFO ] [appview.py   line:24  ] [2020-05-10 15:16:11,580] [19652  ] [trantype=[getlist]]
[INFO ] [appview.py   line:42  ] [2020-05-10 15:16:11,580] [19652  ] [----------------------Admin-getfilelist-begin---------------------------]
[INFO ] [appview.py   line:106 ] [2020-05-10 15:16:11,711] [19652  ] [----------------------Admin-getfilelist-end---------------------------]
[INFO ] [appview.py   line:36  ] [2020-05-10 15:16:11,712] [19652  ] [----------------------appview_end---------------------------]
[INFO ] [views.py     line:91  ] [2020-05-10 15:16:11,712] [19652  ] [<HttpResponse status_code=200, "text/html; charset=utf-8">]
[INFO ] [views.py     line:92  ] [2020-05-10 15:16:11,712] [19652  ] [{"respcode": "000000", "respmsg": "上传成功", "trantype": "getlist", "list": [{"filename": "射雕英雄传.txt", "fileid": 12, "msg": null, "class": "其他", "colnum": 1}, {"filename": "射雕（金庸）.txt", "fileid": 14, "msg": "南宋末年，金兵入侵，朝廷奸臣当道。全真派丘处机因杀死汉奸王道乾，被官兵追杀，逃到江南一个小村牛家庄，与隐居在此处的爱国义土郭啸天和杨铁心一见如故，以“靖、康”为他俩即将出生的孩子命名，并留下一对短剑作为信物...", "class": "小说", "colnum": 1}]}]
[INFO ] [views.py     line:95  ] [2020-05-10 15:16:11,712] [19652  ] [----------------------Admin-end---------------------------]
[INFO ] [views.py     line:96  ] [2020-05-10 15:16:11,713] [19652  ] [交易处理时间: 0:00:00.377414]
[INFO ] [views.py     line:21  ] [2020-05-10 15:16:12,397] [19652  ] [----------------------Admin-begin---------------------------]
[INFO ] [views.py     line:22  ] [2020-05-10 15:16:12,397] [19652  ] [请求:[<WSGIRequest: POST '/api/appview'>]]
[INFO ] [views.py     line:23  ] [2020-05-10 15:16:12,397] [19652  ] [请求path:[/api/appview]]
[INFO ] [views.py     line:24  ] [2020-05-10 15:16:12,397] [19652  ] [请求method:[POST]]
[INFO ] [views.py     line:25  ] [2020-05-10 15:16:12,397] [19652  ] [请求GET:[<QueryDict: {}>]]
[INFO ] [views.py     line:29  ] [2020-05-10 15:16:12,397] [19652  ] [请求full_path:[https://localhost:8000/api/appview]]
[INFO ] [views.py     line:35  ] [2020-05-10 15:16:12,397] [19652  ] [param1=[appview]]
[INFO ] [appview.py   line:16  ] [2020-05-10 15:16:12,627] [19652  ] [----------------------appview_begin---------------------------]
[INFO ] [appview.py   line:24  ] [2020-05-10 15:16:12,627] [19652  ] [trantype=[getlist]]
[INFO ] [appview.py   line:42  ] [2020-05-10 15:16:12,627] [19652  ] [----------------------Admin-getfilelist-begin---------------------------]
[INFO ] [appview.py   line:106 ] [2020-05-10 15:16:12,788] [19652  ] [----------------------Admin-getfilelist-end---------------------------]
[INFO ] [appview.py   line:36  ] [2020-05-10 15:16:12,789] [19652  ] [----------------------appview_end---------------------------]
[INFO ] [views.py     line:91  ] [2020-05-10 15:16:12,789] [19652  ] [<HttpResponse status_code=200, "text/html; charset=utf-8">]
[INFO ] [views.py     line:92  ] [2020-05-10 15:16:12,789] [19652  ] [{"respcode": "000000", "respmsg": "上传成功", "trantype": "getlist", "list": [{"filename": "射雕英雄传.txt", "fileid": 12, "msg": null}, {"filename": "倚天屠龙记.txt", "fileid": 11, "msg": null}, {"filename": "射雕（金庸）.txt", "fileid": 14, "msg": "南宋末年，金兵入侵，朝廷奸臣当道。全真派丘处机因杀死汉奸王道乾，被官兵追杀，逃到江南一个小村牛家庄，与隐居在此处的爱国义土郭啸天和杨铁心一见如故，以“靖、康”为他俩即将出生的孩子命名，并留下一对短剑作为信物..."}]}]
[INFO ] [views.py     line:95  ] [2020-05-10 15:16:12,789] [19652  ] [----------------------Admin-end---------------------------]
[INFO ] [views.py     line:96  ] [2020-05-10 15:16:12,789] [19652  ] [交易处理时间: 0:00:00.392435]
[INFO ] [views.py     line:21  ] [2020-05-10 15:16:13,696] [19652  ] [----------------------Admin-begin---------------------------]
[INFO ] [views.py     line:22  ] [2020-05-10 15:16:13,696] [19652  ] [请求:[<WSGIRequest: POST '/api/appview'>]]
[INFO ] [views.py     line:23  ] [2020-05-10 15:16:13,697] [19652  ] [请求path:[/api/appview]]
[INFO ] [views.py     line:24  ] [2020-05-10 15:16:13,697] [19652  ] [请求method:[POST]]
[INFO ] [views.py     line:25  ] [2020-05-10 15:16:13,697] [19652  ] [请求GET:[<QueryDict: {}>]]
[INFO ] [views.py     line:29  ] [2020-05-10 15:16:13,697] [19652  ] [请求full_path:[https://localhost:8000/api/appview]]
[INFO ] [views.py     line:35  ] [2020-05-10 15:16:13,697] [19652  ] [param1=[appview]]
[INFO ] [appview.py   line:16  ] [2020-05-10 15:16:14,095] [19652  ] [----------------------appview_begin---------------------------]
[INFO ] [appview.py   line:24  ] [2020-05-10 15:16:14,095] [19652  ] [trantype=[getlist]]
[INFO ] [appview.py   line:42  ] [2020-05-10 15:16:14,096] [19652  ] [----------------------Admin-getfilelist-begin---------------------------]
[INFO ] [appview.py   line:106 ] [2020-05-10 15:16:14,231] [19652  ] [----------------------Admin-getfilelist-end---------------------------]
[INFO ] [appview.py   line:36  ] [2020-05-10 15:16:14,232] [19652  ] [----------------------appview_end---------------------------]
[INFO ] [views.py     line:91  ] [2020-05-10 15:16:14,232] [19652  ] [<HttpResponse status_code=200, "text/html; charset=utf-8">]
[INFO ] [views.py     line:92  ] [2020-05-10 15:16:14,232] [19652  ] [{"respcode": "000000", "respmsg": "上传成功", "trantype": "getlist", "list": [{"filename": "射雕英雄传.txt", "fileid": 12, "msg": null, "class": "其他", "colnum": 1}, {"filename": "射雕（金庸）.txt", "fileid": 14, "msg": "南宋末年，金兵入侵，朝廷奸臣当道。全真派丘处机因杀死汉奸王道乾，被官兵追杀，逃到江南一个小村牛家庄，与隐居在此处的爱国义土郭啸天和杨铁心一见如故，以“靖、康”为他俩即将出生的孩子命名，并留下一对短剑作为信物...", "class": "小说", "colnum": 1}]}]
[INFO ] [views.py     line:95  ] [2020-05-10 15:16:14,232] [19652  ] [----------------------Admin-end---------------------------]
[INFO ] [views.py     line:96  ] [2020-05-10 15:16:14,232] [19652  ] [交易处理时间: 0:00:00.536252]
[INFO ] [views.py     line:21  ] [2020-05-10 15:16:39,490] [19652  ] [----------------------Admin-begin---------------------------]
[INFO ] [views.py     line:22  ] [2020-05-10 15:16:39,490] [19652  ] [请求:[<WSGIRequest: POST '/api/appview'>]]
[INFO ] [views.py     line:23  ] [2020-05-10 15:16:39,490] [19652  ] [请求path:[/api/appview]]
[INFO ] [views.py     line:24  ] [2020-05-10 15:16:39,490] [19652  ] [请求method:[POST]]
[INFO ] [views.py     line:25  ] [2020-05-10 15:16:39,490] [19652  ] [请求GET:[<QueryDict: {}>]]
[INFO ] [views.py     line:29  ] [2020-05-10 15:16:39,490] [19652  ] [请求full_path:[https://localhost:8000/api/appview]]
[INFO ] [views.py     line:35  ] [2020-05-10 15:16:39,490] [19652  ] [param1=[appview]]
[INFO ] [appview.py   line:16  ] [2020-05-10 15:16:39,761] [19652  ] [----------------------appview_begin---------------------------]
[INFO ] [appview.py   line:24  ] [2020-05-10 15:16:39,761] [19652  ] [trantype=[getlist]]
[INFO ] [appview.py   line:42  ] [2020-05-10 15:16:39,761] [19652  ] [----------------------Admin-getfilelist-begin---------------------------]
[INFO ] [appview.py   line:106 ] [2020-05-10 15:16:39,891] [19652  ] [----------------------Admin-getfilelist-end---------------------------]
[INFO ] [appview.py   line:36  ] [2020-05-10 15:16:39,892] [19652  ] [----------------------appview_end---------------------------]
[INFO ] [views.py     line:91  ] [2020-05-10 15:16:39,892] [19652  ] [<HttpResponse status_code=200, "text/html; charset=utf-8">]
[INFO ] [views.py     line:92  ] [2020-05-10 15:16:39,892] [19652  ] [{"respcode": "000000", "respmsg": "上传成功", "trantype": "getlist", "list": [{"filename": "射雕英雄传.txt", "fileid": 12, "msg": null, "class": "其他", "colnum": 1}, {"filename": "射雕（金庸）.txt", "fileid": 14, "msg": "南宋末年，金兵入侵，朝廷奸臣当道。全真派丘处机因杀死汉奸王道乾，被官兵追杀，逃到江南一个小村牛家庄，与隐居在此处的爱国义土郭啸天和杨铁心一见如故，以“靖、康”为他俩即将出生的孩子命名，并留下一对短剑作为信物...", "class": "小说", "colnum": 1}]}]
[INFO ] [views.py     line:95  ] [2020-05-10 15:16:39,892] [19652  ] [----------------------Admin-end---------------------------]
[INFO ] [views.py     line:96  ] [2020-05-10 15:16:39,893] [19652  ] [交易处理时间: 0:00:00.404051]
[INFO ] [views.py     line:21  ] [2020-05-10 15:17:21,016] [19652  ] [----------------------Admin-begin---------------------------]
[INFO ] [views.py     line:22  ] [2020-05-10 15:17:21,016] [19652  ] [请求:[<WSGIRequest: POST '/api/appview'>]]
[INFO ] [views.py     line:23  ] [2020-05-10 15:17:21,016] [19652  ] [请求path:[/api/appview]]
[INFO ] [views.py     line:24  ] [2020-05-10 15:17:21,016] [19652  ] [请求method:[POST]]
[INFO ] [views.py     line:25  ] [2020-05-10 15:17:21,016] [19652  ] [请求GET:[<QueryDict: {}>]]
[INFO ] [views.py     line:29  ] [2020-05-10 15:17:21,016] [19652  ] [请求full_path:[https://localhost:8000/api/appview]]
[INFO ] [views.py     line:35  ] [2020-05-10 15:17:21,016] [19652  ] [param1=[appview]]
[INFO ] [appview.py   line:16  ] [2020-05-10 15:17:21,308] [19652  ] [----------------------appview_begin---------------------------]
[INFO ] [appview.py   line:24  ] [2020-05-10 15:17:21,308] [19652  ] [trantype=[getlist]]
[INFO ] [appview.py   line:42  ] [2020-05-10 15:17:21,308] [19652  ] [----------------------Admin-getfilelist-begin---------------------------]
[INFO ] [appview.py   line:106 ] [2020-05-10 15:17:21,513] [19652  ] [----------------------Admin-getfilelist-end---------------------------]
[INFO ] [appview.py   line:36  ] [2020-05-10 15:17:21,514] [19652  ] [----------------------appview_end---------------------------]
[INFO ] [views.py     line:91  ] [2020-05-10 15:17:21,514] [19652  ] [<HttpResponse status_code=200, "text/html; charset=utf-8">]
[INFO ] [views.py     line:92  ] [2020-05-10 15:17:21,514] [19652  ] [{"respcode": "000000", "respmsg": "上传成功", "trantype": "getlist", "list": [{"filename": "射雕英雄传.txt", "fileid": 12, "msg": null}, {"filename": "倚天屠龙记.txt", "fileid": 11, "msg": null}, {"filename": "射雕（金庸）.txt", "fileid": 14, "msg": "南宋末年，金兵入侵，朝廷奸臣当道。全真派丘处机因杀死汉奸王道乾，被官兵追杀，逃到江南一个小村牛家庄，与隐居在此处的爱国义土郭啸天和杨铁心一见如故，以“靖、康”为他俩即将出生的孩子命名，并留下一对短剑作为信物..."}]}]
[INFO ] [views.py     line:95  ] [2020-05-10 15:17:21,514] [19652  ] [----------------------Admin-end---------------------------]
[INFO ] [views.py     line:96  ] [2020-05-10 15:17:21,514] [19652  ] [交易处理时间: 0:00:00.499244]
[INFO ] [views.py     line:21  ] [2020-05-10 16:20:53,189] [19652  ] [----------------------Admin-begin---------------------------]
[INFO ] [views.py     line:22  ] [2020-05-10 16:20:53,189] [19652  ] [请求:[<WSGIRequest: POST '/api/useract'>]]
[INFO ] [views.py     line:23  ] [2020-05-10 16:20:53,189] [19652  ] [请求path:[/api/useract]]
[INFO ] [views.py     line:24  ] [2020-05-10 16:20:53,189] [19652  ] [请求method:[POST]]
[INFO ] [views.py     line:25  ] [2020-05-10 16:20:53,189] [19652  ] [请求GET:[<QueryDict: {}>]]
[INFO ] [views.py     line:29  ] [2020-05-10 16:20:53,189] [19652  ] [请求full_path:[https://localhost:8000/api/useract]]
[INFO ] [views.py     line:35  ] [2020-05-10 16:20:53,189] [19652  ] [param1=[useract]]
[INFO ] [useract.py   line:14  ] [2020-05-10 16:20:53,413] [19652  ] [----------------------useract_begin---------------------------]
[INFO ] [useract.py   line:22  ] [2020-05-10 16:20:53,414] [19652  ] [trantype=[login]]
[INFO ] [useract.py   line:44  ] [2020-05-10 16:20:53,414] [19652  ] [----------------------Admin-login-begin---------------------------]
[INFO ] [useract.py   line:76  ] [2020-05-10 16:20:53,522] [19652  ] [----------------------Admin-login-end---------------------------]
[INFO ] [useract.py   line:34  ] [2020-05-10 16:20:53,523] [19652  ] [----------------------useract_end---------------------------]
[INFO ] [views.py     line:91  ] [2020-05-10 16:20:53,523] [19652  ] [<HttpResponse status_code=200, "text/html; charset=utf-8">]
[INFO ] [views.py     line:92  ] [2020-05-10 16:20:53,523] [19652  ] [{"respcode": "000000", "respmsg": "登录成功！", "trantype": "login", "uid": 18}]
[INFO ] [views.py     line:95  ] [2020-05-10 16:20:53,523] [19652  ] [----------------------Admin-end---------------------------]
[INFO ] [views.py     line:96  ] [2020-05-10 16:20:53,523] [19652  ] [交易处理时间: 0:00:00.334701]
[INFO ] [views.py     line:21  ] [2020-05-10 16:20:56,561] [19652  ] [----------------------Admin-begin---------------------------]
[INFO ] [views.py     line:22  ] [2020-05-10 16:20:56,561] [19652  ] [请求:[<WSGIRequest: POST '/api/appview'>]]
[INFO ] [views.py     line:23  ] [2020-05-10 16:20:56,561] [19652  ] [请求path:[/api/appview]]
[INFO ] [views.py     line:24  ] [2020-05-10 16:20:56,561] [19652  ] [请求method:[POST]]
[INFO ] [views.py     line:25  ] [2020-05-10 16:20:56,561] [19652  ] [请求GET:[<QueryDict: {}>]]
[INFO ] [views.py     line:29  ] [2020-05-10 16:20:56,561] [19652  ] [请求full_path:[https://localhost:8000/api/appview]]
[INFO ] [views.py     line:35  ] [2020-05-10 16:20:56,561] [19652  ] [param1=[appview]]
[INFO ] [appview.py   line:16  ] [2020-05-10 16:20:56,804] [19652  ] [----------------------appview_begin---------------------------]
[INFO ] [appview.py   line:24  ] [2020-05-10 16:20:56,805] [19652  ] [trantype=[getlist]]
[INFO ] [appview.py   line:42  ] [2020-05-10 16:20:56,805] [19652  ] [----------------------Admin-getfilelist-begin---------------------------]
[INFO ] [appview.py   line:106 ] [2020-05-10 16:20:56,990] [19652  ] [----------------------Admin-getfilelist-end---------------------------]
[INFO ] [appview.py   line:36  ] [2020-05-10 16:20:56,991] [19652  ] [----------------------appview_end---------------------------]
[INFO ] [views.py     line:91  ] [2020-05-10 16:20:56,991] [19652  ] [<HttpResponse status_code=200, "text/html; charset=utf-8">]
[INFO ] [views.py     line:92  ] [2020-05-10 16:20:56,991] [19652  ] [{"respcode": "000000", "respmsg": "上传成功", "trantype": "getlist", "list": [{"filename": "倚天屠龙记.txt", "fileid": 11, "class": "其他", "colnum": 0, "status": "未共享"}, {"filename": "射雕英雄传.txt", "fileid": 12, "class": "其他", "colnum": 1, "status": "已共享"}, {"filename": "射雕英雄传.docx", "fileid": 13, "class": "其他", "colnum": 0, "status": "未共享"}]}]
[INFO ] [views.py     line:95  ] [2020-05-10 16:20:56,992] [19652  ] [----------------------Admin-end---------------------------]
[INFO ] [views.py     line:96  ] [2020-05-10 16:20:56,992] [19652  ] [交易处理时间: 0:00:00.432430]
[INFO ] [views.py     line:21  ] [2020-05-10 16:25:54,985] [19652  ] [----------------------Admin-begin---------------------------]
[INFO ] [views.py     line:22  ] [2020-05-10 16:25:54,986] [19652  ] [请求:[<WSGIRequest: POST '/api/appview'>]]
[INFO ] [views.py     line:23  ] [2020-05-10 16:25:54,986] [19652  ] [请求path:[/api/appview]]
[INFO ] [views.py     line:24  ] [2020-05-10 16:25:54,986] [19652  ] [请求method:[POST]]
[INFO ] [views.py     line:25  ] [2020-05-10 16:25:54,986] [19652  ] [请求GET:[<QueryDict: {}>]]
[INFO ] [views.py     line:29  ] [2020-05-10 16:25:54,986] [19652  ] [请求full_path:[https://localhost:8000/api/appview]]
[INFO ] [views.py     line:35  ] [2020-05-10 16:25:54,986] [19652  ] [param1=[appview]]
[INFO ] [appview.py   line:16  ] [2020-05-10 16:25:55,264] [19652  ] [----------------------appview_begin---------------------------]
[INFO ] [appview.py   line:24  ] [2020-05-10 16:25:55,264] [19652  ] [trantype=[getlist]]
[INFO ] [appview.py   line:42  ] [2020-05-10 16:25:55,264] [19652  ] [----------------------Admin-getfilelist-begin---------------------------]
[INFO ] [appview.py   line:106 ] [2020-05-10 16:25:55,489] [19652  ] [----------------------Admin-getfilelist-end---------------------------]
[INFO ] [appview.py   line:36  ] [2020-05-10 16:25:55,490] [19652  ] [----------------------appview_end---------------------------]
[INFO ] [views.py     line:91  ] [2020-05-10 16:25:55,490] [19652  ] [<HttpResponse status_code=200, "text/html; charset=utf-8">]
[INFO ] [views.py     line:92  ] [2020-05-10 16:25:55,490] [19652  ] [{"respcode": "000000", "respmsg": "上传成功", "trantype": "getlist", "list": [{"filename": "倚天屠龙记.txt", "fileid": 11, "class": "其他", "colnum": 0, "status": "未共享"}, {"filename": "射雕英雄传.txt", "fileid": 12, "class": "其他", "colnum": 1, "status": "已共享"}, {"filename": "射雕英雄传.docx", "fileid": 13, "class": "其他", "colnum": 0, "status": "未共享"}]}]
[INFO ] [views.py     line:95  ] [2020-05-10 16:25:55,490] [19652  ] [----------------------Admin-end---------------------------]
[INFO ] [views.py     line:96  ] [2020-05-10 16:25:55,490] [19652  ] [交易处理时间: 0:00:00.505022]
