[INFO ] [views.py     line:21  ] [2020-05-20 23:58:45,091] [16852  ] [----------------------Admin-begin---------------------------]
[INFO ] [views.py     line:22  ] [2020-05-20 23:58:45,092] [16852  ] [请求:[<WSGIRequest: POST '/api/appview'>]]
[INFO ] [views.py     line:23  ] [2020-05-20 23:58:45,092] [16852  ] [请求path:[/api/appview]]
[INFO ] [views.py     line:24  ] [2020-05-20 23:58:45,092] [16852  ] [请求method:[POST]]
[INFO ] [views.py     line:25  ] [2020-05-20 23:58:45,092] [16852  ] [请求GET:[<QueryDict: {}>]]
[INFO ] [views.py     line:29  ] [2020-05-20 23:58:45,092] [16852  ] [请求full_path:[https://localhost:8000/api/appview]]
[INFO ] [views.py     line:35  ] [2020-05-20 23:58:45,092] [16852  ] [param1=[appview]]
[INFO ] [appview.py   line:16  ] [2020-05-20 23:58:45,388] [16852  ] [----------------------appview_begin---------------------------]
[INFO ] [appview.py   line:24  ] [2020-05-20 23:58:45,389] [16852  ] [trantype=[getlist]]
[INFO ] [appview.py   line:42  ] [2020-05-20 23:58:45,389] [16852  ] [----------------------Admin-getfilelist-begin---------------------------]
[INFO ] [appview.py   line:106 ] [2020-05-20 23:58:45,572] [16852  ] [----------------------Admin-getfilelist-end---------------------------]
[INFO ] [appview.py   line:36  ] [2020-05-20 23:58:45,614] [16852  ] [----------------------appview_end---------------------------]
[INFO ] [views.py     line:91  ] [2020-05-20 23:58:45,614] [16852  ] [<HttpResponse status_code=200, "text/html; charset=utf-8">]
[INFO ] [views.py     line:92  ] [2020-05-20 23:58:45,614] [16852  ] [{"respcode": "000000", "respmsg": "上传成功", "trantype": "getlist", "list": [{"filename": "射雕英雄传.txt", "fileid": 12, "msg": null, "class": "其他", "colnum": 1}, {"filename": "射雕（金庸）.txt", "fileid": 14, "msg": "南宋末年，金兵入侵，朝廷奸臣当道。全真派丘处机因杀死汉奸王道乾，被官兵追杀，逃到江南一个小村牛家庄，与隐居在此处的爱国义土郭啸天和杨铁心一见如故，以“靖、康”为他俩即将出生的孩子命名，并留下一对短剑作为信物...", "class": "小说", "colnum": 1}]}]
[INFO ] [views.py     line:95  ] [2020-05-20 23:58:45,614] [16852  ] [----------------------Admin-end---------------------------]
[INFO ] [views.py     line:96  ] [2020-05-20 23:58:45,614] [16852  ] [交易处理时间: 0:00:00.522827]
[INFO ] [views.py     line:21  ] [2020-05-20 23:58:51,123] [16852  ] [----------------------Admin-begin---------------------------]
[INFO ] [views.py     line:22  ] [2020-05-20 23:58:51,123] [16852  ] [请求:[<WSGIRequest: POST '/api/appview'>]]
[INFO ] [views.py     line:23  ] [2020-05-20 23:58:51,123] [16852  ] [请求path:[/api/appview]]
[INFO ] [views.py     line:24  ] [2020-05-20 23:58:51,123] [16852  ] [请求method:[POST]]
[INFO ] [views.py     line:25  ] [2020-05-20 23:58:51,123] [16852  ] [请求GET:[<QueryDict: {}>]]
[INFO ] [views.py     line:29  ] [2020-05-20 23:58:51,123] [16852  ] [请求full_path:[https://localhost:8000/api/appview]]
[INFO ] [views.py     line:35  ] [2020-05-20 23:58:51,123] [16852  ] [param1=[appview]]
[INFO ] [appview.py   line:16  ] [2020-05-20 23:58:52,213] [16852  ] [----------------------appview_begin---------------------------]
[INFO ] [appview.py   line:24  ] [2020-05-20 23:58:52,213] [16852  ] [trantype=[getlist]]
[INFO ] [appview.py   line:42  ] [2020-05-20 23:58:52,213] [16852  ] [----------------------Admin-getfilelist-begin---------------------------]
[INFO ] [appview.py   line:106 ] [2020-05-20 23:58:52,368] [16852  ] [----------------------Admin-getfilelist-end---------------------------]
[INFO ] [appview.py   line:36  ] [2020-05-20 23:58:52,370] [16852  ] [----------------------appview_end---------------------------]
[INFO ] [views.py     line:91  ] [2020-05-20 23:58:52,370] [16852  ] [<HttpResponse status_code=200, "text/html; charset=utf-8">]
[INFO ] [views.py     line:92  ] [2020-05-20 23:58:52,370] [16852  ] [{"respcode": "000000", "respmsg": "上传成功", "trantype": "getlist", "list": [{"filename": "射雕英雄传.txt", "fileid": 12, "msg": null, "class": "其他", "colnum": 1}, {"filename": "射雕（金庸）.txt", "fileid": 14, "msg": "南宋末年，金兵入侵，朝廷奸臣当道。全真派丘处机因杀死汉奸王道乾，被官兵追杀，逃到江南一个小村牛家庄，与隐居在此处的爱国义土郭啸天和杨铁心一见如故，以“靖、康”为他俩即将出生的孩子命名，并留下一对短剑作为信物...", "class": "小说", "colnum": 1}]}]
[INFO ] [views.py     line:95  ] [2020-05-20 23:58:52,370] [16852  ] [----------------------Admin-end---------------------------]
[INFO ] [views.py     line:96  ] [2020-05-20 23:58:52,370] [16852  ] [交易处理时间: 0:00:01.262618]
[INFO ] [views.py     line:21  ] [2020-05-20 23:58:54,813] [16852  ] [----------------------Admin-begin---------------------------]
[INFO ] [views.py     line:22  ] [2020-05-20 23:58:54,813] [16852  ] [请求:[<WSGIRequest: POST '/api/appview'>]]
[INFO ] [views.py     line:23  ] [2020-05-20 23:58:54,813] [16852  ] [请求path:[/api/appview]]
[INFO ] [views.py     line:24  ] [2020-05-20 23:58:54,813] [16852  ] [请求method:[POST]]
[INFO ] [views.py     line:25  ] [2020-05-20 23:58:54,813] [16852  ] [请求GET:[<QueryDict: {}>]]
[INFO ] [views.py     line:29  ] [2020-05-20 23:58:54,813] [16852  ] [请求full_path:[https://localhost:8000/api/appview]]
[INFO ] [views.py     line:35  ] [2020-05-20 23:58:54,813] [16852  ] [param1=[appview]]
[INFO ] [appview.py   line:16  ] [2020-05-20 23:58:55,120] [16852  ] [----------------------appview_begin---------------------------]
[INFO ] [appview.py   line:24  ] [2020-05-20 23:58:55,120] [16852  ] [trantype=[getlist]]
[INFO ] [appview.py   line:42  ] [2020-05-20 23:58:55,120] [16852  ] [----------------------Admin-getfilelist-begin---------------------------]
[INFO ] [appview.py   line:106 ] [2020-05-20 23:58:55,293] [16852  ] [----------------------Admin-getfilelist-end---------------------------]
[INFO ] [appview.py   line:36  ] [2020-05-20 23:58:55,293] [16852  ] [----------------------appview_end---------------------------]
[INFO ] [views.py     line:91  ] [2020-05-20 23:58:55,293] [16852  ] [<HttpResponse status_code=200, "text/html; charset=utf-8">]
[INFO ] [views.py     line:92  ] [2020-05-20 23:58:55,293] [16852  ] [{"respcode": "000000", "respmsg": "上传成功", "trantype": "getlist", "list": [{"filename": "射雕英雄传.txt", "fileid": 12, "msg": null, "class": "其他", "colnum": 1}, {"filename": "射雕（金庸）.txt", "fileid": 14, "msg": "南宋末年，金兵入侵，朝廷奸臣当道。全真派丘处机因杀死汉奸王道乾，被官兵追杀，逃到江南一个小村牛家庄，与隐居在此处的爱国义土郭啸天和杨铁心一见如故，以“靖、康”为他俩即将出生的孩子命名，并留下一对短剑作为信物...", "class": "小说", "colnum": 1}]}]
[INFO ] [views.py     line:95  ] [2020-05-20 23:58:55,293] [16852  ] [----------------------Admin-end---------------------------]
[INFO ] [views.py     line:96  ] [2020-05-20 23:58:55,293] [16852  ] [交易处理时间: 0:00:00.479816]
[INFO ] [views.py     line:21  ] [2020-05-20 23:58:56,314] [16852  ] [----------------------Admin-begin---------------------------]
[INFO ] [views.py     line:22  ] [2020-05-20 23:58:56,314] [16852  ] [请求:[<WSGIRequest: POST '/api/appview'>]]
[INFO ] [views.py     line:23  ] [2020-05-20 23:58:56,314] [16852  ] [请求path:[/api/appview]]
[INFO ] [views.py     line:24  ] [2020-05-20 23:58:56,314] [16852  ] [请求method:[POST]]
[INFO ] [views.py     line:25  ] [2020-05-20 23:58:56,314] [16852  ] [请求GET:[<QueryDict: {}>]]
[INFO ] [views.py     line:29  ] [2020-05-20 23:58:56,314] [16852  ] [请求full_path:[https://localhost:8000/api/appview]]
[INFO ] [views.py     line:35  ] [2020-05-20 23:58:56,314] [16852  ] [param1=[appview]]
[INFO ] [appview.py   line:16  ] [2020-05-20 23:58:56,546] [16852  ] [----------------------appview_begin---------------------------]
[INFO ] [appview.py   line:24  ] [2020-05-20 23:58:56,546] [16852  ] [trantype=[getlist]]
[INFO ] [appview.py   line:42  ] [2020-05-20 23:58:56,546] [16852  ] [----------------------Admin-getfilelist-begin---------------------------]
[INFO ] [appview.py   line:106 ] [2020-05-20 23:58:56,683] [16852  ] [----------------------Admin-getfilelist-end---------------------------]
[INFO ] [appview.py   line:36  ] [2020-05-20 23:58:56,683] [16852  ] [----------------------appview_end---------------------------]
[INFO ] [views.py     line:91  ] [2020-05-20 23:58:56,683] [16852  ] [<HttpResponse status_code=200, "text/html; charset=utf-8">]
[INFO ] [views.py     line:92  ] [2020-05-20 23:58:56,699] [16852  ] [{"respcode": "000000", "respmsg": "上传成功", "trantype": "getlist", "list": [{"filename": "射雕英雄传.txt", "fileid": 12, "msg": null, "class": "其他", "colnum": 1}, {"filename": "射雕（金庸）.txt", "fileid": 14, "msg": "南宋末年，金兵入侵，朝廷奸臣当道。全真派丘处机因杀死汉奸王道乾，被官兵追杀，逃到江南一个小村牛家庄，与隐居在此处的爱国义土郭啸天和杨铁心一见如故，以“靖、康”为他俩即将出生的孩子命名，并留下一对短剑作为信物...", "class": "小说", "colnum": 1}]}]
[INFO ] [views.py     line:95  ] [2020-05-20 23:58:56,699] [16852  ] [----------------------Admin-end---------------------------]
[INFO ] [views.py     line:96  ] [2020-05-20 23:58:56,700] [16852  ] [交易处理时间: 0:00:00.386674]
[INFO ] [views.py     line:21  ] [2020-05-20 23:58:57,554] [16852  ] [----------------------Admin-begin---------------------------]
[INFO ] [views.py     line:22  ] [2020-05-20 23:58:57,554] [16852  ] [请求:[<WSGIRequest: POST '/api/appview'>]]
[INFO ] [views.py     line:23  ] [2020-05-20 23:58:57,554] [16852  ] [请求path:[/api/appview]]
[INFO ] [views.py     line:24  ] [2020-05-20 23:58:57,554] [16852  ] [请求method:[POST]]
[INFO ] [views.py     line:25  ] [2020-05-20 23:58:57,554] [16852  ] [请求GET:[<QueryDict: {}>]]
[INFO ] [views.py     line:29  ] [2020-05-20 23:58:57,554] [16852  ] [请求full_path:[https://localhost:8000/api/appview]]
[INFO ] [views.py     line:35  ] [2020-05-20 23:58:57,554] [16852  ] [param1=[appview]]
[INFO ] [appview.py   line:16  ] [2020-05-20 23:58:57,797] [16852  ] [----------------------appview_begin---------------------------]
[INFO ] [appview.py   line:24  ] [2020-05-20 23:58:57,797] [16852  ] [trantype=[getlist]]
[INFO ] [appview.py   line:42  ] [2020-05-20 23:58:57,797] [16852  ] [----------------------Admin-getfilelist-begin---------------------------]
[INFO ] [appview.py   line:106 ] [2020-05-20 23:58:57,927] [16852  ] [----------------------Admin-getfilelist-end---------------------------]
[INFO ] [appview.py   line:36  ] [2020-05-20 23:58:57,927] [16852  ] [----------------------appview_end---------------------------]
[INFO ] [views.py     line:91  ] [2020-05-20 23:58:57,927] [16852  ] [<HttpResponse status_code=200, "text/html; charset=utf-8">]
[INFO ] [views.py     line:92  ] [2020-05-20 23:58:57,927] [16852  ] [{"respcode": "000000", "respmsg": "上传成功", "trantype": "getlist", "list": [{"filename": "射雕（金庸）.txt", "fileid": 14, "msg": "南宋末年，金兵入侵，朝廷奸臣当道。全真派丘处机因杀死汉奸王道乾，被官兵追杀，逃到江南一个小村牛家庄，与隐居在此处的爱国义土郭啸天和杨铁心一见如故，以“靖、康”为他俩即将出生的孩子命名，并留下一对短剑作为信物...", "class": "小说", "colnum": 1}, {"filename": "射雕英雄传.txt", "fileid": 12, "msg": null, "class": "其他", "colnum": 1}]}]
[INFO ] [views.py     line:95  ] [2020-05-20 23:58:57,927] [16852  ] [----------------------Admin-end---------------------------]
[INFO ] [views.py     line:96  ] [2020-05-20 23:58:57,927] [16852  ] [交易处理时间: 0:00:00.372580]
[INFO ] [views.py     line:21  ] [2020-05-20 23:58:59,357] [16852  ] [----------------------Admin-begin---------------------------]
[INFO ] [views.py     line:22  ] [2020-05-20 23:58:59,357] [16852  ] [请求:[<WSGIRequest: POST '/api/appview'>]]
[INFO ] [views.py     line:23  ] [2020-05-20 23:58:59,357] [16852  ] [请求path:[/api/appview]]
[INFO ] [views.py     line:24  ] [2020-05-20 23:58:59,357] [16852  ] [请求method:[POST]]
[INFO ] [views.py     line:25  ] [2020-05-20 23:58:59,357] [16852  ] [请求GET:[<QueryDict: {}>]]
[INFO ] [views.py     line:29  ] [2020-05-20 23:58:59,357] [16852  ] [请求full_path:[https://localhost:8000/api/appview]]
[INFO ] [views.py     line:35  ] [2020-05-20 23:58:59,357] [16852  ] [param1=[appview]]
[INFO ] [appview.py   line:16  ] [2020-05-20 23:58:59,620] [16852  ] [----------------------appview_begin---------------------------]
[INFO ] [appview.py   line:24  ] [2020-05-20 23:58:59,620] [16852  ] [trantype=[getlist]]
[INFO ] [appview.py   line:42  ] [2020-05-20 23:58:59,620] [16852  ] [----------------------Admin-getfilelist-begin---------------------------]
[INFO ] [appview.py   line:36  ] [2020-05-20 23:58:59,669] [16852  ] [----------------------appview_end---------------------------]
[INFO ] [views.py     line:91  ] [2020-05-20 23:58:59,669] [16852  ] [<HttpResponse status_code=200, "text/html; charset=utf-8">]
[INFO ] [views.py     line:92  ] [2020-05-20 23:58:59,669] [16852  ] [{"respcode": "300003", "respmsg": "请登录！"}]
[INFO ] [views.py     line:95  ] [2020-05-20 23:58:59,669] [16852  ] [----------------------Admin-end---------------------------]
[INFO ] [views.py     line:96  ] [2020-05-20 23:58:59,669] [16852  ] [交易处理时间: 0:00:00.311948]
[INFO ] [views.py     line:21  ] [2020-05-20 23:59:04,901] [16852  ] [----------------------Admin-begin---------------------------]
[INFO ] [views.py     line:22  ] [2020-05-20 23:59:04,901] [16852  ] [请求:[<WSGIRequest: POST '/api/appview'>]]
[INFO ] [views.py     line:23  ] [2020-05-20 23:59:04,901] [16852  ] [请求path:[/api/appview]]
[INFO ] [views.py     line:24  ] [2020-05-20 23:59:04,901] [16852  ] [请求method:[POST]]
[INFO ] [views.py     line:25  ] [2020-05-20 23:59:04,902] [16852  ] [请求GET:[<QueryDict: {}>]]
[INFO ] [views.py     line:29  ] [2020-05-20 23:59:04,902] [16852  ] [请求full_path:[https://localhost:8000/api/appview]]
[INFO ] [views.py     line:35  ] [2020-05-20 23:59:04,902] [16852  ] [param1=[appview]]
[INFO ] [appview.py   line:16  ] [2020-05-20 23:59:05,183] [16852  ] [----------------------appview_begin---------------------------]
[INFO ] [appview.py   line:24  ] [2020-05-20 23:59:05,183] [16852  ] [trantype=[getlist]]
[INFO ] [appview.py   line:42  ] [2020-05-20 23:59:05,183] [16852  ] [----------------------Admin-getfilelist-begin---------------------------]
[INFO ] [appview.py   line:36  ] [2020-05-20 23:59:05,235] [16852  ] [----------------------appview_end---------------------------]
[INFO ] [views.py     line:91  ] [2020-05-20 23:59:05,235] [16852  ] [<HttpResponse status_code=200, "text/html; charset=utf-8">]
[INFO ] [views.py     line:92  ] [2020-05-20 23:59:05,235] [16852  ] [{"respcode": "300003", "respmsg": "请登录！"}]
[INFO ] [views.py     line:95  ] [2020-05-20 23:59:05,235] [16852  ] [----------------------Admin-end---------------------------]
[INFO ] [views.py     line:96  ] [2020-05-20 23:59:05,235] [16852  ] [交易处理时间: 0:00:00.334556]
[INFO ] [views.py     line:21  ] [2020-05-20 23:59:10,568] [16852  ] [----------------------Admin-begin---------------------------]
[INFO ] [views.py     line:22  ] [2020-05-20 23:59:10,568] [16852  ] [请求:[<WSGIRequest: POST '/api/appview'>]]
[INFO ] [views.py     line:23  ] [2020-05-20 23:59:10,568] [16852  ] [请求path:[/api/appview]]
[INFO ] [views.py     line:24  ] [2020-05-20 23:59:10,568] [16852  ] [请求method:[POST]]
[INFO ] [views.py     line:25  ] [2020-05-20 23:59:10,568] [16852  ] [请求GET:[<QueryDict: {}>]]
[INFO ] [views.py     line:29  ] [2020-05-20 23:59:10,568] [16852  ] [请求full_path:[https://localhost:8000/api/appview]]
[INFO ] [views.py     line:35  ] [2020-05-20 23:59:10,568] [16852  ] [param1=[appview]]
[INFO ] [appview.py   line:16  ] [2020-05-20 23:59:10,853] [16852  ] [----------------------appview_begin---------------------------]
[INFO ] [appview.py   line:24  ] [2020-05-20 23:59:10,853] [16852  ] [trantype=[getlist]]
[INFO ] [appview.py   line:42  ] [2020-05-20 23:59:10,853] [16852  ] [----------------------Admin-getfilelist-begin---------------------------]
[INFO ] [appview.py   line:36  ] [2020-05-20 23:59:10,889] [16852  ] [----------------------appview_end---------------------------]
[INFO ] [views.py     line:91  ] [2020-05-20 23:59:10,889] [16852  ] [<HttpResponse status_code=200, "text/html; charset=utf-8">]
[INFO ] [views.py     line:92  ] [2020-05-20 23:59:10,889] [16852  ] [{"respcode": "300003", "respmsg": "请登录！"}]
[INFO ] [views.py     line:95  ] [2020-05-20 23:59:10,889] [16852  ] [----------------------Admin-end---------------------------]
[INFO ] [views.py     line:96  ] [2020-05-20 23:59:10,889] [16852  ] [交易处理时间: 0:00:00.320883]
[INFO ] [views.py     line:21  ] [2020-05-20 23:59:57,558] [16852  ] [----------------------Admin-begin---------------------------]
[INFO ] [views.py     line:22  ] [2020-05-20 23:59:57,558] [16852  ] [请求:[<WSGIRequest: POST '/api/useract'>]]
[INFO ] [views.py     line:23  ] [2020-05-20 23:59:57,558] [16852  ] [请求path:[/api/useract]]
[INFO ] [views.py     line:24  ] [2020-05-20 23:59:57,558] [16852  ] [请求method:[POST]]
[INFO ] [views.py     line:25  ] [2020-05-20 23:59:57,558] [16852  ] [请求GET:[<QueryDict: {}>]]
[INFO ] [views.py     line:29  ] [2020-05-20 23:59:57,558] [16852  ] [请求full_path:[https://localhost:8000/api/useract]]
[INFO ] [views.py     line:35  ] [2020-05-20 23:59:57,558] [16852  ] [param1=[useract]]
[INFO ] [useract.py   line:14  ] [2020-05-20 23:59:58,054] [16852  ] [----------------------useract_begin---------------------------]
[INFO ] [useract.py   line:22  ] [2020-05-20 23:59:58,054] [16852  ] [trantype=[login]]
[INFO ] [useract.py   line:44  ] [2020-05-20 23:59:58,070] [16852  ] [----------------------Admin-login-begin---------------------------]
[INFO ] [useract.py   line:76  ] [2020-05-20 23:59:58,185] [16852  ] [----------------------Admin-login-end---------------------------]
[INFO ] [useract.py   line:34  ] [2020-05-20 23:59:58,185] [16852  ] [----------------------useract_end---------------------------]
[INFO ] [views.py     line:91  ] [2020-05-20 23:59:58,185] [16852  ] [<HttpResponse status_code=200, "text/html; charset=utf-8">]
[INFO ] [views.py     line:92  ] [2020-05-20 23:59:58,185] [16852  ] [{"respcode": "000000", "respmsg": "登录成功！", "trantype": "login", "uid": 2}]
[INFO ] [views.py     line:95  ] [2020-05-20 23:59:58,185] [16852  ] [----------------------Admin-end---------------------------]
[INFO ] [views.py     line:96  ] [2020-05-20 23:59:58,185] [16852  ] [交易处理时间: 0:00:00.626421]
