[INFO ] [views.py     line:21  ] [2020-06-16 21:35:17,914] [3700   ] [----------------------Admin-begin---------------------------]
[INFO ] [views.py     line:22  ] [2020-06-16 21:35:17,914] [3700   ] [请求:[<WSGIRequest: POST '/api/useract'>]]
[INFO ] [views.py     line:23  ] [2020-06-16 21:35:17,915] [3700   ] [请求path:[/api/useract]]
[INFO ] [views.py     line:24  ] [2020-06-16 21:35:17,916] [3700   ] [请求method:[POST]]
[INFO ] [views.py     line:25  ] [2020-06-16 21:35:17,916] [3700   ] [请求GET:[<QueryDict: {}>]]
[INFO ] [views.py     line:29  ] [2020-06-16 21:35:17,916] [3700   ] [请求full_path:[https://localhost:8000/api/useract]]
[INFO ] [views.py     line:35  ] [2020-06-16 21:35:17,917] [3700   ] [param1=[useract]]
[INFO ] [useract.py   line:14  ] [2020-06-16 21:35:18,149] [3700   ] [----------------------useract_begin---------------------------]
[INFO ] [useract.py   line:22  ] [2020-06-16 21:35:18,150] [3700   ] [trantype=[logincheck]]
[INFO ] [useract.py   line:142 ] [2020-06-16 21:35:18,150] [3700   ] [----------------------Admin-logincheck-begin---------------------------]
[INFO ] [useract.py   line:34  ] [2020-06-16 21:35:18,156] [3700   ] [----------------------useract_end---------------------------]
[INFO ] [views.py     line:91  ] [2020-06-16 21:35:18,156] [3700   ] [<HttpResponse status_code=200, "text/html; charset=utf-8">]
[INFO ] [views.py     line:92  ] [2020-06-16 21:35:18,157] [3700   ] [{"respcode": "100005", "respmsg": "未登录！"}]
[INFO ] [views.py     line:95  ] [2020-06-16 21:35:18,157] [3700   ] [----------------------Admin-end---------------------------]
[INFO ] [views.py     line:96  ] [2020-06-16 21:35:18,157] [3700   ] [交易处理时间: 0:00:00.243435]
[INFO ] [views.py     line:21  ] [2020-06-16 21:43:12,179] [3700   ] [----------------------Admin-begin---------------------------]
[INFO ] [views.py     line:22  ] [2020-06-16 21:43:12,179] [3700   ] [请求:[<WSGIRequest: POST '/api/appview'>]]
[INFO ] [views.py     line:23  ] [2020-06-16 21:43:12,180] [3700   ] [请求path:[/api/appview]]
[INFO ] [views.py     line:24  ] [2020-06-16 21:43:12,181] [3700   ] [请求method:[POST]]
[INFO ] [views.py     line:25  ] [2020-06-16 21:43:12,181] [3700   ] [请求GET:[<QueryDict: {}>]]
[INFO ] [views.py     line:29  ] [2020-06-16 21:43:12,181] [3700   ] [请求full_path:[https://localhost:8000/api/appview]]
[INFO ] [views.py     line:35  ] [2020-06-16 21:43:12,182] [3700   ] [param1=[appview]]
[INFO ] [appview.py   line:16  ] [2020-06-16 21:43:12,465] [3700   ] [----------------------appview_begin---------------------------]
[INFO ] [appview.py   line:24  ] [2020-06-16 21:43:12,469] [3700   ] [trantype=[getlist]]
[INFO ] [appview.py   line:134 ] [2020-06-16 21:43:12,469] [3700   ] [----------------------Admin-getfilelist-begin---------------------------]
[INFO ] [appview.py   line:197 ] [2020-06-16 21:43:12,704] [3700   ] [----------------------Admin-getfilelist-end---------------------------]
[INFO ] [appview.py   line:36  ] [2020-06-16 21:43:12,707] [3700   ] [----------------------appview_end---------------------------]
[INFO ] [views.py     line:91  ] [2020-06-16 21:43:12,707] [3700   ] [<HttpResponse status_code=200, "text/html; charset=utf-8">]
[INFO ] [views.py     line:92  ] [2020-06-16 21:43:12,707] [3700   ] [{"respcode": "000000", "respmsg": "上传成功", "trantype": "getlist", "list": [{"id": 12, "filename": "射雕英雄传.txt", "fileid": 12, "msg": null}, {"id": 11, "filename": "倚天屠龙记.txt", "fileid": 11, "msg": null}, {"id": 14, "filename": "射雕（金庸）.txt", "fileid": 14, "msg": "南宋末年，金兵入侵，朝廷奸臣当道。全真派丘处机因杀死汉奸王道乾，被官兵追杀，逃到江南一个小村牛家庄，与隐居在此处的爱国义土郭啸天和杨铁心一见如故，以“靖、康”为他俩即将出生的孩子命名，并留下一对短剑作为信物..."}]}]
[INFO ] [views.py     line:95  ] [2020-06-16 21:43:12,707] [3700   ] [----------------------Admin-end---------------------------]
[INFO ] [views.py     line:96  ] [2020-06-16 21:43:12,707] [3700   ] [交易处理时间: 0:00:00.528989]
[INFO ] [views.py     line:21  ] [2020-06-16 21:43:28,073] [3700   ] [----------------------Admin-begin---------------------------]
[INFO ] [views.py     line:22  ] [2020-06-16 21:43:28,074] [3700   ] [请求:[<WSGIRequest: POST '/api/appview'>]]
[INFO ] [views.py     line:23  ] [2020-06-16 21:43:28,074] [3700   ] [请求path:[/api/appview]]
[INFO ] [views.py     line:24  ] [2020-06-16 21:43:28,074] [3700   ] [请求method:[POST]]
[INFO ] [views.py     line:25  ] [2020-06-16 21:43:28,074] [3700   ] [请求GET:[<QueryDict: {}>]]
[INFO ] [views.py     line:29  ] [2020-06-16 21:43:28,074] [3700   ] [请求full_path:[https://localhost:8000/api/appview]]
[INFO ] [views.py     line:35  ] [2020-06-16 21:43:28,075] [3700   ] [param1=[appview]]
[INFO ] [appview.py   line:16  ] [2020-06-16 21:43:28,358] [3700   ] [----------------------appview_begin---------------------------]
[INFO ] [appview.py   line:24  ] [2020-06-16 21:43:28,358] [3700   ] [trantype=[getSharelist]]
[INFO ] [appview.py   line:264 ] [2020-06-16 21:43:28,363] [3700   ] [----------------------Admin-getSharelist-begin---------------------------]
[INFO ] [appview.py   line:307 ] [2020-06-16 21:43:28,664] [3700   ] [----------------------Admin-getSharelist-end---------------------------]
[INFO ] [appview.py   line:36  ] [2020-06-16 21:43:28,665] [3700   ] [----------------------appview_end---------------------------]
[INFO ] [views.py     line:91  ] [2020-06-16 21:43:28,665] [3700   ] [<HttpResponse status_code=200, "text/html; charset=utf-8">]
[INFO ] [views.py     line:92  ] [2020-06-16 21:43:28,667] [3700   ] [{"respcode": "000000", "respmsg": "上传成功", "trantype": "getSharelist", "alllist": [{"condition_id": 0, "name": "其他", "list": [{"filename": "射雕英雄传.txt", "fileid": 12, "msg": null, "colnum": 2}, {"filename": "pagelist.txt", "fileid": 20, "msg": "测试", "colnum": 0}]}, {"condition_id": 2, "name": "小说", "list": [{"filename": "射雕（金庸）.txt", "fileid": 14, "msg": "南宋末年，金兵入侵，朝廷奸臣当道。全真派丘处机因杀死汉奸王道乾，被官兵追杀，逃到江南一个小村牛家庄，与隐居在此处的爱国义土郭啸天和杨铁心一见如故，以“靖、康”为他俩即将出生的孩子命名，并留下一对短剑作为信物...", "colnum": 2}]}, {"condition_id": 1, "name": "说明书", "list": [{"filename": "ZWZH.txt", "fileid": 17, "msg": "测试上传", "colnum": 0}, {"filename": "ZWZH.txt", "fileid": 18, "msg": "测试上传", "colnum": 0}]}]}]
[INFO ] [views.py     line:95  ] [2020-06-16 21:43:28,668] [3700   ] [----------------------Admin-end---------------------------]
[INFO ] [views.py     line:96  ] [2020-06-16 21:43:28,669] [3700   ] [交易处理时间: 0:00:00.596967]
[INFO ] [views.py     line:21  ] [2020-06-16 21:43:31,539] [3700   ] [----------------------Admin-begin---------------------------]
[INFO ] [views.py     line:22  ] [2020-06-16 21:43:31,539] [3700   ] [请求:[<WSGIRequest: POST '/api/appview'>]]
[INFO ] [views.py     line:23  ] [2020-06-16 21:43:31,539] [3700   ] [请求path:[/api/appview]]
[INFO ] [views.py     line:24  ] [2020-06-16 21:43:31,539] [3700   ] [请求method:[POST]]
[INFO ] [views.py     line:25  ] [2020-06-16 21:43:31,540] [3700   ] [请求GET:[<QueryDict: {}>]]
[INFO ] [views.py     line:29  ] [2020-06-16 21:43:31,540] [3700   ] [请求full_path:[https://localhost:8000/api/appview]]
[INFO ] [views.py     line:35  ] [2020-06-16 21:43:31,540] [3700   ] [param1=[appview]]
[INFO ] [appview.py   line:16  ] [2020-06-16 21:43:31,796] [3700   ] [----------------------appview_begin---------------------------]
[INFO ] [appview.py   line:24  ] [2020-06-16 21:43:31,796] [3700   ] [trantype=[getuserpage]]
[INFO ] [appview.py   line:42  ] [2020-06-16 21:43:31,796] [3700   ] [----------------------Admin-getuserpage-begin---------------------------]
[INFO ] [appview.py   line:68  ] [2020-06-16 21:43:32,055] [3700   ] [----------------------Admin-getuserpage-end---------------------------]
[INFO ] [appview.py   line:36  ] [2020-06-16 21:43:32,056] [3700   ] [----------------------appview_end---------------------------]
[INFO ] [views.py     line:91  ] [2020-06-16 21:43:32,056] [3700   ] [<HttpResponse status_code=200, "text/html; charset=utf-8">]
[INFO ] [views.py     line:92  ] [2020-06-16 21:43:32,056] [3700   ] [{"respcode": "000000", "respmsg": "上传成功", "trantype": "getuserpage", "username": "张先森", "basicinfo": [{"name": "上传", "value": 7}, {"name": "收藏", "value": 2}, {"name": "书架", "value": 3}], "userprofile": "http://127.0.0.1:8000/media/userpro/e1ad5e48a2a4630df06df0cd459f6d1b.png"}]
[INFO ] [views.py     line:95  ] [2020-06-16 21:43:32,056] [3700   ] [----------------------Admin-end---------------------------]
[INFO ] [views.py     line:96  ] [2020-06-16 21:43:32,057] [3700   ] [交易处理时间: 0:00:00.519264]
[INFO ] [views.py     line:21  ] [2020-06-16 21:43:59,855] [3700   ] [----------------------Admin-begin---------------------------]
[INFO ] [views.py     line:22  ] [2020-06-16 21:43:59,856] [3700   ] [请求:[<WSGIRequest: POST '/api/appview'>]]
[INFO ] [views.py     line:23  ] [2020-06-16 21:43:59,856] [3700   ] [请求path:[/api/appview]]
[INFO ] [views.py     line:24  ] [2020-06-16 21:43:59,857] [3700   ] [请求method:[POST]]
[INFO ] [views.py     line:25  ] [2020-06-16 21:43:59,857] [3700   ] [请求GET:[<QueryDict: {}>]]
[INFO ] [views.py     line:29  ] [2020-06-16 21:43:59,857] [3700   ] [请求full_path:[https://localhost:8000/api/appview]]
[INFO ] [views.py     line:35  ] [2020-06-16 21:43:59,857] [3700   ] [param1=[appview]]
[INFO ] [views.py     line:21  ] [2020-06-16 21:43:59,993] [3700   ] [----------------------Admin-begin---------------------------]
[INFO ] [views.py     line:22  ] [2020-06-16 21:43:59,993] [3700   ] [请求:[<WSGIRequest: POST '/api/appview'>]]
[INFO ] [views.py     line:23  ] [2020-06-16 21:43:59,995] [3700   ] [请求path:[/api/appview]]
[INFO ] [views.py     line:24  ] [2020-06-16 21:43:59,996] [3700   ] [请求method:[POST]]
[INFO ] [views.py     line:25  ] [2020-06-16 21:43:59,996] [3700   ] [请求GET:[<QueryDict: {}>]]
[INFO ] [views.py     line:29  ] [2020-06-16 21:43:59,997] [3700   ] [请求full_path:[https://localhost:8000/api/appview]]
[INFO ] [views.py     line:35  ] [2020-06-16 21:43:59,997] [3700   ] [param1=[appview]]
[INFO ] [appview.py   line:16  ] [2020-06-16 21:44:00,173] [3700   ] [----------------------appview_begin---------------------------]
[INFO ] [appview.py   line:24  ] [2020-06-16 21:44:00,177] [3700   ] [trantype=[getSharelist]]
[INFO ] [appview.py   line:264 ] [2020-06-16 21:44:00,177] [3700   ] [----------------------Admin-getSharelist-begin---------------------------]
[INFO ] [appview.py   line:16  ] [2020-06-16 21:44:00,293] [3700   ] [----------------------appview_begin---------------------------]
[INFO ] [appview.py   line:24  ] [2020-06-16 21:44:00,293] [3700   ] [trantype=[getlist]]
[INFO ] [appview.py   line:134 ] [2020-06-16 21:44:00,294] [3700   ] [----------------------Admin-getfilelist-begin---------------------------]
[INFO ] [appview.py   line:307 ] [2020-06-16 21:44:00,491] [3700   ] [----------------------Admin-getSharelist-end---------------------------]
[INFO ] [appview.py   line:197 ] [2020-06-16 21:44:00,491] [3700   ] [----------------------Admin-getfilelist-end---------------------------]
[INFO ] [appview.py   line:36  ] [2020-06-16 21:44:00,497] [3700   ] [----------------------appview_end---------------------------]
[INFO ] [views.py     line:91  ] [2020-06-16 21:44:00,498] [3700   ] [<HttpResponse status_code=200, "text/html; charset=utf-8">]
[INFO ] [views.py     line:92  ] [2020-06-16 21:44:00,499] [3700   ] [{"respcode": "000000", "respmsg": "上传成功", "trantype": "getSharelist", "alllist": [{"condition_id": 0, "name": "其他", "list": [{"filename": "射雕英雄传.txt", "fileid": 12, "msg": null, "colnum": 2}, {"filename": "pagelist.txt", "fileid": 20, "msg": "测试", "colnum": 0}]}, {"condition_id": 2, "name": "小说", "list": [{"filename": "射雕（金庸）.txt", "fileid": 14, "msg": "南宋末年，金兵入侵，朝廷奸臣当道。全真派丘处机因杀死汉奸王道乾，被官兵追杀，逃到江南一个小村牛家庄，与隐居在此处的爱国义土郭啸天和杨铁心一见如故，以“靖、康”为他俩即将出生的孩子命名，并留下一对短剑作为信物...", "colnum": 2}]}, {"condition_id": 1, "name": "说明书", "list": [{"filename": "ZWZH.txt", "fileid": 17, "msg": "测试上传", "colnum": 0}, {"filename": "ZWZH.txt", "fileid": 18, "msg": "测试上传", "colnum": 0}]}]}]
[INFO ] [appview.py   line:36  ] [2020-06-16 21:44:00,500] [3700   ] [----------------------appview_end---------------------------]
[INFO ] [views.py     line:95  ] [2020-06-16 21:44:00,500] [3700   ] [----------------------Admin-end---------------------------]
[INFO ] [views.py     line:91  ] [2020-06-16 21:44:00,501] [3700   ] [<HttpResponse status_code=200, "text/html; charset=utf-8">]
[INFO ] [views.py     line:96  ] [2020-06-16 21:44:00,502] [3700   ] [交易处理时间: 0:00:00.655088]
[INFO ] [views.py     line:92  ] [2020-06-16 21:44:00,502] [3700   ] [{"respcode": "000000", "respmsg": "上传成功", "trantype": "getlist", "list": [{"id": 12, "filename": "射雕英雄传.txt", "fileid": 12, "msg": null}, {"id": 11, "filename": "倚天屠龙记.txt", "fileid": 11, "msg": null}, {"id": 14, "filename": "射雕（金庸）.txt", "fileid": 14, "msg": "南宋末年，金兵入侵，朝廷奸臣当道。全真派丘处机因杀死汉奸王道乾，被官兵追杀，逃到江南一个小村牛家庄，与隐居在此处的爱国义土郭啸天和杨铁心一见如故，以“靖、康”为他俩即将出生的孩子命名，并留下一对短剑作为信物..."}]}]
[INFO ] [views.py     line:95  ] [2020-06-16 21:44:00,503] [3700   ] [----------------------Admin-end---------------------------]
[INFO ] [views.py     line:21  ] [2020-06-16 21:51:46,079] [3700   ] [----------------------Admin-begin---------------------------]
[INFO ] [views.py     line:22  ] [2020-06-16 21:51:46,080] [3700   ] [请求:[<WSGIRequest: POST '/api/useract'>]]
[INFO ] [views.py     line:23  ] [2020-06-16 21:51:46,080] [3700   ] [请求path:[/api/useract]]
[INFO ] [views.py     line:24  ] [2020-06-16 21:51:46,080] [3700   ] [请求method:[POST]]
[INFO ] [views.py     line:25  ] [2020-06-16 21:51:46,080] [3700   ] [请求GET:[<QueryDict: {}>]]
[INFO ] [views.py     line:29  ] [2020-06-16 21:51:46,080] [3700   ] [请求full_path:[https://localhost:8000/api/useract]]
[INFO ] [views.py     line:35  ] [2020-06-16 21:51:46,080] [3700   ] [param1=[useract]]
[INFO ] [useract.py   line:14  ] [2020-06-16 21:51:46,299] [3700   ] [----------------------useract_begin---------------------------]
[INFO ] [useract.py   line:22  ] [2020-06-16 21:51:46,299] [3700   ] [trantype=[logincheck]]
[INFO ] [useract.py   line:142 ] [2020-06-16 21:51:46,299] [3700   ] [----------------------Admin-logincheck-begin---------------------------]
[INFO ] [useract.py   line:34  ] [2020-06-16 21:51:46,300] [3700   ] [----------------------useract_end---------------------------]
[INFO ] [views.py     line:91  ] [2020-06-16 21:51:46,301] [3700   ] [<HttpResponse status_code=200, "text/html; charset=utf-8">]
[INFO ] [views.py     line:92  ] [2020-06-16 21:51:46,301] [3700   ] [{"respcode": "100005", "respmsg": "未登录！"}]
[INFO ] [views.py     line:95  ] [2020-06-16 21:51:46,301] [3700   ] [----------------------Admin-end---------------------------]
[INFO ] [views.py     line:96  ] [2020-06-16 21:51:46,301] [3700   ] [交易处理时间: 0:00:00.223578]
