[INFO ] [views.py     line:21  ] [2020-05-08 00:27:36,411] [15428  ] [----------------------Admin-begin---------------------------]
[INFO ] [views.py     line:22  ] [2020-05-08 00:27:36,412] [15428  ] [请求:[<WSGIRequest: POST '/api/useract'>]]
[INFO ] [views.py     line:23  ] [2020-05-08 00:27:36,412] [15428  ] [请求path:[/api/useract]]
[INFO ] [views.py     line:24  ] [2020-05-08 00:27:36,412] [15428  ] [请求method:[POST]]
[INFO ] [views.py     line:25  ] [2020-05-08 00:27:36,413] [15428  ] [请求GET:[<QueryDict: {}>]]
[INFO ] [views.py     line:29  ] [2020-05-08 00:27:36,413] [15428  ] [请求full_path:[https://localhost:8000/api/useract]]
[INFO ] [views.py     line:35  ] [2020-05-08 00:27:36,414] [15428  ] [param1=[useract]]
[INFO ] [useract.py   line:14  ] [2020-05-08 00:27:36,672] [15428  ] [----------------------useract_begin---------------------------]
[INFO ] [useract.py   line:22  ] [2020-05-08 00:27:36,672] [15428  ] [trantype=[logincheck]]
[INFO ] [useract.py   line:142 ] [2020-05-08 00:27:36,672] [15428  ] [----------------------Admin-logincheck-begin---------------------------]
[INFO ] [useract.py   line:34  ] [2020-05-08 00:27:36,710] [15428  ] [----------------------useract_end---------------------------]
[INFO ] [views.py     line:91  ] [2020-05-08 00:27:36,711] [15428  ] [<HttpResponse status_code=200, "text/html; charset=utf-8">]
[INFO ] [views.py     line:92  ] [2020-05-08 00:27:36,711] [15428  ] [{"respcode": "100005", "respmsg": "未登录！"}]
[INFO ] [views.py     line:95  ] [2020-05-08 00:27:36,712] [15428  ] [----------------------Admin-end---------------------------]
[INFO ] [views.py     line:96  ] [2020-05-08 00:27:36,712] [15428  ] [交易处理时间: 0:00:00.302149]
[INFO ] [views.py     line:21  ] [2020-05-08 00:29:33,831] [15428  ] [----------------------Admin-begin---------------------------]
[INFO ] [views.py     line:22  ] [2020-05-08 00:29:33,831] [15428  ] [请求:[<WSGIRequest: POST '/api/useract'>]]
[INFO ] [views.py     line:23  ] [2020-05-08 00:29:33,831] [15428  ] [请求path:[/api/useract]]
[INFO ] [views.py     line:24  ] [2020-05-08 00:29:33,832] [15428  ] [请求method:[POST]]
[INFO ] [views.py     line:25  ] [2020-05-08 00:29:33,832] [15428  ] [请求GET:[<QueryDict: {}>]]
[INFO ] [views.py     line:29  ] [2020-05-08 00:29:33,832] [15428  ] [请求full_path:[https://localhost:8000/api/useract]]
[INFO ] [views.py     line:35  ] [2020-05-08 00:29:33,833] [15428  ] [param1=[useract]]
[INFO ] [useract.py   line:14  ] [2020-05-08 00:29:35,233] [15428  ] [----------------------useract_begin---------------------------]
[INFO ] [useract.py   line:22  ] [2020-05-08 00:29:35,233] [15428  ] [trantype=[logincheck]]
[INFO ] [useract.py   line:142 ] [2020-05-08 00:29:35,233] [15428  ] [----------------------Admin-logincheck-begin---------------------------]
[INFO ] [useract.py   line:34  ] [2020-05-08 00:29:35,271] [15428  ] [----------------------useract_end---------------------------]
[INFO ] [views.py     line:91  ] [2020-05-08 00:29:35,271] [15428  ] [<HttpResponse status_code=200, "text/html; charset=utf-8">]
[INFO ] [views.py     line:92  ] [2020-05-08 00:29:35,271] [15428  ] [{"respcode": "100005", "respmsg": "未登录！"}]
[INFO ] [views.py     line:95  ] [2020-05-08 00:29:35,272] [15428  ] [----------------------Admin-end---------------------------]
[INFO ] [views.py     line:96  ] [2020-05-08 00:29:35,272] [15428  ] [交易处理时间: 0:00:01.442053]
[INFO ] [views.py     line:21  ] [2020-05-08 00:29:53,442] [15428  ] [----------------------Admin-begin---------------------------]
[INFO ] [views.py     line:22  ] [2020-05-08 00:29:53,442] [15428  ] [请求:[<WSGIRequest: POST '/api/useract'>]]
[INFO ] [views.py     line:23  ] [2020-05-08 00:29:53,442] [15428  ] [请求path:[/api/useract]]
[INFO ] [views.py     line:24  ] [2020-05-08 00:29:53,442] [15428  ] [请求method:[POST]]
[INFO ] [views.py     line:25  ] [2020-05-08 00:29:53,442] [15428  ] [请求GET:[<QueryDict: {}>]]
[INFO ] [views.py     line:29  ] [2020-05-08 00:29:53,443] [15428  ] [请求full_path:[https://localhost:8000/api/useract]]
[INFO ] [views.py     line:35  ] [2020-05-08 00:29:53,443] [15428  ] [param1=[useract]]
[INFO ] [useract.py   line:14  ] [2020-05-08 00:29:54,480] [15428  ] [----------------------useract_begin---------------------------]
[INFO ] [useract.py   line:22  ] [2020-05-08 00:29:54,480] [15428  ] [trantype=[logincheck]]
[INFO ] [useract.py   line:142 ] [2020-05-08 00:29:54,480] [15428  ] [----------------------Admin-logincheck-begin---------------------------]
[INFO ] [useract.py   line:34  ] [2020-05-08 00:29:54,516] [15428  ] [----------------------useract_end---------------------------]
[INFO ] [views.py     line:91  ] [2020-05-08 00:29:54,516] [15428  ] [<HttpResponse status_code=200, "text/html; charset=utf-8">]
[INFO ] [views.py     line:92  ] [2020-05-08 00:29:54,516] [15428  ] [{"respcode": "100005", "respmsg": "未登录！"}]
[INFO ] [views.py     line:95  ] [2020-05-08 00:29:54,516] [15428  ] [----------------------Admin-end---------------------------]
[INFO ] [views.py     line:96  ] [2020-05-08 00:29:54,516] [15428  ] [交易处理时间: 0:00:01.075343]
[INFO ] [views.py     line:21  ] [2020-05-08 00:30:11,164] [15428  ] [----------------------Admin-begin---------------------------]
[INFO ] [views.py     line:22  ] [2020-05-08 00:30:11,164] [15428  ] [请求:[<WSGIRequest: POST '/api/useract'>]]
[INFO ] [views.py     line:23  ] [2020-05-08 00:30:11,165] [15428  ] [请求path:[/api/useract]]
[INFO ] [views.py     line:24  ] [2020-05-08 00:30:11,165] [15428  ] [请求method:[POST]]
[INFO ] [views.py     line:25  ] [2020-05-08 00:30:11,165] [15428  ] [请求GET:[<QueryDict: {}>]]
[INFO ] [views.py     line:29  ] [2020-05-08 00:30:11,166] [15428  ] [请求full_path:[https://localhost:8000/api/useract]]
[INFO ] [views.py     line:35  ] [2020-05-08 00:30:11,166] [15428  ] [param1=[useract]]
[INFO ] [useract.py   line:14  ] [2020-05-08 00:30:12,264] [15428  ] [----------------------useract_begin---------------------------]
[INFO ] [useract.py   line:22  ] [2020-05-08 00:30:12,264] [15428  ] [trantype=[logincheck]]
[INFO ] [useract.py   line:142 ] [2020-05-08 00:30:12,264] [15428  ] [----------------------Admin-logincheck-begin---------------------------]
[INFO ] [useract.py   line:34  ] [2020-05-08 00:30:12,300] [15428  ] [----------------------useract_end---------------------------]
[INFO ] [views.py     line:91  ] [2020-05-08 00:30:12,300] [15428  ] [<HttpResponse status_code=200, "text/html; charset=utf-8">]
[INFO ] [views.py     line:92  ] [2020-05-08 00:30:12,300] [15428  ] [{"respcode": "100005", "respmsg": "未登录！"}]
[INFO ] [views.py     line:95  ] [2020-05-08 00:30:12,300] [15428  ] [----------------------Admin-end---------------------------]
[INFO ] [views.py     line:96  ] [2020-05-08 00:30:12,300] [15428  ] [交易处理时间: 0:00:01.136044]
[INFO ] [views.py     line:21  ] [2020-05-08 00:31:49,140] [15428  ] [----------------------Admin-begin---------------------------]
[INFO ] [views.py     line:22  ] [2020-05-08 00:31:49,140] [15428  ] [请求:[<WSGIRequest: POST '/api/useract'>]]
[INFO ] [views.py     line:23  ] [2020-05-08 00:31:49,140] [15428  ] [请求path:[/api/useract]]
[INFO ] [views.py     line:24  ] [2020-05-08 00:31:49,140] [15428  ] [请求method:[POST]]
[INFO ] [views.py     line:25  ] [2020-05-08 00:31:49,141] [15428  ] [请求GET:[<QueryDict: {}>]]
[INFO ] [views.py     line:29  ] [2020-05-08 00:31:49,141] [15428  ] [请求full_path:[https://localhost:8000/api/useract]]
[INFO ] [views.py     line:35  ] [2020-05-08 00:31:49,141] [15428  ] [param1=[useract]]
[INFO ] [useract.py   line:14  ] [2020-05-08 00:31:49,635] [15428  ] [----------------------useract_begin---------------------------]
[INFO ] [useract.py   line:22  ] [2020-05-08 00:31:49,635] [15428  ] [trantype=[logincheck]]
[INFO ] [useract.py   line:142 ] [2020-05-08 00:31:49,635] [15428  ] [----------------------Admin-logincheck-begin---------------------------]
[INFO ] [useract.py   line:34  ] [2020-05-08 00:31:49,700] [15428  ] [----------------------useract_end---------------------------]
[INFO ] [views.py     line:91  ] [2020-05-08 00:31:49,700] [15428  ] [<HttpResponse status_code=200, "text/html; charset=utf-8">]
[INFO ] [views.py     line:92  ] [2020-05-08 00:31:49,700] [15428  ] [{"respcode": "100005", "respmsg": "未登录！"}]
[INFO ] [views.py     line:95  ] [2020-05-08 00:31:49,700] [15428  ] [----------------------Admin-end---------------------------]
[INFO ] [views.py     line:96  ] [2020-05-08 00:31:49,700] [15428  ] [交易处理时间: 0:00:00.561211]
[INFO ] [views.py     line:21  ] [2020-05-08 00:32:03,799] [15428  ] [----------------------Admin-begin---------------------------]
[INFO ] [views.py     line:22  ] [2020-05-08 00:32:03,800] [15428  ] [请求:[<WSGIRequest: POST '/api/useract'>]]
[INFO ] [views.py     line:23  ] [2020-05-08 00:32:03,800] [15428  ] [请求path:[/api/useract]]
[INFO ] [views.py     line:24  ] [2020-05-08 00:32:03,800] [15428  ] [请求method:[POST]]
[INFO ] [views.py     line:25  ] [2020-05-08 00:32:03,800] [15428  ] [请求GET:[<QueryDict: {}>]]
[INFO ] [views.py     line:29  ] [2020-05-08 00:32:03,800] [15428  ] [请求full_path:[https://localhost:8000/api/useract]]
[INFO ] [views.py     line:35  ] [2020-05-08 00:32:03,800] [15428  ] [param1=[useract]]
[INFO ] [useract.py   line:14  ] [2020-05-08 00:32:04,183] [15428  ] [----------------------useract_begin---------------------------]
[INFO ] [useract.py   line:22  ] [2020-05-08 00:32:04,184] [15428  ] [trantype=[login]]
[INFO ] [useract.py   line:44  ] [2020-05-08 00:32:04,184] [15428  ] [----------------------Admin-login-begin---------------------------]
[INFO ] [useract.py   line:76  ] [2020-05-08 00:32:04,495] [15428  ] [----------------------Admin-login-end---------------------------]
[INFO ] [useract.py   line:34  ] [2020-05-08 00:32:04,498] [15428  ] [----------------------useract_end---------------------------]
[INFO ] [views.py     line:91  ] [2020-05-08 00:32:04,499] [15428  ] [<HttpResponse status_code=200, "text/html; charset=utf-8">]
[INFO ] [views.py     line:92  ] [2020-05-08 00:32:04,499] [15428  ] [{"respcode": "000000", "respmsg": "登录成功！", "trantype": "login", "uid": 2}]
[INFO ] [views.py     line:95  ] [2020-05-08 00:32:04,499] [15428  ] [----------------------Admin-end---------------------------]
[INFO ] [views.py     line:96  ] [2020-05-08 00:32:04,499] [15428  ] [交易处理时间: 0:00:00.704269]
[INFO ] [views.py     line:21  ] [2020-05-08 00:32:05,350] [15428  ] [----------------------Admin-begin---------------------------]
[INFO ] [views.py     line:22  ] [2020-05-08 00:32:05,350] [15428  ] [请求:[<WSGIRequest: POST '/api/readact'>]]
[INFO ] [views.py     line:23  ] [2020-05-08 00:32:05,350] [15428  ] [请求path:[/api/readact]]
[INFO ] [views.py     line:24  ] [2020-05-08 00:32:05,350] [15428  ] [请求method:[POST]]
[INFO ] [views.py     line:25  ] [2020-05-08 00:32:05,350] [15428  ] [请求GET:[<QueryDict: {}>]]
[INFO ] [views.py     line:29  ] [2020-05-08 00:32:05,350] [15428  ] [请求full_path:[https://localhost:8000/api/readact]]
[INFO ] [views.py     line:35  ] [2020-05-08 00:32:05,350] [15428  ] [param1=[readact]]
[INFO ] [readact.py   line:16  ] [2020-05-08 00:32:06,373] [15428  ] [----------------------readact_begin---------------------------]
[INFO ] [readact.py   line:24  ] [2020-05-08 00:32:06,373] [15428  ] [trantype=[getfilelist]]
[INFO ] [readact.py   line:42  ] [2020-05-08 00:32:06,373] [15428  ] [----------------------Admin-getfilelist-begin---------------------------]
[INFO ] [readact.py   line:139 ] [2020-05-08 00:32:06,897] [15428  ] [----------------------Admin-getfilelist-end---------------------------]
[INFO ] [readact.py   line:36  ] [2020-05-08 00:32:06,904] [15428  ] [----------------------readact_end---------------------------]
[INFO ] [views.py     line:91  ] [2020-05-08 00:32:06,904] [15428  ] [<HttpResponse status_code=200, "text/html; charset=utf-8">]
[INFO ] [views.py     line:92  ] [2020-05-08 00:32:06,904] [15428  ] [{"respcode": "000000", "respmsg": "上传成功", "trantype": "getfilelist", "fileoptions": [{"value": "myupload", "label": "我的上传", "children": []}, {"value": "mycollection", "label": "我的收藏", "children": []}]}]
[INFO ] [views.py     line:95  ] [2020-05-08 00:32:06,904] [15428  ] [----------------------Admin-end---------------------------]
[INFO ] [views.py     line:96  ] [2020-05-08 00:32:06,904] [15428  ] [交易处理时间: 0:00:01.553525]
[INFO ] [views.py     line:21  ] [2020-05-08 00:32:35,604] [15428  ] [----------------------Admin-begin---------------------------]
[INFO ] [views.py     line:22  ] [2020-05-08 00:32:35,605] [15428  ] [请求:[<WSGIRequest: POST '/api/useract'>]]
[INFO ] [views.py     line:23  ] [2020-05-08 00:32:35,605] [15428  ] [请求path:[/api/useract]]
[INFO ] [views.py     line:24  ] [2020-05-08 00:32:35,605] [15428  ] [请求method:[POST]]
[INFO ] [views.py     line:25  ] [2020-05-08 00:32:35,605] [15428  ] [请求GET:[<QueryDict: {}>]]
[INFO ] [views.py     line:29  ] [2020-05-08 00:32:35,606] [15428  ] [请求full_path:[https://localhost:8000/api/useract]]
[INFO ] [views.py     line:35  ] [2020-05-08 00:32:35,606] [15428  ] [param1=[useract]]
[INFO ] [useract.py   line:14  ] [2020-05-08 00:32:36,425] [15428  ] [----------------------useract_begin---------------------------]
[INFO ] [useract.py   line:22  ] [2020-05-08 00:32:36,426] [15428  ] [trantype=[exit]]
[INFO ] [useract.py   line:122 ] [2020-05-08 00:32:36,426] [15428  ] [----------------------Admin-exit-begin---------------------------]
[INFO ] [useract.py   line:136 ] [2020-05-08 00:32:36,490] [15428  ] [----------------------Admin-exit-end---------------------------]
[INFO ] [useract.py   line:34  ] [2020-05-08 00:32:36,494] [15428  ] [----------------------useract_end---------------------------]
[INFO ] [views.py     line:91  ] [2020-05-08 00:32:36,494] [15428  ] [<HttpResponse status_code=200, "text/html; charset=utf-8">]
[INFO ] [views.py     line:92  ] [2020-05-08 00:32:36,494] [15428  ] [{"respcode": "000000", "respmsg": "已退出！", "trantype": "exit"}]
[INFO ] [views.py     line:95  ] [2020-05-08 00:32:36,494] [15428  ] [----------------------Admin-end---------------------------]
[INFO ] [views.py     line:96  ] [2020-05-08 00:32:36,494] [15428  ] [交易处理时间: 0:00:00.890577]
[INFO ] [views.py     line:21  ] [2020-05-08 09:23:49,796] [9256   ] [----------------------Admin-begin---------------------------]
[INFO ] [views.py     line:22  ] [2020-05-08 09:23:49,796] [9256   ] [请求:[<WSGIRequest: POST '/api/useract'>]]
[INFO ] [views.py     line:23  ] [2020-05-08 09:23:49,798] [9256   ] [请求path:[/api/useract]]
[INFO ] [views.py     line:24  ] [2020-05-08 09:23:49,798] [9256   ] [请求method:[POST]]
[INFO ] [views.py     line:25  ] [2020-05-08 09:23:49,799] [9256   ] [请求GET:[<QueryDict: {}>]]
[INFO ] [views.py     line:29  ] [2020-05-08 09:23:49,799] [9256   ] [请求full_path:[https://localhost:8000/api/useract]]
[INFO ] [views.py     line:35  ] [2020-05-08 09:23:49,799] [9256   ] [param1=[useract]]
[INFO ] [useract.py   line:14  ] [2020-05-08 09:23:50,511] [9256   ] [----------------------useract_begin---------------------------]
[INFO ] [useract.py   line:22  ] [2020-05-08 09:23:50,511] [9256   ] [trantype=[logincheck]]
[INFO ] [useract.py   line:142 ] [2020-05-08 09:23:50,511] [9256   ] [----------------------Admin-logincheck-begin---------------------------]
[INFO ] [useract.py   line:34  ] [2020-05-08 09:23:50,558] [9256   ] [----------------------useract_end---------------------------]
[INFO ] [views.py     line:91  ] [2020-05-08 09:23:50,558] [9256   ] [<HttpResponse status_code=200, "text/html; charset=utf-8">]
[INFO ] [views.py     line:92  ] [2020-05-08 09:23:50,558] [9256   ] [{"respcode": "100005", "respmsg": "未登录！"}]
[INFO ] [views.py     line:95  ] [2020-05-08 09:23:50,558] [9256   ] [----------------------Admin-end---------------------------]
[INFO ] [views.py     line:96  ] [2020-05-08 09:23:50,558] [9256   ] [交易处理时间: 0:00:00.762808]
[INFO ] [views.py     line:21  ] [2020-05-08 09:24:09,897] [9256   ] [----------------------Admin-begin---------------------------]
[INFO ] [views.py     line:22  ] [2020-05-08 09:24:09,898] [9256   ] [请求:[<WSGIRequest: POST '/api/useract'>]]
[INFO ] [views.py     line:23  ] [2020-05-08 09:24:09,898] [9256   ] [请求path:[/api/useract]]
[INFO ] [views.py     line:24  ] [2020-05-08 09:24:09,898] [9256   ] [请求method:[POST]]
[INFO ] [views.py     line:25  ] [2020-05-08 09:24:09,899] [9256   ] [请求GET:[<QueryDict: {}>]]
[INFO ] [views.py     line:29  ] [2020-05-08 09:24:09,899] [9256   ] [请求full_path:[https://localhost:8000/api/useract]]
[INFO ] [views.py     line:35  ] [2020-05-08 09:24:09,899] [9256   ] [param1=[useract]]
[INFO ] [useract.py   line:14  ] [2020-05-08 09:24:10,892] [9256   ] [----------------------useract_begin---------------------------]
[INFO ] [useract.py   line:22  ] [2020-05-08 09:24:10,892] [9256   ] [trantype=[logincheck]]
[INFO ] [useract.py   line:142 ] [2020-05-08 09:24:10,892] [9256   ] [----------------------Admin-logincheck-begin---------------------------]
[INFO ] [useract.py   line:34  ] [2020-05-08 09:24:10,893] [9256   ] [----------------------useract_end---------------------------]
[INFO ] [views.py     line:91  ] [2020-05-08 09:24:10,894] [9256   ] [<HttpResponse status_code=200, "text/html; charset=utf-8">]
[INFO ] [views.py     line:92  ] [2020-05-08 09:24:10,894] [9256   ] [{"respcode": "100005", "respmsg": "未登录！"}]
[INFO ] [views.py     line:95  ] [2020-05-08 09:24:10,894] [9256   ] [----------------------Admin-end---------------------------]
[INFO ] [views.py     line:96  ] [2020-05-08 09:24:10,894] [9256   ] [交易处理时间: 0:00:00.996784]
[INFO ] [views.py     line:21  ] [2020-05-08 11:13:03,045] [13516  ] [----------------------Admin-begin---------------------------]
[INFO ] [views.py     line:22  ] [2020-05-08 11:13:03,045] [13516  ] [请求:[<WSGIRequest: GET '/admin/zbookapp/user/userpro/1111.jpg'>]]
[INFO ] [views.py     line:23  ] [2020-05-08 11:13:03,046] [13516  ] [请求path:[/admin/zbookapp/user/userpro/1111.jpg]]
[INFO ] [views.py     line:24  ] [2020-05-08 11:13:03,046] [13516  ] [请求method:[GET]]
[INFO ] [views.py     line:25  ] [2020-05-08 11:13:03,046] [13516  ] [请求GET:[<QueryDict: {}>]]
[INFO ] [views.py     line:29  ] [2020-05-08 11:13:03,046] [13516  ] [请求full_path:[https://localhost:8000/admin/zbookapp/user/userpro/1111.jpg]]
[INFO ] [views.py     line:35  ] [2020-05-08 11:13:03,046] [13516  ] [param1=[1111.jpg]]
[INFO ] [views.py     line:91  ] [2020-05-08 11:13:03,372] [13516  ] [<HttpResponse status_code=200, "text/html; charset=utf-8">]
[INFO ] [views.py     line:92  ] [2020-05-08 11:13:03,373] [13516  ] [<!DOCTYPE html><html><head><meta charset=utf-8><meta name=viewport content="width=device-width,initial-scale=1"><title>zbook-web</title><link href=/static/css/app.50385390c24edb1e2d025721a375f8c4.css rel=stylesheet></head><body><div id=app></div><script type=text/javascript src=/static/js/manifest.8e8bba5d0ee1eb96639e.js></script><script type=text/javascript src=/static/js/vendor.30ffce023aaebdc83cdf.js></script><script type=text/javascript src=/static/js/app.39b3480fbf9937198053.js></script></body></html>]
[INFO ] [views.py     line:95  ] [2020-05-08 11:13:03,373] [13516  ] [----------------------Admin-end---------------------------]
[INFO ] [views.py     line:96  ] [2020-05-08 11:13:03,373] [13516  ] [交易处理时间: 0:00:00.328711]
[INFO ] [views.py     line:21  ] [2020-05-08 11:13:22,178] [13516  ] [----------------------Admin-begin---------------------------]
[INFO ] [views.py     line:22  ] [2020-05-08 11:13:22,179] [13516  ] [请求:[<WSGIRequest: GET '/admin/zbookapp/user/userpro/1111.jpg'>]]
[INFO ] [views.py     line:23  ] [2020-05-08 11:13:22,180] [13516  ] [请求path:[/admin/zbookapp/user/userpro/1111.jpg]]
[INFO ] [views.py     line:24  ] [2020-05-08 11:13:22,180] [13516  ] [请求method:[GET]]
[INFO ] [views.py     line:25  ] [2020-05-08 11:13:22,180] [13516  ] [请求GET:[<QueryDict: {}>]]
[INFO ] [views.py     line:29  ] [2020-05-08 11:13:22,180] [13516  ] [请求full_path:[https://localhost:8000/admin/zbookapp/user/userpro/1111.jpg]]
[INFO ] [views.py     line:35  ] [2020-05-08 11:13:22,181] [13516  ] [param1=[1111.jpg]]
[INFO ] [views.py     line:91  ] [2020-05-08 11:13:22,464] [13516  ] [<HttpResponse status_code=200, "text/html; charset=utf-8">]
[INFO ] [views.py     line:92  ] [2020-05-08 11:13:22,465] [13516  ] [<!DOCTYPE html><html><head><meta charset=utf-8><meta name=viewport content="width=device-width,initial-scale=1"><title>zbook-web</title><link href=/static/css/app.50385390c24edb1e2d025721a375f8c4.css rel=stylesheet></head><body><div id=app></div><script type=text/javascript src=/static/js/manifest.8e8bba5d0ee1eb96639e.js></script><script type=text/javascript src=/static/js/vendor.30ffce023aaebdc83cdf.js></script><script type=text/javascript src=/static/js/app.39b3480fbf9937198053.js></script></body></html>]
[INFO ] [views.py     line:95  ] [2020-05-08 11:13:22,465] [13516  ] [----------------------Admin-end---------------------------]
[INFO ] [views.py     line:96  ] [2020-05-08 11:13:22,465] [13516  ] [交易处理时间: 0:00:00.287385]
[INFO ] [views.py     line:21  ] [2020-05-08 11:13:35,750] [13516  ] [----------------------Admin-begin---------------------------]
[INFO ] [views.py     line:22  ] [2020-05-08 11:13:35,750] [13516  ] [请求:[<WSGIRequest: GET '/admin/zbookapp/user/userpro/1111.jpg'>]]
[INFO ] [views.py     line:23  ] [2020-05-08 11:13:35,750] [13516  ] [请求path:[/admin/zbookapp/user/userpro/1111.jpg]]
[INFO ] [views.py     line:24  ] [2020-05-08 11:13:35,750] [13516  ] [请求method:[GET]]
[INFO ] [views.py     line:25  ] [2020-05-08 11:13:35,750] [13516  ] [请求GET:[<QueryDict: {}>]]
[INFO ] [views.py     line:29  ] [2020-05-08 11:13:35,750] [13516  ] [请求full_path:[https://localhost:8000/admin/zbookapp/user/userpro/1111.jpg]]
[INFO ] [views.py     line:35  ] [2020-05-08 11:13:35,750] [13516  ] [param1=[1111.jpg]]
[INFO ] [views.py     line:91  ] [2020-05-08 11:13:36,067] [13516  ] [<HttpResponse status_code=200, "text/html; charset=utf-8">]
[INFO ] [views.py     line:92  ] [2020-05-08 11:13:36,068] [13516  ] [<!DOCTYPE html><html><head><meta charset=utf-8><meta name=viewport content="width=device-width,initial-scale=1"><title>zbook-web</title><link href=/static/css/app.50385390c24edb1e2d025721a375f8c4.css rel=stylesheet></head><body><div id=app></div><script type=text/javascript src=/static/js/manifest.8e8bba5d0ee1eb96639e.js></script><script type=text/javascript src=/static/js/vendor.30ffce023aaebdc83cdf.js></script><script type=text/javascript src=/static/js/app.39b3480fbf9937198053.js></script></body></html>]
[INFO ] [views.py     line:95  ] [2020-05-08 11:13:36,068] [13516  ] [----------------------Admin-end---------------------------]
[INFO ] [views.py     line:96  ] [2020-05-08 11:13:36,068] [13516  ] [交易处理时间: 0:00:00.319010]
[INFO ] [views.py     line:21  ] [2020-05-08 11:14:04,673] [6580   ] [----------------------Admin-begin---------------------------]
[INFO ] [views.py     line:22  ] [2020-05-08 11:14:04,674] [6580   ] [请求:[<WSGIRequest: GET '/admin/zbookapp/user/userpro/1111.jpg'>]]
[INFO ] [views.py     line:23  ] [2020-05-08 11:14:04,674] [6580   ] [请求path:[/admin/zbookapp/user/userpro/1111.jpg]]
[INFO ] [views.py     line:24  ] [2020-05-08 11:14:04,674] [6580   ] [请求method:[GET]]
[INFO ] [views.py     line:25  ] [2020-05-08 11:14:04,674] [6580   ] [请求GET:[<QueryDict: {}>]]
[INFO ] [views.py     line:29  ] [2020-05-08 11:14:04,675] [6580   ] [请求full_path:[https://localhost:8000/admin/zbookapp/user/userpro/1111.jpg]]
[INFO ] [views.py     line:35  ] [2020-05-08 11:14:04,675] [6580   ] [param1=[1111.jpg]]
[INFO ] [views.py     line:91  ] [2020-05-08 11:14:05,003] [6580   ] [<HttpResponse status_code=200, "text/html; charset=utf-8">]
[INFO ] [views.py     line:92  ] [2020-05-08 11:14:05,003] [6580   ] [<!DOCTYPE html><html><head><meta charset=utf-8><meta name=viewport content="width=device-width,initial-scale=1"><title>zbook-web</title><link href=/static/css/app.50385390c24edb1e2d025721a375f8c4.css rel=stylesheet></head><body><div id=app></div><script type=text/javascript src=/static/js/manifest.8e8bba5d0ee1eb96639e.js></script><script type=text/javascript src=/static/js/vendor.30ffce023aaebdc83cdf.js></script><script type=text/javascript src=/static/js/app.39b3480fbf9937198053.js></script></body></html>]
[INFO ] [views.py     line:95  ] [2020-05-08 11:14:05,003] [6580   ] [----------------------Admin-end---------------------------]
[INFO ] [views.py     line:96  ] [2020-05-08 11:14:05,003] [6580   ] [交易处理时间: 0:00:00.330116]
[INFO ] [views.py     line:21  ] [2020-05-08 11:14:08,353] [6580   ] [----------------------Admin-begin---------------------------]
[INFO ] [views.py     line:22  ] [2020-05-08 11:14:08,354] [6580   ] [请求:[<WSGIRequest: GET '/admin/zbookapp/user/userpro/1111.jpg'>]]
[INFO ] [views.py     line:23  ] [2020-05-08 11:14:08,354] [6580   ] [请求path:[/admin/zbookapp/user/userpro/1111.jpg]]
[INFO ] [views.py     line:24  ] [2020-05-08 11:14:08,355] [6580   ] [请求method:[GET]]
[INFO ] [views.py     line:25  ] [2020-05-08 11:14:08,356] [6580   ] [请求GET:[<QueryDict: {}>]]
[INFO ] [views.py     line:29  ] [2020-05-08 11:14:08,356] [6580   ] [请求full_path:[https://localhost:8000/admin/zbookapp/user/userpro/1111.jpg]]
[INFO ] [views.py     line:35  ] [2020-05-08 11:14:08,356] [6580   ] [param1=[1111.jpg]]
[INFO ] [views.py     line:91  ] [2020-05-08 11:14:08,912] [6580   ] [<HttpResponse status_code=200, "text/html; charset=utf-8">]
[INFO ] [views.py     line:92  ] [2020-05-08 11:14:08,912] [6580   ] [<!DOCTYPE html><html><head><meta charset=utf-8><meta name=viewport content="width=device-width,initial-scale=1"><title>zbook-web</title><link href=/static/css/app.50385390c24edb1e2d025721a375f8c4.css rel=stylesheet></head><body><div id=app></div><script type=text/javascript src=/static/js/manifest.8e8bba5d0ee1eb96639e.js></script><script type=text/javascript src=/static/js/vendor.30ffce023aaebdc83cdf.js></script><script type=text/javascript src=/static/js/app.39b3480fbf9937198053.js></script></body></html>]
[INFO ] [views.py     line:95  ] [2020-05-08 11:14:08,912] [6580   ] [----------------------Admin-end---------------------------]
[INFO ] [views.py     line:96  ] [2020-05-08 11:14:08,912] [6580   ] [交易处理时间: 0:00:00.559637]
