[INFO ] [views.py     line:19  ] [2020-04-10 10:38:05,011] [1752   ] [----------------------Admin-begin---------------------------]
[INFO ] [views.py     line:20  ] [2020-04-10 10:38:05,011] [1752   ] [请求:[<WSGIRequest: POST '/api/appreadact'>]]
[INFO ] [views.py     line:21  ] [2020-04-10 10:38:05,011] [1752   ] [请求path:[/api/appreadact]]
[INFO ] [views.py     line:22  ] [2020-04-10 10:38:05,011] [1752   ] [请求method:[POST]]
[INFO ] [views.py     line:23  ] [2020-04-10 10:38:05,011] [1752   ] [请求GET:[<QueryDict: {}>]]
[INFO ] [views.py     line:27  ] [2020-04-10 10:38:05,011] [1752   ] [请求full_path:[https://localhost:8000/api/appreadact]]
[INFO ] [views.py     line:33  ] [2020-04-10 10:38:05,011] [1752   ] [param1=[appreadact]]
[INFO ] [appreadact.py line:16  ] [2020-04-10 10:38:06,605] [1752   ] [----------------------appreadact_begin---------------------------]
[INFO ] [appreadact.py line:24  ] [2020-04-10 10:38:06,605] [1752   ] [trantype=[getlist]]
[INFO ] [appreadact.py line:42  ] [2020-04-10 10:38:06,605] [1752   ] [----------------------Admin-getfilelist-begin---------------------------]
[INFO ] [appreadact.py line:111 ] [2020-04-10 10:38:07,073] [1752   ] [----------------------Admin-getfilelist-end---------------------------]
[INFO ] [appreadact.py line:36  ] [2020-04-10 10:38:07,105] [1752   ] [----------------------appreadact_end---------------------------]
[INFO ] [views.py     line:81  ] [2020-04-10 10:38:07,105] [1752   ] [<HttpResponse status_code=200, "text/html; charset=utf-8">]
[INFO ] [views.py     line:82  ] [2020-04-10 10:38:07,105] [1752   ] [{"respcode": "000000", "respmsg": "上传成功", "trantype": "getlist", "list": [{"filename": "射雕（金庸）.txt", "fileid": 14, "msg": "简介啊", "class": "小说", "colnum": 1}]}]
[INFO ] [views.py     line:85  ] [2020-04-10 10:38:07,105] [1752   ] [----------------------Admin-end---------------------------]
[INFO ] [views.py     line:86  ] [2020-04-10 10:38:07,105] [1752   ] [交易处理时间: 0:00:02.093259]
[INFO ] [views.py     line:19  ] [2020-04-10 10:38:11,244] [1752   ] [----------------------Admin-begin---------------------------]
[INFO ] [views.py     line:20  ] [2020-04-10 10:38:11,244] [1752   ] [请求:[<WSGIRequest: POST '/api/appreadact'>]]
[INFO ] [views.py     line:21  ] [2020-04-10 10:38:11,244] [1752   ] [请求path:[/api/appreadact]]
[INFO ] [views.py     line:22  ] [2020-04-10 10:38:11,244] [1752   ] [请求method:[POST]]
[INFO ] [views.py     line:23  ] [2020-04-10 10:38:11,244] [1752   ] [请求GET:[<QueryDict: {}>]]
[INFO ] [views.py     line:27  ] [2020-04-10 10:38:11,244] [1752   ] [请求full_path:[https://localhost:8000/api/appreadact]]
[INFO ] [views.py     line:33  ] [2020-04-10 10:38:11,244] [1752   ] [param1=[appreadact]]
[INFO ] [appreadact.py line:16  ] [2020-04-10 10:38:12,791] [1752   ] [----------------------appreadact_begin---------------------------]
[INFO ] [appreadact.py line:24  ] [2020-04-10 10:38:12,791] [1752   ] [trantype=[getlist]]
[INFO ] [appreadact.py line:42  ] [2020-04-10 10:38:12,791] [1752   ] [----------------------Admin-getfilelist-begin---------------------------]
[INFO ] [appreadact.py line:111 ] [2020-04-10 10:38:13,431] [1752   ] [----------------------Admin-getfilelist-end---------------------------]
[INFO ] [appreadact.py line:36  ] [2020-04-10 10:38:13,431] [1752   ] [----------------------appreadact_end---------------------------]
[INFO ] [views.py     line:81  ] [2020-04-10 10:38:13,431] [1752   ] [<HttpResponse status_code=200, "text/html; charset=utf-8">]
[INFO ] [views.py     line:82  ] [2020-04-10 10:38:13,431] [1752   ] [{"respcode": "000000", "respmsg": "上传成功", "trantype": "getlist", "list": [{"filename": "射雕（金庸）.txt", "fileid": 14, "msg": "简介啊", "class": "小说", "colnum": 1}, {"filename": "射雕英雄传.txt", "fileid": 12, "msg": null, "class": "其他", "colnum": 0}]}]
[INFO ] [views.py     line:85  ] [2020-04-10 10:38:13,431] [1752   ] [----------------------Admin-end---------------------------]
[INFO ] [views.py     line:86  ] [2020-04-10 10:38:13,431] [1752   ] [交易处理时间: 0:00:02.186987]
[INFO ] [views.py     line:19  ] [2020-04-10 10:38:25,585] [1752   ] [----------------------Admin-begin---------------------------]
[INFO ] [views.py     line:20  ] [2020-04-10 10:38:25,585] [1752   ] [请求:[<WSGIRequest: POST '/api/appreadact'>]]
[INFO ] [views.py     line:21  ] [2020-04-10 10:38:25,585] [1752   ] [请求path:[/api/appreadact]]
[INFO ] [views.py     line:22  ] [2020-04-10 10:38:25,585] [1752   ] [请求method:[POST]]
[INFO ] [views.py     line:23  ] [2020-04-10 10:38:25,585] [1752   ] [请求GET:[<QueryDict: {}>]]
[INFO ] [views.py     line:27  ] [2020-04-10 10:38:25,585] [1752   ] [请求full_path:[https://localhost:8000/api/appreadact]]
[INFO ] [views.py     line:33  ] [2020-04-10 10:38:25,585] [1752   ] [param1=[appreadact]]
[INFO ] [appreadact.py line:16  ] [2020-04-10 10:38:27,444] [1752   ] [----------------------appreadact_begin---------------------------]
[INFO ] [appreadact.py line:24  ] [2020-04-10 10:38:27,444] [1752   ] [trantype=[getbookinfo]]
[INFO ] [appreadact.py line:117 ] [2020-04-10 10:38:27,444] [1752   ] [----------------------Admin-getbookinfo-begin---------------------------]
[INFO ] [appreadact.py line:36  ] [2020-04-10 10:38:27,616] [1752   ] [----------------------appreadact_end---------------------------]
[INFO ] [views.py     line:81  ] [2020-04-10 10:38:27,616] [1752   ] [<HttpResponse status_code=200, "text/html; charset=utf-8">]
[INFO ] [views.py     line:82  ] [2020-04-10 10:38:27,616] [1752   ] [{"respcode": "300004", "respmsg": "用户不存在！"}]
[INFO ] [views.py     line:85  ] [2020-04-10 10:38:27,616] [1752   ] [----------------------Admin-end---------------------------]
[INFO ] [views.py     line:86  ] [2020-04-10 10:38:27,616] [1752   ] [交易处理时间: 0:00:02.030772]
[INFO ] [views.py     line:19  ] [2020-04-10 10:38:29,818] [1752   ] [----------------------Admin-begin---------------------------]
[INFO ] [views.py     line:20  ] [2020-04-10 10:38:29,818] [1752   ] [请求:[<WSGIRequest: POST '/api/appreadact'>]]
[INFO ] [views.py     line:21  ] [2020-04-10 10:38:29,818] [1752   ] [请求path:[/api/appreadact]]
[INFO ] [views.py     line:22  ] [2020-04-10 10:38:29,818] [1752   ] [请求method:[POST]]
[INFO ] [views.py     line:23  ] [2020-04-10 10:38:29,818] [1752   ] [请求GET:[<QueryDict: {}>]]
[INFO ] [views.py     line:27  ] [2020-04-10 10:38:29,818] [1752   ] [请求full_path:[https://localhost:8000/api/appreadact]]
[INFO ] [views.py     line:33  ] [2020-04-10 10:38:29,818] [1752   ] [param1=[appreadact]]
[INFO ] [appreadact.py line:16  ] [2020-04-10 10:38:31,459] [1752   ] [----------------------appreadact_begin---------------------------]
[INFO ] [appreadact.py line:24  ] [2020-04-10 10:38:31,459] [1752   ] [trantype=[getlist]]
[INFO ] [appreadact.py line:42  ] [2020-04-10 10:38:31,459] [1752   ] [----------------------Admin-getfilelist-begin---------------------------]
[INFO ] [appreadact.py line:36  ] [2020-04-10 10:38:31,615] [1752   ] [----------------------appreadact_end---------------------------]
[INFO ] [views.py     line:81  ] [2020-04-10 10:38:31,615] [1752   ] [<HttpResponse status_code=200, "text/html; charset=utf-8">]
[INFO ] [views.py     line:82  ] [2020-04-10 10:38:31,615] [1752   ] [{"respcode": "300003", "respmsg": "请登录！"}]
[INFO ] [views.py     line:85  ] [2020-04-10 10:38:31,615] [1752   ] [----------------------Admin-end---------------------------]
[INFO ] [views.py     line:86  ] [2020-04-10 10:38:31,615] [1752   ] [交易处理时间: 0:00:01.796645]
[INFO ] [views.py     line:19  ] [2020-04-10 10:38:56,172] [1752   ] [----------------------Admin-begin---------------------------]
[INFO ] [views.py     line:20  ] [2020-04-10 10:38:56,172] [1752   ] [请求:[<WSGIRequest: POST '/api/useract'>]]
[INFO ] [views.py     line:21  ] [2020-04-10 10:38:56,172] [1752   ] [请求path:[/api/useract]]
[INFO ] [views.py     line:22  ] [2020-04-10 10:38:56,172] [1752   ] [请求method:[POST]]
[INFO ] [views.py     line:23  ] [2020-04-10 10:38:56,172] [1752   ] [请求GET:[<QueryDict: {}>]]
[INFO ] [views.py     line:27  ] [2020-04-10 10:38:56,172] [1752   ] [请求full_path:[https://localhost:8000/api/useract]]
[INFO ] [views.py     line:33  ] [2020-04-10 10:38:56,172] [1752   ] [param1=[useract]]
[INFO ] [useract.py   line:14  ] [2020-04-10 10:38:57,827] [1752   ] [----------------------useract_begin---------------------------]
[INFO ] [useract.py   line:22  ] [2020-04-10 10:38:57,827] [1752   ] [trantype=[login]]
[INFO ] [useract.py   line:44  ] [2020-04-10 10:38:57,827] [1752   ] [----------------------Admin-login-begin---------------------------]
[INFO ] [useract.py   line:74  ] [2020-04-10 10:38:58,249] [1752   ] [----------------------Admin-login-end---------------------------]
[INFO ] [useract.py   line:34  ] [2020-04-10 10:38:58,249] [1752   ] [----------------------useract_end---------------------------]
[INFO ] [views.py     line:81  ] [2020-04-10 10:38:58,249] [1752   ] [<HttpResponse status_code=200, "text/html; charset=utf-8">]
[INFO ] [views.py     line:82  ] [2020-04-10 10:38:58,249] [1752   ] [{"respcode": "000000", "respmsg": "登录成功！", "trantype": "login"}]
[INFO ] [views.py     line:85  ] [2020-04-10 10:38:58,249] [1752   ] [----------------------Admin-end---------------------------]
[INFO ] [views.py     line:86  ] [2020-04-10 10:38:58,249] [1752   ] [交易处理时间: 0:00:02.077642]
[INFO ] [views.py     line:19  ] [2020-04-10 10:38:59,342] [1752   ] [----------------------Admin-begin---------------------------]
[INFO ] [views.py     line:20  ] [2020-04-10 10:38:59,342] [1752   ] [请求:[<WSGIRequest: POST '/api/appreadact'>]]
[INFO ] [views.py     line:21  ] [2020-04-10 10:38:59,342] [1752   ] [请求path:[/api/appreadact]]
[INFO ] [views.py     line:22  ] [2020-04-10 10:38:59,342] [1752   ] [请求method:[POST]]
[INFO ] [views.py     line:23  ] [2020-04-10 10:38:59,342] [1752   ] [请求GET:[<QueryDict: {}>]]
[INFO ] [views.py     line:27  ] [2020-04-10 10:38:59,342] [1752   ] [请求full_path:[https://localhost:8000/api/appreadact]]
[INFO ] [views.py     line:33  ] [2020-04-10 10:38:59,342] [1752   ] [param1=[appreadact]]
[INFO ] [appreadact.py line:16  ] [2020-04-10 10:39:01,045] [1752   ] [----------------------appreadact_begin---------------------------]
[INFO ] [appreadact.py line:24  ] [2020-04-10 10:39:01,045] [1752   ] [trantype=[getlist]]
[INFO ] [appreadact.py line:42  ] [2020-04-10 10:39:01,045] [1752   ] [----------------------Admin-getfilelist-begin---------------------------]
[INFO ] [appreadact.py line:111 ] [2020-04-10 10:39:01,545] [1752   ] [----------------------Admin-getfilelist-end---------------------------]
[INFO ] [appreadact.py line:36  ] [2020-04-10 10:39:01,545] [1752   ] [----------------------appreadact_end---------------------------]
[INFO ] [views.py     line:81  ] [2020-04-10 10:39:01,545] [1752   ] [<HttpResponse status_code=200, "text/html; charset=utf-8">]
[INFO ] [views.py     line:82  ] [2020-04-10 10:39:01,545] [1752   ] [{"respcode": "000000", "respmsg": "上传成功", "trantype": "getlist", "list": [{"filename": "倚天屠龙记.txt", "fileid": 11, "class": "其他", "colnum": 0}, {"filename": "射雕英雄传.txt", "fileid": 12, "class": "其他", "colnum": 0}, {"filename": "射雕英雄传.docx", "fileid": 13, "class": "其他", "colnum": 0}, {"filename": "文件上传测试.txt", "fileid": 15, "class": "其他", "colnum": 0}]}]
[INFO ] [views.py     line:85  ] [2020-04-10 10:39:01,545] [1752   ] [----------------------Admin-end---------------------------]
[INFO ] [views.py     line:86  ] [2020-04-10 10:39:01,545] [1752   ] [交易处理时间: 0:00:02.202773]
[INFO ] [views.py     line:19  ] [2020-04-10 10:39:14,808] [1752   ] [----------------------Admin-begin---------------------------]
[INFO ] [views.py     line:20  ] [2020-04-10 10:39:14,808] [1752   ] [请求:[<WSGIRequest: POST '/api/appreadact'>]]
[INFO ] [views.py     line:21  ] [2020-04-10 10:39:14,808] [1752   ] [请求path:[/api/appreadact]]
[INFO ] [views.py     line:22  ] [2020-04-10 10:39:14,808] [1752   ] [请求method:[POST]]
[INFO ] [views.py     line:23  ] [2020-04-10 10:39:14,808] [1752   ] [请求GET:[<QueryDict: {}>]]
[INFO ] [views.py     line:27  ] [2020-04-10 10:39:14,808] [1752   ] [请求full_path:[https://localhost:8000/api/appreadact]]
[INFO ] [views.py     line:33  ] [2020-04-10 10:39:14,808] [1752   ] [param1=[appreadact]]
[INFO ] [appreadact.py line:16  ] [2020-04-10 10:39:16,354] [1752   ] [----------------------appreadact_begin---------------------------]
[INFO ] [appreadact.py line:24  ] [2020-04-10 10:39:16,354] [1752   ] [trantype=[getlist]]
[INFO ] [appreadact.py line:42  ] [2020-04-10 10:39:16,354] [1752   ] [----------------------Admin-getfilelist-begin---------------------------]
[INFO ] [appreadact.py line:111 ] [2020-04-10 10:39:17,122] [1752   ] [----------------------Admin-getfilelist-end---------------------------]
[INFO ] [appreadact.py line:36  ] [2020-04-10 10:39:17,122] [1752   ] [----------------------appreadact_end---------------------------]
[INFO ] [views.py     line:81  ] [2020-04-10 10:39:17,122] [1752   ] [<HttpResponse status_code=200, "text/html; charset=utf-8">]
[INFO ] [views.py     line:82  ] [2020-04-10 10:39:17,122] [1752   ] [{"respcode": "000000", "respmsg": "上传成功", "trantype": "getlist", "list": [{"filename": "射雕（金庸）.txt", "fileid": 14, "msg": "简介啊", "class": "小说", "colnum": 1}]}]
[INFO ] [views.py     line:85  ] [2020-04-10 10:39:17,122] [1752   ] [----------------------Admin-end---------------------------]
[INFO ] [views.py     line:86  ] [2020-04-10 10:39:17,122] [1752   ] [交易处理时间: 0:00:02.314793]
[INFO ] [views.py     line:19  ] [2020-04-10 10:39:19,294] [1752   ] [----------------------Admin-begin---------------------------]
[INFO ] [views.py     line:20  ] [2020-04-10 10:39:19,294] [1752   ] [请求:[<WSGIRequest: POST '/api/appreadact'>]]
[INFO ] [views.py     line:21  ] [2020-04-10 10:39:19,294] [1752   ] [请求path:[/api/appreadact]]
[INFO ] [views.py     line:22  ] [2020-04-10 10:39:19,294] [1752   ] [请求method:[POST]]
[INFO ] [views.py     line:23  ] [2020-04-10 10:39:19,310] [1752   ] [请求GET:[<QueryDict: {}>]]
[INFO ] [views.py     line:27  ] [2020-04-10 10:39:19,310] [1752   ] [请求full_path:[https://localhost:8000/api/appreadact]]
[INFO ] [views.py     line:33  ] [2020-04-10 10:39:19,310] [1752   ] [param1=[appreadact]]
[INFO ] [appreadact.py line:16  ] [2020-04-10 10:39:20,888] [1752   ] [----------------------appreadact_begin---------------------------]
[INFO ] [appreadact.py line:24  ] [2020-04-10 10:39:20,888] [1752   ] [trantype=[getbookinfo]]
[INFO ] [appreadact.py line:117 ] [2020-04-10 10:39:20,888] [1752   ] [----------------------Admin-getbookinfo-begin---------------------------]
[INFO ] [appreadact.py line:178 ] [2020-04-10 10:39:21,481] [1752   ] [----------------------Admin-getbookinfo-end---------------------------]
[INFO ] [appreadact.py line:36  ] [2020-04-10 10:39:21,481] [1752   ] [----------------------appreadact_end---------------------------]
[INFO ] [views.py     line:81  ] [2020-04-10 10:39:21,481] [1752   ] [<HttpResponse status_code=200, "text/html; charset=utf-8">]
[INFO ] [views.py     line:82  ] [2020-04-10 10:39:21,481] [1752   ] [{"respcode": "000000", "respmsg": "上传成功", "trantype": "getbookinfo", "filename": "射雕（金庸）.txt", "fileinfo": "简介啊", "coltext": "已收藏", "shelftext": "已加入书架"}]
[INFO ] [views.py     line:85  ] [2020-04-10 10:39:21,481] [1752   ] [----------------------Admin-end---------------------------]
[INFO ] [views.py     line:86  ] [2020-04-10 10:39:21,481] [1752   ] [交易处理时间: 0:00:02.186979]
[INFO ] [views.py     line:19  ] [2020-04-10 10:40:10,423] [1752   ] [----------------------Admin-begin---------------------------]
[INFO ] [views.py     line:20  ] [2020-04-10 10:40:10,423] [1752   ] [请求:[<WSGIRequest: POST '/api/appreadact'>]]
[INFO ] [views.py     line:21  ] [2020-04-10 10:40:10,423] [1752   ] [请求path:[/api/appreadact]]
[INFO ] [views.py     line:22  ] [2020-04-10 10:40:10,423] [1752   ] [请求method:[POST]]
[INFO ] [views.py     line:23  ] [2020-04-10 10:40:10,423] [1752   ] [请求GET:[<QueryDict: {}>]]
[INFO ] [views.py     line:27  ] [2020-04-10 10:40:10,423] [1752   ] [请求full_path:[https://localhost:8000/api/appreadact]]
[INFO ] [views.py     line:33  ] [2020-04-10 10:40:10,423] [1752   ] [param1=[appreadact]]
[INFO ] [appreadact.py line:16  ] [2020-04-10 10:40:12,001] [1752   ] [----------------------appreadact_begin---------------------------]
[INFO ] [appreadact.py line:24  ] [2020-04-10 10:40:12,001] [1752   ] [trantype=[getbookinfo]]
[INFO ] [appreadact.py line:117 ] [2020-04-10 10:40:12,001] [1752   ] [----------------------Admin-getbookinfo-begin---------------------------]
[INFO ] [appreadact.py line:178 ] [2020-04-10 10:40:12,641] [1752   ] [----------------------Admin-getbookinfo-end---------------------------]
[INFO ] [appreadact.py line:36  ] [2020-04-10 10:40:12,641] [1752   ] [----------------------appreadact_end---------------------------]
[INFO ] [views.py     line:81  ] [2020-04-10 10:40:12,641] [1752   ] [<HttpResponse status_code=200, "text/html; charset=utf-8">]
[INFO ] [views.py     line:82  ] [2020-04-10 10:40:12,641] [1752   ] [{"respcode": "000000", "respmsg": "上传成功", "trantype": "getbookinfo", "filename": "射雕（金庸）.txt", "fileinfo": "简介啊", "coltext": "已收藏", "shelftext": "已加入书架"}]
[INFO ] [views.py     line:85  ] [2020-04-10 10:40:12,641] [1752   ] [----------------------Admin-end---------------------------]
[INFO ] [views.py     line:86  ] [2020-04-10 10:40:12,641] [1752   ] [交易处理时间: 0:00:02.218414]
[INFO ] [views.py     line:19  ] [2020-04-10 10:40:17,406] [1752   ] [----------------------Admin-begin---------------------------]
[INFO ] [views.py     line:20  ] [2020-04-10 10:40:17,406] [1752   ] [请求:[<WSGIRequest: POST '/api/appreadact'>]]
[INFO ] [views.py     line:21  ] [2020-04-10 10:40:17,406] [1752   ] [请求path:[/api/appreadact]]
[INFO ] [views.py     line:22  ] [2020-04-10 10:40:17,406] [1752   ] [请求method:[POST]]
[INFO ] [views.py     line:23  ] [2020-04-10 10:40:17,406] [1752   ] [请求GET:[<QueryDict: {}>]]
[INFO ] [views.py     line:27  ] [2020-04-10 10:40:17,406] [1752   ] [请求full_path:[https://localhost:8000/api/appreadact]]
[INFO ] [views.py     line:33  ] [2020-04-10 10:40:17,406] [1752   ] [param1=[appreadact]]
[INFO ] [appreadact.py line:16  ] [2020-04-10 10:40:18,999] [1752   ] [----------------------appreadact_begin---------------------------]
[INFO ] [appreadact.py line:24  ] [2020-04-10 10:40:18,999] [1752   ] [trantype=[getlist]]
[INFO ] [appreadact.py line:42  ] [2020-04-10 10:40:18,999] [1752   ] [----------------------Admin-getfilelist-begin---------------------------]
[INFO ] [appreadact.py line:111 ] [2020-04-10 10:40:19,546] [1752   ] [----------------------Admin-getfilelist-end---------------------------]
[INFO ] [appreadact.py line:36  ] [2020-04-10 10:40:19,546] [1752   ] [----------------------appreadact_end---------------------------]
[INFO ] [views.py     line:81  ] [2020-04-10 10:40:19,546] [1752   ] [<HttpResponse status_code=200, "text/html; charset=utf-8">]
[INFO ] [views.py     line:82  ] [2020-04-10 10:40:19,546] [1752   ] [{"respcode": "000000", "respmsg": "上传成功", "trantype": "getlist", "list": [{"filename": "射雕（金庸）.txt", "fileid": 14, "msg": "简介啊", "class": "小说", "colnum": 1}]}]
[INFO ] [views.py     line:85  ] [2020-04-10 10:40:19,546] [1752   ] [----------------------Admin-end---------------------------]
[INFO ] [views.py     line:86  ] [2020-04-10 10:40:19,546] [1752   ] [交易处理时间: 0:00:02.140121]
[INFO ] [views.py     line:19  ] [2020-04-10 10:40:20,499] [1752   ] [----------------------Admin-begin---------------------------]
[INFO ] [views.py     line:20  ] [2020-04-10 10:40:20,499] [1752   ] [请求:[<WSGIRequest: POST '/api/appreadact'>]]
[INFO ] [views.py     line:21  ] [2020-04-10 10:40:20,499] [1752   ] [请求path:[/api/appreadact]]
[INFO ] [views.py     line:22  ] [2020-04-10 10:40:20,499] [1752   ] [请求method:[POST]]
[INFO ] [views.py     line:23  ] [2020-04-10 10:40:20,499] [1752   ] [请求GET:[<QueryDict: {}>]]
[INFO ] [views.py     line:27  ] [2020-04-10 10:40:20,499] [1752   ] [请求full_path:[https://localhost:8000/api/appreadact]]
[INFO ] [views.py     line:33  ] [2020-04-10 10:40:20,499] [1752   ] [param1=[appreadact]]
[INFO ] [appreadact.py line:16  ] [2020-04-10 10:40:22,092] [1752   ] [----------------------appreadact_begin---------------------------]
[INFO ] [appreadact.py line:24  ] [2020-04-10 10:40:22,092] [1752   ] [trantype=[getbookinfo]]
[INFO ] [appreadact.py line:117 ] [2020-04-10 10:40:22,092] [1752   ] [----------------------Admin-getbookinfo-begin---------------------------]
[INFO ] [appreadact.py line:178 ] [2020-04-10 10:40:22,748] [1752   ] [----------------------Admin-getbookinfo-end---------------------------]
[INFO ] [appreadact.py line:36  ] [2020-04-10 10:40:22,748] [1752   ] [----------------------appreadact_end---------------------------]
[INFO ] [views.py     line:81  ] [2020-04-10 10:40:22,748] [1752   ] [<HttpResponse status_code=200, "text/html; charset=utf-8">]
[INFO ] [views.py     line:82  ] [2020-04-10 10:40:22,748] [1752   ] [{"respcode": "000000", "respmsg": "上传成功", "trantype": "getbookinfo", "filename": "射雕（金庸）.txt", "fileinfo": "简介啊", "coltext": "已收藏", "shelftext": "已加入书架"}]
[INFO ] [views.py     line:85  ] [2020-04-10 10:40:22,748] [1752   ] [----------------------Admin-end---------------------------]
[INFO ] [views.py     line:86  ] [2020-04-10 10:40:22,748] [1752   ] [交易处理时间: 0:00:02.249306]
[INFO ] [views.py     line:19  ] [2020-04-10 10:40:36,995] [1752   ] [----------------------Admin-begin---------------------------]
[INFO ] [views.py     line:20  ] [2020-04-10 10:40:36,995] [1752   ] [请求:[<WSGIRequest: POST '/api/appreadact'>]]
[INFO ] [views.py     line:21  ] [2020-04-10 10:40:36,995] [1752   ] [请求path:[/api/appreadact]]
[INFO ] [views.py     line:22  ] [2020-04-10 10:40:36,995] [1752   ] [请求method:[POST]]
[INFO ] [views.py     line:23  ] [2020-04-10 10:40:36,995] [1752   ] [请求GET:[<QueryDict: {}>]]
[INFO ] [views.py     line:27  ] [2020-04-10 10:40:36,995] [1752   ] [请求full_path:[https://localhost:8000/api/appreadact]]
[INFO ] [views.py     line:33  ] [2020-04-10 10:40:36,995] [1752   ] [param1=[appreadact]]
[INFO ] [appreadact.py line:16  ] [2020-04-10 10:40:38,588] [1752   ] [----------------------appreadact_begin---------------------------]
[INFO ] [appreadact.py line:24  ] [2020-04-10 10:40:38,588] [1752   ] [trantype=[getbookinfo]]
[INFO ] [appreadact.py line:117 ] [2020-04-10 10:40:38,588] [1752   ] [----------------------Admin-getbookinfo-begin---------------------------]
[INFO ] [appreadact.py line:178 ] [2020-04-10 10:40:39,213] [1752   ] [----------------------Admin-getbookinfo-end---------------------------]
[INFO ] [appreadact.py line:36  ] [2020-04-10 10:40:39,213] [1752   ] [----------------------appreadact_end---------------------------]
[INFO ] [views.py     line:81  ] [2020-04-10 10:40:39,213] [1752   ] [<HttpResponse status_code=200, "text/html; charset=utf-8">]
[INFO ] [views.py     line:82  ] [2020-04-10 10:40:39,213] [1752   ] [{"respcode": "000000", "respmsg": "上传成功", "trantype": "getbookinfo", "filename": "射雕（金庸）.txt", "fileinfo": "简介啊", "coltext": "已收藏", "shelftext": "已加入书架"}]
[INFO ] [views.py     line:85  ] [2020-04-10 10:40:39,213] [1752   ] [----------------------Admin-end---------------------------]
[INFO ] [views.py     line:86  ] [2020-04-10 10:40:39,213] [1752   ] [交易处理时间: 0:00:02.218262]
[INFO ] [views.py     line:19  ] [2020-04-10 10:40:45,837] [1752   ] [----------------------Admin-begin---------------------------]
[INFO ] [views.py     line:20  ] [2020-04-10 10:40:45,837] [1752   ] [请求:[<WSGIRequest: POST '/api/appreadact'>]]
[INFO ] [views.py     line:21  ] [2020-04-10 10:40:45,837] [1752   ] [请求path:[/api/appreadact]]
[INFO ] [views.py     line:22  ] [2020-04-10 10:40:45,837] [1752   ] [请求method:[POST]]
[INFO ] [views.py     line:23  ] [2020-04-10 10:40:45,837] [1752   ] [请求GET:[<QueryDict: {}>]]
[INFO ] [views.py     line:27  ] [2020-04-10 10:40:45,837] [1752   ] [请求full_path:[https://localhost:8000/api/appreadact]]
[INFO ] [views.py     line:33  ] [2020-04-10 10:40:45,837] [1752   ] [param1=[appreadact]]
[INFO ] [views.py     line:19  ] [2020-04-10 10:40:47,211] [1752   ] [----------------------Admin-begin---------------------------]
[INFO ] [views.py     line:20  ] [2020-04-10 10:40:47,211] [1752   ] [请求:[<WSGIRequest: POST '/api/appreadact'>]]
[INFO ] [views.py     line:21  ] [2020-04-10 10:40:47,211] [1752   ] [请求path:[/api/appreadact]]
[INFO ] [views.py     line:22  ] [2020-04-10 10:40:47,211] [1752   ] [请求method:[POST]]
[INFO ] [views.py     line:23  ] [2020-04-10 10:40:47,211] [1752   ] [请求GET:[<QueryDict: {}>]]
[INFO ] [views.py     line:27  ] [2020-04-10 10:40:47,211] [1752   ] [请求full_path:[https://localhost:8000/api/appreadact]]
[INFO ] [views.py     line:33  ] [2020-04-10 10:40:47,211] [1752   ] [param1=[appreadact]]
[INFO ] [appreadact.py line:16  ] [2020-04-10 10:40:47,336] [1752   ] [----------------------appreadact_begin---------------------------]
[INFO ] [appreadact.py line:24  ] [2020-04-10 10:40:47,336] [1752   ] [trantype=[getbookinfo]]
[INFO ] [appreadact.py line:117 ] [2020-04-10 10:40:47,336] [1752   ] [----------------------Admin-getbookinfo-begin---------------------------]
[INFO ] [appreadact.py line:178 ] [2020-04-10 10:40:47,961] [1752   ] [----------------------Admin-getbookinfo-end---------------------------]
[INFO ] [appreadact.py line:36  ] [2020-04-10 10:40:47,961] [1752   ] [----------------------appreadact_end---------------------------]
[INFO ] [views.py     line:81  ] [2020-04-10 10:40:47,961] [1752   ] [<HttpResponse status_code=200, "text/html; charset=utf-8">]
[INFO ] [views.py     line:82  ] [2020-04-10 10:40:47,961] [1752   ] [{"respcode": "000000", "respmsg": "上传成功", "trantype": "getbookinfo", "filename": "射雕（金庸）.txt", "fileinfo": "简介啊", "coltext": "已收藏", "shelftext": "已加入书架"}]
[INFO ] [views.py     line:85  ] [2020-04-10 10:40:47,961] [1752   ] [----------------------Admin-end---------------------------]
[INFO ] [views.py     line:86  ] [2020-04-10 10:40:47,961] [1752   ] [交易处理时间: 0:00:02.124310]
[INFO ] [views.py     line:19  ] [2020-04-10 10:40:51,117] [1752   ] [----------------------Admin-begin---------------------------]
[INFO ] [views.py     line:20  ] [2020-04-10 10:40:51,117] [1752   ] [请求:[<WSGIRequest: POST '/api/appreadact'>]]
[INFO ] [views.py     line:21  ] [2020-04-10 10:40:51,117] [1752   ] [请求path:[/api/appreadact]]
[INFO ] [views.py     line:22  ] [2020-04-10 10:40:51,117] [1752   ] [请求method:[POST]]
[INFO ] [views.py     line:23  ] [2020-04-10 10:40:51,117] [1752   ] [请求GET:[<QueryDict: {}>]]
[INFO ] [views.py     line:27  ] [2020-04-10 10:40:51,117] [1752   ] [请求full_path:[https://localhost:8000/api/appreadact]]
[INFO ] [views.py     line:33  ] [2020-04-10 10:40:51,117] [1752   ] [param1=[appreadact]]
[INFO ] [appreadact.py line:16  ] [2020-04-10 10:40:52,616] [1752   ] [----------------------appreadact_begin---------------------------]
[INFO ] [appreadact.py line:24  ] [2020-04-10 10:40:52,616] [1752   ] [trantype=[getlist]]
[INFO ] [appreadact.py line:42  ] [2020-04-10 10:40:52,616] [1752   ] [----------------------Admin-getfilelist-begin---------------------------]
[INFO ] [appreadact.py line:111 ] [2020-04-10 10:40:53,210] [1752   ] [----------------------Admin-getfilelist-end---------------------------]
[INFO ] [appreadact.py line:36  ] [2020-04-10 10:40:53,210] [1752   ] [----------------------appreadact_end---------------------------]
[INFO ] [views.py     line:81  ] [2020-04-10 10:40:53,210] [1752   ] [<HttpResponse status_code=200, "text/html; charset=utf-8">]
[INFO ] [views.py     line:82  ] [2020-04-10 10:40:53,210] [1752   ] [{"respcode": "000000", "respmsg": "上传成功", "trantype": "getlist", "list": [{"filename": "射雕（金庸）.txt", "fileid": 14, "msg": "简介啊"}]}]
[INFO ] [views.py     line:85  ] [2020-04-10 10:40:53,210] [1752   ] [----------------------Admin-end---------------------------]
[INFO ] [views.py     line:86  ] [2020-04-10 10:40:53,210] [1752   ] [交易处理时间: 0:00:02.093259]
[INFO ] [views.py     line:19  ] [2020-04-10 10:40:57,959] [1752   ] [----------------------Admin-begin---------------------------]
[INFO ] [views.py     line:20  ] [2020-04-10 10:40:57,959] [1752   ] [请求:[<WSGIRequest: POST '/api/appreadact'>]]
[INFO ] [views.py     line:21  ] [2020-04-10 10:40:57,959] [1752   ] [请求path:[/api/appreadact]]
[INFO ] [views.py     line:22  ] [2020-04-10 10:40:57,959] [1752   ] [请求method:[POST]]
[INFO ] [views.py     line:23  ] [2020-04-10 10:40:57,959] [1752   ] [请求GET:[<QueryDict: {}>]]
[INFO ] [views.py     line:27  ] [2020-04-10 10:40:57,959] [1752   ] [请求full_path:[https://localhost:8000/api/appreadact]]
[INFO ] [views.py     line:33  ] [2020-04-10 10:40:57,959] [1752   ] [param1=[appreadact]]
[INFO ] [appreadact.py line:16  ] [2020-04-10 10:40:59,490] [1752   ] [----------------------appreadact_begin---------------------------]
[INFO ] [appreadact.py line:24  ] [2020-04-10 10:40:59,490] [1752   ] [trantype=[getbookinfo]]
[INFO ] [appreadact.py line:117 ] [2020-04-10 10:40:59,490] [1752   ] [----------------------Admin-getbookinfo-begin---------------------------]
[INFO ] [views.py     line:19  ] [2020-04-10 10:40:59,505] [1752   ] [----------------------Admin-begin---------------------------]
[INFO ] [views.py     line:20  ] [2020-04-10 10:40:59,505] [1752   ] [请求:[<WSGIRequest: POST '/api/appreadact'>]]
[INFO ] [views.py     line:21  ] [2020-04-10 10:40:59,505] [1752   ] [请求path:[/api/appreadact]]
[INFO ] [views.py     line:22  ] [2020-04-10 10:40:59,505] [1752   ] [请求method:[POST]]
[INFO ] [views.py     line:23  ] [2020-04-10 10:40:59,505] [1752   ] [请求GET:[<QueryDict: {}>]]
[INFO ] [views.py     line:27  ] [2020-04-10 10:40:59,505] [1752   ] [请求full_path:[https://localhost:8000/api/appreadact]]
[INFO ] [views.py     line:33  ] [2020-04-10 10:40:59,505] [1752   ] [param1=[appreadact]]
[INFO ] [appreadact.py line:178 ] [2020-04-10 10:41:00,099] [1752   ] [----------------------Admin-getbookinfo-end---------------------------]
[INFO ] [appreadact.py line:36  ] [2020-04-10 10:41:00,099] [1752   ] [----------------------appreadact_end---------------------------]
[INFO ] [views.py     line:81  ] [2020-04-10 10:41:00,099] [1752   ] [<HttpResponse status_code=200, "text/html; charset=utf-8">]
[INFO ] [views.py     line:82  ] [2020-04-10 10:41:00,099] [1752   ] [{"respcode": "000000", "respmsg": "上传成功", "trantype": "getbookinfo", "filename": "射雕（金庸）.txt", "fileinfo": "简介啊", "coltext": "已收藏", "shelftext": "已加入书架"}]
[INFO ] [views.py     line:85  ] [2020-04-10 10:41:00,099] [1752   ] [----------------------Admin-end---------------------------]
[INFO ] [views.py     line:86  ] [2020-04-10 10:41:00,099] [1752   ] [交易处理时间: 0:00:02.140023]
[INFO ] [views.py     line:19  ] [2020-04-10 10:41:00,364] [1752   ] [----------------------Admin-begin---------------------------]
[INFO ] [views.py     line:20  ] [2020-04-10 10:41:00,364] [1752   ] [请求:[<WSGIRequest: POST '/api/appreadact'>]]
[INFO ] [views.py     line:21  ] [2020-04-10 10:41:00,364] [1752   ] [请求path:[/api/appreadact]]
[INFO ] [views.py     line:22  ] [2020-04-10 10:41:00,364] [1752   ] [请求method:[POST]]
[INFO ] [views.py     line:23  ] [2020-04-10 10:41:00,364] [1752   ] [请求GET:[<QueryDict: {}>]]
[INFO ] [views.py     line:27  ] [2020-04-10 10:41:00,364] [1752   ] [请求full_path:[https://localhost:8000/api/appreadact]]
[INFO ] [views.py     line:33  ] [2020-04-10 10:41:00,364] [1752   ] [param1=[appreadact]]
[INFO ] [appreadact.py line:16  ] [2020-04-10 10:41:01,020] [1752   ] [----------------------appreadact_begin---------------------------]
[INFO ] [appreadact.py line:24  ] [2020-04-10 10:41:01,020] [1752   ] [trantype=[getlist]]
[INFO ] [appreadact.py line:42  ] [2020-04-10 10:41:01,020] [1752   ] [----------------------Admin-getfilelist-begin---------------------------]
[INFO ] [appreadact.py line:111 ] [2020-04-10 10:41:01,489] [1752   ] [----------------------Admin-getfilelist-end---------------------------]
[INFO ] [appreadact.py line:36  ] [2020-04-10 10:41:01,489] [1752   ] [----------------------appreadact_end---------------------------]
[INFO ] [views.py     line:81  ] [2020-04-10 10:41:01,489] [1752   ] [<HttpResponse status_code=200, "text/html; charset=utf-8">]
[INFO ] [views.py     line:82  ] [2020-04-10 10:41:01,489] [1752   ] [{"respcode": "000000", "respmsg": "上传成功", "trantype": "getlist", "list": [{"filename": "射雕（金庸）.txt", "fileid": 14, "msg": "简介啊", "class": "小说", "colnum": 1}]}]
[INFO ] [views.py     line:85  ] [2020-04-10 10:41:01,489] [1752   ] [----------------------Admin-end---------------------------]
[INFO ] [views.py     line:86  ] [2020-04-10 10:41:01,489] [1752   ] [交易处理时间: 0:00:01.983905]
[INFO ] [appreadact.py line:16  ] [2020-04-10 10:41:01,864] [1752   ] [----------------------appreadact_begin---------------------------]
[INFO ] [appreadact.py line:24  ] [2020-04-10 10:41:01,864] [1752   ] [trantype=[getlist]]
[INFO ] [appreadact.py line:42  ] [2020-04-10 10:41:01,864] [1752   ] [----------------------Admin-getfilelist-begin---------------------------]
[INFO ] [appreadact.py line:111 ] [2020-04-10 10:41:02,458] [1752   ] [----------------------Admin-getfilelist-end---------------------------]
[INFO ] [appreadact.py line:36  ] [2020-04-10 10:41:02,458] [1752   ] [----------------------appreadact_end---------------------------]
[INFO ] [views.py     line:81  ] [2020-04-10 10:41:02,458] [1752   ] [<HttpResponse status_code=200, "text/html; charset=utf-8">]
[INFO ] [views.py     line:82  ] [2020-04-10 10:41:02,458] [1752   ] [{"respcode": "000000", "respmsg": "上传成功", "trantype": "getlist", "list": [{"filename": "射雕（金庸）.txt", "fileid": 14, "msg": "简介啊"}]}]
[INFO ] [views.py     line:85  ] [2020-04-10 10:41:02,458] [1752   ] [----------------------Admin-end---------------------------]
[INFO ] [views.py     line:86  ] [2020-04-10 10:41:02,458] [1752   ] [交易处理时间: 0:00:02.093424]
[INFO ] [views.py     line:19  ] [2020-04-10 10:41:15,267] [1752   ] [----------------------Admin-begin---------------------------]
[INFO ] [views.py     line:20  ] [2020-04-10 10:41:15,267] [1752   ] [请求:[<WSGIRequest: POST '/api/appreadact'>]]
[INFO ] [views.py     line:21  ] [2020-04-10 10:41:15,267] [1752   ] [请求path:[/api/appreadact]]
[INFO ] [views.py     line:22  ] [2020-04-10 10:41:15,267] [1752   ] [请求method:[POST]]
[INFO ] [views.py     line:23  ] [2020-04-10 10:41:15,267] [1752   ] [请求GET:[<QueryDict: {}>]]
[INFO ] [views.py     line:27  ] [2020-04-10 10:41:15,267] [1752   ] [请求full_path:[https://localhost:8000/api/appreadact]]
[INFO ] [views.py     line:33  ] [2020-04-10 10:41:15,267] [1752   ] [param1=[appreadact]]
[INFO ] [appreadact.py line:16  ] [2020-04-10 10:41:16,892] [1752   ] [----------------------appreadact_begin---------------------------]
[INFO ] [appreadact.py line:24  ] [2020-04-10 10:41:16,892] [1752   ] [trantype=[getlist]]
[INFO ] [appreadact.py line:42  ] [2020-04-10 10:41:16,892] [1752   ] [----------------------Admin-getfilelist-begin---------------------------]
[INFO ] [appreadact.py line:111 ] [2020-04-10 10:41:17,501] [1752   ] [----------------------Admin-getfilelist-end---------------------------]
[INFO ] [appreadact.py line:36  ] [2020-04-10 10:41:17,501] [1752   ] [----------------------appreadact_end---------------------------]
[INFO ] [views.py     line:81  ] [2020-04-10 10:41:17,501] [1752   ] [<HttpResponse status_code=200, "text/html; charset=utf-8">]
[INFO ] [views.py     line:82  ] [2020-04-10 10:41:17,501] [1752   ] [{"respcode": "000000", "respmsg": "上传成功", "trantype": "getlist", "list": [{"filename": "射雕（金庸）.txt", "fileid": 14, "msg": "简介啊"}]}]
[INFO ] [views.py     line:85  ] [2020-04-10 10:41:17,501] [1752   ] [----------------------Admin-end---------------------------]
[INFO ] [views.py     line:86  ] [2020-04-10 10:41:17,501] [1752   ] [交易处理时间: 0:00:02.234011]
[INFO ] [views.py     line:19  ] [2020-04-10 10:42:06,161] [1752   ] [----------------------Admin-begin---------------------------]
[INFO ] [views.py     line:20  ] [2020-04-10 10:42:06,161] [1752   ] [请求:[<WSGIRequest: POST '/api/appreadact'>]]
[INFO ] [views.py     line:21  ] [2020-04-10 10:42:06,161] [1752   ] [请求path:[/api/appreadact]]
[INFO ] [views.py     line:22  ] [2020-04-10 10:42:06,161] [1752   ] [请求method:[POST]]
[INFO ] [views.py     line:23  ] [2020-04-10 10:42:06,161] [1752   ] [请求GET:[<QueryDict: {}>]]
[INFO ] [views.py     line:27  ] [2020-04-10 10:42:06,161] [1752   ] [请求full_path:[https://localhost:8000/api/appreadact]]
[INFO ] [views.py     line:33  ] [2020-04-10 10:42:06,161] [1752   ] [param1=[appreadact]]
[INFO ] [appreadact.py line:16  ] [2020-04-10 10:42:07,677] [1752   ] [----------------------appreadact_begin---------------------------]
[INFO ] [appreadact.py line:24  ] [2020-04-10 10:42:07,677] [1752   ] [trantype=[getlist]]
[INFO ] [appreadact.py line:42  ] [2020-04-10 10:42:07,677] [1752   ] [----------------------Admin-getfilelist-begin---------------------------]
[INFO ] [appreadact.py line:111 ] [2020-04-10 10:42:08,286] [1752   ] [----------------------Admin-getfilelist-end---------------------------]
[INFO ] [appreadact.py line:36  ] [2020-04-10 10:42:08,286] [1752   ] [----------------------appreadact_end---------------------------]
[INFO ] [views.py     line:81  ] [2020-04-10 10:42:08,286] [1752   ] [<HttpResponse status_code=200, "text/html; charset=utf-8">]
[INFO ] [views.py     line:82  ] [2020-04-10 10:42:08,286] [1752   ] [{"respcode": "000000", "respmsg": "上传成功", "trantype": "getlist", "list": [{"filename": "射雕（金庸）.txt", "fileid": 14, "msg": "简介啊"}]}]
[INFO ] [views.py     line:85  ] [2020-04-10 10:42:08,286] [1752   ] [----------------------Admin-end---------------------------]
[INFO ] [views.py     line:86  ] [2020-04-10 10:42:08,286] [1752   ] [交易处理时间: 0:00:02.124664]
[INFO ] [views.py     line:19  ] [2020-04-10 10:42:10,332] [1752   ] [----------------------Admin-begin---------------------------]
[INFO ] [views.py     line:20  ] [2020-04-10 10:42:10,332] [1752   ] [请求:[<WSGIRequest: POST '/api/appreadact'>]]
[INFO ] [views.py     line:21  ] [2020-04-10 10:42:10,332] [1752   ] [请求path:[/api/appreadact]]
[INFO ] [views.py     line:22  ] [2020-04-10 10:42:10,332] [1752   ] [请求method:[POST]]
[INFO ] [views.py     line:23  ] [2020-04-10 10:42:10,332] [1752   ] [请求GET:[<QueryDict: {}>]]
[INFO ] [views.py     line:27  ] [2020-04-10 10:42:10,332] [1752   ] [请求full_path:[https://localhost:8000/api/appreadact]]
[INFO ] [views.py     line:33  ] [2020-04-10 10:42:10,332] [1752   ] [param1=[appreadact]]
[INFO ] [appreadact.py line:16  ] [2020-04-10 10:42:11,879] [1752   ] [----------------------appreadact_begin---------------------------]
[INFO ] [appreadact.py line:24  ] [2020-04-10 10:42:11,879] [1752   ] [trantype=[getlist]]
[INFO ] [appreadact.py line:42  ] [2020-04-10 10:42:11,879] [1752   ] [----------------------Admin-getfilelist-begin---------------------------]
[INFO ] [appreadact.py line:111 ] [2020-04-10 10:42:12,347] [1752   ] [----------------------Admin-getfilelist-end---------------------------]
[INFO ] [appreadact.py line:36  ] [2020-04-10 10:42:12,347] [1752   ] [----------------------appreadact_end---------------------------]
[INFO ] [views.py     line:81  ] [2020-04-10 10:42:12,347] [1752   ] [<HttpResponse status_code=200, "text/html; charset=utf-8">]
[INFO ] [views.py     line:82  ] [2020-04-10 10:42:12,347] [1752   ] [{"respcode": "000000", "respmsg": "上传成功", "trantype": "getlist", "list": [{"filename": "倚天屠龙记.txt", "fileid": 11, "class": "其他", "colnum": 0}, {"filename": "射雕英雄传.txt", "fileid": 12, "class": "其他", "colnum": 0}, {"filename": "射雕英雄传.docx", "fileid": 13, "class": "其他", "colnum": 0}, {"filename": "文件上传测试.txt", "fileid": 15, "class": "其他", "colnum": 0}]}]
[INFO ] [views.py     line:85  ] [2020-04-10 10:42:12,347] [1752   ] [----------------------Admin-end---------------------------]
[INFO ] [views.py     line:86  ] [2020-04-10 10:42:12,347] [1752   ] [交易处理时间: 0:00:02.015210]
[INFO ] [views.py     line:19  ] [2020-04-10 10:42:12,769] [1752   ] [----------------------Admin-begin---------------------------]
[INFO ] [views.py     line:20  ] [2020-04-10 10:42:12,785] [1752   ] [请求:[<WSGIRequest: POST '/api/appreadact'>]]
[INFO ] [views.py     line:21  ] [2020-04-10 10:42:12,785] [1752   ] [请求path:[/api/appreadact]]
[INFO ] [views.py     line:22  ] [2020-04-10 10:42:12,785] [1752   ] [请求method:[POST]]
[INFO ] [views.py     line:23  ] [2020-04-10 10:42:12,785] [1752   ] [请求GET:[<QueryDict: {}>]]
[INFO ] [views.py     line:27  ] [2020-04-10 10:42:12,785] [1752   ] [请求full_path:[https://localhost:8000/api/appreadact]]
[INFO ] [views.py     line:33  ] [2020-04-10 10:42:12,785] [1752   ] [param1=[appreadact]]
[INFO ] [appreadact.py line:16  ] [2020-04-10 10:42:14,331] [1752   ] [----------------------appreadact_begin---------------------------]
[INFO ] [appreadact.py line:24  ] [2020-04-10 10:42:14,331] [1752   ] [trantype=[getlist]]
[INFO ] [appreadact.py line:42  ] [2020-04-10 10:42:14,331] [1752   ] [----------------------Admin-getfilelist-begin---------------------------]
[INFO ] [appreadact.py line:111 ] [2020-04-10 10:42:14,847] [1752   ] [----------------------Admin-getfilelist-end---------------------------]
[INFO ] [appreadact.py line:36  ] [2020-04-10 10:42:14,847] [1752   ] [----------------------appreadact_end---------------------------]
[INFO ] [views.py     line:81  ] [2020-04-10 10:42:14,847] [1752   ] [<HttpResponse status_code=200, "text/html; charset=utf-8">]
[INFO ] [views.py     line:82  ] [2020-04-10 10:42:14,847] [1752   ] [{"respcode": "000000", "respmsg": "上传成功", "trantype": "getlist", "list": [{"filename": "倚天屠龙记.txt", "fileid": 11, "class": "其他", "colnum": 0}, {"filename": "射雕英雄传.txt", "fileid": 12, "class": "其他", "colnum": 0}, {"filename": "射雕英雄传.docx", "fileid": 13, "class": "其他", "colnum": 0}, {"filename": "文件上传测试.txt", "fileid": 15, "class": "其他", "colnum": 0}]}]
[INFO ] [views.py     line:85  ] [2020-04-10 10:42:14,847] [1752   ] [----------------------Admin-end---------------------------]
[INFO ] [views.py     line:86  ] [2020-04-10 10:42:14,847] [1752   ] [交易处理时间: 0:00:02.077629]
[INFO ] [views.py     line:19  ] [2020-04-10 10:45:11,368] [1752   ] [----------------------Admin-begin---------------------------]
[INFO ] [views.py     line:20  ] [2020-04-10 10:45:11,368] [1752   ] [请求:[<WSGIRequest: POST '/api/appreadact'>]]
[INFO ] [views.py     line:21  ] [2020-04-10 10:45:11,368] [1752   ] [请求path:[/api/appreadact]]
[INFO ] [views.py     line:22  ] [2020-04-10 10:45:11,368] [1752   ] [请求method:[POST]]
[INFO ] [views.py     line:23  ] [2020-04-10 10:45:11,368] [1752   ] [请求GET:[<QueryDict: {}>]]
[INFO ] [views.py     line:27  ] [2020-04-10 10:45:11,368] [1752   ] [请求full_path:[https://localhost:8000/api/appreadact]]
[INFO ] [views.py     line:33  ] [2020-04-10 10:45:11,368] [1752   ] [param1=[appreadact]]
[INFO ] [appreadact.py line:16  ] [2020-04-10 10:45:12,899] [1752   ] [----------------------appreadact_begin---------------------------]
[INFO ] [appreadact.py line:24  ] [2020-04-10 10:45:12,899] [1752   ] [trantype=[getlist]]
[INFO ] [appreadact.py line:42  ] [2020-04-10 10:45:12,899] [1752   ] [----------------------Admin-getfilelist-begin---------------------------]
[INFO ] [appreadact.py line:111 ] [2020-04-10 10:45:13,664] [1752   ] [----------------------Admin-getfilelist-end---------------------------]
[INFO ] [appreadact.py line:36  ] [2020-04-10 10:45:13,664] [1752   ] [----------------------appreadact_end---------------------------]
[INFO ] [views.py     line:81  ] [2020-04-10 10:45:13,664] [1752   ] [<HttpResponse status_code=200, "text/html; charset=utf-8">]
[INFO ] [views.py     line:82  ] [2020-04-10 10:45:13,664] [1752   ] [{"respcode": "000000", "respmsg": "上传成功", "trantype": "getlist", "list": [{"filename": "射雕（金庸）.txt", "fileid": 14, "msg": "简介啊", "class": "小说", "colnum": 1}]}]
[INFO ] [views.py     line:85  ] [2020-04-10 10:45:13,664] [1752   ] [----------------------Admin-end---------------------------]
[INFO ] [views.py     line:86  ] [2020-04-10 10:45:13,664] [1752   ] [交易处理时间: 0:00:02.296512]
