[INFO ] [views.py     line:21  ] [2020-05-07 11:27:33,230] [16740  ] [----------------------Admin-begin---------------------------]
[INFO ] [views.py     line:22  ] [2020-05-07 11:27:33,230] [16740  ] [请求:[<WSGIRequest: GET '/admin'>]]
[INFO ] [views.py     line:23  ] [2020-05-07 11:27:33,232] [16740  ] [请求path:[/admin]]
[INFO ] [views.py     line:24  ] [2020-05-07 11:27:33,233] [16740  ] [请求method:[GET]]
[INFO ] [views.py     line:25  ] [2020-05-07 11:27:33,233] [16740  ] [请求GET:[<QueryDict: {}>]]
[INFO ] [views.py     line:29  ] [2020-05-07 11:27:33,234] [16740  ] [请求full_path:[https://localhost:8000/admin]]
[INFO ] [views.py     line:35  ] [2020-05-07 11:27:33,234] [16740  ] [param1=[admin]]
[INFO ] [views.py     line:91  ] [2020-05-07 11:27:34,123] [16740  ] [<HttpResponse status_code=200, "text/html; charset=utf-8">]
[INFO ] [views.py     line:92  ] [2020-05-07 11:27:34,123] [16740  ] [<!DOCTYPE html>
<html>
<head>
	<meta charset="utf-8">
	<title>我的网站</title>
</head>
<body>
<h1>欢迎光临我的网站！</h1>
</body>
</html>]
[INFO ] [views.py     line:95  ] [2020-05-07 11:27:34,123] [16740  ] [----------------------Admin-end---------------------------]
[INFO ] [views.py     line:96  ] [2020-05-07 11:27:34,124] [16740  ] [交易处理时间: 0:00:00.896392]
[INFO ] [views.py     line:21  ] [2020-05-07 13:33:26,643] [10652  ] [----------------------Admin-begin---------------------------]
[INFO ] [views.py     line:22  ] [2020-05-07 13:33:26,643] [10652  ] [请求:[<WSGIRequest: GET '/admin'>]]
[INFO ] [views.py     line:23  ] [2020-05-07 13:33:26,643] [10652  ] [请求path:[/admin]]
[INFO ] [views.py     line:24  ] [2020-05-07 13:33:26,643] [10652  ] [请求method:[GET]]
[INFO ] [views.py     line:25  ] [2020-05-07 13:33:26,643] [10652  ] [请求GET:[<QueryDict: {}>]]
[INFO ] [views.py     line:29  ] [2020-05-07 13:33:26,643] [10652  ] [请求full_path:[https://localhost:8000/admin]]
[INFO ] [views.py     line:35  ] [2020-05-07 13:33:26,643] [10652  ] [param1=[admin]]
[INFO ] [views.py     line:91  ] [2020-05-07 13:33:28,050] [10652  ] [<HttpResponse status_code=200, "text/html; charset=utf-8">]
[INFO ] [views.py     line:92  ] [2020-05-07 13:33:28,050] [10652  ] [<!DOCTYPE html>
<html>
<head>
	<meta charset="utf-8">
	<title>我的网站</title>
</head>
<body>
<h1>欢迎光临我的网站！</h1>
</body>
</html>]
[INFO ] [views.py     line:95  ] [2020-05-07 13:33:28,050] [10652  ] [----------------------Admin-end---------------------------]
[INFO ] [views.py     line:96  ] [2020-05-07 13:33:28,050] [10652  ] [交易处理时间: 0:00:01.407120]
[INFO ] [views.py     line:21  ] [2020-05-07 14:55:17,517] [12252  ] [----------------------Admin-begin---------------------------]
[INFO ] [views.py     line:22  ] [2020-05-07 14:55:17,517] [12252  ] [请求:[<WSGIRequest: GET '/admin/zbookapp/user/userimgs/1111.jpg'>]]
[INFO ] [views.py     line:23  ] [2020-05-07 14:55:17,517] [12252  ] [请求path:[/admin/zbookapp/user/userimgs/1111.jpg]]
[INFO ] [views.py     line:24  ] [2020-05-07 14:55:17,517] [12252  ] [请求method:[GET]]
[INFO ] [views.py     line:25  ] [2020-05-07 14:55:17,517] [12252  ] [请求GET:[<QueryDict: {}>]]
[INFO ] [views.py     line:29  ] [2020-05-07 14:55:17,518] [12252  ] [请求full_path:[https://localhost:8000/admin/zbookapp/user/userimgs/1111.jpg]]
[INFO ] [views.py     line:35  ] [2020-05-07 14:55:17,518] [12252  ] [param1=[1111.jpg]]
[INFO ] [views.py     line:91  ] [2020-05-07 14:55:18,350] [12252  ] [<HttpResponse status_code=200, "text/html; charset=utf-8">]
[INFO ] [views.py     line:92  ] [2020-05-07 14:55:18,350] [12252  ] [<!DOCTYPE html>
<html>
<head>
	<meta charset="utf-8">
	<title>我的网站</title>
</head>
<body>
<h1>欢迎光临我的网站！</h1>
</body>
</html>]
[INFO ] [views.py     line:95  ] [2020-05-07 14:55:18,350] [12252  ] [----------------------Admin-end---------------------------]
[INFO ] [views.py     line:96  ] [2020-05-07 14:55:18,350] [12252  ] [交易处理时间: 0:00:00.834296]
[INFO ] [views.py     line:21  ] [2020-05-07 14:56:28,267] [9884   ] [----------------------Admin-begin---------------------------]
[INFO ] [views.py     line:22  ] [2020-05-07 14:56:28,267] [9884   ] [请求:[<WSGIRequest: GET '/admin/zbookapp/user/userimgs/1111.jpg'>]]
[INFO ] [views.py     line:23  ] [2020-05-07 14:56:28,268] [9884   ] [请求path:[/admin/zbookapp/user/userimgs/1111.jpg]]
[INFO ] [views.py     line:24  ] [2020-05-07 14:56:28,268] [9884   ] [请求method:[GET]]
[INFO ] [views.py     line:25  ] [2020-05-07 14:56:28,268] [9884   ] [请求GET:[<QueryDict: {}>]]
[INFO ] [views.py     line:29  ] [2020-05-07 14:56:28,268] [9884   ] [请求full_path:[https://localhost:8000/admin/zbookapp/user/userimgs/1111.jpg]]
[INFO ] [views.py     line:35  ] [2020-05-07 14:56:28,268] [9884   ] [param1=[1111.jpg]]
[INFO ] [views.py     line:91  ] [2020-05-07 14:56:29,111] [9884   ] [<HttpResponse status_code=200, "text/html; charset=utf-8">]
[INFO ] [views.py     line:92  ] [2020-05-07 14:56:29,112] [9884   ] [<!DOCTYPE html>
<html>
<head>
	<meta charset="utf-8">
	<title>我的网站</title>
</head>
<body>
<h1>欢迎光临我的网站！</h1>
</body>
</html>]
[INFO ] [views.py     line:95  ] [2020-05-07 14:56:29,112] [9884   ] [----------------------Admin-end---------------------------]
[INFO ] [views.py     line:96  ] [2020-05-07 14:56:29,112] [9884   ] [交易处理时间: 0:00:00.845162]
[INFO ] [views.py     line:21  ] [2020-05-07 14:56:35,975] [9884   ] [----------------------Admin-begin---------------------------]
[INFO ] [views.py     line:22  ] [2020-05-07 14:56:35,976] [9884   ] [请求:[<WSGIRequest: GET '/admin/zbookapp/user/21/change/userimgs/1111.jpg'>]]
[INFO ] [views.py     line:23  ] [2020-05-07 14:56:35,976] [9884   ] [请求path:[/admin/zbookapp/user/21/change/userimgs/1111.jpg]]
[INFO ] [views.py     line:24  ] [2020-05-07 14:56:35,976] [9884   ] [请求method:[GET]]
[INFO ] [views.py     line:25  ] [2020-05-07 14:56:35,976] [9884   ] [请求GET:[<QueryDict: {}>]]
[INFO ] [views.py     line:29  ] [2020-05-07 14:56:35,976] [9884   ] [请求full_path:[https://localhost:8000/admin/zbookapp/user/21/change/userimgs/1111.jpg]]
[INFO ] [views.py     line:35  ] [2020-05-07 14:56:35,976] [9884   ] [param1=[1111.jpg]]
[INFO ] [views.py     line:91  ] [2020-05-07 14:56:36,788] [9884   ] [<HttpResponse status_code=200, "text/html; charset=utf-8">]
[INFO ] [views.py     line:92  ] [2020-05-07 14:56:36,788] [9884   ] [<!DOCTYPE html>
<html>
<head>
	<meta charset="utf-8">
	<title>我的网站</title>
</head>
<body>
<h1>欢迎光临我的网站！</h1>
</body>
</html>]
[INFO ] [views.py     line:95  ] [2020-05-07 14:56:36,788] [9884   ] [----------------------Admin-end---------------------------]
[INFO ] [views.py     line:96  ] [2020-05-07 14:56:36,788] [9884   ] [交易处理时间: 0:00:00.813171]
[INFO ] [views.py     line:21  ] [2020-05-07 15:05:25,563] [14692  ] [----------------------Admin-begin---------------------------]
[INFO ] [views.py     line:22  ] [2020-05-07 15:05:25,564] [14692  ] [请求:[<WSGIRequest: GET '/admin/zbookapp/user/userimgs/1111.jpg'>]]
[INFO ] [views.py     line:23  ] [2020-05-07 15:05:25,564] [14692  ] [请求path:[/admin/zbookapp/user/userimgs/1111.jpg]]
[INFO ] [views.py     line:24  ] [2020-05-07 15:05:25,564] [14692  ] [请求method:[GET]]
[INFO ] [views.py     line:25  ] [2020-05-07 15:05:25,564] [14692  ] [请求GET:[<QueryDict: {}>]]
[INFO ] [views.py     line:29  ] [2020-05-07 15:05:25,564] [14692  ] [请求full_path:[https://localhost:8000/admin/zbookapp/user/userimgs/1111.jpg]]
[INFO ] [views.py     line:35  ] [2020-05-07 15:05:25,564] [14692  ] [param1=[1111.jpg]]
[INFO ] [views.py     line:91  ] [2020-05-07 15:05:25,964] [14692  ] [<HttpResponse status_code=200, "text/html; charset=utf-8">]
[INFO ] [views.py     line:92  ] [2020-05-07 15:05:25,964] [14692  ] [<!DOCTYPE html>
<html>
<head>
	<meta charset="utf-8">
	<title>我的网站</title>
</head>
<body>
<h1>欢迎光临我的网站！</h1>
</body>
</html>]
[INFO ] [views.py     line:95  ] [2020-05-07 15:05:25,965] [14692  ] [----------------------Admin-end---------------------------]
[INFO ] [views.py     line:96  ] [2020-05-07 15:05:25,965] [14692  ] [交易处理时间: 0:00:00.401314]
[INFO ] [views.py     line:21  ] [2020-05-07 15:05:30,021] [14692  ] [----------------------Admin-begin---------------------------]
[INFO ] [views.py     line:22  ] [2020-05-07 15:05:30,021] [14692  ] [请求:[<WSGIRequest: GET '/admin/zbookapp/user/21/change/userimgs/1111.jpg'>]]
[INFO ] [views.py     line:23  ] [2020-05-07 15:05:30,022] [14692  ] [请求path:[/admin/zbookapp/user/21/change/userimgs/1111.jpg]]
[INFO ] [views.py     line:24  ] [2020-05-07 15:05:30,022] [14692  ] [请求method:[GET]]
[INFO ] [views.py     line:25  ] [2020-05-07 15:05:30,022] [14692  ] [请求GET:[<QueryDict: {}>]]
[INFO ] [views.py     line:29  ] [2020-05-07 15:05:30,022] [14692  ] [请求full_path:[https://localhost:8000/admin/zbookapp/user/21/change/userimgs/1111.jpg]]
[INFO ] [views.py     line:35  ] [2020-05-07 15:05:30,022] [14692  ] [param1=[1111.jpg]]
[INFO ] [views.py     line:91  ] [2020-05-07 15:05:30,529] [14692  ] [<HttpResponse status_code=200, "text/html; charset=utf-8">]
[INFO ] [views.py     line:92  ] [2020-05-07 15:05:30,529] [14692  ] [<!DOCTYPE html>
<html>
<head>
	<meta charset="utf-8">
	<title>我的网站</title>
</head>
<body>
<h1>欢迎光临我的网站！</h1>
</body>
</html>]
[INFO ] [views.py     line:95  ] [2020-05-07 15:05:30,530] [14692  ] [----------------------Admin-end---------------------------]
[INFO ] [views.py     line:96  ] [2020-05-07 15:05:30,530] [14692  ] [交易处理时间: 0:00:00.508897]
[INFO ] [views.py     line:21  ] [2020-05-07 15:05:53,767] [14692  ] [----------------------Admin-begin---------------------------]
[INFO ] [views.py     line:22  ] [2020-05-07 15:05:53,767] [14692  ] [请求:[<WSGIRequest: GET '/admin/zbookapp/user/userimgs/tx.jpg'>]]
[INFO ] [views.py     line:23  ] [2020-05-07 15:05:53,767] [14692  ] [请求path:[/admin/zbookapp/user/userimgs/tx.jpg]]
[INFO ] [views.py     line:24  ] [2020-05-07 15:05:53,767] [14692  ] [请求method:[GET]]
[INFO ] [views.py     line:25  ] [2020-05-07 15:05:53,768] [14692  ] [请求GET:[<QueryDict: {}>]]
[INFO ] [views.py     line:29  ] [2020-05-07 15:05:53,768] [14692  ] [请求full_path:[https://localhost:8000/admin/zbookapp/user/userimgs/tx.jpg]]
[INFO ] [views.py     line:35  ] [2020-05-07 15:05:53,768] [14692  ] [param1=[tx.jpg]]
[INFO ] [views.py     line:91  ] [2020-05-07 15:05:54,135] [14692  ] [<HttpResponse status_code=200, "text/html; charset=utf-8">]
[INFO ] [views.py     line:92  ] [2020-05-07 15:05:54,135] [14692  ] [<!DOCTYPE html>
<html>
<head>
	<meta charset="utf-8">
	<title>我的网站</title>
</head>
<body>
<h1>欢迎光临我的网站！</h1>
</body>
</html>]
[INFO ] [views.py     line:95  ] [2020-05-07 15:05:54,135] [14692  ] [----------------------Admin-end---------------------------]
[INFO ] [views.py     line:96  ] [2020-05-07 15:05:54,135] [14692  ] [交易处理时间: 0:00:00.369009]
[INFO ] [views.py     line:21  ] [2020-05-07 15:05:57,439] [14692  ] [----------------------Admin-begin---------------------------]
[INFO ] [views.py     line:22  ] [2020-05-07 15:05:57,439] [14692  ] [请求:[<WSGIRequest: GET '/admin/zbookapp/user/21/change/userimgs/tx.jpg'>]]
[INFO ] [views.py     line:23  ] [2020-05-07 15:05:57,440] [14692  ] [请求path:[/admin/zbookapp/user/21/change/userimgs/tx.jpg]]
[INFO ] [views.py     line:24  ] [2020-05-07 15:05:57,440] [14692  ] [请求method:[GET]]
[INFO ] [views.py     line:25  ] [2020-05-07 15:05:57,440] [14692  ] [请求GET:[<QueryDict: {}>]]
[INFO ] [views.py     line:29  ] [2020-05-07 15:05:57,440] [14692  ] [请求full_path:[https://localhost:8000/admin/zbookapp/user/21/change/userimgs/tx.jpg]]
[INFO ] [views.py     line:35  ] [2020-05-07 15:05:57,440] [14692  ] [param1=[tx.jpg]]
[INFO ] [views.py     line:91  ] [2020-05-07 15:05:57,854] [14692  ] [<HttpResponse status_code=200, "text/html; charset=utf-8">]
[INFO ] [views.py     line:92  ] [2020-05-07 15:05:57,854] [14692  ] [<!DOCTYPE html>
<html>
<head>
	<meta charset="utf-8">
	<title>我的网站</title>
</head>
<body>
<h1>欢迎光临我的网站！</h1>
</body>
</html>]
[INFO ] [views.py     line:95  ] [2020-05-07 15:05:57,855] [14692  ] [----------------------Admin-end---------------------------]
[INFO ] [views.py     line:96  ] [2020-05-07 15:05:57,855] [14692  ] [交易处理时间: 0:00:00.416920]
[INFO ] [views.py     line:21  ] [2020-05-07 15:19:49,854] [2172   ] [----------------------Admin-begin---------------------------]
[INFO ] [views.py     line:22  ] [2020-05-07 15:19:49,854] [2172   ] [请求:[<WSGIRequest: GET '/admin/zbookapp/user/userimgs/1111_l6fMAcB.jpg'>]]
[INFO ] [views.py     line:23  ] [2020-05-07 15:19:49,854] [2172   ] [请求path:[/admin/zbookapp/user/userimgs/1111_l6fMAcB.jpg]]
[INFO ] [views.py     line:24  ] [2020-05-07 15:19:49,854] [2172   ] [请求method:[GET]]
[INFO ] [views.py     line:25  ] [2020-05-07 15:19:49,855] [2172   ] [请求GET:[<QueryDict: {}>]]
[INFO ] [views.py     line:29  ] [2020-05-07 15:19:49,855] [2172   ] [请求full_path:[https://localhost:8000/admin/zbookapp/user/userimgs/1111_l6fMAcB.jpg]]
[INFO ] [views.py     line:35  ] [2020-05-07 15:19:49,855] [2172   ] [param1=[1111_l6fMAcB.jpg]]
[INFO ] [views.py     line:91  ] [2020-05-07 15:19:50,544] [2172   ] [<HttpResponse status_code=200, "text/html; charset=utf-8">]
[INFO ] [views.py     line:92  ] [2020-05-07 15:19:50,544] [2172   ] [<!DOCTYPE html>
<html>
<head>
	<meta charset="utf-8">
	<title>我的网站</title>
</head>
<body>
<h1>欢迎光临我的网站！</h1>
</body>
</html>]
[INFO ] [views.py     line:95  ] [2020-05-07 15:19:50,544] [2172   ] [----------------------Admin-end---------------------------]
[INFO ] [views.py     line:96  ] [2020-05-07 15:19:50,544] [2172   ] [交易处理时间: 0:00:00.691150]
[INFO ] [views.py     line:21  ] [2020-05-07 15:22:05,022] [2172   ] [----------------------Admin-begin---------------------------]
[INFO ] [views.py     line:22  ] [2020-05-07 15:22:05,023] [2172   ] [请求:[<WSGIRequest: GET '/admin/zbookapp/user/21/change/userimgs/1111_l6fMAcB.jpg'>]]
[INFO ] [views.py     line:23  ] [2020-05-07 15:22:05,023] [2172   ] [请求path:[/admin/zbookapp/user/21/change/userimgs/1111_l6fMAcB.jpg]]
[INFO ] [views.py     line:24  ] [2020-05-07 15:22:05,023] [2172   ] [请求method:[GET]]
[INFO ] [views.py     line:25  ] [2020-05-07 15:22:05,023] [2172   ] [请求GET:[<QueryDict: {}>]]
[INFO ] [views.py     line:29  ] [2020-05-07 15:22:05,023] [2172   ] [请求full_path:[https://localhost:8000/admin/zbookapp/user/21/change/userimgs/1111_l6fMAcB.jpg]]
[INFO ] [views.py     line:35  ] [2020-05-07 15:22:05,024] [2172   ] [param1=[1111_l6fMAcB.jpg]]
[INFO ] [views.py     line:91  ] [2020-05-07 15:22:06,459] [2172   ] [<HttpResponse status_code=200, "text/html; charset=utf-8">]
[INFO ] [views.py     line:92  ] [2020-05-07 15:22:06,459] [2172   ] [<!DOCTYPE html>
<html>
<head>
	<meta charset="utf-8">
	<title>我的网站</title>
</head>
<body>
<h1>欢迎光临我的网站！</h1>
</body>
</html>]
[INFO ] [views.py     line:95  ] [2020-05-07 15:22:06,459] [2172   ] [----------------------Admin-end---------------------------]
[INFO ] [views.py     line:96  ] [2020-05-07 15:22:06,459] [2172   ] [交易处理时间: 0:00:01.437537]
[INFO ] [views.py     line:21  ] [2020-05-07 15:22:18,498] [2172   ] [----------------------Admin-begin---------------------------]
[INFO ] [views.py     line:22  ] [2020-05-07 15:22:18,498] [2172   ] [请求:[<WSGIRequest: GET '/admin/zbookapp/user/userimgs/1111_l6fMAcB.jpg'>]]
[INFO ] [views.py     line:23  ] [2020-05-07 15:22:18,499] [2172   ] [请求path:[/admin/zbookapp/user/userimgs/1111_l6fMAcB.jpg]]
[INFO ] [views.py     line:24  ] [2020-05-07 15:22:18,499] [2172   ] [请求method:[GET]]
[INFO ] [views.py     line:25  ] [2020-05-07 15:22:18,499] [2172   ] [请求GET:[<QueryDict: {}>]]
[INFO ] [views.py     line:29  ] [2020-05-07 15:22:18,499] [2172   ] [请求full_path:[https://localhost:8000/admin/zbookapp/user/userimgs/1111_l6fMAcB.jpg]]
[INFO ] [views.py     line:35  ] [2020-05-07 15:22:18,500] [2172   ] [param1=[1111_l6fMAcB.jpg]]
[INFO ] [views.py     line:91  ] [2020-05-07 15:22:20,593] [2172   ] [<HttpResponse status_code=200, "text/html; charset=utf-8">]
[INFO ] [views.py     line:92  ] [2020-05-07 15:22:20,593] [2172   ] [<!DOCTYPE html>
<html>
<head>
	<meta charset="utf-8">
	<title>我的网站</title>
</head>
<body>
<h1>欢迎光临我的网站！</h1>
</body>
</html>]
[INFO ] [views.py     line:95  ] [2020-05-07 15:22:20,593] [2172   ] [----------------------Admin-end---------------------------]
[INFO ] [views.py     line:96  ] [2020-05-07 15:22:20,593] [2172   ] [交易处理时间: 0:00:02.095293]
[INFO ] [views.py     line:21  ] [2020-05-07 15:22:37,592] [2172   ] [----------------------Admin-begin---------------------------]
[INFO ] [views.py     line:22  ] [2020-05-07 15:22:37,592] [2172   ] [请求:[<WSGIRequest: GET '/admin/zbookapp/user/21/change/userimgs/1111_l6fMAcB.jpg'>]]
[INFO ] [views.py     line:23  ] [2020-05-07 15:22:37,592] [2172   ] [请求path:[/admin/zbookapp/user/21/change/userimgs/1111_l6fMAcB.jpg]]
[INFO ] [views.py     line:24  ] [2020-05-07 15:22:37,592] [2172   ] [请求method:[GET]]
[INFO ] [views.py     line:25  ] [2020-05-07 15:22:37,592] [2172   ] [请求GET:[<QueryDict: {}>]]
[INFO ] [views.py     line:29  ] [2020-05-07 15:22:37,592] [2172   ] [请求full_path:[https://localhost:8000/admin/zbookapp/user/21/change/userimgs/1111_l6fMAcB.jpg]]
[INFO ] [views.py     line:35  ] [2020-05-07 15:22:37,592] [2172   ] [param1=[1111_l6fMAcB.jpg]]
[INFO ] [views.py     line:91  ] [2020-05-07 15:22:38,713] [2172   ] [<HttpResponse status_code=200, "text/html; charset=utf-8">]
[INFO ] [views.py     line:92  ] [2020-05-07 15:22:38,713] [2172   ] [<!DOCTYPE html>
<html>
<head>
	<meta charset="utf-8">
	<title>我的网站</title>
</head>
<body>
<h1>欢迎光临我的网站！</h1>
</body>
</html>]
[INFO ] [views.py     line:95  ] [2020-05-07 15:22:38,713] [2172   ] [----------------------Admin-end---------------------------]
[INFO ] [views.py     line:96  ] [2020-05-07 15:22:38,714] [2172   ] [交易处理时间: 0:00:01.123167]
[INFO ] [views.py     line:21  ] [2020-05-07 15:26:30,386] [2432   ] [----------------------Admin-begin---------------------------]
[INFO ] [views.py     line:22  ] [2020-05-07 15:26:30,387] [2432   ] [请求:[<WSGIRequest: GET '/admin/zbookapp/user/userimgs/1111_l6fMAcB.jpg'>]]
[INFO ] [views.py     line:23  ] [2020-05-07 15:26:30,387] [2432   ] [请求path:[/admin/zbookapp/user/userimgs/1111_l6fMAcB.jpg]]
[INFO ] [views.py     line:24  ] [2020-05-07 15:26:30,387] [2432   ] [请求method:[GET]]
[INFO ] [views.py     line:25  ] [2020-05-07 15:26:30,387] [2432   ] [请求GET:[<QueryDict: {}>]]
[INFO ] [views.py     line:29  ] [2020-05-07 15:26:30,388] [2432   ] [请求full_path:[https://localhost:8000/admin/zbookapp/user/userimgs/1111_l6fMAcB.jpg]]
[INFO ] [views.py     line:35  ] [2020-05-07 15:26:30,388] [2432   ] [param1=[1111_l6fMAcB.jpg]]
[INFO ] [views.py     line:91  ] [2020-05-07 15:26:31,082] [2432   ] [<HttpResponse status_code=200, "text/html; charset=utf-8">]
[INFO ] [views.py     line:92  ] [2020-05-07 15:26:31,082] [2432   ] [<!DOCTYPE html>
<html>
<head>
	<meta charset="utf-8">
	<title>我的网站</title>
</head>
<body>
<h1>欢迎光临我的网站！</h1>
</body>
</html>]
[INFO ] [views.py     line:95  ] [2020-05-07 15:26:31,082] [2432   ] [----------------------Admin-end---------------------------]
[INFO ] [views.py     line:96  ] [2020-05-07 15:26:31,082] [2432   ] [交易处理时间: 0:00:00.695424]
[INFO ] [views.py     line:21  ] [2020-05-07 15:26:38,857] [2432   ] [----------------------Admin-begin---------------------------]
[INFO ] [views.py     line:22  ] [2020-05-07 15:26:38,857] [2432   ] [请求:[<WSGIRequest: GET '/admin/zbookapp/user/21/change/userimgs/1111_l6fMAcB.jpg'>]]
[INFO ] [views.py     line:23  ] [2020-05-07 15:26:38,857] [2432   ] [请求path:[/admin/zbookapp/user/21/change/userimgs/1111_l6fMAcB.jpg]]
[INFO ] [views.py     line:24  ] [2020-05-07 15:26:38,857] [2432   ] [请求method:[GET]]
[INFO ] [views.py     line:25  ] [2020-05-07 15:26:38,857] [2432   ] [请求GET:[<QueryDict: {}>]]
[INFO ] [views.py     line:29  ] [2020-05-07 15:26:38,858] [2432   ] [请求full_path:[https://localhost:8000/admin/zbookapp/user/21/change/userimgs/1111_l6fMAcB.jpg]]
[INFO ] [views.py     line:35  ] [2020-05-07 15:26:38,858] [2432   ] [param1=[1111_l6fMAcB.jpg]]
[INFO ] [views.py     line:91  ] [2020-05-07 15:26:40,319] [2432   ] [<HttpResponse status_code=200, "text/html; charset=utf-8">]
[INFO ] [views.py     line:92  ] [2020-05-07 15:26:40,319] [2432   ] [<!DOCTYPE html>
<html>
<head>
	<meta charset="utf-8">
	<title>我的网站</title>
</head>
<body>
<h1>欢迎光临我的网站！</h1>
</body>
</html>]
[INFO ] [views.py     line:95  ] [2020-05-07 15:26:40,319] [2432   ] [----------------------Admin-end---------------------------]
[INFO ] [views.py     line:96  ] [2020-05-07 15:26:40,319] [2432   ] [交易处理时间: 0:00:01.463128]
[INFO ] [views.py     line:21  ] [2020-05-07 15:26:44,432] [2432   ] [----------------------Admin-begin---------------------------]
[INFO ] [views.py     line:22  ] [2020-05-07 15:26:44,432] [2432   ] [请求:[<WSGIRequest: GET '/admin/zbookapp/user/userimgs/1111_l6fMAcB.jpg'>]]
[INFO ] [views.py     line:23  ] [2020-05-07 15:26:44,432] [2432   ] [请求path:[/admin/zbookapp/user/userimgs/1111_l6fMAcB.jpg]]
[INFO ] [views.py     line:24  ] [2020-05-07 15:26:44,433] [2432   ] [请求method:[GET]]
[INFO ] [views.py     line:25  ] [2020-05-07 15:26:44,433] [2432   ] [请求GET:[<QueryDict: {}>]]
[INFO ] [views.py     line:29  ] [2020-05-07 15:26:44,433] [2432   ] [请求full_path:[https://localhost:8000/admin/zbookapp/user/userimgs/1111_l6fMAcB.jpg]]
[INFO ] [views.py     line:35  ] [2020-05-07 15:26:44,433] [2432   ] [param1=[1111_l6fMAcB.jpg]]
[INFO ] [views.py     line:91  ] [2020-05-07 15:26:45,144] [2432   ] [<HttpResponse status_code=200, "text/html; charset=utf-8">]
[INFO ] [views.py     line:92  ] [2020-05-07 15:26:45,144] [2432   ] [<!DOCTYPE html>
<html>
<head>
	<meta charset="utf-8">
	<title>我的网站</title>
</head>
<body>
<h1>欢迎光临我的网站！</h1>
</body>
</html>]
[INFO ] [views.py     line:95  ] [2020-05-07 15:26:45,144] [2432   ] [----------------------Admin-end---------------------------]
[INFO ] [views.py     line:96  ] [2020-05-07 15:26:45,144] [2432   ] [交易处理时间: 0:00:00.712865]
[INFO ] [views.py     line:21  ] [2020-05-07 15:26:58,707] [2432   ] [----------------------Admin-begin---------------------------]
[INFO ] [views.py     line:22  ] [2020-05-07 15:26:58,707] [2432   ] [请求:[<WSGIRequest: GET '/admin/zbookapp/user/userimgs/1111_l6fMAcB.jpg'>]]
[INFO ] [views.py     line:23  ] [2020-05-07 15:26:58,707] [2432   ] [请求path:[/admin/zbookapp/user/userimgs/1111_l6fMAcB.jpg]]
[INFO ] [views.py     line:24  ] [2020-05-07 15:26:58,707] [2432   ] [请求method:[GET]]
[INFO ] [views.py     line:25  ] [2020-05-07 15:26:58,707] [2432   ] [请求GET:[<QueryDict: {}>]]
[INFO ] [views.py     line:29  ] [2020-05-07 15:26:58,708] [2432   ] [请求full_path:[https://localhost:8000/admin/zbookapp/user/userimgs/1111_l6fMAcB.jpg]]
[INFO ] [views.py     line:35  ] [2020-05-07 15:26:58,708] [2432   ] [param1=[1111_l6fMAcB.jpg]]
[INFO ] [views.py     line:91  ] [2020-05-07 15:26:59,437] [2432   ] [<HttpResponse status_code=200, "text/html; charset=utf-8">]
[INFO ] [views.py     line:92  ] [2020-05-07 15:26:59,437] [2432   ] [<!DOCTYPE html>
<html>
<head>
	<meta charset="utf-8">
	<title>我的网站</title>
</head>
<body>
<h1>欢迎光临我的网站！</h1>
</body>
</html>]
[INFO ] [views.py     line:95  ] [2020-05-07 15:26:59,437] [2432   ] [----------------------Admin-end---------------------------]
[INFO ] [views.py     line:96  ] [2020-05-07 15:26:59,438] [2432   ] [交易处理时间: 0:00:00.730224]
[INFO ] [views.py     line:21  ] [2020-05-07 15:57:54,307] [18380  ] [----------------------Admin-begin---------------------------]
[INFO ] [views.py     line:22  ] [2020-05-07 15:57:54,307] [18380  ] [请求:[<WSGIRequest: GET '/admin/zbookapp/user/userimgs/1111_l6fMAcB.jpg'>]]
[INFO ] [views.py     line:23  ] [2020-05-07 15:57:54,308] [18380  ] [请求path:[/admin/zbookapp/user/userimgs/1111_l6fMAcB.jpg]]
[INFO ] [views.py     line:24  ] [2020-05-07 15:57:54,308] [18380  ] [请求method:[GET]]
[INFO ] [views.py     line:25  ] [2020-05-07 15:57:54,308] [18380  ] [请求GET:[<QueryDict: {}>]]
[INFO ] [views.py     line:29  ] [2020-05-07 15:57:54,308] [18380  ] [请求full_path:[https://localhost:8000/admin/zbookapp/user/userimgs/1111_l6fMAcB.jpg]]
[INFO ] [views.py     line:35  ] [2020-05-07 15:57:54,309] [18380  ] [param1=[1111_l6fMAcB.jpg]]
[INFO ] [views.py     line:91  ] [2020-05-07 15:57:55,046] [18380  ] [<HttpResponse status_code=200, "text/html; charset=utf-8">]
[INFO ] [views.py     line:92  ] [2020-05-07 15:57:55,046] [18380  ] [<!DOCTYPE html>
<html>
<head>
	<meta charset="utf-8">
	<title>我的网站</title>
</head>
<body>
<h1>欢迎光临我的网站！</h1>
</body>
</html>]
[INFO ] [views.py     line:95  ] [2020-05-07 15:57:55,046] [18380  ] [----------------------Admin-end---------------------------]
[INFO ] [views.py     line:96  ] [2020-05-07 15:57:55,046] [18380  ] [交易处理时间: 0:00:00.740319]
[INFO ] [views.py     line:21  ] [2020-05-07 15:58:12,292] [18380  ] [----------------------Admin-begin---------------------------]
[INFO ] [views.py     line:22  ] [2020-05-07 15:58:12,292] [18380  ] [请求:[<WSGIRequest: GET '/admin/zbookapp/user/userimgs/1111_l6fMAcB.jpg'>]]
[INFO ] [views.py     line:23  ] [2020-05-07 15:58:12,293] [18380  ] [请求path:[/admin/zbookapp/user/userimgs/1111_l6fMAcB.jpg]]
[INFO ] [views.py     line:24  ] [2020-05-07 15:58:12,293] [18380  ] [请求method:[GET]]
[INFO ] [views.py     line:25  ] [2020-05-07 15:58:12,293] [18380  ] [请求GET:[<QueryDict: {}>]]
[INFO ] [views.py     line:29  ] [2020-05-07 15:58:12,293] [18380  ] [请求full_path:[https://localhost:8000/admin/zbookapp/user/userimgs/1111_l6fMAcB.jpg]]
[INFO ] [views.py     line:35  ] [2020-05-07 15:58:12,293] [18380  ] [param1=[1111_l6fMAcB.jpg]]
[INFO ] [views.py     line:91  ] [2020-05-07 15:58:13,014] [18380  ] [<HttpResponse status_code=200, "text/html; charset=utf-8">]
[INFO ] [views.py     line:92  ] [2020-05-07 15:58:13,015] [18380  ] [<!DOCTYPE html>
<html>
<head>
	<meta charset="utf-8">
	<title>我的网站</title>
</head>
<body>
<h1>欢迎光临我的网站！</h1>
</body>
</html>]
[INFO ] [views.py     line:95  ] [2020-05-07 15:58:13,016] [18380  ] [----------------------Admin-end---------------------------]
[INFO ] [views.py     line:96  ] [2020-05-07 15:58:13,016] [18380  ] [交易处理时间: 0:00:00.725589]
[INFO ] [views.py     line:21  ] [2020-05-07 16:41:40,947] [12088  ] [----------------------Admin-begin---------------------------]
[INFO ] [views.py     line:22  ] [2020-05-07 16:41:40,947] [12088  ] [请求:[<WSGIRequest: GET "/admin/zbookapp/user/('',%20'/media/userimgs/tx.jpg')">]]
[INFO ] [views.py     line:23  ] [2020-05-07 16:41:40,947] [12088  ] [请求path:[/admin/zbookapp/user/('', '/media/userimgs/tx.jpg')]]
[INFO ] [views.py     line:24  ] [2020-05-07 16:41:40,947] [12088  ] [请求method:[GET]]
[INFO ] [views.py     line:25  ] [2020-05-07 16:41:40,947] [12088  ] [请求GET:[<QueryDict: {}>]]
[INFO ] [views.py     line:29  ] [2020-05-07 16:41:40,947] [12088  ] [请求full_path:[https://localhost:8000/admin/zbookapp/user/('',%20'/media/userimgs/tx.jpg')]]
[INFO ] [views.py     line:35  ] [2020-05-07 16:41:40,948] [12088  ] [param1=[tx.jpg')]]
[INFO ] [views.py     line:91  ] [2020-05-07 16:41:41,826] [12088  ] [<HttpResponse status_code=200, "text/html; charset=utf-8">]
[INFO ] [views.py     line:92  ] [2020-05-07 16:41:41,826] [12088  ] [<!DOCTYPE html>
<html>
<head>
	<meta charset="utf-8">
	<title>我的网站</title>
</head>
<body>
<h1>欢迎光临我的网站！</h1>
</body>
</html>]
[INFO ] [views.py     line:95  ] [2020-05-07 16:41:41,826] [12088  ] [----------------------Admin-end---------------------------]
[INFO ] [views.py     line:96  ] [2020-05-07 16:41:41,826] [12088  ] [交易处理时间: 0:00:00.879797]
[INFO ] [views.py     line:21  ] [2020-05-07 16:41:45,748] [12088  ] [----------------------Admin-begin---------------------------]
[INFO ] [views.py     line:22  ] [2020-05-07 16:41:45,749] [12088  ] [请求:[<WSGIRequest: GET "/admin/zbookapp/user/('',%20'/media/userimgs/tx.jpg')">]]
[INFO ] [views.py     line:23  ] [2020-05-07 16:41:45,749] [12088  ] [请求path:[/admin/zbookapp/user/('', '/media/userimgs/tx.jpg')]]
[INFO ] [views.py     line:24  ] [2020-05-07 16:41:45,750] [12088  ] [请求method:[GET]]
[INFO ] [views.py     line:25  ] [2020-05-07 16:41:45,750] [12088  ] [请求GET:[<QueryDict: {}>]]
[INFO ] [views.py     line:29  ] [2020-05-07 16:41:45,750] [12088  ] [请求full_path:[https://localhost:8000/admin/zbookapp/user/('',%20'/media/userimgs/tx.jpg')]]
[INFO ] [views.py     line:35  ] [2020-05-07 16:41:45,751] [12088  ] [param1=[tx.jpg')]]
[INFO ] [views.py     line:91  ] [2020-05-07 16:41:46,435] [12088  ] [<HttpResponse status_code=200, "text/html; charset=utf-8">]
[INFO ] [views.py     line:92  ] [2020-05-07 16:41:46,436] [12088  ] [<!DOCTYPE html>
<html>
<head>
	<meta charset="utf-8">
	<title>我的网站</title>
</head>
<body>
<h1>欢迎光临我的网站！</h1>
</body>
</html>]
[INFO ] [views.py     line:95  ] [2020-05-07 16:41:46,436] [12088  ] [----------------------Admin-end---------------------------]
[INFO ] [views.py     line:96  ] [2020-05-07 16:41:46,436] [12088  ] [交易处理时间: 0:00:00.689454]
[INFO ] [views.py     line:21  ] [2020-05-07 16:47:17,247] [6876   ] [----------------------Admin-begin---------------------------]
[INFO ] [views.py     line:22  ] [2020-05-07 16:47:17,247] [6876   ] [请求:[<WSGIRequest: GET "/admin/zbookapp/user/('',%20'/media/userimgs/tx.jpg')">]]
[INFO ] [views.py     line:23  ] [2020-05-07 16:47:17,248] [6876   ] [请求path:[/admin/zbookapp/user/('', '/media/userimgs/tx.jpg')]]
[INFO ] [views.py     line:24  ] [2020-05-07 16:47:17,248] [6876   ] [请求method:[GET]]
[INFO ] [views.py     line:25  ] [2020-05-07 16:47:17,248] [6876   ] [请求GET:[<QueryDict: {}>]]
[INFO ] [views.py     line:29  ] [2020-05-07 16:47:17,248] [6876   ] [请求full_path:[https://localhost:8000/admin/zbookapp/user/('',%20'/media/userimgs/tx.jpg')]]
[INFO ] [views.py     line:35  ] [2020-05-07 16:47:17,248] [6876   ] [param1=[tx.jpg')]]
[INFO ] [views.py     line:91  ] [2020-05-07 16:47:17,940] [6876   ] [<HttpResponse status_code=200, "text/html; charset=utf-8">]
[INFO ] [views.py     line:92  ] [2020-05-07 16:47:17,940] [6876   ] [<!DOCTYPE html>
<html>
<head>
	<meta charset="utf-8">
	<title>我的网站</title>
</head>
<body>
<h1>欢迎光临我的网站！</h1>
</body>
</html>]
[INFO ] [views.py     line:95  ] [2020-05-07 16:47:17,940] [6876   ] [----------------------Admin-end---------------------------]
[INFO ] [views.py     line:96  ] [2020-05-07 16:47:17,940] [6876   ] [交易处理时间: 0:00:00.692529]
