[INFO ] [views.py     line:21  ] [2020-05-21 00:00:10,843] [16852  ] [----------------------Admin-begin---------------------------]
[INFO ] [views.py     line:22  ] [2020-05-21 00:00:10,843] [16852  ] [请求:[<WSGIRequest: POST '/api/appview'>]]
[INFO ] [views.py     line:23  ] [2020-05-21 00:00:10,843] [16852  ] [请求path:[/api/appview]]
[INFO ] [views.py     line:24  ] [2020-05-21 00:00:10,843] [16852  ] [请求method:[POST]]
[INFO ] [views.py     line:25  ] [2020-05-21 00:00:10,843] [16852  ] [请求GET:[<QueryDict: {}>]]
[INFO ] [views.py     line:29  ] [2020-05-21 00:00:10,843] [16852  ] [请求full_path:[https://localhost:8000/api/appview]]
[INFO ] [views.py     line:35  ] [2020-05-21 00:00:10,843] [16852  ] [param1=[appview]]
[INFO ] [appview.py   line:16  ] [2020-05-21 00:00:11,203] [16852  ] [----------------------appview_begin---------------------------]
[INFO ] [appview.py   line:24  ] [2020-05-21 00:00:11,203] [16852  ] [trantype=[getlist]]
[INFO ] [appview.py   line:42  ] [2020-05-21 00:00:11,203] [16852  ] [----------------------Admin-getfilelist-begin---------------------------]
[INFO ] [appview.py   line:106 ] [2020-05-21 00:00:11,315] [16852  ] [----------------------Admin-getfilelist-end---------------------------]
[INFO ] [appview.py   line:36  ] [2020-05-21 00:00:11,316] [16852  ] [----------------------appview_end---------------------------]
[INFO ] [views.py     line:91  ] [2020-05-21 00:00:11,316] [16852  ] [<HttpResponse status_code=200, "text/html; charset=utf-8">]
[INFO ] [views.py     line:92  ] [2020-05-21 00:00:11,316] [16852  ] [{"respcode": "000000", "respmsg": "上传成功", "trantype": "getlist", "list": []}]
[INFO ] [views.py     line:95  ] [2020-05-21 00:00:11,316] [16852  ] [----------------------Admin-end---------------------------]
[INFO ] [views.py     line:96  ] [2020-05-21 00:00:11,316] [16852  ] [交易处理时间: 0:00:00.472386]
[INFO ] [views.py     line:21  ] [2020-05-21 00:00:13,943] [16852  ] [----------------------Admin-begin---------------------------]
[INFO ] [views.py     line:22  ] [2020-05-21 00:00:13,943] [16852  ] [请求:[<WSGIRequest: POST '/api/appview'>]]
[INFO ] [views.py     line:23  ] [2020-05-21 00:00:13,943] [16852  ] [请求path:[/api/appview]]
[INFO ] [views.py     line:24  ] [2020-05-21 00:00:13,943] [16852  ] [请求method:[POST]]
[INFO ] [views.py     line:25  ] [2020-05-21 00:00:13,943] [16852  ] [请求GET:[<QueryDict: {}>]]
[INFO ] [views.py     line:29  ] [2020-05-21 00:00:13,959] [16852  ] [请求full_path:[https://localhost:8000/api/appview]]
[INFO ] [views.py     line:35  ] [2020-05-21 00:00:13,959] [16852  ] [param1=[appview]]
[INFO ] [appview.py   line:16  ] [2020-05-21 00:00:14,240] [16852  ] [----------------------appview_begin---------------------------]
[INFO ] [appview.py   line:24  ] [2020-05-21 00:00:14,240] [16852  ] [trantype=[getlist]]
[INFO ] [appview.py   line:42  ] [2020-05-21 00:00:14,240] [16852  ] [----------------------Admin-getfilelist-begin---------------------------]
[INFO ] [appview.py   line:106 ] [2020-05-21 00:00:14,403] [16852  ] [----------------------Admin-getfilelist-end---------------------------]
[INFO ] [appview.py   line:36  ] [2020-05-21 00:00:14,404] [16852  ] [----------------------appview_end---------------------------]
[INFO ] [views.py     line:91  ] [2020-05-21 00:00:14,404] [16852  ] [<HttpResponse status_code=200, "text/html; charset=utf-8">]
[INFO ] [views.py     line:92  ] [2020-05-21 00:00:14,404] [16852  ] [{"respcode": "000000", "respmsg": "上传成功", "trantype": "getlist", "list": [{"filename": "射雕英雄传.txt", "fileid": 12, "msg": null}, {"filename": "射雕（金庸）.txt", "fileid": 14, "msg": "南宋末年，金兵入侵，朝廷奸臣当道。全真派丘处机因杀死汉奸王道乾，被官兵追杀，逃到江南一个小村牛家庄，与隐居在此处的爱国义土郭啸天和杨铁心一见如故，以“靖、康”为他俩即将出生的孩子命名，并留下一对短剑作为信物..."}]}]
[INFO ] [views.py     line:95  ] [2020-05-21 00:00:14,404] [16852  ] [----------------------Admin-end---------------------------]
[INFO ] [views.py     line:96  ] [2020-05-21 00:00:14,404] [16852  ] [交易处理时间: 0:00:00.461072]
[INFO ] [views.py     line:21  ] [2020-05-21 00:00:18,555] [16852  ] [----------------------Admin-begin---------------------------]
[INFO ] [views.py     line:22  ] [2020-05-21 00:00:18,555] [16852  ] [请求:[<WSGIRequest: POST '/api/appview'>]]
[INFO ] [views.py     line:23  ] [2020-05-21 00:00:18,555] [16852  ] [请求path:[/api/appview]]
[INFO ] [views.py     line:24  ] [2020-05-21 00:00:18,555] [16852  ] [请求method:[POST]]
[INFO ] [views.py     line:25  ] [2020-05-21 00:00:18,555] [16852  ] [请求GET:[<QueryDict: {}>]]
[INFO ] [views.py     line:29  ] [2020-05-21 00:00:18,555] [16852  ] [请求full_path:[https://localhost:8000/api/appview]]
[INFO ] [views.py     line:35  ] [2020-05-21 00:00:18,555] [16852  ] [param1=[appview]]
[INFO ] [appview.py   line:16  ] [2020-05-21 00:00:18,882] [16852  ] [----------------------appview_begin---------------------------]
[INFO ] [appview.py   line:24  ] [2020-05-21 00:00:18,882] [16852  ] [trantype=[getlist]]
[INFO ] [appview.py   line:42  ] [2020-05-21 00:00:18,882] [16852  ] [----------------------Admin-getfilelist-begin---------------------------]
[INFO ] [appview.py   line:106 ] [2020-05-21 00:00:18,995] [16852  ] [----------------------Admin-getfilelist-end---------------------------]
[INFO ] [appview.py   line:36  ] [2020-05-21 00:00:18,996] [16852  ] [----------------------appview_end---------------------------]
[INFO ] [views.py     line:91  ] [2020-05-21 00:00:18,996] [16852  ] [<HttpResponse status_code=200, "text/html; charset=utf-8">]
[INFO ] [views.py     line:92  ] [2020-05-21 00:00:18,996] [16852  ] [{"respcode": "000000", "respmsg": "上传成功", "trantype": "getlist", "list": []}]
[INFO ] [views.py     line:95  ] [2020-05-21 00:00:18,996] [16852  ] [----------------------Admin-end---------------------------]
[INFO ] [views.py     line:96  ] [2020-05-21 00:00:18,996] [16852  ] [交易处理时间: 0:00:00.441305]
[INFO ] [views.py     line:21  ] [2020-05-21 00:00:23,133] [16852  ] [----------------------Admin-begin---------------------------]
[INFO ] [views.py     line:22  ] [2020-05-21 00:00:23,133] [16852  ] [请求:[<WSGIRequest: POST '/api/appview'>]]
[INFO ] [views.py     line:23  ] [2020-05-21 00:00:23,133] [16852  ] [请求path:[/api/appview]]
[INFO ] [views.py     line:24  ] [2020-05-21 00:00:23,133] [16852  ] [请求method:[POST]]
[INFO ] [views.py     line:25  ] [2020-05-21 00:00:23,133] [16852  ] [请求GET:[<QueryDict: {}>]]
[INFO ] [views.py     line:29  ] [2020-05-21 00:00:23,133] [16852  ] [请求full_path:[https://localhost:8000/api/appview]]
[INFO ] [views.py     line:35  ] [2020-05-21 00:00:23,133] [16852  ] [param1=[appview]]
[INFO ] [appview.py   line:16  ] [2020-05-21 00:00:23,429] [16852  ] [----------------------appview_begin---------------------------]
[INFO ] [appview.py   line:24  ] [2020-05-21 00:00:23,429] [16852  ] [trantype=[getlist]]
[INFO ] [appview.py   line:42  ] [2020-05-21 00:00:23,429] [16852  ] [----------------------Admin-getfilelist-begin---------------------------]
[INFO ] [appview.py   line:106 ] [2020-05-21 00:00:23,548] [16852  ] [----------------------Admin-getfilelist-end---------------------------]
[INFO ] [appview.py   line:36  ] [2020-05-21 00:00:23,549] [16852  ] [----------------------appview_end---------------------------]
[INFO ] [views.py     line:91  ] [2020-05-21 00:00:23,549] [16852  ] [<HttpResponse status_code=200, "text/html; charset=utf-8">]
[INFO ] [views.py     line:92  ] [2020-05-21 00:00:23,549] [16852  ] [{"respcode": "000000", "respmsg": "上传成功", "trantype": "getlist", "list": []}]
[INFO ] [views.py     line:95  ] [2020-05-21 00:00:23,549] [16852  ] [----------------------Admin-end---------------------------]
[INFO ] [views.py     line:96  ] [2020-05-21 00:00:23,549] [16852  ] [交易处理时间: 0:00:00.415645]
[INFO ] [views.py     line:21  ] [2020-05-21 00:00:56,403] [16852  ] [----------------------Admin-begin---------------------------]
[INFO ] [views.py     line:22  ] [2020-05-21 00:00:56,403] [16852  ] [请求:[<WSGIRequest: POST '/api/appview'>]]
[INFO ] [views.py     line:23  ] [2020-05-21 00:00:56,403] [16852  ] [请求path:[/api/appview]]
[INFO ] [views.py     line:24  ] [2020-05-21 00:00:56,403] [16852  ] [请求method:[POST]]
[INFO ] [views.py     line:25  ] [2020-05-21 00:00:56,403] [16852  ] [请求GET:[<QueryDict: {}>]]
[INFO ] [views.py     line:29  ] [2020-05-21 00:00:56,403] [16852  ] [请求full_path:[https://localhost:8000/api/appview]]
[INFO ] [views.py     line:35  ] [2020-05-21 00:00:56,403] [16852  ] [param1=[appview]]
[INFO ] [appview.py   line:16  ] [2020-05-21 00:00:56,729] [16852  ] [----------------------appview_begin---------------------------]
[INFO ] [appview.py   line:24  ] [2020-05-21 00:00:56,730] [16852  ] [trantype=[getlist]]
[INFO ] [appview.py   line:42  ] [2020-05-21 00:00:56,730] [16852  ] [----------------------Admin-getfilelist-begin---------------------------]
[INFO ] [appview.py   line:106 ] [2020-05-21 00:00:56,918] [16852  ] [----------------------Admin-getfilelist-end---------------------------]
[INFO ] [appview.py   line:36  ] [2020-05-21 00:00:56,918] [16852  ] [----------------------appview_end---------------------------]
[INFO ] [views.py     line:91  ] [2020-05-21 00:00:56,918] [16852  ] [<HttpResponse status_code=200, "text/html; charset=utf-8">]
[INFO ] [views.py     line:92  ] [2020-05-21 00:00:56,918] [16852  ] [{"respcode": "000000", "respmsg": "上传成功", "trantype": "getlist", "list": [{"filename": "射雕英雄传.txt", "fileid": 12, "msg": null}, {"filename": "射雕（金庸）.txt", "fileid": 14, "msg": "南宋末年，金兵入侵，朝廷奸臣当道。全真派丘处机因杀死汉奸王道乾，被官兵追杀，逃到江南一个小村牛家庄，与隐居在此处的爱国义土郭啸天和杨铁心一见如故，以“靖、康”为他俩即将出生的孩子命名，并留下一对短剑作为信物..."}]}]
[INFO ] [views.py     line:95  ] [2020-05-21 00:00:56,918] [16852  ] [----------------------Admin-end---------------------------]
[INFO ] [views.py     line:96  ] [2020-05-21 00:00:56,918] [16852  ] [交易处理时间: 0:00:00.516598]
[INFO ] [views.py     line:21  ] [2020-05-21 00:00:57,880] [16852  ] [----------------------Admin-begin---------------------------]
[INFO ] [views.py     line:22  ] [2020-05-21 00:00:57,880] [16852  ] [请求:[<WSGIRequest: POST '/api/appview'>]]
[INFO ] [views.py     line:23  ] [2020-05-21 00:00:57,880] [16852  ] [请求path:[/api/appview]]
[INFO ] [views.py     line:24  ] [2020-05-21 00:00:57,880] [16852  ] [请求method:[POST]]
[INFO ] [views.py     line:25  ] [2020-05-21 00:00:57,880] [16852  ] [请求GET:[<QueryDict: {}>]]
[INFO ] [views.py     line:29  ] [2020-05-21 00:00:57,880] [16852  ] [请求full_path:[https://localhost:8000/api/appview]]
[INFO ] [views.py     line:35  ] [2020-05-21 00:00:57,880] [16852  ] [param1=[appview]]
[INFO ] [appview.py   line:16  ] [2020-05-21 00:00:58,378] [16852  ] [----------------------appview_begin---------------------------]
[INFO ] [appview.py   line:24  ] [2020-05-21 00:00:58,378] [16852  ] [trantype=[getlist]]
[INFO ] [appview.py   line:42  ] [2020-05-21 00:00:58,378] [16852  ] [----------------------Admin-getfilelist-begin---------------------------]
[INFO ] [appview.py   line:106 ] [2020-05-21 00:00:58,526] [16852  ] [----------------------Admin-getfilelist-end---------------------------]
[INFO ] [appview.py   line:36  ] [2020-05-21 00:00:58,526] [16852  ] [----------------------appview_end---------------------------]
[INFO ] [views.py     line:91  ] [2020-05-21 00:00:58,526] [16852  ] [<HttpResponse status_code=200, "text/html; charset=utf-8">]
[INFO ] [views.py     line:92  ] [2020-05-21 00:00:58,526] [16852  ] [{"respcode": "000000", "respmsg": "上传成功", "trantype": "getlist", "list": [{"filename": "射雕英雄传.txt", "fileid": 12, "msg": null, "class": "其他", "colnum": 1}, {"filename": "射雕（金庸）.txt", "fileid": 14, "msg": "南宋末年，金兵入侵，朝廷奸臣当道。全真派丘处机因杀死汉奸王道乾，被官兵追杀，逃到江南一个小村牛家庄，与隐居在此处的爱国义土郭啸天和杨铁心一见如故，以“靖、康”为他俩即将出生的孩子命名，并留下一对短剑作为信物...", "class": "小说", "colnum": 1}]}]
[INFO ] [views.py     line:95  ] [2020-05-21 00:00:58,526] [16852  ] [----------------------Admin-end---------------------------]
[INFO ] [views.py     line:96  ] [2020-05-21 00:00:58,526] [16852  ] [交易处理时间: 0:00:00.646693]
[INFO ] [views.py     line:21  ] [2020-05-21 00:00:59,301] [16852  ] [----------------------Admin-begin---------------------------]
[INFO ] [views.py     line:22  ] [2020-05-21 00:00:59,301] [16852  ] [请求:[<WSGIRequest: POST '/api/appview'>]]
[INFO ] [views.py     line:23  ] [2020-05-21 00:00:59,317] [16852  ] [请求path:[/api/appview]]
[INFO ] [views.py     line:24  ] [2020-05-21 00:00:59,317] [16852  ] [请求method:[POST]]
[INFO ] [views.py     line:25  ] [2020-05-21 00:00:59,317] [16852  ] [请求GET:[<QueryDict: {}>]]
[INFO ] [views.py     line:29  ] [2020-05-21 00:00:59,317] [16852  ] [请求full_path:[https://localhost:8000/api/appview]]
[INFO ] [views.py     line:35  ] [2020-05-21 00:00:59,317] [16852  ] [param1=[appview]]
[INFO ] [appview.py   line:16  ] [2020-05-21 00:00:59,579] [16852  ] [----------------------appview_begin---------------------------]
[INFO ] [appview.py   line:24  ] [2020-05-21 00:00:59,579] [16852  ] [trantype=[getlist]]
[INFO ] [appview.py   line:42  ] [2020-05-21 00:00:59,579] [16852  ] [----------------------Admin-getfilelist-begin---------------------------]
[INFO ] [appview.py   line:106 ] [2020-05-21 00:00:59,716] [16852  ] [----------------------Admin-getfilelist-end---------------------------]
[INFO ] [appview.py   line:36  ] [2020-05-21 00:00:59,716] [16852  ] [----------------------appview_end---------------------------]
[INFO ] [views.py     line:91  ] [2020-05-21 00:00:59,716] [16852  ] [<HttpResponse status_code=200, "text/html; charset=utf-8">]
[INFO ] [views.py     line:92  ] [2020-05-21 00:00:59,716] [16852  ] [{"respcode": "000000", "respmsg": "上传成功", "trantype": "getlist", "list": [{"filename": "射雕（金庸）.txt", "fileid": 14, "msg": "南宋末年，金兵入侵，朝廷奸臣当道。全真派丘处机因杀死汉奸王道乾，被官兵追杀，逃到江南一个小村牛家庄，与隐居在此处的爱国义土郭啸天和杨铁心一见如故，以“靖、康”为他俩即将出生的孩子命名，并留下一对短剑作为信物...", "class": "小说", "colnum": 1}, {"filename": "射雕英雄传.txt", "fileid": 12, "msg": null, "class": "其他", "colnum": 1}]}]
[INFO ] [views.py     line:95  ] [2020-05-21 00:00:59,733] [16852  ] [----------------------Admin-end---------------------------]
[INFO ] [views.py     line:96  ] [2020-05-21 00:00:59,734] [16852  ] [交易处理时间: 0:00:00.433151]
[INFO ] [views.py     line:21  ] [2020-05-21 00:01:01,939] [16852  ] [----------------------Admin-begin---------------------------]
[INFO ] [views.py     line:22  ] [2020-05-21 00:01:01,939] [16852  ] [请求:[<WSGIRequest: POST '/api/appview'>]]
[INFO ] [views.py     line:23  ] [2020-05-21 00:01:01,940] [16852  ] [请求path:[/api/appview]]
[INFO ] [views.py     line:24  ] [2020-05-21 00:01:01,940] [16852  ] [请求method:[POST]]
[INFO ] [views.py     line:25  ] [2020-05-21 00:01:01,940] [16852  ] [请求GET:[<QueryDict: {}>]]
[INFO ] [views.py     line:29  ] [2020-05-21 00:01:01,940] [16852  ] [请求full_path:[https://localhost:8000/api/appview]]
[INFO ] [views.py     line:35  ] [2020-05-21 00:01:01,940] [16852  ] [param1=[appview]]
[INFO ] [appview.py   line:16  ] [2020-05-21 00:01:02,221] [16852  ] [----------------------appview_begin---------------------------]
[INFO ] [appview.py   line:24  ] [2020-05-21 00:01:02,221] [16852  ] [trantype=[getbookinfo]]
[INFO ] [appview.py   line:112 ] [2020-05-21 00:01:02,221] [16852  ] [----------------------Admin-getbookinfo-begin---------------------------]
[INFO ] [appview.py   line:167 ] [2020-05-21 00:01:02,353] [16852  ] [----------------------Admin-getbookinfo-end---------------------------]
[INFO ] [appview.py   line:36  ] [2020-05-21 00:01:02,369] [16852  ] [----------------------appview_end---------------------------]
[INFO ] [views.py     line:91  ] [2020-05-21 00:01:02,370] [16852  ] [<HttpResponse status_code=200, "text/html; charset=utf-8">]
[INFO ] [views.py     line:92  ] [2020-05-21 00:01:02,370] [16852  ] [{"respcode": "000000", "respmsg": "上传成功", "trantype": "getbookinfo", "filename": "射雕英雄传.txt", "fileinfo": null, "coltext": "收藏", "shelftext": "已加入书架"}]
[INFO ] [views.py     line:95  ] [2020-05-21 00:01:02,370] [16852  ] [----------------------Admin-end---------------------------]
[INFO ] [views.py     line:96  ] [2020-05-21 00:01:02,370] [16852  ] [交易处理时间: 0:00:00.431560]
[INFO ] [views.py     line:21  ] [2020-05-21 00:01:06,909] [16852  ] [----------------------Admin-begin---------------------------]
[INFO ] [views.py     line:22  ] [2020-05-21 00:01:06,909] [16852  ] [请求:[<WSGIRequest: POST '/api/appview'>]]
[INFO ] [views.py     line:23  ] [2020-05-21 00:01:06,909] [16852  ] [请求path:[/api/appview]]
[INFO ] [views.py     line:24  ] [2020-05-21 00:01:06,909] [16852  ] [请求method:[POST]]
[INFO ] [views.py     line:25  ] [2020-05-21 00:01:06,909] [16852  ] [请求GET:[<QueryDict: {}>]]
[INFO ] [views.py     line:29  ] [2020-05-21 00:01:06,909] [16852  ] [请求full_path:[https://localhost:8000/api/appview]]
[INFO ] [views.py     line:35  ] [2020-05-21 00:01:06,909] [16852  ] [param1=[appview]]
[INFO ] [appview.py   line:16  ] [2020-05-21 00:01:07,156] [16852  ] [----------------------appview_begin---------------------------]
[INFO ] [appview.py   line:24  ] [2020-05-21 00:01:07,156] [16852  ] [trantype=[getlist]]
[INFO ] [appview.py   line:42  ] [2020-05-21 00:01:07,156] [16852  ] [----------------------Admin-getfilelist-begin---------------------------]
[INFO ] [appview.py   line:106 ] [2020-05-21 00:01:07,283] [16852  ] [----------------------Admin-getfilelist-end---------------------------]
[INFO ] [appview.py   line:36  ] [2020-05-21 00:01:07,301] [16852  ] [----------------------appview_end---------------------------]
[INFO ] [views.py     line:91  ] [2020-05-21 00:01:07,301] [16852  ] [<HttpResponse status_code=200, "text/html; charset=utf-8">]
[INFO ] [views.py     line:92  ] [2020-05-21 00:01:07,301] [16852  ] [{"respcode": "000000", "respmsg": "上传成功", "trantype": "getlist", "list": [{"filename": "射雕英雄传.txt", "fileid": 12, "msg": null, "class": "其他", "colnum": 1}, {"filename": "射雕（金庸）.txt", "fileid": 14, "msg": "南宋末年，金兵入侵，朝廷奸臣当道。全真派丘处机因杀死汉奸王道乾，被官兵追杀，逃到江南一个小村牛家庄，与隐居在此处的爱国义土郭啸天和杨铁心一见如故，以“靖、康”为他俩即将出生的孩子命名，并留下一对短剑作为信物...", "class": "小说", "colnum": 1}]}]
[INFO ] [views.py     line:95  ] [2020-05-21 00:01:07,301] [16852  ] [----------------------Admin-end---------------------------]
[INFO ] [views.py     line:96  ] [2020-05-21 00:01:07,301] [16852  ] [交易处理时间: 0:00:00.391619]
[INFO ] [views.py     line:21  ] [2020-05-21 00:01:08,893] [16852  ] [----------------------Admin-begin---------------------------]
[INFO ] [views.py     line:22  ] [2020-05-21 00:01:08,893] [16852  ] [请求:[<WSGIRequest: POST '/api/appview'>]]
[INFO ] [views.py     line:23  ] [2020-05-21 00:01:08,893] [16852  ] [请求path:[/api/appview]]
[INFO ] [views.py     line:24  ] [2020-05-21 00:01:08,893] [16852  ] [请求method:[POST]]
[INFO ] [views.py     line:25  ] [2020-05-21 00:01:08,893] [16852  ] [请求GET:[<QueryDict: {}>]]
[INFO ] [views.py     line:29  ] [2020-05-21 00:01:08,893] [16852  ] [请求full_path:[https://localhost:8000/api/appview]]
[INFO ] [views.py     line:35  ] [2020-05-21 00:01:08,893] [16852  ] [param1=[appview]]
[INFO ] [appview.py   line:16  ] [2020-05-21 00:01:09,143] [16852  ] [----------------------appview_begin---------------------------]
[INFO ] [appview.py   line:24  ] [2020-05-21 00:01:09,143] [16852  ] [trantype=[getlist]]
[INFO ] [appview.py   line:42  ] [2020-05-21 00:01:09,143] [16852  ] [----------------------Admin-getfilelist-begin---------------------------]
[INFO ] [appview.py   line:106 ] [2020-05-21 00:01:09,286] [16852  ] [----------------------Admin-getfilelist-end---------------------------]
[INFO ] [appview.py   line:36  ] [2020-05-21 00:01:09,286] [16852  ] [----------------------appview_end---------------------------]
[INFO ] [views.py     line:91  ] [2020-05-21 00:01:09,286] [16852  ] [<HttpResponse status_code=200, "text/html; charset=utf-8">]
[INFO ] [views.py     line:92  ] [2020-05-21 00:01:09,286] [16852  ] [{"respcode": "000000", "respmsg": "上传成功", "trantype": "getlist", "list": [{"filename": "射雕（金庸）.txt", "fileid": 14, "msg": "南宋末年，金兵入侵，朝廷奸臣当道。全真派丘处机因杀死汉奸王道乾，被官兵追杀，逃到江南一个小村牛家庄，与隐居在此处的爱国义土郭啸天和杨铁心一见如故，以“靖、康”为他俩即将出生的孩子命名，并留下一对短剑作为信物...", "class": "小说", "colnum": 1}, {"filename": "射雕英雄传.txt", "fileid": 12, "msg": null, "class": "其他", "colnum": 1}]}]
[INFO ] [views.py     line:95  ] [2020-05-21 00:01:09,286] [16852  ] [----------------------Admin-end---------------------------]
[INFO ] [views.py     line:96  ] [2020-05-21 00:01:09,286] [16852  ] [交易处理时间: 0:00:00.392580]
[INFO ] [views.py     line:21  ] [2020-05-21 00:01:10,271] [16852  ] [----------------------Admin-begin---------------------------]
[INFO ] [views.py     line:22  ] [2020-05-21 00:01:10,271] [16852  ] [请求:[<WSGIRequest: POST '/api/appview'>]]
[INFO ] [views.py     line:23  ] [2020-05-21 00:01:10,271] [16852  ] [请求path:[/api/appview]]
[INFO ] [views.py     line:24  ] [2020-05-21 00:01:10,271] [16852  ] [请求method:[POST]]
[INFO ] [views.py     line:25  ] [2020-05-21 00:01:10,271] [16852  ] [请求GET:[<QueryDict: {}>]]
[INFO ] [views.py     line:29  ] [2020-05-21 00:01:10,271] [16852  ] [请求full_path:[https://localhost:8000/api/appview]]
[INFO ] [views.py     line:35  ] [2020-05-21 00:01:10,271] [16852  ] [param1=[appview]]
[INFO ] [appview.py   line:16  ] [2020-05-21 00:01:10,516] [16852  ] [----------------------appview_begin---------------------------]
[INFO ] [appview.py   line:24  ] [2020-05-21 00:01:10,516] [16852  ] [trantype=[getbookinfo]]
[INFO ] [appview.py   line:112 ] [2020-05-21 00:01:10,516] [16852  ] [----------------------Admin-getbookinfo-begin---------------------------]
[INFO ] [appview.py   line:167 ] [2020-05-21 00:01:10,654] [16852  ] [----------------------Admin-getbookinfo-end---------------------------]
[INFO ] [appview.py   line:36  ] [2020-05-21 00:01:10,654] [16852  ] [----------------------appview_end---------------------------]
[INFO ] [views.py     line:91  ] [2020-05-21 00:01:10,654] [16852  ] [<HttpResponse status_code=200, "text/html; charset=utf-8">]
[INFO ] [views.py     line:92  ] [2020-05-21 00:01:10,671] [16852  ] [{"respcode": "000000", "respmsg": "上传成功", "trantype": "getbookinfo", "filename": "射雕（金庸）.txt", "fileinfo": "南宋末年，金兵入侵，朝廷奸臣当道。全真派丘处机因杀死汉奸王道乾，被官兵追杀，逃到江南一个小村牛家庄，与隐居在此处的爱国义土郭啸天和杨铁心一见如故，以“靖、康”为他俩即将出生的孩子命名，并留下一对短剑作为信物...", "coltext": "收藏", "shelftext": "已加入书架"}]
[INFO ] [views.py     line:95  ] [2020-05-21 00:01:10,671] [16852  ] [----------------------Admin-end---------------------------]
[INFO ] [views.py     line:96  ] [2020-05-21 00:01:10,671] [16852  ] [交易处理时间: 0:00:00.399846]
[INFO ] [views.py     line:21  ] [2020-05-21 00:01:14,193] [16852  ] [----------------------Admin-begin---------------------------]
[INFO ] [views.py     line:22  ] [2020-05-21 00:01:14,193] [16852  ] [请求:[<WSGIRequest: POST '/api/appreadact'>]]
[INFO ] [views.py     line:23  ] [2020-05-21 00:01:14,193] [16852  ] [请求path:[/api/appreadact]]
[INFO ] [views.py     line:24  ] [2020-05-21 00:01:14,193] [16852  ] [请求method:[POST]]
[INFO ] [views.py     line:25  ] [2020-05-21 00:01:14,193] [16852  ] [请求GET:[<QueryDict: {}>]]
[INFO ] [views.py     line:29  ] [2020-05-21 00:01:14,194] [16852  ] [请求full_path:[https://localhost:8000/api/appreadact]]
[INFO ] [views.py     line:35  ] [2020-05-21 00:01:14,194] [16852  ] [param1=[appreadact]]
[INFO ] [appreadact.py line:17  ] [2020-05-21 00:01:14,475] [16852  ] [----------------------appreadact_begin---------------------------]
[INFO ] [appreadact.py line:25  ] [2020-05-21 00:01:14,475] [16852  ] [trantype=[joincol]]
[INFO ] [appreadact.py line:43  ] [2020-05-21 00:01:14,475] [16852  ] [----------------------Admin-getbookinfo-begin---------------------------]
[INFO ] [appreadact.py line:86  ] [2020-05-21 00:01:14,582] [16852  ] [----------------------Admin-getbookinfo-end---------------------------]
[INFO ] [appreadact.py line:37  ] [2020-05-21 00:01:14,582] [16852  ] [----------------------appreadact_end---------------------------]
[INFO ] [views.py     line:91  ] [2020-05-21 00:01:14,582] [16852  ] [<HttpResponse status_code=200, "text/html; charset=utf-8">]
[INFO ] [views.py     line:92  ] [2020-05-21 00:01:14,582] [16852  ] [{"respcode": "000000", "respmsg": "上传成功", "trantype": "joincol", "coltext": "收藏"}]
[INFO ] [views.py     line:95  ] [2020-05-21 00:01:14,582] [16852  ] [----------------------Admin-end---------------------------]
[INFO ] [views.py     line:96  ] [2020-05-21 00:01:14,582] [16852  ] [交易处理时间: 0:00:00.390216]
[INFO ] [views.py     line:21  ] [2020-05-21 00:02:40,584] [16852  ] [----------------------Admin-begin---------------------------]
[INFO ] [views.py     line:22  ] [2020-05-21 00:02:40,584] [16852  ] [请求:[<WSGIRequest: POST '/api/appreadact'>]]
[INFO ] [views.py     line:23  ] [2020-05-21 00:02:40,584] [16852  ] [请求path:[/api/appreadact]]
[INFO ] [views.py     line:24  ] [2020-05-21 00:02:40,584] [16852  ] [请求method:[POST]]
[INFO ] [views.py     line:25  ] [2020-05-21 00:02:40,584] [16852  ] [请求GET:[<QueryDict: {}>]]
[INFO ] [views.py     line:29  ] [2020-05-21 00:02:40,584] [16852  ] [请求full_path:[https://localhost:8000/api/appreadact]]
[INFO ] [views.py     line:35  ] [2020-05-21 00:02:40,584] [16852  ] [param1=[appreadact]]
[INFO ] [appreadact.py line:17  ] [2020-05-21 00:02:40,908] [16852  ] [----------------------appreadact_begin---------------------------]
[INFO ] [appreadact.py line:25  ] [2020-05-21 00:02:40,908] [16852  ] [trantype=[joincol]]
[INFO ] [appreadact.py line:43  ] [2020-05-21 00:02:40,908] [16852  ] [----------------------Admin-getbookinfo-begin---------------------------]
[INFO ] [appreadact.py line:86  ] [2020-05-21 00:02:41,024] [16852  ] [----------------------Admin-getbookinfo-end---------------------------]
[INFO ] [appreadact.py line:37  ] [2020-05-21 00:02:41,024] [16852  ] [----------------------appreadact_end---------------------------]
[INFO ] [views.py     line:91  ] [2020-05-21 00:02:41,024] [16852  ] [<HttpResponse status_code=200, "text/html; charset=utf-8">]
[INFO ] [views.py     line:92  ] [2020-05-21 00:02:41,024] [16852  ] [{"respcode": "000000", "respmsg": "上传成功", "trantype": "joincol", "coltext": "收藏"}]
[INFO ] [views.py     line:95  ] [2020-05-21 00:02:41,024] [16852  ] [----------------------Admin-end---------------------------]
[INFO ] [views.py     line:96  ] [2020-05-21 00:02:41,024] [16852  ] [交易处理时间: 0:00:00.440451]
[INFO ] [views.py     line:21  ] [2020-05-21 00:04:47,053] [12924  ] [----------------------Admin-begin---------------------------]
[INFO ] [views.py     line:22  ] [2020-05-21 00:04:47,053] [12924  ] [请求:[<WSGIRequest: POST '/api/appreadact'>]]
[INFO ] [views.py     line:23  ] [2020-05-21 00:04:47,053] [12924  ] [请求path:[/api/appreadact]]
[INFO ] [views.py     line:24  ] [2020-05-21 00:04:47,053] [12924  ] [请求method:[POST]]
[INFO ] [views.py     line:25  ] [2020-05-21 00:04:47,053] [12924  ] [请求GET:[<QueryDict: {}>]]
[INFO ] [views.py     line:29  ] [2020-05-21 00:04:47,054] [12924  ] [请求full_path:[https://localhost:8000/api/appreadact]]
[INFO ] [views.py     line:35  ] [2020-05-21 00:04:47,054] [12924  ] [param1=[appreadact]]
[INFO ] [appreadact.py line:17  ] [2020-05-21 00:04:47,350] [12924  ] [----------------------appreadact_begin---------------------------]
[INFO ] [appreadact.py line:25  ] [2020-05-21 00:04:47,350] [12924  ] [trantype=[joincol]]
[INFO ] [appreadact.py line:43  ] [2020-05-21 00:04:47,350] [12924  ] [----------------------Admin-getbookinfo-begin---------------------------]
[INFO ] [appreadact.py line:86  ] [2020-05-21 00:04:47,458] [12924  ] [----------------------Admin-getbookinfo-end---------------------------]
[INFO ] [appreadact.py line:37  ] [2020-05-21 00:04:47,475] [12924  ] [----------------------appreadact_end---------------------------]
[INFO ] [views.py     line:91  ] [2020-05-21 00:04:47,475] [12924  ] [<HttpResponse status_code=200, "text/html; charset=utf-8">]
[INFO ] [views.py     line:92  ] [2020-05-21 00:04:47,475] [12924  ] [{"respcode": "000000", "respmsg": "上传成功", "trantype": "joincol", "coltext": "收藏"}]
[INFO ] [views.py     line:95  ] [2020-05-21 00:04:47,475] [12924  ] [----------------------Admin-end---------------------------]
[INFO ] [views.py     line:96  ] [2020-05-21 00:04:47,475] [12924  ] [交易处理时间: 0:00:00.423419]
[INFO ] [views.py     line:21  ] [2020-05-21 00:06:48,613] [9832   ] [----------------------Admin-begin---------------------------]
[INFO ] [views.py     line:22  ] [2020-05-21 00:06:48,620] [9832   ] [请求:[<WSGIRequest: POST '/api/appreadact'>]]
[INFO ] [views.py     line:23  ] [2020-05-21 00:06:48,632] [9832   ] [请求path:[/api/appreadact]]
[INFO ] [views.py     line:24  ] [2020-05-21 00:06:48,633] [9832   ] [请求method:[POST]]
[INFO ] [views.py     line:25  ] [2020-05-21 00:06:48,633] [9832   ] [请求GET:[<QueryDict: {}>]]
[INFO ] [views.py     line:29  ] [2020-05-21 00:06:48,633] [9832   ] [请求full_path:[https://localhost:8000/api/appreadact]]
[INFO ] [views.py     line:35  ] [2020-05-21 00:06:48,634] [9832   ] [param1=[appreadact]]
[INFO ] [appreadact.py line:17  ] [2020-05-21 00:06:48,856] [9832   ] [----------------------appreadact_begin---------------------------]
[INFO ] [appreadact.py line:25  ] [2020-05-21 00:06:48,856] [9832   ] [trantype=[joincol]]
[INFO ] [appreadact.py line:43  ] [2020-05-21 00:06:48,856] [9832   ] [----------------------Admin-getbookinfo-begin---------------------------]
[INFO ] [appreadact.py line:87  ] [2020-05-21 00:06:48,954] [9832   ] [----------------------Admin-getbookinfo-end---------------------------]
[INFO ] [appreadact.py line:37  ] [2020-05-21 00:06:48,960] [9832   ] [----------------------appreadact_end---------------------------]
[INFO ] [views.py     line:91  ] [2020-05-21 00:06:48,960] [9832   ] [<HttpResponse status_code=200, "text/html; charset=utf-8">]
[INFO ] [views.py     line:92  ] [2020-05-21 00:06:48,960] [9832   ] [{"respcode": "000000", "respmsg": "上传成功", "trantype": "joincol", "coltext": "收藏"}]
[INFO ] [views.py     line:95  ] [2020-05-21 00:06:48,961] [9832   ] [----------------------Admin-end---------------------------]
[INFO ] [views.py     line:96  ] [2020-05-21 00:06:48,961] [9832   ] [交易处理时间: 0:00:00.348069]
[INFO ] [views.py     line:21  ] [2020-05-21 00:07:09,190] [8332   ] [----------------------Admin-begin---------------------------]
[INFO ] [views.py     line:22  ] [2020-05-21 00:07:09,190] [8332   ] [请求:[<WSGIRequest: POST '/api/appreadact'>]]
[INFO ] [views.py     line:23  ] [2020-05-21 00:07:09,190] [8332   ] [请求path:[/api/appreadact]]
[INFO ] [views.py     line:24  ] [2020-05-21 00:07:09,191] [8332   ] [请求method:[POST]]
[INFO ] [views.py     line:25  ] [2020-05-21 00:07:09,191] [8332   ] [请求GET:[<QueryDict: {}>]]
[INFO ] [views.py     line:29  ] [2020-05-21 00:07:09,191] [8332   ] [请求full_path:[https://localhost:8000/api/appreadact]]
[INFO ] [views.py     line:35  ] [2020-05-21 00:07:09,191] [8332   ] [param1=[appreadact]]
[INFO ] [appreadact.py line:17  ] [2020-05-21 00:07:09,714] [8332   ] [----------------------appreadact_begin---------------------------]
[INFO ] [appreadact.py line:25  ] [2020-05-21 00:07:09,715] [8332   ] [trantype=[joincol]]
[INFO ] [appreadact.py line:43  ] [2020-05-21 00:07:09,715] [8332   ] [----------------------Admin-getbookinfo-begin---------------------------]
[INFO ] [appreadact.py line:88  ] [2020-05-21 00:07:09,810] [8332   ] [----------------------Admin-getbookinfo-end---------------------------]
[INFO ] [appreadact.py line:37  ] [2020-05-21 00:07:09,816] [8332   ] [----------------------appreadact_end---------------------------]
[INFO ] [views.py     line:91  ] [2020-05-21 00:07:09,817] [8332   ] [<HttpResponse status_code=200, "text/html; charset=utf-8">]
[INFO ] [views.py     line:92  ] [2020-05-21 00:07:09,817] [8332   ] [{"respcode": "000000", "respmsg": "上传成功", "trantype": "joincol", "coltext": "收藏"}]
[INFO ] [views.py     line:95  ] [2020-05-21 00:07:09,817] [8332   ] [----------------------Admin-end---------------------------]
[INFO ] [views.py     line:96  ] [2020-05-21 00:07:09,817] [8332   ] [交易处理时间: 0:00:00.628721]
[INFO ] [views.py     line:21  ] [2020-05-21 00:10:57,336] [20536  ] [----------------------Admin-begin---------------------------]
[INFO ] [views.py     line:22  ] [2020-05-21 00:10:57,336] [20536  ] [请求:[<WSGIRequest: POST '/api/appreadact'>]]
[INFO ] [views.py     line:23  ] [2020-05-21 00:10:57,337] [20536  ] [请求path:[/api/appreadact]]
[INFO ] [views.py     line:24  ] [2020-05-21 00:10:57,337] [20536  ] [请求method:[POST]]
[INFO ] [views.py     line:25  ] [2020-05-21 00:10:57,337] [20536  ] [请求GET:[<QueryDict: {}>]]
[INFO ] [views.py     line:29  ] [2020-05-21 00:10:57,337] [20536  ] [请求full_path:[https://localhost:8000/api/appreadact]]
[INFO ] [views.py     line:35  ] [2020-05-21 00:10:57,337] [20536  ] [param1=[appreadact]]
[INFO ] [appreadact.py line:17  ] [2020-05-21 00:10:57,614] [20536  ] [----------------------appreadact_begin---------------------------]
[INFO ] [appreadact.py line:25  ] [2020-05-21 00:10:57,615] [20536  ] [trantype=[joincol]]
[INFO ] [appreadact.py line:43  ] [2020-05-21 00:10:57,616] [20536  ] [----------------------Admin-getbookinfo-begin---------------------------]
[INFO ] [appreadact.py line:87  ] [2020-05-21 00:10:57,736] [20536  ] [----------------------Admin-getbookinfo-end---------------------------]
[INFO ] [appreadact.py line:37  ] [2020-05-21 00:10:57,756] [20536  ] [----------------------appreadact_end---------------------------]
[INFO ] [views.py     line:91  ] [2020-05-21 00:10:57,756] [20536  ] [<HttpResponse status_code=200, "text/html; charset=utf-8">]
[INFO ] [views.py     line:92  ] [2020-05-21 00:10:57,757] [20536  ] [{"respcode": "000000", "respmsg": "上传成功", "trantype": "joincol", "coltext": "已收藏"}]
[INFO ] [views.py     line:95  ] [2020-05-21 00:10:57,757] [20536  ] [----------------------Admin-end---------------------------]
[INFO ] [views.py     line:96  ] [2020-05-21 00:10:57,758] [20536  ] [交易处理时间: 0:00:00.423452]
[INFO ] [views.py     line:21  ] [2020-05-21 00:11:21,089] [20536  ] [----------------------Admin-begin---------------------------]
[INFO ] [views.py     line:22  ] [2020-05-21 00:11:21,089] [20536  ] [请求:[<WSGIRequest: POST '/api/appreadact'>]]
[INFO ] [views.py     line:23  ] [2020-05-21 00:11:21,089] [20536  ] [请求path:[/api/appreadact]]
[INFO ] [views.py     line:24  ] [2020-05-21 00:11:21,091] [20536  ] [请求method:[POST]]
[INFO ] [views.py     line:25  ] [2020-05-21 00:11:21,091] [20536  ] [请求GET:[<QueryDict: {}>]]
[INFO ] [views.py     line:29  ] [2020-05-21 00:11:21,092] [20536  ] [请求full_path:[https://localhost:8000/api/appreadact]]
[INFO ] [views.py     line:35  ] [2020-05-21 00:11:21,092] [20536  ] [param1=[appreadact]]
[INFO ] [appreadact.py line:17  ] [2020-05-21 00:11:21,382] [20536  ] [----------------------appreadact_begin---------------------------]
[INFO ] [appreadact.py line:25  ] [2020-05-21 00:11:21,383] [20536  ] [trantype=[joincol]]
[INFO ] [appreadact.py line:43  ] [2020-05-21 00:11:21,384] [20536  ] [----------------------Admin-getbookinfo-begin---------------------------]
[INFO ] [appreadact.py line:37  ] [2020-05-21 00:11:21,462] [20536  ] [----------------------appreadact_end---------------------------]
[INFO ] [views.py     line:91  ] [2020-05-21 00:11:21,464] [20536  ] [<HttpResponse status_code=200, "text/html; charset=utf-8">]
[INFO ] [views.py     line:92  ] [2020-05-21 00:11:21,464] [20536  ] [{"respcode": "300006", "respmsg": "已加入收藏!"}]
[INFO ] [views.py     line:95  ] [2020-05-21 00:11:21,464] [20536  ] [----------------------Admin-end---------------------------]
[INFO ] [views.py     line:96  ] [2020-05-21 00:11:21,464] [20536  ] [交易处理时间: 0:00:00.376001]
[INFO ] [views.py     line:21  ] [2020-05-21 00:11:25,182] [20536  ] [----------------------Admin-begin---------------------------]
[INFO ] [views.py     line:22  ] [2020-05-21 00:11:25,183] [20536  ] [请求:[<WSGIRequest: POST '/api/appreadact'>]]
[INFO ] [views.py     line:23  ] [2020-05-21 00:11:25,184] [20536  ] [请求path:[/api/appreadact]]
[INFO ] [views.py     line:24  ] [2020-05-21 00:11:25,184] [20536  ] [请求method:[POST]]
[INFO ] [views.py     line:25  ] [2020-05-21 00:11:25,184] [20536  ] [请求GET:[<QueryDict: {}>]]
[INFO ] [views.py     line:29  ] [2020-05-21 00:11:25,185] [20536  ] [请求full_path:[https://localhost:8000/api/appreadact]]
[INFO ] [views.py     line:35  ] [2020-05-21 00:11:25,185] [20536  ] [param1=[appreadact]]
[INFO ] [appreadact.py line:17  ] [2020-05-21 00:11:25,458] [20536  ] [----------------------appreadact_begin---------------------------]
[INFO ] [appreadact.py line:25  ] [2020-05-21 00:11:25,459] [20536  ] [trantype=[joincol]]
[INFO ] [appreadact.py line:43  ] [2020-05-21 00:11:25,460] [20536  ] [----------------------Admin-getbookinfo-begin---------------------------]
[INFO ] [appreadact.py line:37  ] [2020-05-21 00:11:25,534] [20536  ] [----------------------appreadact_end---------------------------]
[INFO ] [views.py     line:91  ] [2020-05-21 00:11:25,535] [20536  ] [<HttpResponse status_code=200, "text/html; charset=utf-8">]
[INFO ] [views.py     line:92  ] [2020-05-21 00:11:25,535] [20536  ] [{"respcode": "300006", "respmsg": "已加入收藏!"}]
[INFO ] [views.py     line:95  ] [2020-05-21 00:11:25,536] [20536  ] [----------------------Admin-end---------------------------]
[INFO ] [views.py     line:96  ] [2020-05-21 00:11:25,537] [20536  ] [交易处理时间: 0:00:00.355328]
[INFO ] [views.py     line:21  ] [2020-05-21 00:11:32,868] [20536  ] [----------------------Admin-begin---------------------------]
[INFO ] [views.py     line:22  ] [2020-05-21 00:11:32,869] [20536  ] [请求:[<WSGIRequest: POST '/api/appreadact'>]]
[INFO ] [views.py     line:23  ] [2020-05-21 00:11:32,869] [20536  ] [请求path:[/api/appreadact]]
[INFO ] [views.py     line:24  ] [2020-05-21 00:11:32,870] [20536  ] [请求method:[POST]]
[INFO ] [views.py     line:25  ] [2020-05-21 00:11:32,870] [20536  ] [请求GET:[<QueryDict: {}>]]
[INFO ] [views.py     line:29  ] [2020-05-21 00:11:32,871] [20536  ] [请求full_path:[https://localhost:8000/api/appreadact]]
[INFO ] [views.py     line:35  ] [2020-05-21 00:11:32,871] [20536  ] [param1=[appreadact]]
[INFO ] [appreadact.py line:17  ] [2020-05-21 00:11:33,113] [20536  ] [----------------------appreadact_begin---------------------------]
[INFO ] [appreadact.py line:25  ] [2020-05-21 00:11:33,115] [20536  ] [trantype=[joinshelf]]
[INFO ] [appreadact.py line:93  ] [2020-05-21 00:11:33,115] [20536  ] [----------------------Admin-joinshelf-begin---------------------------]
[INFO ] [appreadact.py line:37  ] [2020-05-21 00:11:33,120] [20536  ] [----------------------appreadact_end---------------------------]
[INFO ] [views.py     line:91  ] [2020-05-21 00:11:33,120] [20536  ] [<HttpResponse status_code=200, "text/html; charset=utf-8">]
[INFO ] [views.py     line:92  ] [2020-05-21 00:11:33,121] [20536  ] [{"respcode": "300003", "respmsg": "请登录！"}]
[INFO ] [views.py     line:95  ] [2020-05-21 00:11:33,121] [20536  ] [----------------------Admin-end---------------------------]
[INFO ] [views.py     line:96  ] [2020-05-21 00:11:33,121] [20536  ] [交易处理时间: 0:00:00.254107]
[INFO ] [views.py     line:21  ] [2020-05-21 00:11:36,857] [20536  ] [----------------------Admin-begin---------------------------]
[INFO ] [views.py     line:22  ] [2020-05-21 00:11:36,858] [20536  ] [请求:[<WSGIRequest: POST '/api/appreadact'>]]
[INFO ] [views.py     line:23  ] [2020-05-21 00:11:36,858] [20536  ] [请求path:[/api/appreadact]]
[INFO ] [views.py     line:24  ] [2020-05-21 00:11:36,859] [20536  ] [请求method:[POST]]
[INFO ] [views.py     line:25  ] [2020-05-21 00:11:36,859] [20536  ] [请求GET:[<QueryDict: {}>]]
[INFO ] [views.py     line:29  ] [2020-05-21 00:11:36,861] [20536  ] [请求full_path:[https://localhost:8000/api/appreadact]]
[INFO ] [views.py     line:35  ] [2020-05-21 00:11:36,862] [20536  ] [param1=[appreadact]]
[INFO ] [appreadact.py line:17  ] [2020-05-21 00:11:37,115] [20536  ] [----------------------appreadact_begin---------------------------]
[INFO ] [appreadact.py line:25  ] [2020-05-21 00:11:37,116] [20536  ] [trantype=[joinshelf]]
[INFO ] [appreadact.py line:93  ] [2020-05-21 00:11:37,117] [20536  ] [----------------------Admin-joinshelf-begin---------------------------]
[INFO ] [appreadact.py line:37  ] [2020-05-21 00:11:37,122] [20536  ] [----------------------appreadact_end---------------------------]
[INFO ] [views.py     line:91  ] [2020-05-21 00:11:37,123] [20536  ] [<HttpResponse status_code=200, "text/html; charset=utf-8">]
[INFO ] [views.py     line:92  ] [2020-05-21 00:11:37,123] [20536  ] [{"respcode": "300003", "respmsg": "请登录！"}]
[INFO ] [views.py     line:95  ] [2020-05-21 00:11:37,124] [20536  ] [----------------------Admin-end---------------------------]
[INFO ] [views.py     line:96  ] [2020-05-21 00:11:37,124] [20536  ] [交易处理时间: 0:00:00.268975]
[INFO ] [views.py     line:21  ] [2020-05-21 00:11:40,340] [20536  ] [----------------------Admin-begin---------------------------]
[INFO ] [views.py     line:22  ] [2020-05-21 00:11:40,340] [20536  ] [请求:[<WSGIRequest: POST '/api/appreadact'>]]
[INFO ] [views.py     line:23  ] [2020-05-21 00:11:40,341] [20536  ] [请求path:[/api/appreadact]]
[INFO ] [views.py     line:24  ] [2020-05-21 00:11:40,342] [20536  ] [请求method:[POST]]
[INFO ] [views.py     line:25  ] [2020-05-21 00:11:40,342] [20536  ] [请求GET:[<QueryDict: {}>]]
[INFO ] [views.py     line:29  ] [2020-05-21 00:11:40,342] [20536  ] [请求full_path:[https://localhost:8000/api/appreadact]]
[INFO ] [views.py     line:35  ] [2020-05-21 00:11:40,343] [20536  ] [param1=[appreadact]]
[INFO ] [appreadact.py line:17  ] [2020-05-21 00:11:40,591] [20536  ] [----------------------appreadact_begin---------------------------]
[INFO ] [appreadact.py line:25  ] [2020-05-21 00:11:40,592] [20536  ] [trantype=[joinshelf]]
[INFO ] [appreadact.py line:93  ] [2020-05-21 00:11:40,593] [20536  ] [----------------------Admin-joinshelf-begin---------------------------]
[INFO ] [appreadact.py line:37  ] [2020-05-21 00:11:40,598] [20536  ] [----------------------appreadact_end---------------------------]
[INFO ] [views.py     line:91  ] [2020-05-21 00:11:40,598] [20536  ] [<HttpResponse status_code=200, "text/html; charset=utf-8">]
[INFO ] [views.py     line:92  ] [2020-05-21 00:11:40,599] [20536  ] [{"respcode": "300003", "respmsg": "请登录！"}]
[INFO ] [views.py     line:95  ] [2020-05-21 00:11:40,599] [20536  ] [----------------------Admin-end---------------------------]
[INFO ] [views.py     line:96  ] [2020-05-21 00:11:40,600] [20536  ] [交易处理时间: 0:00:00.262133]
[INFO ] [views.py     line:21  ] [2020-05-21 00:12:16,301] [10080  ] [----------------------Admin-begin---------------------------]
[INFO ] [views.py     line:22  ] [2020-05-21 00:12:16,303] [10080  ] [请求:[<WSGIRequest: POST '/api/appreadact'>]]
[INFO ] [views.py     line:23  ] [2020-05-21 00:12:16,303] [10080  ] [请求path:[/api/appreadact]]
[INFO ] [views.py     line:24  ] [2020-05-21 00:12:16,304] [10080  ] [请求method:[POST]]
[INFO ] [views.py     line:25  ] [2020-05-21 00:12:16,304] [10080  ] [请求GET:[<QueryDict: {}>]]
[INFO ] [views.py     line:29  ] [2020-05-21 00:12:16,305] [10080  ] [请求full_path:[https://localhost:8000/api/appreadact]]
[INFO ] [views.py     line:35  ] [2020-05-21 00:12:16,306] [10080  ] [param1=[appreadact]]
[INFO ] [appreadact.py line:17  ] [2020-05-21 00:12:16,575] [10080  ] [----------------------appreadact_begin---------------------------]
[INFO ] [appreadact.py line:25  ] [2020-05-21 00:12:16,575] [10080  ] [trantype=[joinshelf]]
[INFO ] [appreadact.py line:93  ] [2020-05-21 00:12:16,577] [10080  ] [----------------------Admin-joinshelf-begin---------------------------]
[INFO ] [appreadact.py line:37  ] [2020-05-21 00:12:16,653] [10080  ] [----------------------appreadact_end---------------------------]
[INFO ] [views.py     line:91  ] [2020-05-21 00:12:16,653] [10080  ] [<HttpResponse status_code=200, "text/html; charset=utf-8">]
[INFO ] [views.py     line:92  ] [2020-05-21 00:12:16,654] [10080  ] [{"respcode": "300007", "respmsg": "已加入书架!"}]
[INFO ] [views.py     line:95  ] [2020-05-21 00:12:16,654] [10080  ] [----------------------Admin-end---------------------------]
[INFO ] [views.py     line:96  ] [2020-05-21 00:12:16,654] [10080  ] [交易处理时间: 0:00:00.354875]
[INFO ] [views.py     line:21  ] [2020-05-21 00:12:19,142] [10080  ] [----------------------Admin-begin---------------------------]
[INFO ] [views.py     line:22  ] [2020-05-21 00:12:19,143] [10080  ] [请求:[<WSGIRequest: POST '/api/appreadact'>]]
[INFO ] [views.py     line:23  ] [2020-05-21 00:12:19,143] [10080  ] [请求path:[/api/appreadact]]
[INFO ] [views.py     line:24  ] [2020-05-21 00:12:19,144] [10080  ] [请求method:[POST]]
[INFO ] [views.py     line:25  ] [2020-05-21 00:12:19,144] [10080  ] [请求GET:[<QueryDict: {}>]]
[INFO ] [views.py     line:29  ] [2020-05-21 00:12:19,144] [10080  ] [请求full_path:[https://localhost:8000/api/appreadact]]
[INFO ] [views.py     line:35  ] [2020-05-21 00:12:19,145] [10080  ] [param1=[appreadact]]
[INFO ] [appreadact.py line:17  ] [2020-05-21 00:12:19,405] [10080  ] [----------------------appreadact_begin---------------------------]
[INFO ] [appreadact.py line:25  ] [2020-05-21 00:12:19,405] [10080  ] [trantype=[joinshelf]]
[INFO ] [appreadact.py line:93  ] [2020-05-21 00:12:19,405] [10080  ] [----------------------Admin-joinshelf-begin---------------------------]
[INFO ] [appreadact.py line:37  ] [2020-05-21 00:12:19,475] [10080  ] [----------------------appreadact_end---------------------------]
[INFO ] [views.py     line:91  ] [2020-05-21 00:12:19,475] [10080  ] [<HttpResponse status_code=200, "text/html; charset=utf-8">]
[INFO ] [views.py     line:92  ] [2020-05-21 00:12:19,475] [10080  ] [{"respcode": "300007", "respmsg": "已加入书架!"}]
[INFO ] [views.py     line:95  ] [2020-05-21 00:12:19,475] [10080  ] [----------------------Admin-end---------------------------]
[INFO ] [views.py     line:96  ] [2020-05-21 00:12:19,475] [10080  ] [交易处理时间: 0:00:00.334354]
[INFO ] [views.py     line:21  ] [2020-05-21 00:12:28,472] [10080  ] [----------------------Admin-begin---------------------------]
[INFO ] [views.py     line:22  ] [2020-05-21 00:12:28,473] [10080  ] [请求:[<WSGIRequest: POST '/api/appview'>]]
[INFO ] [views.py     line:23  ] [2020-05-21 00:12:28,474] [10080  ] [请求path:[/api/appview]]
[INFO ] [views.py     line:24  ] [2020-05-21 00:12:28,474] [10080  ] [请求method:[POST]]
[INFO ] [views.py     line:25  ] [2020-05-21 00:12:28,474] [10080  ] [请求GET:[<QueryDict: {}>]]
[INFO ] [views.py     line:29  ] [2020-05-21 00:12:28,475] [10080  ] [请求full_path:[https://localhost:8000/api/appview]]
[INFO ] [views.py     line:35  ] [2020-05-21 00:12:28,477] [10080  ] [param1=[appview]]
[INFO ] [appview.py   line:16  ] [2020-05-21 00:12:28,762] [10080  ] [----------------------appview_begin---------------------------]
[INFO ] [appview.py   line:24  ] [2020-05-21 00:12:28,763] [10080  ] [trantype=[getbookinfo]]
[INFO ] [appview.py   line:112 ] [2020-05-21 00:12:28,764] [10080  ] [----------------------Admin-getbookinfo-begin---------------------------]
[INFO ] [appview.py   line:167 ] [2020-05-21 00:12:28,917] [10080  ] [----------------------Admin-getbookinfo-end---------------------------]
[INFO ] [appview.py   line:36  ] [2020-05-21 00:12:28,925] [10080  ] [----------------------appview_end---------------------------]
[INFO ] [views.py     line:91  ] [2020-05-21 00:12:28,926] [10080  ] [<HttpResponse status_code=200, "text/html; charset=utf-8">]
[INFO ] [views.py     line:92  ] [2020-05-21 00:12:28,927] [10080  ] [{"respcode": "000000", "respmsg": "上传成功", "trantype": "getbookinfo", "filename": "射雕（金庸）.txt", "fileinfo": "南宋末年，金兵入侵，朝廷奸臣当道。全真派丘处机因杀死汉奸王道乾，被官兵追杀，逃到江南一个小村牛家庄，与隐居在此处的爱国义土郭啸天和杨铁心一见如故，以“靖、康”为他俩即将出生的孩子命名，并留下一对短剑作为信物...", "coltext": "已收藏", "shelftext": "已加入书架"}]
[INFO ] [views.py     line:95  ] [2020-05-21 00:12:28,928] [10080  ] [----------------------Admin-end---------------------------]
[INFO ] [views.py     line:96  ] [2020-05-21 00:12:28,929] [10080  ] [交易处理时间: 0:00:00.458247]
[INFO ] [views.py     line:21  ] [2020-05-21 00:12:30,822] [10080  ] [----------------------Admin-begin---------------------------]
[INFO ] [views.py     line:22  ] [2020-05-21 00:12:30,824] [10080  ] [请求:[<WSGIRequest: POST '/api/appview'>]]
[INFO ] [views.py     line:23  ] [2020-05-21 00:12:30,824] [10080  ] [请求path:[/api/appview]]
[INFO ] [views.py     line:24  ] [2020-05-21 00:12:30,824] [10080  ] [请求method:[POST]]
[INFO ] [views.py     line:25  ] [2020-05-21 00:12:30,825] [10080  ] [请求GET:[<QueryDict: {}>]]
[INFO ] [views.py     line:29  ] [2020-05-21 00:12:30,825] [10080  ] [请求full_path:[https://localhost:8000/api/appview]]
[INFO ] [views.py     line:35  ] [2020-05-21 00:12:30,826] [10080  ] [param1=[appview]]
[INFO ] [appview.py   line:16  ] [2020-05-21 00:12:31,099] [10080  ] [----------------------appview_begin---------------------------]
[INFO ] [appview.py   line:24  ] [2020-05-21 00:12:31,099] [10080  ] [trantype=[getlist]]
[INFO ] [appview.py   line:42  ] [2020-05-21 00:12:31,099] [10080  ] [----------------------Admin-getfilelist-begin---------------------------]
[INFO ] [appview.py   line:106 ] [2020-05-21 00:12:31,240] [10080  ] [----------------------Admin-getfilelist-end---------------------------]
[INFO ] [appview.py   line:36  ] [2020-05-21 00:12:31,244] [10080  ] [----------------------appview_end---------------------------]
[INFO ] [views.py     line:91  ] [2020-05-21 00:12:31,245] [10080  ] [<HttpResponse status_code=200, "text/html; charset=utf-8">]
[INFO ] [views.py     line:92  ] [2020-05-21 00:12:31,245] [10080  ] [{"respcode": "000000", "respmsg": "上传成功", "trantype": "getlist", "list": [{"filename": "射雕（金庸）.txt", "fileid": 14, "msg": "南宋末年，金兵入侵，朝廷奸臣当道。全真派丘处机因杀死汉奸王道乾，被官兵追杀，逃到江南一个小村牛家庄，与隐居在此处的爱国义土郭啸天和杨铁心一见如故，以“靖、康”为他俩即将出生的孩子命名，并留下一对短剑作为信物...", "class": "小说", "colnum": 2}, {"filename": "射雕英雄传.txt", "fileid": 12, "msg": null, "class": "其他", "colnum": 1}]}]
[INFO ] [views.py     line:95  ] [2020-05-21 00:12:31,246] [10080  ] [----------------------Admin-end---------------------------]
[INFO ] [views.py     line:96  ] [2020-05-21 00:12:31,246] [10080  ] [交易处理时间: 0:00:00.424503]
[INFO ] [views.py     line:21  ] [2020-05-21 00:12:32,471] [10080  ] [----------------------Admin-begin---------------------------]
[INFO ] [views.py     line:22  ] [2020-05-21 00:12:32,472] [10080  ] [请求:[<WSGIRequest: POST '/api/appview'>]]
[INFO ] [views.py     line:23  ] [2020-05-21 00:12:32,473] [10080  ] [请求path:[/api/appview]]
[INFO ] [views.py     line:24  ] [2020-05-21 00:12:32,473] [10080  ] [请求method:[POST]]
[INFO ] [views.py     line:25  ] [2020-05-21 00:12:32,474] [10080  ] [请求GET:[<QueryDict: {}>]]
[INFO ] [views.py     line:29  ] [2020-05-21 00:12:32,474] [10080  ] [请求full_path:[https://localhost:8000/api/appview]]
[INFO ] [views.py     line:35  ] [2020-05-21 00:12:32,475] [10080  ] [param1=[appview]]
[INFO ] [appview.py   line:16  ] [2020-05-21 00:12:32,728] [10080  ] [----------------------appview_begin---------------------------]
[INFO ] [appview.py   line:24  ] [2020-05-21 00:12:32,729] [10080  ] [trantype=[getlist]]
[INFO ] [appview.py   line:42  ] [2020-05-21 00:12:32,730] [10080  ] [----------------------Admin-getfilelist-begin---------------------------]
[INFO ] [appview.py   line:106 ] [2020-05-21 00:12:32,899] [10080  ] [----------------------Admin-getfilelist-end---------------------------]
[INFO ] [appview.py   line:36  ] [2020-05-21 00:12:32,902] [10080  ] [----------------------appview_end---------------------------]
[INFO ] [views.py     line:91  ] [2020-05-21 00:12:32,903] [10080  ] [<HttpResponse status_code=200, "text/html; charset=utf-8">]
[INFO ] [views.py     line:92  ] [2020-05-21 00:12:32,903] [10080  ] [{"respcode": "000000", "respmsg": "上传成功", "trantype": "getlist", "list": [{"filename": "射雕英雄传.txt", "fileid": 12, "msg": null}, {"filename": "射雕（金庸）.txt", "fileid": 14, "msg": "南宋末年，金兵入侵，朝廷奸臣当道。全真派丘处机因杀死汉奸王道乾，被官兵追杀，逃到江南一个小村牛家庄，与隐居在此处的爱国义土郭啸天和杨铁心一见如故，以“靖、康”为他俩即将出生的孩子命名，并留下一对短剑作为信物..."}]}]
[INFO ] [views.py     line:95  ] [2020-05-21 00:12:32,904] [10080  ] [----------------------Admin-end---------------------------]
[INFO ] [views.py     line:96  ] [2020-05-21 00:12:32,904] [10080  ] [交易处理时间: 0:00:00.434651]
[INFO ] [views.py     line:21  ] [2020-05-21 00:13:29,512] [10080  ] [----------------------Admin-begin---------------------------]
[INFO ] [views.py     line:22  ] [2020-05-21 00:13:29,513] [10080  ] [请求:[<WSGIRequest: POST '/api/appview'>]]
[INFO ] [views.py     line:23  ] [2020-05-21 00:13:29,513] [10080  ] [请求path:[/api/appview]]
[INFO ] [views.py     line:24  ] [2020-05-21 00:13:29,514] [10080  ] [请求method:[POST]]
[INFO ] [views.py     line:25  ] [2020-05-21 00:13:29,515] [10080  ] [请求GET:[<QueryDict: {}>]]
[INFO ] [views.py     line:29  ] [2020-05-21 00:13:29,515] [10080  ] [请求full_path:[https://localhost:8000/api/appview]]
[INFO ] [views.py     line:35  ] [2020-05-21 00:13:29,516] [10080  ] [param1=[appview]]
[INFO ] [appview.py   line:16  ] [2020-05-21 00:13:29,827] [10080  ] [----------------------appview_begin---------------------------]
[INFO ] [appview.py   line:24  ] [2020-05-21 00:13:29,827] [10080  ] [trantype=[getlist]]
[INFO ] [appview.py   line:42  ] [2020-05-21 00:13:29,829] [10080  ] [----------------------Admin-getfilelist-begin---------------------------]
[INFO ] [appview.py   line:106 ] [2020-05-21 00:13:30,036] [10080  ] [----------------------Admin-getfilelist-end---------------------------]
[INFO ] [appview.py   line:36  ] [2020-05-21 00:13:30,041] [10080  ] [----------------------appview_end---------------------------]
[INFO ] [views.py     line:91  ] [2020-05-21 00:13:30,042] [10080  ] [<HttpResponse status_code=200, "text/html; charset=utf-8">]
[INFO ] [views.py     line:92  ] [2020-05-21 00:13:30,043] [10080  ] [{"respcode": "000000", "respmsg": "上传成功", "trantype": "getlist", "list": [{"filename": "射雕（金庸）.txt", "fileid": 14, "msg": "南宋末年，金兵入侵，朝廷奸臣当道。全真派丘处机因杀死汉奸王道乾，被官兵追杀，逃到江南一个小村牛家庄，与隐居在此处的爱国义土郭啸天和杨铁心一见如故，以“靖、康”为他俩即将出生的孩子命名，并留下一对短剑作为信物...", "class": "小说", "colnum": 2}, {"filename": "射雕英雄传.txt", "fileid": 12, "msg": null, "class": "其他", "colnum": 1}]}]
[INFO ] [views.py     line:95  ] [2020-05-21 00:13:30,044] [10080  ] [----------------------Admin-end---------------------------]
[INFO ] [views.py     line:96  ] [2020-05-21 00:13:30,044] [10080  ] [交易处理时间: 0:00:00.533877]
[INFO ] [views.py     line:21  ] [2020-05-21 00:13:31,140] [10080  ] [----------------------Admin-begin---------------------------]
[INFO ] [views.py     line:22  ] [2020-05-21 00:13:31,141] [10080  ] [请求:[<WSGIRequest: POST '/api/appview'>]]
[INFO ] [views.py     line:23  ] [2020-05-21 00:13:31,142] [10080  ] [请求path:[/api/appview]]
[INFO ] [views.py     line:24  ] [2020-05-21 00:13:31,142] [10080  ] [请求method:[POST]]
[INFO ] [views.py     line:25  ] [2020-05-21 00:13:31,143] [10080  ] [请求GET:[<QueryDict: {}>]]
[INFO ] [views.py     line:29  ] [2020-05-21 00:13:31,143] [10080  ] [请求full_path:[https://localhost:8000/api/appview]]
[INFO ] [views.py     line:35  ] [2020-05-21 00:13:31,145] [10080  ] [param1=[appview]]
[INFO ] [appview.py   line:16  ] [2020-05-21 00:13:31,442] [10080  ] [----------------------appview_begin---------------------------]
[INFO ] [appview.py   line:24  ] [2020-05-21 00:13:31,443] [10080  ] [trantype=[getlist]]
[INFO ] [appview.py   line:42  ] [2020-05-21 00:13:31,444] [10080  ] [----------------------Admin-getfilelist-begin---------------------------]
[INFO ] [appview.py   line:106 ] [2020-05-21 00:13:31,602] [10080  ] [----------------------Admin-getfilelist-end---------------------------]
[INFO ] [appview.py   line:36  ] [2020-05-21 00:13:31,605] [10080  ] [----------------------appview_end---------------------------]
[INFO ] [views.py     line:91  ] [2020-05-21 00:13:31,605] [10080  ] [<HttpResponse status_code=200, "text/html; charset=utf-8">]
[INFO ] [views.py     line:92  ] [2020-05-21 00:13:31,606] [10080  ] [{"respcode": "000000", "respmsg": "上传成功", "trantype": "getlist", "list": [{"filename": "射雕英雄传.txt", "fileid": 12, "msg": null}, {"filename": "射雕（金庸）.txt", "fileid": 14, "msg": "南宋末年，金兵入侵，朝廷奸臣当道。全真派丘处机因杀死汉奸王道乾，被官兵追杀，逃到江南一个小村牛家庄，与隐居在此处的爱国义土郭啸天和杨铁心一见如故，以“靖、康”为他俩即将出生的孩子命名，并留下一对短剑作为信物..."}]}]
[INFO ] [views.py     line:95  ] [2020-05-21 00:13:31,606] [10080  ] [----------------------Admin-end---------------------------]
[INFO ] [views.py     line:96  ] [2020-05-21 00:13:31,606] [10080  ] [交易处理时间: 0:00:00.468747]
[INFO ] [views.py     line:21  ] [2020-05-21 00:24:43,624] [1264   ] [----------------------Admin-begin---------------------------]
[INFO ] [views.py     line:22  ] [2020-05-21 00:24:43,625] [1264   ] [请求:[<WSGIRequest: POST '/api/appview'>]]
[INFO ] [views.py     line:23  ] [2020-05-21 00:24:43,625] [1264   ] [请求path:[/api/appview]]
[INFO ] [views.py     line:24  ] [2020-05-21 00:24:43,626] [1264   ] [请求method:[POST]]
[INFO ] [views.py     line:25  ] [2020-05-21 00:24:43,626] [1264   ] [请求GET:[<QueryDict: {}>]]
[INFO ] [views.py     line:29  ] [2020-05-21 00:24:43,627] [1264   ] [请求full_path:[https://localhost:8000/api/appview]]
[INFO ] [views.py     line:35  ] [2020-05-21 00:24:43,628] [1264   ] [param1=[appview]]
[INFO ] [appview.py   line:16  ] [2020-05-21 00:24:43,883] [1264   ] [----------------------appview_begin---------------------------]
[INFO ] [appview.py   line:24  ] [2020-05-21 00:24:43,884] [1264   ] [trantype=[getlist]]
[INFO ] [appview.py   line:42  ] [2020-05-21 00:24:43,885] [1264   ] [----------------------Admin-getfilelist-begin---------------------------]
[INFO ] [appview.py   line:106 ] [2020-05-21 00:24:44,019] [1264   ] [----------------------Admin-getfilelist-end---------------------------]
[INFO ] [appview.py   line:36  ] [2020-05-21 00:24:44,046] [1264   ] [----------------------appview_end---------------------------]
[INFO ] [views.py     line:91  ] [2020-05-21 00:24:44,047] [1264   ] [<HttpResponse status_code=200, "text/html; charset=utf-8">]
[INFO ] [views.py     line:92  ] [2020-05-21 00:24:44,049] [1264   ] [{"respcode": "000000", "respmsg": "上传成功", "trantype": "getlist", "list": [{"filename": "射雕（金庸）.txt", "fileid": 14, "msg": "南宋末年，金兵入侵，朝廷奸臣当道。全真派丘处机因杀死汉奸王道乾，被官兵追杀，逃到江南一个小村牛家庄，与隐居在此处的爱国义土郭啸天和杨铁心一见如故，以“靖、康”为他俩即将出生的孩子命名，并留下一对短剑作为信物...", "class": "小说", "colnum": 2}, {"filename": "射雕英雄传.txt", "fileid": 12, "msg": null, "class": "其他", "colnum": 1}]}]
[INFO ] [views.py     line:95  ] [2020-05-21 00:24:44,050] [1264   ] [----------------------Admin-end---------------------------]
[INFO ] [views.py     line:96  ] [2020-05-21 00:24:44,052] [1264   ] [交易处理时间: 0:00:00.428604]
